2015-12-30 19:18:44 :  My Bot v5.0.2 860x780 (BlueStacks) Powered by MyBot.run ~
2015-12-30 19:18:44 : MyBot.mod.au3 Script running on WIN_81  X64
2015-12-30 19:18:44 : =================== Bot Start ====================
2015-12-30 19:18:44 : -------------------------  Current Profile: 01 --------------------------
2015-12-30 19:18:44 : Trying to locate Main Screen
2015-12-30 19:18:44 : Main Screen Located
2015-12-30 19:18:45 : Detecting your Buildings..
2015-12-30 19:18:46 : Finding your Clan Level, wait..
2015-12-30 19:18:47 : Found Clan Level: 8
2015-12-30 19:18:49 : Detecting your Village Theme
2015-12-30 19:18:49 : Normal Theme detected
2015-12-30 19:18:50 : Language setting is English: Correct.
2015-12-30 19:18:51 : Trying to locate Main Screen
2015-12-30 19:18:51 : Main Screen Located
2015-12-30 19:18:52 : Village Report
2015-12-30 19:18:52 : No. of Free/Total Builders: 0/5
2015-12-30 19:18:52 :  [T]: 1 165
2015-12-30 19:18:53 :  [G]: 1 937 986 [E]: 1 408 643 [D]: 120 734 [GEM]: 4 497
2015-12-30 19:18:54 : Collecting Resources
2015-12-30 19:19:05 : Chat Request: any
2015-12-30 19:19:06 : Castle Capacity : 28/30
2015-12-30 19:19:06 : Custom Donation Keyword found: any
2015-12-30 19:19:12 : Could not Find the Donation Window!!
2015-12-30 19:19:14 : Training Troops & Spells
2015-12-30 19:19:15 : Checking Army Camp...
2015-12-30 19:19:16 : Total Army Camp capacity: 106/240 (44%)
2015-12-30 19:19:17 :  - No. of Barbarians: 58
2015-12-30 19:19:17 :  - No. of Archers: 48
2015-12-30 19:19:17 : Barracks and Spell factory status: 
2015-12-30 19:19:17 : - Barracks detected: 4 | Available: 4 | Upgrading: 0
2015-12-30 19:19:17 : - Dark Barracks detected: 2 | Available: 2 | Upgrading: 0
2015-12-30 19:19:17 : - Spell factory detected: 1 | Available: 1 | Upgrading: 0
2015-12-30 19:19:17 : - Dark Spell factory detected: 1 | Available: 1 | Upgrading: 0
2015-12-30 19:19:50 : ====== Waiting for full army ======
2015-12-30 19:19:52 : Chat Request: any
2015-12-30 19:19:52 : Castle Capacity : 28/30
2015-12-30 19:19:52 : Custom Donation Keyword found: any
