2015-12-28 19:30:08 :  My Bot v5.0.2 860x780 (BlueStacks) Powered by MyBot.run ~
2015-12-28 19:30:08 : MyBot.mod.au3 Script running on WIN_81  X64
2015-12-28 19:30:08 : =================== Bot Start ====================
2015-12-28 19:30:08 : -------------------------  Current Profile: 01 --------------------------
2015-12-28 19:30:08 : Trying to locate Main Screen
2015-12-28 19:30:09 : Main Screen Located
2015-12-28 19:30:10 : Detecting your Buildings..
2015-12-28 19:30:11 : Finding your Clan Level, wait..
2015-12-28 19:30:13 : Found Clan Level: 8
2015-12-28 19:30:14 : Detecting your Village Theme
2015-12-28 19:30:15 : Normal Theme detected
2015-12-28 19:30:16 : Language setting is English: Correct.
2015-12-28 19:30:17 : Trying to locate Main Screen
2015-12-28 19:30:17 : Main Screen Located
2015-12-28 19:30:18 : Village Report
2015-12-28 19:30:18 : No. of Free/Total Builders: 0/5
2015-12-28 19:30:18 :  [T]: 1 122
2015-12-28 19:30:18 :  [G]: 4 508 320 [E]: 6 181 643 [D]: 38 305 [GEM]: 4 732
2015-12-28 19:30:20 : Collecting Resources
2015-12-28 19:30:31 : Chat Request: any
2015-12-28 19:30:31 : Castle Capacity : 0/30
2015-12-28 19:30:31 : Custom Donation Keyword found: any
2015-12-28 19:30:31 : Donating 4 Barbarians
2015-12-28 19:30:33 : Donating 4 Archers
2015-12-28 19:30:35 : Chat Request: lava hound and eq for war
2015-12-28 19:30:35 : Castle Capacity : 30/30
2015-12-28 19:30:35 : General Blacklist Keyword found: war
2015-12-28 19:30:35 : General Blacklist Keyword found: war
2015-12-28 19:30:35 : General Blacklist Keyword found: war
2015-12-28 19:30:37 : Training Troops & Spells
2015-12-28 19:30:38 : Checking Army Camp...
2015-12-28 19:30:39 : Total Army Camp capacity: 236/240 (98%)
2015-12-28 19:30:41 :  - No. of Barbarians: 140
2015-12-28 19:30:41 :  - No. of Archers: 96
2015-12-28 19:30:41 : Barracks and Spell factory status: 
2015-12-28 19:30:41 : - Barracks detected: 4 | Available: 4 | Upgrading: 0
2015-12-28 19:30:41 : - Dark Barracks detected: 2 | Available: 2 | Upgrading: 0
2015-12-28 19:30:41 : - Spell factory detected: 1 | Available: 1 | Upgrading: 0
2015-12-28 19:30:41 : - Dark Spell factory detected: 1 | Available: 1 | Upgrading: 0
2015-12-28 19:31:16 : ====== Waiting for full army ======
2015-12-28 19:31:56 : Training Troops & Spells
2015-12-28 19:31:56 : Checking Army Camp...
2015-12-28 19:31:57 : Total Army Camp capacity: 240/240 (100%)
2015-12-28 19:31:58 :  - No. of Barbarians: 142
2015-12-28 19:31:58 :  - No. of Archers: 98
2015-12-28 19:31:59 : Your Army Camps are now Full
2015-12-28 19:31:59 : Calculating Troops before Training new Army.
2015-12-28 19:32:16 : Going to Attack...
2015-12-28 19:32:22 : ============== Searching For Dead Base ===============
2015-12-28 19:32:22 : ~~~~~~~~~~~~~~~ SEARCH CONDITIONS ~~~~~~~~~~~~~~~~
2015-12-28 19:32:22 : Meet: Gold + Elixir, Dark
2015-12-28 19:32:22 : Meet One and Attack!
2015-12-28 19:32:22 : ~~~~~~~~~~~~~~ RESOURCE CONDITIONS ~~~~~~~~~~~~~~~
2015-12-28 19:32:22 : Aim: [G+E]: 300000 [D]: 1000 [T]: 0 for: Dead Base
2015-12-28 19:32:22 : ============== Searching For Live Base ===============
2015-12-28 19:32:22 : ~~~~~~~~~~~~~~~ SEARCH CONDITIONS ~~~~~~~~~~~~~~~~
2015-12-28 19:32:22 : Meet: Gold + Elixir, Dark, Weak Base(Mortar: 7, WizTower: 7)
2015-12-28 19:32:22 : ~~~~~~~~~~~~~~ RESOURCE CONDITIONS ~~~~~~~~~~~~~~~
2015-12-28 19:32:22 : Aim: [G+E]: 200000 [D]: 1000 [T]: 0 for: Live Base
2015-12-28 19:32:22 : ~~~~~~~~~~~~~~~ ADVANCED SETTINGS ~~~~~~~~~~~~~~~~
2015-12-28 19:32:22 : THSnipe Combo, 3 Tile(s),  Attack TH Outside custom1
2015-12-28 19:32:22 : Aim: [G]: 100000 [E]: 100000 [D]: 1000
2015-12-28 19:32:22 : ==================================================
2015-12-28 19:32:30 :   1> [G]: 411456 [E]: 410915 [D]: 3087 [T]:31 [TH]:10, In
2015-12-28 19:32:30 :       Not a Weak Base for Live Base, Not a Dead Base
2015-12-28 19:32:38 :   2> [G]:  61039 [E]:  48222 [D]:  427 [T]:32 [TH]: 8, Out
2015-12-28 19:32:38 :       TH Outside Found! 
2015-12-28 19:32:38 :       Resource requirement not met for TH snipe 
2015-12-28 19:32:38 :   2> [G]:  61039 [E]:  48222 [D]:  427 [T]:32 [TH]: 8, Out
2015-12-28 19:32:48 :   3> [G]: 441217 [E]: 438569 [D]: 3696 [T]:33 [TH]:10, In
2015-12-28 19:32:48 :       Not a Weak Base for Live Base, Not a Dead Base
2015-12-28 19:32:55 :   4> [G]:  15404 [E]: 228254 [D]:   24 [T]:35 [TH]: 9, In
2015-12-28 19:33:04 :   5> [G]: 231374 [E]: 317853 [D]: 2620 [T]:27 [TH]:10, In
2015-12-28 19:33:04 :       Not a Weak Base for Live Base, Not a Dead Base
2015-12-28 19:33:12 :   6> [G]:  70074 [E]: 151600 [D]:  827 [T]:28 [TH]: 9, In
2015-12-28 19:33:22 :   7> [G]: 431147 [E]: 447039 [D]: 2759 [T]:24 [TH]:11, In
2015-12-28 19:33:22 :       Not a Weak Base for Live Base, Not a Dead Base
2015-12-28 19:33:31 :   8> [G]:  46795 [E]: 399345 [D]: 3042 [T]:28 [TH]:10, In
2015-12-28 19:33:31 :       Not a Weak Base for Live Base, Not a Dead Base
2015-12-28 19:33:38 :   9> [G]:  90281 [E]:  69834 [D]:  931 [T]:31 [TH]: 9, In
2015-12-28 19:33:45 :  10> [G]:  16952 [E]:  20262 [D]:  334 [T]:26 [TH]: 8, Out
2015-12-28 19:33:45 :       TH Outside Found! 
2015-12-28 19:33:45 :       Resource requirement not met for TH snipe 
2015-12-28 19:33:45 :  10> [G]:  16952 [E]:  20262 [D]:  334 [T]:26 [TH]: 8, Out
2015-12-28 19:33:53 :  11> [G]:  80610 [E]:  60011 [D]:  287 [T]:36 [TH]: 9, Out
2015-12-28 19:33:53 :       TH Outside Found! 
2015-12-28 19:33:53 :       Resource requirement not met for TH snipe 
2015-12-28 19:33:53 :  11> [G]:  80610 [E]:  60011 [D]:  287 [T]:36 [TH]: 9, Out
2015-12-28 19:34:02 :  12> [G]:  88973 [E]: 422754 [D]: 3589 [T]:28 [TH]:10, In
2015-12-28 19:34:02 :       Not a Weak Base for Live Base, Not a Dead Base
2015-12-28 19:34:11 :  13> [G]: 458211 [E]:  31265 [D]: 2958 [T]:23 [TH]:11, In
2015-12-28 19:34:11 :       Not a Weak Base for Live Base, Not a Dead Base
2015-12-28 19:34:20 :  14> [G]: 430257 [E]: 143137 [D]: 2148 [T]:39 [TH]:10, In
2015-12-28 19:34:20 :       Not a Weak Base for Live Base, Not a Dead Base
2015-12-28 19:34:28 :  15> [G]:  58832 [E]:  67731 [D]:  369 [T]:30 [TH]:10, Out
2015-12-28 19:34:28 :       TH Outside Found! 
2015-12-28 19:34:28 :       Resource requirement not met for TH snipe 
2015-12-28 19:34:28 :  15> [G]:  58832 [E]:  67731 [D]:  369 [T]:30 [TH]:10, Out
2015-12-28 19:34:37 :  16> [G]: 405761 [E]: 334086 [D]: 3102 [T]:34 [TH]:10, In
2015-12-28 19:34:37 :       Not a Weak Base for Live Base, Not a Dead Base
2015-12-28 19:34:46 :  17> [G]: 303778 [E]: 432299 [D]: 3316 [T]:32 [TH]:10, In
2015-12-28 19:34:46 :       Not a Weak Base for Live Base, Not a Dead Base
2015-12-28 19:34:54 :  18> [G]:  67026 [E]: 107572 [D]: 1181 [T]:30 [TH]: 9, In
2015-12-28 19:34:54 :       Not a Dead Base
2015-12-28 19:35:01 :  19> [G]:  35086 [E]:  84847 [D]:  334 [T]:34 [TH]:10, Out
2015-12-28 19:35:01 :       TH Outside Found! 
2015-12-28 19:35:01 :       Resource requirement not met for TH snipe 
2015-12-28 19:35:01 :  19> [G]:  35086 [E]:  84847 [D]:  334 [T]:34 [TH]:10, Out
2015-12-28 19:35:09 :  20> [G]:  77779 [E]:  30634 [D]:  311 [T]:26 [TH]: 9, Out
2015-12-28 19:35:09 :       TH Outside Found! 
2015-12-28 19:35:09 :       Resource requirement not met for TH snipe 
2015-12-28 19:35:09 :  20> [G]:  77779 [E]:  30634 [D]:  311 [T]:26 [TH]: 9, Out
2015-12-28 19:35:17 :  21> [G]:  47908 [E]:  17156 [D]: 1130 [T]:27 [TH]: 9, In
2015-12-28 19:35:17 :       Not a Dead Base
2015-12-28 19:35:28 : 2nd attempt to detect the TownHall!
2015-12-28 19:35:30 : 3rd attempt to detect the TownHall!
2015-12-28 19:35:33 :  22> [G]:  49944 [E]: 171114 [D]: 1939 [T]:35 [TH]: -, -
2015-12-28 19:35:33 :       Not a Weak Base for Live Base, Not a Dead Base
2015-12-28 19:35:41 :  23> [G]: 147045 [E]:  10123 [D]: 3051 [T]:41 [TH]:11, In
2015-12-28 19:35:41 :       Not a Dead Base
2015-12-28 19:35:48 :  24> [G]:  65900 [E]: 103662 [D]:  458 [T]:37 [TH]: 9, In
2015-12-28 19:35:55 :  25> [G]:  27576 [E]:  38254 [D]:  285 [T]:25 [TH]: 8, In
2015-12-28 19:36:05 :  26> [G]: 249473 [E]: 176497 [D]: 1222 [T]:39 [TH]:10, Out
2015-12-28 19:36:05 :       TH Outside Found! 
2015-12-28 19:36:05 :       Resource requirement met for TH snipe 
2015-12-28 19:36:06 : ================ Search Complete =================
2015-12-28 19:36:06 : Initiating attack for: TH Snipe
2015-12-28 19:36:08 : -*-Barbarians 142
2015-12-28 19:36:08 : -*-Archers 98
2015-12-28 19:36:08 : -*-Clan Castle 
2015-12-28 19:36:08 : -*-Heal Spells 3
2015-12-28 19:36:08 : -*-Rage Spells 1
2015-12-28 19:36:08 : -*-Jump Spells 1
2015-12-28 19:36:08 : -*-Poison Spells 1
2015-12-28 19:36:08 :  ====== Start Attack ====== 
2015-12-28 19:36:10 : Sniping TH with Barch            	 
2015-12-28 19:36:10 : Attacking TH with 1st wave of BARCH   
2015-12-28 19:36:11 : Dropping First wave of 16 Barbarians
2015-12-28 19:36:13 : Deployment of 16 Barbarians was Successful!
2015-12-28 19:36:15 :                                       
2015-12-28 19:36:15 : Dropping First wave of 16 Archers
2015-12-28 19:36:18 : Deployment of 16 Archers was Successful!
2015-12-28 19:36:19 :                                       
2015-12-28 19:36:21 : Checking if the Gold&Elixir are changing...
2015-12-28 19:36:23 :                                       
2015-12-28 19:36:24 : Checking if the Gold&Elixir are changing...
2015-12-28 19:36:26 : Gold & Elixir change detected, waiting...
2015-12-28 19:36:28 : Gold & Elixir change detected, waiting...
2015-12-28 19:36:28 :                                       
2015-12-28 19:36:28 : Townhall has been destroyed!
2015-12-28 19:36:30 : Wait few sec before close attack
2015-12-28 19:36:36 : Returning Home
