2015-12-27 16:46:01 :  My Bot v5.0.1 860x780 (BlueStacks) Powered by MyBot.run ~
2015-12-27 16:46:01 : MyBot.mod.au3 Script running on WIN_81  X64
2015-12-27 16:46:01 : =================== Bot Start ====================
2015-12-27 16:46:01 : -------------------------  Current Profile: 01 --------------------------
2015-12-27 16:46:01 : Trying to locate Main Screen
2015-12-27 16:46:01 : Main Screen Located
2015-12-27 16:46:02 : Detecting your Buildings..
2015-12-27 16:46:04 : Finding your Clan Level, wait..
2015-12-27 16:46:06 : Found Clan Level: 8
2015-12-27 16:46:08 : Detecting your Village Theme
2015-12-27 16:46:08 : Normal Theme detected
2015-12-27 16:46:09 : Language setting is English: Correct.
2015-12-27 16:46:10 : Trying to locate Main Screen
2015-12-27 16:46:10 : Main Screen Located
2015-12-27 16:46:12 : Village Report
2015-12-27 16:46:12 : No. of Free/Total Builders: 0/5
2015-12-27 16:46:12 :  [T]: 1 038
2015-12-27 16:46:12 :  [G]: 6 840 219 [E]: 4 505 866 [D]: 144 942 [GEM]: 4 780
2015-12-27 16:46:13 : Collecting Resources
2015-12-27 16:46:21 : Checking if Village needs Rearming..
2015-12-27 16:46:27 : Reloaded Inferno(s)
2015-12-27 16:46:31 : Chat Request: any
2015-12-27 16:46:31 : Castle Capacity : 0/35
2015-12-27 16:46:31 : Custom Donation Keyword found: any
2015-12-27 16:46:32 : Donating 4 Barbarians
2015-12-27 16:46:33 : Donating 4 Archers
2015-12-27 16:46:36 : Training Troops & Spells
2015-12-27 16:46:37 : Checking Army Camp...
2015-12-27 16:46:38 : Total Army Camp capacity: 149/240 (62%)
2015-12-27 16:46:40 :  - No. of Barbarians: 94
2015-12-27 16:46:40 :  - No. of Archers: 55
2015-12-27 16:46:40 : Barracks and Spell factory status: 
2015-12-27 16:46:40 : - Barracks detected: 4 | Available: 4 | Upgrading: 0
2015-12-27 16:46:40 : - Dark Barracks detected: 2 | Available: 2 | Upgrading: 0
2015-12-27 16:46:40 : - Spell factory detected: 1 | Available: 1 | Upgrading: 0
2015-12-27 16:46:40 : - Dark Spell factory detected: 1 | Available: 1 | Upgrading: 0
2015-12-27 16:47:15 : ====== Waiting for full army ======
2015-12-27 16:47:55 : Training Troops & Spells
2015-12-27 16:47:55 : Checking Army Camp...
2015-12-27 16:47:57 : Total Army Camp capacity: 161/240 (67%)
2015-12-27 16:47:57 :  - No. of Barbarians: 100
2015-12-27 16:47:58 :  - No. of Archers: 61
2015-12-27 16:48:20 : Time Idle: 00:01:05
2015-12-27 16:48:20 : ***[Trying TH snipe while training army]***
2015-12-27 16:48:20 : Going to Attack...
2015-12-27 16:48:25 : ============== Searching For Dead Base ===============
2015-12-27 16:48:25 : ~~~~~~~~~~~~~~~ SEARCH CONDITIONS ~~~~~~~~~~~~~~~~
2015-12-27 16:48:25 : Meet: Gold + Elixir, Dark, Trophy
2015-12-27 16:48:25 : ~~~~~~~~~~~~~~ RESOURCE CONDITIONS ~~~~~~~~~~~~~~~
2015-12-27 16:48:25 : Aim: [G+E]: 250000 [D]: 1000 [T]:99 for: Dead Base
2015-12-27 16:48:25 : ============== Searching For Live Base ===============
2015-12-27 16:48:25 : ~~~~~~~~~~~~~~~ SEARCH CONDITIONS ~~~~~~~~~~~~~~~~
2015-12-27 16:48:25 : Meet: Gold + Elixir, Dark, Trophy, Weak Base(Mortar: 7, WizTower: 7)
2015-12-27 16:48:25 : ~~~~~~~~~~~~~~ RESOURCE CONDITIONS ~~~~~~~~~~~~~~~
2015-12-27 16:48:25 : Aim: [G+E]: 200000 [D]: 1000 [T]:99 for: Live Base
2015-12-27 16:48:25 : ~~~~~~~~~~~~~~~ ADVANCED SETTINGS ~~~~~~~~~~~~~~~~
2015-12-27 16:48:25 : THSnipe Combo, 4 Tile(s),  Attack TH Outside custom1
2015-12-27 16:48:25 : Aim: [G]: 100000 [E]: 100000 [D]: 1000
2015-12-27 16:48:25 : ==================================================
2015-12-27 16:48:33 :   1> [G]: 409689 [E]:  97771 [D]: 3095 [T]:36 [TH]:10, In
2015-12-27 16:48:40 :   2> [G]: 128608 [E]: 328801 [D]: 1538 [T]:32 [TH]:10, In
2015-12-27 16:48:48 :   3> [G]:  38937 [E]:  15635 [D]:  650 [T]:39 [TH]: 8, In
2015-12-27 16:48:55 :   4> [G]:  34445 [E]:  68363 [D]:  935 [T]:32 [TH]: 9, In
2015-12-27 16:49:02 :   5> [G]: 152513 [E]: 145265 [D]:  414 [T]:29 [TH]: 8, In
2015-12-27 16:49:10 :   6> [G]:  19029 [E]: 281287 [D]: 2018 [T]:32 [TH]: 9, In
2015-12-27 16:49:18 :   7> [G]: 413073 [E]: 412736 [D]: 3225 [T]:42 [TH]:10, In
2015-12-27 16:49:26 :   8> [G]:  89906 [E]:  96955 [D]:  906 [T]:38 [TH]: 9, Out
2015-12-27 16:49:26 :       TH Outside Found! 
2015-12-27 16:49:26 :       Resource requirement not met for TH snipe 
2015-12-27 16:49:26 :   8> [G]:  89906 [E]:  96955 [D]:  906 [T]:38 [TH]: 9, Out
2015-12-27 16:49:34 :   9> [G]: 149344 [E]: 418229 [D]: 2784 [T]:43 [TH]: 9, In
2015-12-27 16:49:42 :  10> [G]: 411283 [E]: 410859 [D]: 1796 [T]:38 [TH]:10, In
2015-12-27 16:49:45 : ***[End trying TH snipe while training army]***
2015-12-27 16:49:47 : ====== Waiting for full army ======
2015-12-27 16:50:28 : Training Troops & Spells
2015-12-27 16:50:28 : Checking Army Camp...
2015-12-27 16:50:29 : Total Army Camp capacity: 185/240 (77%)
2015-12-27 16:50:30 :  - No. of Barbarians: 114
2015-12-27 16:50:30 :  - No. of Archers: 72
2015-12-27 16:50:53 : Time Idle: 00:02:10
2015-12-27 16:50:53 : ***[Trying TH snipe while training army]***
2015-12-27 16:50:53 : Going to Attack...
2015-12-27 16:50:58 : ============== Searching For Dead Base ===============
2015-12-27 16:50:58 : ~~~~~~~~~~~~~~~ SEARCH CONDITIONS ~~~~~~~~~~~~~~~~
2015-12-27 16:50:58 : Meet: Gold + Elixir, Dark, Trophy
2015-12-27 16:50:58 : ~~~~~~~~~~~~~~ RESOURCE CONDITIONS ~~~~~~~~~~~~~~~
2015-12-27 16:50:58 : Aim: [G+E]: 250000 [D]: 1000 [T]:99 for: Dead Base
2015-12-27 16:50:58 : ============== Searching For Live Base ===============
2015-12-27 16:50:58 : ~~~~~~~~~~~~~~~ SEARCH CONDITIONS ~~~~~~~~~~~~~~~~
2015-12-27 16:50:58 : Meet: Gold + Elixir, Dark, Trophy, Weak Base(Mortar: 7, WizTower: 7)
2015-12-27 16:50:58 : ~~~~~~~~~~~~~~ RESOURCE CONDITIONS ~~~~~~~~~~~~~~~
2015-12-27 16:50:58 : Aim: [G+E]: 200000 [D]: 1000 [T]:99 for: Live Base
2015-12-27 16:50:58 : ~~~~~~~~~~~~~~~ ADVANCED SETTINGS ~~~~~~~~~~~~~~~~
2015-12-27 16:50:58 : THSnipe Combo, 4 Tile(s),  Attack TH Outside custom1
2015-12-27 16:50:58 : Aim: [G]: 100000 [E]: 100000 [D]: 1000
2015-12-27 16:50:58 : ==================================================
2015-12-27 16:51:05 :   1> [G]:  84737 [E]:  78957 [D]:  313 [T]:30 [TH]: 9, Out
2015-12-27 16:51:05 :       TH Outside Found! 
2015-12-27 16:51:05 :       Resource requirement not met for TH snipe 
2015-12-27 16:51:05 :   1> [G]:  84737 [E]:  78957 [D]:  313 [T]:30 [TH]: 9, Out
2015-12-27 16:51:12 :   2> [G]: 165949 [E]:  17180 [D]: 1034 [T]:39 [TH]: 9, Out
2015-12-27 16:51:12 :       TH Outside Found! 
2015-12-27 16:51:12 :       Resource requirement met for TH snipe 
2015-12-27 16:51:13 : ================ Search Complete =================
2015-12-27 16:51:13 : Initiating attack for: TH Snipe
2015-12-27 16:51:15 : -*-Barbarians 116
2015-12-27 16:51:15 : -*-Archers 73
2015-12-27 16:51:15 : -*-Clan Castle 
2015-12-27 16:51:15 : -*-Heal Spells 3
2015-12-27 16:51:15 : -*-Rage Spells 1
2015-12-27 16:51:15 : -*-Jump Spells 1
2015-12-27 16:51:15 : -*-Poison Spells 1
2015-12-27 16:51:15 :  ====== Start Attack ====== 
2015-12-27 16:51:18 : Sniping TH with Barch            	 
2015-12-27 16:51:18 : Attacking TH with 1st wave of BARCH   
2015-12-27 16:51:18 : Dropping Only wave of 5 Barbarians
2015-12-27 16:51:19 : Deployment of 5 Barbarians was Successful!
2015-12-27 16:51:21 :                                       
2015-12-27 16:51:21 : Dropping Only wave of 5 Archers
2015-12-27 16:51:22 : Deployment of 5 Archers was Successful!
2015-12-27 16:51:24 :                                       
2015-12-27 16:51:24 : Checking if the Gold&Elixir are changing for 2 sec...
2015-12-27 16:51:27 :                                       
2015-12-27 16:51:27 : Checking if the Gold&Elixir are changing for 2 sec...
2015-12-27 16:51:31 :                                       
2015-12-27 16:51:31 : Checking if the Gold&Elixir are changing for 2 sec...
2015-12-27 16:51:34 :                                       
2015-12-27 16:51:34 : Oh Shit! Seems like a trapped TH!     
2015-12-27 16:51:34 : Checking if the Gold&Elixir are changing for 2 sec...
2015-12-27 16:51:37 :                                       
2015-12-27 16:51:37 : Quit wasting troops					 
2015-12-27 16:51:38 : Checking if the Gold&Elixir are changing for 2 sec...
2015-12-27 16:51:41 :                                       
2015-12-27 16:51:41 : ~Finished Attacking, waiting to finish
2015-12-27 16:51:41 : Checking if the Gold&Elixir are changing for 20 sec...
2015-12-27 16:51:44 : 										 
2015-12-27 16:51:44 : Wait few sec before close attack
2015-12-27 16:52:24 : Returning Home
2015-12-27 16:52:27 : Loot: [G]: 0 [E]: 0 [DE]:  [T]: -13
2015-12-27 16:52:27 : Stars earned: 0
2015-12-27 16:52:34 : ***[End trying TH snipe while training army]***
2015-12-27 16:52:36 : ====== Waiting for full army ======
2015-12-27 16:53:16 : Training Troops & Spells
2015-12-27 16:53:16 : Checking Army Camp...
2015-12-27 16:53:18 : Total Army Camp capacity: 203/240 (84%)
2015-12-27 16:53:18 :  - No. of Barbarians: 124
2015-12-27 16:53:18 :  - No. of Archers: 79
2015-12-27 16:53:41 : Time Idle: 00:03:15
2015-12-27 16:53:41 : ***[Trying TH snipe while training army]***
2015-12-27 16:53:41 : Going to Attack...
2015-12-27 16:53:47 : ============== Searching For Dead Base ===============
2015-12-27 16:53:47 : ~~~~~~~~~~~~~~~ SEARCH CONDITIONS ~~~~~~~~~~~~~~~~
2015-12-27 16:53:47 : Meet: Gold + Elixir, Dark, Trophy
2015-12-27 16:53:47 : ~~~~~~~~~~~~~~ RESOURCE CONDITIONS ~~~~~~~~~~~~~~~
2015-12-27 16:53:47 : Aim: [G+E]: 250000 [D]: 1000 [T]:99 for: Dead Base
2015-12-27 16:53:47 : ============== Searching For Live Base ===============
2015-12-27 16:53:47 : ~~~~~~~~~~~~~~~ SEARCH CONDITIONS ~~~~~~~~~~~~~~~~
2015-12-27 16:53:47 : Meet: Gold + Elixir, Dark, Trophy, Weak Base(Mortar: 7, WizTower: 7)
2015-12-27 16:53:47 : ~~~~~~~~~~~~~~ RESOURCE CONDITIONS ~~~~~~~~~~~~~~~
2015-12-27 16:53:47 : Aim: [G+E]: 200000 [D]: 1000 [T]:99 for: Live Base
2015-12-27 16:53:47 : ~~~~~~~~~~~~~~~ ADVANCED SETTINGS ~~~~~~~~~~~~~~~~
2015-12-27 16:53:47 : THSnipe Combo, 4 Tile(s),  Attack TH Outside custom1
2015-12-27 16:53:47 : Aim: [G]: 100000 [E]: 100000 [D]: 1000
2015-12-27 16:53:47 : ==================================================
2015-12-27 16:53:54 :   1> [G]:  18738 [E]:  48303 [D]:  346 [T]:32 [TH]:10, Out
2015-12-27 16:53:54 :       TH Outside Found! 
2015-12-27 16:53:54 :       Resource requirement not met for TH snipe 
2015-12-27 16:53:55 :   1> [G]:  18738 [E]:  48303 [D]:  346 [T]:32 [TH]:10, Out
2015-12-27 16:54:02 :   2> [G]:  53693 [E]: 265369 [D]:  563 [T]:29 [TH]: 9, In
2015-12-27 16:54:10 :   3> [G]: 111900 [E]: 313467 [D]: 1308 [T]:39 [TH]: 9, In
2015-12-27 16:54:17 :   4> [G]:  92811 [E]:  69983 [D]: 1129 [T]:39 [TH]: 9, Out
2015-12-27 16:54:17 :       TH Outside Found! 
2015-12-27 16:54:17 :       Resource requirement met for TH snipe 
2015-12-27 16:54:18 : ================ Search Complete =================
2015-12-27 16:54:18 : Initiating attack for: TH Snipe
2015-12-27 16:54:20 : -*-Barbarians 126
2015-12-27 16:54:20 : -*-Archers 81
2015-12-27 16:54:20 : -*-Clan Castle 
2015-12-27 16:54:20 : -*-Heal Spells 3
2015-12-27 16:54:20 : -*-Rage Spells 1
2015-12-27 16:54:20 : -*-Jump Spells 1
2015-12-27 16:54:20 : -*-Poison Spells 1
2015-12-27 16:54:20 :  ====== Start Attack ====== 
2015-12-27 16:54:22 : Sniping TH with Barch            	 
2015-12-27 16:54:23 : Attacking TH with 1st wave of BARCH   
2015-12-27 16:54:23 : Dropping Only wave of 5 Barbarians
2015-12-27 16:54:23 : Custom Center Bottom deployment THi = 16 ,x = 435 ,y = 545
2015-12-27 16:54:24 : Deployment of 5 Barbarians was Successful!
2015-12-27 16:54:26 :                                       
2015-12-27 16:54:26 : Dropping Only wave of 5 Archers
2015-12-27 16:54:27 : Custom Center Bottom deployment THi = 16 ,x = 435 ,y = 545
2015-12-27 16:54:27 : Deployment of 5 Archers was Successful!
2015-12-27 16:54:29 :                                       
2015-12-27 16:54:29 : Checking if the Gold&Elixir are changing for 2 sec...
2015-12-27 16:54:33 :                                       
2015-12-27 16:54:33 : Checking if the Gold&Elixir are changing for 2 sec...
2015-12-27 16:54:35 : Bot was Paused!
2015-12-27 16:55:41 : Bot was Resumed.
2015-12-27 16:55:42 :                                       
2015-12-27 16:55:42 : Townhall has been destroyed!
2015-12-27 16:55:43 : Wait few sec before close attack
2015-12-27 16:55:50 : Returning Home
2015-12-27 16:55:54 : Loot: [G]: 32 278 [E]: 28 440 [DE]: 80 [T]: 13
2015-12-27 16:55:54 : Bonus [G]: 814 [E]: 814
2015-12-27 16:55:58 : Stars earned: 1
2015-12-27 16:56:04 : ***[End trying TH snipe while training army]***
2015-12-27 16:56:06 : ====== Waiting for full army ======
2015-12-27 16:56:08 : Chat Request: giants please
2015-12-27 16:56:08 : Castle Capacity : 0/30
2015-12-27 16:56:49 : Training Troops & Spells
