2015-12-30 19:20:02 :  My Bot v5.0.2 860x780 (BlueStacks) Powered by MyBot.run ~
2015-12-30 19:20:02 : MyBot.mod.au3 Script running on WIN_81  X64
2015-12-30 19:20:02 : =================== Bot Start ====================
2015-12-30 19:20:02 : -------------------------  Current Profile: 01 --------------------------
2015-12-30 19:20:02 :  Warning Debug Mode Enabled! Setlog: 0 OCR: 1 RedArea: 0 ImageSave: 0 BuildingPos: 0-
2015-12-30 19:20:02 : Trying to locate Main Screen
2015-12-30 19:20:02 : Main Screen Located
2015-12-30 19:20:03 : Detecting your Buildings..
2015-12-30 19:20:04 : Finding your Clan Level, wait..
2015-12-30 19:20:05 : Found Clan Level: 8
2015-12-30 19:20:06 : Detecting your Village Theme
2015-12-30 19:20:07 : Normal Theme detected
2015-12-30 19:20:08 : Language setting is English: Correct.
2015-12-30 19:20:09 : Trying to locate Main Screen
2015-12-30 19:20:09 : Main Screen Located
2015-12-30 19:20:10 : Village Report
2015-12-30 19:20:10 : No. of Free/Total Builders: 0/5
2015-12-30 19:20:10 :  [T]: 1 165
2015-12-30 19:20:10 :  [G]: 1 938 206 [E]: 1 367 393 [D]: 120 756 [GEM]: 4 497
2015-12-30 19:20:12 : Collecting Resources
2015-12-30 19:20:23 : Chat Request: any
2015-12-30 19:20:24 : Castle Capacity : 28/30
2015-12-30 19:20:24 : Custom Donation Keyword found: any
2015-12-30 19:20:30 : Could not Find the Donation Window!!
2015-12-30 19:20:32 : Training Troops & Spells
2015-12-30 19:20:33 : Checking Army Camp...
2015-12-30 19:20:34 : Total Army Camp capacity: 119/240 (49%)
2015-12-30 19:20:35 :  - No. of Barbarians: 65
2015-12-30 19:20:35 :  - No. of Archers: 54
2015-12-30 19:20:35 : Barracks and Spell factory status: 
2015-12-30 19:20:35 : - Barracks detected: 4 | Available: 4 | Upgrading: 0
2015-12-30 19:20:35 : - Dark Barracks detected: 2 | Available: 2 | Upgrading: 0
2015-12-30 19:20:35 : - Spell factory detected: 1 | Available: 1 | Upgrading: 0
2015-12-30 19:20:35 : - Dark Spell factory detected: 1 | Available: 1 | Upgrading: 0
2015-12-30 19:21:09 : ====== Waiting for full army ======
2015-12-30 19:21:49 : Collecting Resources
2015-12-30 19:22:01 : Chat Request: any
2015-12-30 19:22:01 : Castle Capacity : 28/30
2015-12-30 19:22:01 : Custom Donation Keyword found: any
2015-12-30 19:22:08 : Could not Find the Donation Window!!
2015-12-30 19:22:11 : Training Troops & Spells
2015-12-30 19:22:12 : Checking Army Camp...
2015-12-30 19:22:13 : Total Army Camp capacity: 134/240 (55%)
2015-12-30 19:22:14 :  - No. of Barbarians: 73
2015-12-30 19:22:14 :  - No. of Archers: 61
2015-12-30 19:22:25 : Bot was Paused!
2015-12-30 19:22:41 : Bot was Resumed.
2015-12-30 19:22:47 : Trophy Count : 1165
2015-12-30 19:22:47 : Dropping Trophies to 750
2015-12-30 19:22:49 : Going to Attack...
2015-12-30 19:22:56 : Identification of your troops:
2015-12-30 19:22:56 : Initiating attack for: Drop Trophy
2015-12-30 19:22:57 : -*-Barbarians 77
2015-12-30 19:22:57 : -*-Archers 64
2015-12-30 19:22:57 : -*-Clan Castle 
2015-12-30 19:22:57 : -*-Heal Spells 3
2015-12-30 19:22:58 : -*-Rage Spells 1
2015-12-30 19:22:58 : -*-Jump Spells 1
2015-12-30 19:22:58 : -*-Poison Spells 1
2015-12-30 19:22:58 : Deploying 1 Barbarian
2015-12-30 19:22:58 :  Trophy loss = 25
2015-12-30 19:22:59 : Returning Home
2015-12-30 19:23:05 : Trophy Count : 1140
2015-12-30 19:23:06 : Dropping Trophies to 750
2015-12-30 19:23:08 : Going to Attack...
2015-12-30 19:23:14 : Identification of your troops:
2015-12-30 19:23:14 : Initiating attack for: Drop Trophy
2015-12-30 19:23:16 : -*-Barbarians 77
2015-12-30 19:23:16 : -*-Archers 66
2015-12-30 19:23:16 : -*-Clan Castle 
2015-12-30 19:23:16 : -*-Heal Spells 3
2015-12-30 19:23:16 : -*-Rage Spells 1
2015-12-30 19:23:16 : -*-Jump Spells 1
2015-12-30 19:23:16 : -*-Poison Spells 1
2015-12-30 19:23:16 : Deploying 1 Barbarian
2015-12-30 19:23:16 :  Trophy loss = 18
2015-12-30 19:23:17 : Returning Home
2015-12-30 19:23:21 : Trophy Count : 1122
2015-12-30 19:23:22 : Dropping Trophies to 750
2015-12-30 19:23:24 : Going to Attack...
2015-12-30 19:23:30 : Identification of your troops:
2015-12-30 19:23:30 : Initiating attack for: Drop Trophy
2015-12-30 19:23:32 : -*-Barbarians 77
2015-12-30 19:23:32 : -*-Archers 66
2015-12-30 19:23:32 : -*-Clan Castle 
2015-12-30 19:23:32 : -*-Heal Spells 3
2015-12-30 19:23:32 : -*-Rage Spells 1
2015-12-30 19:23:32 : -*-Jump Spells 1
2015-12-30 19:23:32 : -*-Poison Spells 1
2015-12-30 19:23:32 : Deploying 1 Barbarian
2015-12-30 19:23:32 :  Trophy loss = 16
2015-12-30 19:23:33 : Returning Home
2015-12-30 19:23:40 : Trophy Count : 1106
2015-12-30 19:23:40 : Dropping Trophies to 750
2015-12-30 19:23:42 : Going to Attack...
2015-12-30 19:23:48 : Identification of your troops:
2015-12-30 19:23:48 : Initiating attack for: Drop Trophy
2015-12-30 19:23:50 : -*-Barbarians 78
2015-12-30 19:23:50 : -*-Archers 67
2015-12-30 19:23:50 : -*-Clan Castle 
2015-12-30 19:23:50 : -*-Heal Spells 3
2015-12-30 19:23:50 : -*-Rage Spells 1
2015-12-30 19:23:50 : -*-Jump Spells 1
2015-12-30 19:23:50 : -*-Poison Spells 1
2015-12-30 19:23:50 : Deploying 1 Barbarian
2015-12-30 19:23:50 :  Trophy loss = 18
2015-12-30 19:23:51 : Returning Home
2015-12-30 19:23:58 : Trophy Count : 1088
2015-12-30 19:23:58 : Dropping Trophies to 750
2015-12-30 19:24:00 : Going to Attack...
2015-12-30 19:24:06 : Identification of your troops:
2015-12-30 19:24:06 : Initiating attack for: Drop Trophy
2015-12-30 19:24:08 : -*-Barbarians 78
2015-12-30 19:24:08 : -*-Archers 68
2015-12-30 19:24:08 : -*-Clan Castle 
2015-12-30 19:24:08 : -*-Heal Spells 3
2015-12-30 19:24:08 : -*-Rage Spells 1
2015-12-30 19:24:08 : -*-Jump Spells 1
2015-12-30 19:24:08 : -*-Poison Spells 1
2015-12-30 19:24:08 : Deploying 1 Barbarian
2015-12-30 19:24:08 :  Trophy loss = 16
2015-12-30 19:24:09 : Returning Home
2015-12-30 19:24:16 : Trophy Count : 1072
2015-12-30 19:24:16 : Dropping Trophies to 750
2015-12-30 19:24:18 : Going to Attack...
2015-12-30 19:24:24 : Identification of your troops:
2015-12-30 19:24:24 : Initiating attack for: Drop Trophy
2015-12-30 19:24:26 : -*-Barbarians 78
2015-12-30 19:24:26 : -*-Archers 70
2015-12-30 19:24:26 : -*-Clan Castle 
2015-12-30 19:24:26 : -*-Heal Spells 3
2015-12-30 19:24:26 : -*-Rage Spells 1
2015-12-30 19:24:26 : -*-Jump Spells 1
2015-12-30 19:24:26 : -*-Poison Spells 1
2015-12-30 19:24:26 : Deploying 1 Barbarian
2015-12-30 19:24:26 :  Trophy loss = 23
2015-12-30 19:24:28 : Returning Home
2015-12-30 19:24:34 : Trophy Count : 1049
2015-12-30 19:24:34 : Dropping Trophies to 750
2015-12-30 19:24:36 : Going to Attack...
2015-12-30 19:24:43 : Identification of your troops:
2015-12-30 19:24:43 : Initiating attack for: Drop Trophy
2015-12-30 19:24:45 : -*-Barbarians 79
2015-12-30 19:24:45 : -*-Archers 70
2015-12-30 19:24:45 : -*-Clan Castle 
2015-12-30 19:24:45 : -*-Heal Spells 3
2015-12-30 19:24:45 : -*-Rage Spells 1
2015-12-30 19:24:45 : -*-Jump Spells 1
2015-12-30 19:24:45 : -*-Poison Spells 1
2015-12-30 19:24:45 : Deploying 1 Barbarian
2015-12-30 19:24:45 :  Trophy loss = 19
2015-12-30 19:24:46 : Returning Home
2015-12-30 19:24:53 : Trophy Count : 1030
2015-12-30 19:24:53 : Dropping Trophies to 750
2015-12-30 19:24:55 : Going to Attack...
2015-12-30 19:25:04 : Identification of your troops:
2015-12-30 19:25:04 : Initiating attack for: Drop Trophy
2015-12-30 19:25:06 : -*-Barbarians 79
2015-12-30 19:25:06 : -*-Archers 72
2015-12-30 19:25:06 : -*-Clan Castle 
2015-12-30 19:25:06 : -*-Heal Spells 3
2015-12-30 19:25:06 : -*-Rage Spells 1
2015-12-30 19:25:06 : -*-Jump Spells 1
2015-12-30 19:25:06 : -*-Poison Spells 1
2015-12-30 19:25:06 : Deploying 1 Barbarian
2015-12-30 19:25:06 :  Trophy loss = 16
2015-12-30 19:25:07 : Returning Home
2015-12-30 19:25:14 : Trophy Count : 1014
2015-12-30 19:25:14 : Dropping Trophies to 750
2015-12-30 19:25:16 : Going to Attack...
2015-12-30 19:25:25 : Identification of your troops:
2015-12-30 19:25:25 : Initiating attack for: Drop Trophy
2015-12-30 19:25:27 : -*-Barbarians 79
2015-12-30 19:25:27 : -*-Archers 73
2015-12-30 19:25:27 : -*-Clan Castle 
2015-12-30 19:25:27 : -*-Heal Spells 3
2015-12-30 19:25:27 : -*-Rage Spells 1
2015-12-30 19:25:27 : -*-Jump Spells 1
2015-12-30 19:25:27 : -*-Poison Spells 1
2015-12-30 19:25:27 : Deploying 1 Barbarian
2015-12-30 19:25:27 :  Trophy loss = 31
2015-12-30 19:25:28 : Returning Home
2015-12-30 19:25:35 : Trophy Count : 983
2015-12-30 19:25:35 : Dropping Trophies to 750
2015-12-30 19:25:37 : Going to Attack...
2015-12-30 19:25:46 : Identification of your troops:
2015-12-30 19:25:46 : Initiating attack for: Drop Trophy
2015-12-30 19:25:48 : -*-Barbarians 80
2015-12-30 19:25:48 : -*-Archers 74
2015-12-30 19:25:48 : -*-Clan Castle 
2015-12-30 19:25:48 : -*-Heal Spells 3
2015-12-30 19:25:48 : -*-Rage Spells 1
2015-12-30 19:25:48 : -*-Jump Spells 1
2015-12-30 19:25:48 : -*-Poison Spells 1
2015-12-30 19:25:48 : Deploying 1 Barbarian
2015-12-30 19:25:48 :  Trophy loss = 10
2015-12-30 19:25:49 : Returning Home
2015-12-30 19:25:56 : Trophy Count : 973
2015-12-30 19:25:56 : Dropping Trophies to 750
2015-12-30 19:25:58 : Going to Attack...
2015-12-30 19:26:04 : Identification of your troops:
2015-12-30 19:26:04 : Initiating attack for: Drop Trophy
2015-12-30 19:26:06 : -*-Barbarians 81
2015-12-30 19:26:06 : -*-Archers 75
2015-12-30 19:26:06 : -*-Clan Castle 
2015-12-30 19:26:06 : -*-Heal Spells 3
2015-12-30 19:26:06 : -*-Rage Spells 1
2015-12-30 19:26:06 : -*-Jump Spells 1
2015-12-30 19:26:06 : -*-Poison Spells 1
2015-12-30 19:26:06 : Deploying 1 Barbarian
2015-12-30 19:26:06 :  Trophy loss = 16
2015-12-30 19:26:07 : Returning Home
2015-12-30 19:26:14 : Trophy Count : 957
2015-12-30 19:26:14 : Dropping Trophies to 750
2015-12-30 19:26:16 : Going to Attack...
2015-12-30 19:26:25 : Identification of your troops:
2015-12-30 19:26:25 : Initiating attack for: Drop Trophy
2015-12-30 19:26:27 : -*-Barbarians 81
2015-12-30 19:26:27 : -*-Archers 76
2015-12-30 19:26:27 : -*-Clan Castle 
2015-12-30 19:26:27 : -*-Heal Spells 3
2015-12-30 19:26:27 : -*-Rage Spells 1
2015-12-30 19:26:27 : -*-Jump Spells 1
2015-12-30 19:26:27 : -*-Poison Spells 1
2015-12-30 19:26:27 : Deploying 1 Barbarian
2015-12-30 19:26:27 :  Trophy loss = 13
2015-12-30 19:26:28 : Returning Home
2015-12-30 19:26:35 : Trophy Count : 944
2015-12-30 19:26:35 : Dropping Trophies to 750
2015-12-30 19:26:37 : Going to Attack...
2015-12-30 19:26:46 : Identification of your troops:
2015-12-30 19:26:46 : Initiating attack for: Drop Trophy
2015-12-30 19:26:47 : -*-Barbarians 81
2015-12-30 19:26:47 : -*-Archers 78
2015-12-30 19:26:47 : -*-Clan Castle 
2015-12-30 19:26:47 : -*-Queen 
2015-12-30 19:26:47 : -*-Heal Spells 3
2015-12-30 19:26:47 : -*-Rage Spells 1
2015-12-30 19:26:47 : -*-Jump Spells 1
2015-12-30 19:26:47 : -*-Poison Spells 1
2015-12-30 19:26:47 : Deploying Queen
2015-12-30 19:26:50 :  Trophy loss = 14
2015-12-30 19:26:50 : Returning Home
2015-12-30 19:26:57 : Trophy Count : 930
2015-12-30 19:26:57 : Dropping Trophies to 750
2015-12-30 19:26:59 : Going to Attack...
2015-12-30 19:27:07 : Identification of your troops:
2015-12-30 19:27:07 : Initiating attack for: Drop Trophy
2015-12-30 19:27:09 : -*-Barbarians 83
2015-12-30 19:27:09 : -*-Archers 79
2015-12-30 19:27:09 : -*-Clan Castle 
2015-12-30 19:27:09 : -*-Queen 
2015-12-30 19:27:09 : -*-Heal Spells 3
2015-12-30 19:27:09 : -*-Rage Spells 1
2015-12-30 19:27:09 : -*-Jump Spells 1
2015-12-30 19:27:09 : -*-Poison Spells 1
2015-12-30 19:27:09 : Deploying Queen
2015-12-30 19:27:11 :  Trophy loss = 11
2015-12-30 19:27:11 : Returning Home
2015-12-30 19:27:18 : Trophy Count : 919
2015-12-30 19:27:18 : Dropping Trophies to 750
2015-12-30 19:27:20 : Going to Attack...
2015-12-30 19:27:32 : Identification of your troops:
2015-12-30 19:27:32 : Initiating attack for: Drop Trophy
2015-12-30 19:27:34 : -*-Barbarians 85
2015-12-30 19:27:34 : -*-Archers 80
2015-12-30 19:27:34 : -*-Clan Castle 
2015-12-30 19:27:34 : -*-Queen 
2015-12-30 19:27:34 : -*-Heal Spells 3
2015-12-30 19:27:34 : -*-Rage Spells 1
2015-12-30 19:27:34 : -*-Jump Spells 1
2015-12-30 19:27:34 : -*-Poison Spells 1
2015-12-30 19:27:34 : Deploying Queen
2015-12-30 19:27:36 :  Trophy loss = 10
2015-12-30 19:27:36 : Returning Home
2015-12-30 19:27:43 : Trophy Count : 909
2015-12-30 19:27:43 : Dropping Trophies to 750
2015-12-30 19:27:45 : Going to Attack...
2015-12-30 19:27:53 : Identification of your troops:
2015-12-30 19:27:53 : Initiating attack for: Drop Trophy
2015-12-30 19:27:55 : -*-Barbarians 86
2015-12-30 19:27:55 : -*-Archers 82
2015-12-30 19:27:55 : -*-Clan Castle 
2015-12-30 19:27:55 : -*-Queen 
2015-12-30 19:27:55 : -*-Heal Spells 3
2015-12-30 19:27:55 : -*-Rage Spells 1
2015-12-30 19:27:55 : -*-Jump Spells 1
2015-12-30 19:27:55 : -*-Poison Spells 1
2015-12-30 19:27:55 : Deploying Queen
2015-12-30 19:27:57 :  Trophy loss = 14
2015-12-30 19:27:57 : Returning Home
2015-12-30 19:28:04 : Trophy Count : 895
2015-12-30 19:28:04 : Dropping Trophies to 750
2015-12-30 19:28:06 : Going to Attack...
2015-12-30 19:28:15 : Identification of your troops:
2015-12-30 19:28:15 : Initiating attack for: Drop Trophy
2015-12-30 19:28:17 : -*-Queen 
2015-12-30 19:28:17 : -*-Heal Spells 3
2015-12-30 19:28:17 : -*-Rage Spells 1
2015-12-30 19:28:17 : -*-Jump Spells 1
2015-12-30 19:28:17 : -*-Poison Spells 1
2015-12-30 19:28:17 : Deploying Queen
2015-12-30 19:28:19 :  Trophy loss = 13
2015-12-30 19:28:19 : Returning Home
2015-12-30 19:28:26 : Trophy Count : 882
2015-12-30 19:28:26 : Dropping Trophies to 750
2015-12-30 19:28:28 : Going to Attack...
2015-12-30 19:28:35 : Identification of your troops:
2015-12-30 19:28:35 : Initiating attack for: Drop Trophy
2015-12-30 19:28:37 : -*-Barbarians 89
2015-12-30 19:28:37 : -*-Archers 84
2015-12-30 19:28:37 : -*-Clan Castle 
2015-12-30 19:28:37 : -*-Queen 
2015-12-30 19:28:37 : -*-Heal Spells 3
2015-12-30 19:28:37 : -*-Rage Spells 1
2015-12-30 19:28:37 : -*-Jump Spells 1
2015-12-30 19:28:37 : -*-Poison Spells 1
2015-12-30 19:28:37 : Deploying Queen
2015-12-30 19:28:39 :  Trophy loss = 12
2015-12-30 19:28:39 : Returning Home
2015-12-30 19:28:46 : Trophy Count : 870
2015-12-30 19:28:46 : Dropping Trophies to 750
2015-12-30 19:28:48 : Going to Attack...
2015-12-30 19:28:54 : Identification of your troops:
2015-12-30 19:28:54 : Initiating attack for: Drop Trophy
2015-12-30 19:28:56 : -*-Barbarians 91
2015-12-30 19:28:56 : -*-Archers 86
2015-12-30 19:28:56 : -*-Clan Castle 
2015-12-30 19:28:56 : -*-Queen 
2015-12-30 19:28:56 : -*-Heal Spells 3
2015-12-30 19:28:56 : -*-Rage Spells 1
2015-12-30 19:28:56 : -*-Jump Spells 1
2015-12-30 19:28:56 : -*-Poison Spells 1
2015-12-30 19:28:56 : Deploying Queen
2015-12-30 19:28:58 :  Trophy loss = 17
2015-12-30 19:28:58 : Returning Home
2015-12-30 19:29:05 : Trophy Count : 853
2015-12-30 19:29:05 : Dropping Trophies to 750
2015-12-30 19:29:07 : Going to Attack...
2015-12-30 19:29:16 : Identification of your troops:
2015-12-30 19:29:16 : Initiating attack for: Drop Trophy
2015-12-30 19:29:18 : -*-Barbarians 92
2015-12-30 19:29:18 : -*-Archers 86
2015-12-30 19:29:18 : -*-Clan Castle 
2015-12-30 19:29:18 : -*-Queen 
2015-12-30 19:29:18 : -*-Heal Spells 3
2015-12-30 19:29:18 : -*-Rage Spells 1
2015-12-30 19:29:18 : -*-Jump Spells 1
2015-12-30 19:29:18 : -*-Poison Spells 1
2015-12-30 19:29:18 : Deploying Queen
2015-12-30 19:29:20 :  Trophy loss = 11
2015-12-30 19:29:20 : Returning Home
2015-12-30 19:29:27 : Trophy Count : 842
2015-12-30 19:29:27 : Dropping Trophies to 750
2015-12-30 19:29:29 : Going to Attack...
2015-12-30 19:29:40 : Identification of your troops:
2015-12-30 19:29:40 : Initiating attack for: Drop Trophy
2015-12-30 19:29:42 : -*-Queen 
2015-12-30 19:29:42 : -*-Heal Spells 3
2015-12-30 19:29:42 : -*-Rage Spells 1
2015-12-30 19:29:42 : -*-Jump Spells 1
2015-12-30 19:29:42 : -*-Poison Spells 1
2015-12-30 19:29:42 : Deploying Queen
2015-12-30 19:29:44 :  Trophy loss = 10
2015-12-30 19:29:44 : Returning Home
2015-12-30 19:29:51 : Trophy Count : 832
2015-12-30 19:29:51 : Dropping Trophies to 750
2015-12-30 19:29:53 : Going to Attack...
2015-12-30 19:30:01 : Identification of your troops:
2015-12-30 19:30:01 : Initiating attack for: Drop Trophy
2015-12-30 19:30:03 : -*-Barbarians 95
2015-12-30 19:30:03 : -*-Archers 89
2015-12-30 19:30:03 : -*-Clan Castle 
2015-12-30 19:30:03 : -*-Queen 
2015-12-30 19:30:03 : -*-Heal Spells 3
2015-12-30 19:30:03 : -*-Rage Spells 1
2015-12-30 19:30:03 : -*-Jump Spells 1
2015-12-30 19:30:03 : -*-Poison Spells 1
2015-12-30 19:30:03 : Deploying Queen
2015-12-30 19:30:05 :  Trophy loss = 11
2015-12-30 19:30:05 : Returning Home
2015-12-30 19:30:12 : Trophy Count : 821
2015-12-30 19:30:12 : Dropping Trophies to 750
2015-12-30 19:30:14 : Going to Attack...
2015-12-30 19:30:20 : Identification of your troops:
2015-12-30 19:30:20 : Initiating attack for: Drop Trophy
2015-12-30 19:30:22 : -*-Barbarians 97
2015-12-30 19:30:22 : -*-Archers 90
2015-12-30 19:30:22 : -*-Clan Castle 
2015-12-30 19:30:22 : -*-Queen 
2015-12-30 19:30:22 : -*-Heal Spells 3
2015-12-30 19:30:22 : -*-Rage Spells 1
2015-12-30 19:30:22 : -*-Jump Spells 1
2015-12-30 19:30:22 : -*-Poison Spells 1
2015-12-30 19:30:22 : Deploying Queen
2015-12-30 19:30:24 :  Trophy loss = 13
2015-12-30 19:30:24 : Returning Home
2015-12-30 19:30:31 : Trophy Count : 808
2015-12-30 19:30:31 : Dropping Trophies to 750
2015-12-30 19:30:33 : Going to Attack...
2015-12-30 19:30:40 : Identification of your troops:
2015-12-30 19:30:40 : Initiating attack for: Drop Trophy
2015-12-30 19:30:42 : -*-Barbarians 98
2015-12-30 19:30:42 : -*-Archers 92
2015-12-30 19:30:42 : -*-Clan Castle 
2015-12-30 19:30:42 : -*-Queen 
2015-12-30 19:30:42 : -*-Heal Spells 3
2015-12-30 19:30:42 : -*-Rage Spells 1
2015-12-30 19:30:42 : -*-Jump Spells 1
2015-12-30 19:30:42 : -*-Poison Spells 1
2015-12-30 19:30:42 : Deploying Queen
2015-12-30 19:30:44 :  Trophy loss = 16
2015-12-30 19:30:44 : Returning Home
2015-12-30 19:30:51 : Trophy Count : 792
2015-12-30 19:30:51 : Dropping Trophies to 750
2015-12-30 19:30:53 : Going to Attack...
2015-12-30 19:31:07 : Identification of your troops:
2015-12-30 19:31:07 : Initiating attack for: Drop Trophy
2015-12-30 19:31:09 : -*-Queen 
2015-12-30 19:31:09 : -*-Rage Spells 1
2015-12-30 19:31:09 : -*-Jump Spells 1
2015-12-30 19:31:09 : -*-Poison Spells 1
2015-12-30 19:31:09 : Deploying Queen
2015-12-30 19:31:11 :  Trophy loss = 4
2015-12-30 19:31:11 : Returning Home
2015-12-30 19:31:18 : Trophy Count : 788
2015-12-30 19:31:18 : Dropping Trophies to 750
2015-12-30 19:31:20 : Going to Attack...
2015-12-30 19:31:35 : Identification of your troops:
2015-12-30 19:31:35 : Initiating attack for: Drop Trophy
2015-12-30 19:31:37 : -*-Barbarians 102
2015-12-30 19:31:37 : -*-Archers 94
2015-12-30 19:31:37 : -*-Clan Castle 
2015-12-30 19:31:37 : -*-Queen 
2015-12-30 19:31:37 : -*-Heal Spells 3
2015-12-30 19:31:37 : -*-Rage Spells 1
2015-12-30 19:31:37 : -*-Jump Spells 1
2015-12-30 19:31:37 : -*-Poison Spells 1
2015-12-30 19:31:37 : Deploying Queen
2015-12-30 19:31:39 :  Trophy loss = 7
2015-12-30 19:31:39 : Returning Home
2015-12-30 19:31:46 : Trophy Count : 781
2015-12-30 19:31:46 : Dropping Trophies to 750
2015-12-30 19:31:48 : Going to Attack...
2015-12-30 19:32:03 : Identification of your troops:
2015-12-30 19:32:03 : Initiating attack for: Drop Trophy
2015-12-30 19:32:05 : -*-Barbarians 104
2015-12-30 19:32:05 : -*-Archers 96
2015-12-30 19:32:05 : -*-Clan Castle 
2015-12-30 19:32:05 : -*-Queen 
2015-12-30 19:32:05 : -*-Heal Spells 3
2015-12-30 19:32:05 : -*-Rage Spells 1
2015-12-30 19:32:05 : -*-Jump Spells 1
2015-12-30 19:32:05 : -*-Poison Spells 1
2015-12-30 19:32:05 : Deploying Queen
2015-12-30 19:32:07 :  Trophy loss = 12
2015-12-30 19:32:07 : Returning Home
2015-12-30 19:32:14 : Trophy Count : 769
2015-12-30 19:32:14 : Dropping Trophies to 750
2015-12-30 19:32:16 : Going to Attack...
2015-12-30 19:32:29 : Identification of your troops:
2015-12-30 19:32:29 : Initiating attack for: Drop Trophy
2015-12-30 19:32:30 : -*-Barbarians 106
2015-12-30 19:32:30 : -*-Archers 98
2015-12-30 19:32:30 : -*-Clan Castle 
2015-12-30 19:32:30 : -*-Queen 
2015-12-30 19:32:30 : -*-Heal Spells 3
2015-12-30 19:32:30 : -*-Rage Spells 1
2015-12-30 19:32:30 : -*-Jump Spells 1
2015-12-30 19:32:30 : -*-Poison Spells 1
2015-12-30 19:32:30 : Deploying Queen
2015-12-30 19:32:33 :  Trophy loss = 10
2015-12-30 19:32:33 : Returning Home
2015-12-30 19:32:39 : Trophy Count : 759
2015-12-30 19:32:39 : Dropping Trophies to 750
2015-12-30 19:32:42 : Going to Attack...
2015-12-30 19:32:57 : Identification of your troops:
2015-12-30 19:32:57 : Initiating attack for: Drop Trophy
2015-12-30 19:32:59 : -*-Barbarians 108
2015-12-30 19:32:59 : -*-Archers 100
2015-12-30 19:32:59 : -*-Clan Castle 
2015-12-30 19:32:59 : -*-Queen 
2015-12-30 19:32:59 : -*-Heal Spells 3
2015-12-30 19:32:59 : -*-Rage Spells 1
2015-12-30 19:32:59 : -*-Jump Spells 1
2015-12-30 19:32:59 : -*-Poison Spells 1
2015-12-30 19:32:59 : Deploying Queen
2015-12-30 19:33:01 :  Trophy loss = 6
2015-12-30 19:33:01 : Returning Home
2015-12-30 19:33:08 : Trophy Count : 753
2015-12-30 19:33:08 : Dropping Trophies to 750
2015-12-30 19:33:10 : Going to Attack...
2015-12-30 19:33:27 : Identification of your troops:
2015-12-30 19:33:27 : Initiating attack for: Drop Trophy
2015-12-30 19:33:29 : -*-Barbarians 110
2015-12-30 19:33:29 : -*-Archers 102
2015-12-30 19:33:29 : -*-Clan Castle 
2015-12-30 19:33:29 : -*-Queen 
2015-12-30 19:33:29 : -*-Heal Spells 3
2015-12-30 19:33:29 : -*-Rage Spells 1
2015-12-30 19:33:29 : -*-Jump Spells 1
2015-12-30 19:33:29 : -*-Poison Spells 1
2015-12-30 19:33:29 : Deploying Queen
2015-12-30 19:33:31 :  Trophy loss = 3
2015-12-30 19:33:31 : Returning Home
2015-12-30 19:33:38 : Trophy Count : 750
2015-12-30 19:33:38 : Trophy Drop Complete
2015-12-30 19:33:42 : Time Idle: 00:12:32
2015-12-30 19:33:42 : ***[Trying TH snipe while training army]***
2015-12-30 19:33:42 : Going to Attack...
2015-12-30 19:33:48 : ============== Searching For Dead Base ===============
2015-12-30 19:33:48 : ~~~~~~~~~~~~~~~ SEARCH CONDITIONS ~~~~~~~~~~~~~~~~
2015-12-30 19:33:48 : Meet: Gold + Elixir, Dark, Trophy
2015-12-30 19:33:48 : ~~~~~~~~~~~~~~ RESOURCE CONDITIONS ~~~~~~~~~~~~~~~
2015-12-30 19:33:48 : Aim: [G+E]: 300000 [D]: 1000 [T]:99 for: Dead Base
2015-12-30 19:33:48 : ============== Searching For Live Base ===============
2015-12-30 19:33:48 : ~~~~~~~~~~~~~~~ SEARCH CONDITIONS ~~~~~~~~~~~~~~~~
2015-12-30 19:33:48 : Meet: Gold + Elixir, Dark, Trophy, Weak Base(Mortar: 7, WizTower: 7)
2015-12-30 19:33:48 : ~~~~~~~~~~~~~~ RESOURCE CONDITIONS ~~~~~~~~~~~~~~~
2015-12-30 19:33:48 : Aim: [G+E]: 200000 [D]: 1000 [T]:99 for: Live Base
2015-12-30 19:33:48 : ~~~~~~~~~~~~~~~ ADVANCED SETTINGS ~~~~~~~~~~~~~~~~
2015-12-30 19:33:48 : THSnipe Combo, 3 Tile(s),  Attack TH Outside custom1
2015-12-30 19:33:48 : Aim: [G]: 100000 [E]: 100000 [D]: 1000
2015-12-30 19:33:48 : ==================================================
2015-12-30 19:33:58 :   1> [G]: 461714 [E]: 377719 [D]: 3676 [T]:47 [TH]:11, In
2015-12-30 19:34:06 :   2> [G]:   6523 [E]:   1390 [D]: 1416 [T]:50 [TH]: 9, In
2015-12-30 19:34:13 :   3> [G]:  49366 [E]:  44739 [D]: 1039 [T]:43 [TH]: 9, Out
2015-12-30 19:34:13 :       TH Outside Found! 
2015-12-30 19:34:13 :       Resource requirement met for TH snipe 
2015-12-30 19:34:15 : ================ Search Complete =================
2015-12-30 19:34:15 : Initiating attack for: TH Snipe
2015-12-30 19:34:17 : -*-Barbarians 113
2015-12-30 19:34:17 : -*-Archers 104
2015-12-30 19:34:17 : -*-Clan Castle 
2015-12-30 19:34:17 : -*-Heal Spells 3
2015-12-30 19:34:17 : -*-Rage Spells 1
2015-12-30 19:34:17 : -*-Jump Spells 1
2015-12-30 19:34:17 : -*-Poison Spells 1
2015-12-30 19:34:17 :  ====== Start Attack ====== 
2015-12-30 19:34:19 : Sniping TH with Barch            	 
2015-12-30 19:34:19 : Attacking TH with 1st wave of BARCH   
2015-12-30 19:34:19 : Dropping Only wave of 4 Barbarians
2015-12-30 19:34:20 : Custom Corner deployment THi = 2 ,x = 709 ,y = 335
2015-12-30 19:34:20 : Deployment of 4 Barbarians was Successful!
2015-12-30 19:34:22 :                                       
2015-12-30 19:34:22 : Dropping Only wave of 4 Archers
2015-12-30 19:34:23 : Custom Corner deployment THi = 2 ,x = 709 ,y = 335
2015-12-30 19:34:24 : Deployment of 4 Archers was Successful!
2015-12-30 19:34:25 :                                       
2015-12-30 19:34:26 : Checking if the Gold&Elixir are changing...
2015-12-30 19:34:29 :                                       
2015-12-30 19:34:30 : Checking if the Gold&Elixir are changing...
2015-12-30 19:34:32 :                                       
2015-12-30 19:34:33 : Checking if the Gold&Elixir are changing...
2015-12-30 19:34:35 :                                       
2015-12-30 19:34:35 : Oh Shit! Seems like a trapped TH!     
2015-12-30 19:34:36 : Checking if the Gold&Elixir are changing...
2015-12-30 19:34:39 :                                       
2015-12-30 19:34:39 : Quit wasting troops					 
2015-12-30 19:34:40 : Checking if the Gold&Elixir are changing...
2015-12-30 19:34:42 :                                       
2015-12-30 19:34:42 : ~Finished Attacking, waiting to finish
2015-12-30 19:34:47 : Townhall has been destroyed!
2015-12-30 19:34:48 : Wait few sec before close attack
2015-12-30 19:34:55 : Returning Home
2015-12-30 19:34:59 : Loot: [G]: 2 380 [E]: 2 [DE]: 6 [T]: 14
2015-12-30 19:34:59 : Bonus Percentage: 3%
2015-12-30 19:34:59 : Bonus [G]: 78 out of 2 600 [E]: 78 out of 2 600
2015-12-30 19:35:00 : Your league level is: Silver III
2015-12-30 19:35:00 : Stars earned: 1
2015-12-30 19:35:06 : ***[End trying TH snipe while training army]***
2015-12-30 19:35:08 : ====== Waiting for full army ======
2015-12-30 19:35:10 : Chat Request: hound loon haste
2015-12-30 19:35:10 : Castle Capacity : 30/35
2015-12-30 19:35:10 : King Blacklist Keyword found: hound
2015-12-30 19:35:10 : Barbarians Blacklist Keyword found: hound
2015-12-30 19:35:10 : Archers Blacklist Keyword found: hound
2015-12-30 19:35:51 : Training Troops & Spells
2015-12-30 19:35:52 : Checking Army Camp...
2015-12-30 19:35:53 : Total Army Camp capacity: 229/240 (95%)
2015-12-30 19:35:54 :  - No. of Barbarians: 120
2015-12-30 19:35:54 :  - No. of Archers: 109
2015-12-30 19:35:54 :  - Archer Queen available
2015-12-30 19:35:55 : Your Army Camps are now Full
2015-12-30 19:35:55 : Calculating Troops before Training new Army.
2015-12-30 19:36:15 : Going to Attack...
2015-12-30 19:36:21 : ============== Searching For Dead Base ===============
2015-12-30 19:36:21 : ~~~~~~~~~~~~~~~ SEARCH CONDITIONS ~~~~~~~~~~~~~~~~
2015-12-30 19:36:21 : Meet: Gold + Elixir, Dark
2015-12-30 19:36:21 : Meet One and Attack!
2015-12-30 19:36:21 : ~~~~~~~~~~~~~~ RESOURCE CONDITIONS ~~~~~~~~~~~~~~~
2015-12-30 19:36:21 : Aim: [G+E]: 300000 [D]: 1000 [T]: 0 for: Dead Base
2015-12-30 19:36:21 : ============== Searching For Live Base ===============
2015-12-30 19:36:21 : ~~~~~~~~~~~~~~~ SEARCH CONDITIONS ~~~~~~~~~~~~~~~~
2015-12-30 19:36:21 : Meet: Gold + Elixir, Dark, Weak Base(Mortar: 7, WizTower: 7)
2015-12-30 19:36:21 : ~~~~~~~~~~~~~~ RESOURCE CONDITIONS ~~~~~~~~~~~~~~~
2015-12-30 19:36:21 : Aim: [G+E]: 200000 [D]: 1000 [T]: 0 for: Live Base
2015-12-30 19:36:21 : ~~~~~~~~~~~~~~~ ADVANCED SETTINGS ~~~~~~~~~~~~~~~~
2015-12-30 19:36:21 : THSnipe Combo, 3 Tile(s),  Attack TH Outside custom1
2015-12-30 19:36:21 : Aim: [G]: 100000 [E]: 100000 [D]: 1000
2015-12-30 19:36:21 : ==================================================
2015-12-30 19:36:28 :   1> [G]: 213289 [E]:  63378 [D]:  892 [T]:35 [TH]:10, In
2015-12-30 19:36:39 :   2> [G]:  27860 [E]:  57646 [D]:  167 [T]:48 [TH]: 8, Out
2015-12-30 19:36:39 :       TH Outside Found! 
2015-12-30 19:36:39 :       Resource requirement not met for TH snipe 
2015-12-30 19:36:39 :   2> [G]:  27860 [E]:  57646 [D]:  167 [T]:48 [TH]: 8, Out
2015-12-30 19:36:48 :   3> [G]: 127086 [E]: 305101 [D]: 2046 [T]:48 [TH]:10, In
2015-12-30 19:36:48 :       Not a Weak Base for Live Base, Not a Dead Base
2015-12-30 19:36:57 :   4> [G]: 108474 [E]: 217021 [D]: 1288 [T]:46 [TH]: 9, In
2015-12-30 19:36:57 :       Not a Weak Base for Live Base, Not a Dead Base
2015-12-30 19:37:05 :   5> [G]:   8140 [E]:  99020 [D]:   34 [T]:50 [TH]: 8, In
2015-12-30 19:37:14 :   6> [G]: 530516 [E]: 531024 [D]: 3958 [T]:52 [TH]:11, In
2015-12-30 19:37:14 :       Not a Weak Base for Live Base, Not a Dead Base
2015-12-30 19:37:22 :   7> [G]:  85844 [E]:  65549 [D]: 1580 [T]:53 [TH]: 9, In
2015-12-30 19:37:22 :       Not a Dead Base
2015-12-30 19:37:32 :   8> [G]: 433968 [E]: 163006 [D]: 3313 [T]:51 [TH]:10, In
2015-12-30 19:37:32 :       Not a Weak Base for Live Base, Not a Dead Base
2015-12-30 19:37:39 :   9> [G]:  54203 [E]: 116677 [D]:  488 [T]:52 [TH]: 9, Out
2015-12-30 19:37:39 :       TH Outside Found! 
2015-12-30 19:37:39 :       Resource requirement met for TH snipe 
2015-12-30 19:37:40 : ================ Search Complete =================
2015-12-30 19:37:40 : Initiating attack for: TH Snipe
2015-12-30 19:37:42 : -*-Barbarians 123
2015-12-30 19:37:42 : -*-Archers 111
2015-12-30 19:37:42 : -*-Clan Castle 
2015-12-30 19:37:42 : -*-Queen 
2015-12-30 19:37:42 : -*-Heal Spells 3
2015-12-30 19:37:42 : -*-Rage Spells 1
2015-12-30 19:37:42 : -*-Jump Spells 1
2015-12-30 19:37:42 : -*-Poison Spells 1
2015-12-30 19:37:42 :  ====== Start Attack ====== 
2015-12-30 19:37:44 : Sniping TH with Barch            	 
2015-12-30 19:37:45 : Attacking TH with 1st wave of BARCH   
2015-12-30 19:37:45 : Dropping Only wave of 4 Barbarians
2015-12-30 19:37:45 : Custom Corner deployment THi = 1 ,x = 145 ,y = 330
2015-12-30 19:37:46 : Deployment of 4 Barbarians was Successful!
2015-12-30 19:37:48 :                                       
2015-12-30 19:37:48 : Dropping Only wave of 4 Archers
2015-12-30 19:37:49 : Custom Corner deployment THi = 1 ,x = 145 ,y = 330
2015-12-30 19:37:49 : Deployment of 4 Archers was Successful!
2015-12-30 19:37:51 :                                       
2015-12-30 19:37:53 : Checking if the Gold&Elixir are changing...
2015-12-30 19:37:55 :                                       
2015-12-30 19:37:56 : Checking if the Gold&Elixir are changing...
2015-12-30 19:37:58 :                                       
2015-12-30 19:37:59 : Checking if the Gold&Elixir are changing...
2015-12-30 19:38:02 :                                       
2015-12-30 19:38:02 : Oh Shit! Seems like a trapped TH!     
2015-12-30 19:38:03 : Checking if the Gold&Elixir are changing...
2015-12-30 19:38:05 :                                       
2015-12-30 19:38:05 : Quit wasting troops					 
2015-12-30 19:38:06 : Checking if the Gold&Elixir are changing...
2015-12-30 19:38:08 :                                       
2015-12-30 19:38:09 : ~Finished Attacking, waiting to finish
2015-12-30 19:38:19 : Checking if the Gold&Elixir are changing...
2015-12-30 19:38:21 : 										 
2015-12-30 19:38:21 : Wait few sec before close attack
2015-12-30 19:38:34 : Returning Home
2015-12-30 19:38:38 : Loot: [G]: 3 068 [E]: 16 302 [DE]: 78 [T]: 17
2015-12-30 19:38:38 : Bonus Percentage: 3%
2015-12-30 19:38:39 : Bonus [G]: 78 out of 2 600 [E]: 78 out of 2 600
2015-12-30 19:38:39 : Your league level is: Silver III
2015-12-30 19:38:39 : Stars earned: 1
2015-12-30 19:38:47 : Trying to locate Main Screen
2015-12-30 19:38:47 : Main Screen Located
2015-12-30 19:38:49 : Village Report
2015-12-30 19:38:49 : No. of Free/Total Builders: 0/5
2015-12-30 19:38:49 :  [T]: 781
2015-12-30 19:38:49 :  [G]: 1 910 105 [E]: 1 332 612 [D]: 120 723 [GEM]: 4 497
2015-12-30 19:38:50 : Collecting Resources
2015-12-30 19:39:01 : Chat Request: hound loon haste
2015-12-30 19:39:01 : Castle Capacity : 35/35
2015-12-30 19:39:01 : King Blacklist Keyword found: hound
2015-12-30 19:39:01 : Barbarians Blacklist Keyword found: hound
2015-12-30 19:39:02 : Archers Blacklist Keyword found: hound
2015-12-30 19:39:04 : Training Troops & Spells
2015-12-30 19:39:05 : Checking Army Camp...
2015-12-30 19:39:06 : Total Army Camp capacity: 240/240 (100%)
2015-12-30 19:39:07 :  - No. of Barbarians: 127
2015-12-30 19:39:07 :  - No. of Archers: 113
2015-12-30 19:39:07 :  - Archer Queen available
2015-12-30 19:39:08 : Your Army Camps are now Full
2015-12-30 19:39:08 : Calculating Troops before Training new Army.
2015-12-30 19:39:24 : Going to Attack...
2015-12-30 19:39:29 : ============== Searching For Dead Base ===============
2015-12-30 19:39:29 : ~~~~~~~~~~~~~~~ SEARCH CONDITIONS ~~~~~~~~~~~~~~~~
2015-12-30 19:39:29 : Meet: Gold + Elixir, Dark
2015-12-30 19:39:29 : Meet One and Attack!
2015-12-30 19:39:29 : ~~~~~~~~~~~~~~ RESOURCE CONDITIONS ~~~~~~~~~~~~~~~
2015-12-30 19:39:29 : Aim: [G+E]: 300000 [D]: 1000 [T]: 0 for: Dead Base
2015-12-30 19:39:29 : ============== Searching For Live Base ===============
2015-12-30 19:39:29 : ~~~~~~~~~~~~~~~ SEARCH CONDITIONS ~~~~~~~~~~~~~~~~
2015-12-30 19:39:29 : Meet: Gold + Elixir, Dark, Weak Base(Mortar: 7, WizTower: 7)
2015-12-30 19:39:29 : ~~~~~~~~~~~~~~ RESOURCE CONDITIONS ~~~~~~~~~~~~~~~
2015-12-30 19:39:29 : Aim: [G+E]: 200000 [D]: 1000 [T]: 0 for: Live Base
2015-12-30 19:39:29 : ~~~~~~~~~~~~~~~ ADVANCED SETTINGS ~~~~~~~~~~~~~~~~
2015-12-30 19:39:29 : THSnipe Combo, 3 Tile(s),  Attack TH Outside custom1
2015-12-30 19:39:29 : Aim: [G]: 100000 [E]: 100000 [D]: 1000
2015-12-30 19:39:29 : ==================================================
2015-12-30 19:39:37 :   1> [G]:  16654 [E]: 284296 [D]: 1798 [T]:34 [TH]: 9, In
2015-12-30 19:39:37 :       Not a Weak Base for Live Base, Not a Dead Base
2015-12-30 19:39:46 :   2> [G]:  46379 [E]: 111879 [D]:  288 [T]:45 [TH]: 9, In
2015-12-30 19:39:53 :   3> [G]:  33203 [E]: 101192 [D]:  640 [T]:44 [TH]: 9, In
2015-12-30 19:40:02 :   4> [G]: 130210 [E]: 118321 [D]: 2058 [T]:46 [TH]:10, Out
2015-12-30 19:40:02 :       TH Outside Found! 
2015-12-30 19:40:02 :       Resource requirement met for TH snipe 
2015-12-30 19:40:03 : ================ Search Complete =================
2015-12-30 19:40:03 : Initiating attack for: TH Snipe
2015-12-30 19:40:05 : -*-Barbarians 127
2015-12-30 19:40:05 : -*-Archers 113
2015-12-30 19:40:05 : -*-Clan Castle 
2015-12-30 19:40:05 : -*-Queen 
2015-12-30 19:40:05 : -*-Heal Spells 3
2015-12-30 19:40:05 : -*-Rage Spells 1
2015-12-30 19:40:05 : -*-Jump Spells 1
2015-12-30 19:40:05 : -*-Poison Spells 1
2015-12-30 19:40:05 :  ====== Start Attack ====== 
2015-12-30 19:40:07 : Sniping TH with Barch            	 
2015-12-30 19:40:07 : Attacking TH with 1st wave of BARCH   
2015-12-30 19:40:07 : Dropping Only wave of 4 Barbarians
2015-12-30 19:40:08 : Custom Corner deployment THi = 16 ,x = 425 ,y = 141
2015-12-30 19:40:09 : Deployment of 4 Barbarians was Successful!
2015-12-30 19:40:10 :                                       
2015-12-30 19:40:10 : Dropping Only wave of 4 Archers
2015-12-30 19:40:11 : Custom Corner deployment THi = 16 ,x = 425 ,y = 141
2015-12-30 19:40:11 : Deployment of 4 Archers was Successful!
2015-12-30 19:40:13 :                                       
2015-12-30 19:40:15 : Checking if the Gold&Elixir are changing...
2015-12-30 19:40:17 :                                       
2015-12-30 19:40:18 : Checking if the Gold&Elixir are changing...
2015-12-30 19:40:20 :                                       
2015-12-30 19:40:21 : Checking if the Gold&Elixir are changing...
2015-12-30 19:40:23 :                                       
2015-12-30 19:40:24 : Oh Shit! Seems like a trapped TH!     
2015-12-30 19:40:25 : Checking if the Gold&Elixir are changing...
2015-12-30 19:40:27 :                                       
2015-12-30 19:40:27 : Quit wasting troops					 
2015-12-30 19:40:28 : Checking if the Gold&Elixir are changing...
2015-12-30 19:40:30 :                                       
2015-12-30 19:40:30 : ~Finished Attacking, waiting to finish
2015-12-30 19:40:41 : Checking if the Gold&Elixir are changing...
2015-12-30 19:40:44 : 										 
2015-12-30 19:40:44 : Wait few sec before close attack
2015-12-30 19:41:10 : Returning Home
2015-12-30 19:41:14 : Loot: [G]: 16 087 [E]: 14 022 [DE]: 123 [T]: 15
2015-12-30 19:41:14 : Bonus Percentage: 3%
2015-12-30 19:41:14 : Bonus [G]: 78 out of 2 600 [E]: 78 out of 2 600
2015-12-30 19:41:14 : Your league level is: Silver III
2015-12-30 19:41:14 : Stars earned: 1
2015-12-30 19:41:23 : Trying to locate Main Screen
2015-12-30 19:41:23 : Main Screen Located
2015-12-30 19:41:24 : Village Report
2015-12-30 19:41:24 : No. of Free/Total Builders: 0/5
2015-12-30 19:41:24 :  [T]: 796
2015-12-30 19:41:24 :  [G]: 1 931 332 [E]: 1 349 356 [D]: 120 888 [GEM]: 4 497
2015-12-30 19:41:26 : Collecting Resources
2015-12-30 19:41:37 : Chat Request: hound loon haste
2015-12-30 19:41:37 : Castle Capacity : 35/35
2015-12-30 19:41:37 : King Blacklist Keyword found: hound
2015-12-30 19:41:37 : Barbarians Blacklist Keyword found: hound
2015-12-30 19:41:37 : Archers Blacklist Keyword found: hound
2015-12-30 19:41:39 : Training Troops & Spells
2015-12-30 19:41:40 : Checking Army Camp...
2015-12-30 19:41:41 : Total Army Camp capacity: 240/240 (100%)
2015-12-30 19:41:42 :  - No. of Barbarians: 127
2015-12-30 19:41:42 :  - No. of Archers: 113
2015-12-30 19:41:42 :  - Archer Queen available
2015-12-30 19:41:43 : Your Army Camps are now Full
2015-12-30 19:41:43 : Calculating Troops before Training new Army.
2015-12-30 19:41:58 : Going to Attack...
2015-12-30 19:42:04 : ============== Searching For Dead Base ===============
2015-12-30 19:42:04 : ~~~~~~~~~~~~~~~ SEARCH CONDITIONS ~~~~~~~~~~~~~~~~
2015-12-30 19:42:04 : Meet: Gold + Elixir, Dark
2015-12-30 19:42:04 : Meet One and Attack!
2015-12-30 19:42:04 : ~~~~~~~~~~~~~~ RESOURCE CONDITIONS ~~~~~~~~~~~~~~~
2015-12-30 19:42:04 : Aim: [G+E]: 300000 [D]: 1000 [T]: 0 for: Dead Base
2015-12-30 19:42:04 : ============== Searching For Live Base ===============
2015-12-30 19:42:04 : ~~~~~~~~~~~~~~~ SEARCH CONDITIONS ~~~~~~~~~~~~~~~~
2015-12-30 19:42:04 : Meet: Gold + Elixir, Dark, Weak Base(Mortar: 7, WizTower: 7)
2015-12-30 19:42:04 : ~~~~~~~~~~~~~~ RESOURCE CONDITIONS ~~~~~~~~~~~~~~~
2015-12-30 19:42:04 : Aim: [G+E]: 200000 [D]: 1000 [T]: 0 for: Live Base
2015-12-30 19:42:04 : ~~~~~~~~~~~~~~~ ADVANCED SETTINGS ~~~~~~~~~~~~~~~~
2015-12-30 19:42:04 : THSnipe Combo, 3 Tile(s),  Attack TH Outside custom1
2015-12-30 19:42:04 : Aim: [G]: 100000 [E]: 100000 [D]: 1000
2015-12-30 19:42:04 : ==================================================
2015-12-30 19:42:11 :   1> [G]: 188637 [E]: 401741 [D]:  719 [T]:27 [TH]:10, In
2015-12-30 19:42:11 :       Not a Dead Base
2015-12-30 19:42:19 :   2> [G]: 178101 [E]:  45900 [D]:   28 [T]:31 [TH]: 9, In
2015-12-30 19:42:26 :   3> [G]:  41596 [E]:  62173 [D]:  292 [T]:45 [TH]:11, In
2015-12-30 19:42:34 :   4> [G]:  86740 [E]: 100374 [D]: 3052 [T]:31 [TH]:10, In
2015-12-30 19:42:34 :       Not a Dead Base
2015-12-30 19:42:41 :   5> [G]: 126879 [E]:  56470 [D]:  205 [T]:50 [TH]: 9, Out
2015-12-30 19:42:41 :       TH Outside Found! 
2015-12-30 19:42:41 :       Resource requirement met for TH snipe 
2015-12-30 19:42:43 : ================ Search Complete =================
2015-12-30 19:42:43 : Initiating attack for: TH Snipe
2015-12-30 19:42:45 : -*-Barbarians 127
2015-12-30 19:42:45 : -*-Archers 113
2015-12-30 19:42:45 : -*-Clan Castle 
2015-12-30 19:42:45 : -*-Queen 
2015-12-30 19:42:45 : -*-Heal Spells 3
2015-12-30 19:42:45 : -*-Rage Spells 1
2015-12-30 19:42:45 : -*-Jump Spells 1
2015-12-30 19:42:45 : -*-Poison Spells 1
2015-12-30 19:42:45 :  ====== Start Attack ====== 
2015-12-30 19:42:47 : Sniping TH with Barch            	 
2015-12-30 19:42:47 : Attacking TH with 1st wave of BARCH   
2015-12-30 19:42:47 : Dropping Only wave of 4 Barbarians
2015-12-30 19:42:48 : Custom Corner deployment THi = 1 ,x = 137 ,y = 336
2015-12-30 19:42:48 : Deployment of 4 Barbarians was Successful!
2015-12-30 19:42:50 :                                       
2015-12-30 19:42:50 : Dropping Only wave of 4 Archers
2015-12-30 19:42:51 : Custom Corner deployment THi = 1 ,x = 137 ,y = 336
2015-12-30 19:42:51 : Deployment of 4 Archers was Successful!
2015-12-30 19:42:53 :                                       
2015-12-30 19:42:54 : Checking if the Gold&Elixir are changing...
2015-12-30 19:42:56 :                                       
2015-12-30 19:42:58 : Checking if the Gold&Elixir are changing...
2015-12-30 19:43:00 :                                       
2015-12-30 19:43:01 : Checking if the Gold&Elixir are changing...
2015-12-30 19:43:03 :                                       
2015-12-30 19:43:03 : Oh Shit! Seems like a trapped TH!     
2015-12-30 19:43:04 : Checking if the Gold&Elixir are changing...
2015-12-30 19:43:07 :                                       
2015-12-30 19:43:07 : Quit wasting troops					 
2015-12-30 19:43:08 : Checking if the Gold&Elixir are changing...
2015-12-30 19:43:10 :                                       
2015-12-30 19:43:10 : ~Finished Attacking, waiting to finish
2015-12-30 19:43:16 : Townhall has been destroyed!
2015-12-30 19:43:17 : Wait few sec before close attack
2015-12-30 19:43:25 : Returning Home
2015-12-30 19:43:29 : Loot: [G]: 23 519 [E]: 9 611 [DE]: 28 [T]: 16
2015-12-30 19:43:29 : Bonus Percentage: 4%
2015-12-30 19:43:29 : Bonus [G]: 104 out of 2 600 [E]: 104 out of 2 600
2015-12-30 19:43:30 : Your league level is: Silver III
2015-12-30 19:43:30 : Stars earned: 1
2015-12-30 19:43:38 : Trying to locate Main Screen
2015-12-30 19:43:38 : Main Screen Located
2015-12-30 19:43:39 : Village Report
2015-12-30 19:43:39 : No. of Free/Total Builders: 0/5
2015-12-30 19:43:39 :  [T]: 812
2015-12-30 19:43:40 :  [G]: 1 950 455 [E]: 1 356 071 [D]: 120 922 [GEM]: 4 497
2015-12-30 19:43:41 : Collecting Resources
2015-12-30 19:43:52 : Chat Request: hound loon haste
2015-12-30 19:43:52 : Castle Capacity : 35/35
2015-12-30 19:43:52 : King Blacklist Keyword found: hound
2015-12-30 19:43:52 : Barbarians Blacklist Keyword found: hound
2015-12-30 19:43:52 : Archers Blacklist Keyword found: hound
2015-12-30 19:43:54 : Training Troops & Spells
2015-12-30 19:43:55 : Checking Army Camp...
2015-12-30 19:43:56 : Total Army Camp capacity: 240/240 (100%)
2015-12-30 19:43:57 :  - No. of Barbarians: 127
2015-12-30 19:43:57 :  - No. of Archers: 113
2015-12-30 19:43:57 :  - Archer Queen available
2015-12-30 19:43:58 : Your Army Camps are now Full
2015-12-30 19:43:58 : Calculating Troops before Training new Army.
2015-12-30 19:44:14 : Going to Attack...
2015-12-30 19:44:20 : ============== Searching For Dead Base ===============
2015-12-30 19:44:20 : ~~~~~~~~~~~~~~~ SEARCH CONDITIONS ~~~~~~~~~~~~~~~~
2015-12-30 19:44:20 : Meet: Gold + Elixir, Dark
2015-12-30 19:44:20 : Meet One and Attack!
2015-12-30 19:44:20 : ~~~~~~~~~~~~~~ RESOURCE CONDITIONS ~~~~~~~~~~~~~~~
2015-12-30 19:44:20 : Aim: [G+E]: 300000 [D]: 1000 [T]: 0 for: Dead Base
2015-12-30 19:44:20 : ============== Searching For Live Base ===============
2015-12-30 19:44:20 : ~~~~~~~~~~~~~~~ SEARCH CONDITIONS ~~~~~~~~~~~~~~~~
2015-12-30 19:44:20 : Meet: Gold + Elixir, Dark, Weak Base(Mortar: 7, WizTower: 7)
2015-12-30 19:44:20 : ~~~~~~~~~~~~~~ RESOURCE CONDITIONS ~~~~~~~~~~~~~~~
2015-12-30 19:44:20 : Aim: [G+E]: 200000 [D]: 1000 [T]: 0 for: Live Base
2015-12-30 19:44:20 : ~~~~~~~~~~~~~~~ ADVANCED SETTINGS ~~~~~~~~~~~~~~~~
2015-12-30 19:44:20 : THSnipe Combo, 3 Tile(s),  Attack TH Outside custom1
2015-12-30 19:44:20 : Aim: [G]: 100000 [E]: 100000 [D]: 1000
2015-12-30 19:44:20 : ==================================================
2015-12-30 19:44:27 :   1> [G]:  55320 [E]:  22137 [D]: 1255 [T]:38 [TH]: 9, In
2015-12-30 19:44:27 :       Not a Dead Base
2015-12-30 19:44:37 :   2> [G]: 284332 [E]: 283135 [D]: 1971 [T]:24 [TH]: 9, In
2015-12-30 19:44:37 :       Not a Weak Base for Live Base, Not a Dead Base
2015-12-30 19:44:44 : Trying to locate Main Screen
2015-12-30 19:44:45 : Out of Sync Error, Reloading CoC...
2015-12-30 19:44:50 : Waiting for Main Screen
2015-12-30 19:44:50 : Main Screen Located
2015-12-30 19:44:50 : Disconnected At Search Clouds
2015-12-30 19:44:52 : Trying to locate Main Screen
2015-12-30 19:44:52 : Main Screen Located
2015-12-30 19:44:52 : Restarted after Out of Sync Error: Attack Now
2015-12-30 19:44:53 : Trying to locate Main Screen
2015-12-30 19:44:53 : Main Screen Located
2015-12-30 19:44:53 : Going to Attack...
2015-12-30 19:44:59 : ============== Searching For Dead Base ===============
2015-12-30 19:44:59 : ~~~~~~~~~~~~~~~ SEARCH CONDITIONS ~~~~~~~~~~~~~~~~
2015-12-30 19:44:59 : Meet: Gold + Elixir, Dark
2015-12-30 19:44:59 : Meet One and Attack!
2015-12-30 19:44:59 : ~~~~~~~~~~~~~~ RESOURCE CONDITIONS ~~~~~~~~~~~~~~~
2015-12-30 19:44:59 : Aim: [G+E]: 300000 [D]: 1000 [T]: 0 for: Dead Base
2015-12-30 19:44:59 : ============== Searching For Live Base ===============
2015-12-30 19:44:59 : ~~~~~~~~~~~~~~~ SEARCH CONDITIONS ~~~~~~~~~~~~~~~~
2015-12-30 19:44:59 : Meet: Gold + Elixir, Dark, Weak Base(Mortar: 7, WizTower: 7)
2015-12-30 19:44:59 : ~~~~~~~~~~~~~~ RESOURCE CONDITIONS ~~~~~~~~~~~~~~~
2015-12-30 19:44:59 : Aim: [G+E]: 200000 [D]: 1000 [T]: 0 for: Live Base
2015-12-30 19:44:59 : ~~~~~~~~~~~~~~~ ADVANCED SETTINGS ~~~~~~~~~~~~~~~~
2015-12-30 19:44:59 : THSnipe Combo, 3 Tile(s),  Attack TH Outside custom1
2015-12-30 19:44:59 : Aim: [G]: 100000 [E]: 100000 [D]: 1000
2015-12-30 19:44:59 : ==================================================
2015-12-30 19:45:05 :   3> [G]:   7098 [E]: 122456 [D]:  653 [T]:40 [TH]: 8, In
2015-12-30 19:45:13 :   4> [G]: 129482 [E]:   1762 [D]: 3044 [T]:39 [TH]:10, In
2015-12-30 19:45:13 :       Not a Dead Base
2015-12-30 19:45:21 :   5> [G]: 129482 [E]:   1762 [D]: 3044 [T]:39 [TH]:10, In
2015-12-30 19:45:21 :       Not a Dead Base
2015-12-30 19:45:21 : Attacking disabled, Take-A-Break detected. Exiting CoC
2015-12-30 19:45:21 : Returning Home
2015-12-30 19:45:32 : Waiting 20 seconds before starting CoC
2015-12-30 19:45:54 : Trying to locate Main Screen
2015-12-30 19:45:55 : Village must take a break, wait ...
2015-12-30 19:47:55 : Waiting for Main Screen
2015-12-30 19:47:57 : Village must take a break, wait ...
