2015-12-29 18:36:47 :  My Bot v5.0.2 860x780 (BlueStacks) Powered by MyBot.run ~
2015-12-29 18:36:47 : MyBot.mod.au3 Script running on WIN_81  X64
2015-12-29 18:36:47 : =================== Bot Start ====================
2015-12-29 18:36:47 : -------------------------  Current Profile: 01 --------------------------
2015-12-29 18:36:47 : Trying to locate Main Screen
2015-12-29 18:36:47 : Main Screen Located
2015-12-29 18:36:48 : Detecting your Buildings..
2015-12-29 18:36:49 : Finding your Clan Level, wait..
2015-12-29 18:36:52 : Found Clan Level: 8
2015-12-29 18:36:53 : Detecting your Village Theme
2015-12-29 18:36:54 : Normal Theme detected
2015-12-29 18:36:55 : Language setting is English: Correct.
2015-12-29 18:36:56 : Trying to locate Main Screen
2015-12-29 18:36:56 : Main Screen Located
2015-12-29 18:36:57 : Village Report
2015-12-29 18:36:57 : No. of Free/Total Builders: 0/5
2015-12-29 18:36:57 :  [T]: 964
2015-12-29 18:36:58 :  [G]: 7 301 139 [E]: 7 830 479 [D]: 75 647 [GEM]: 4 713
2015-12-29 18:36:59 : Collecting Resources
2015-12-29 18:37:13 : Training Troops & Spells
2015-12-29 18:37:14 : Checking Army Camp...
2015-12-29 18:37:15 : Total Army Camp capacity: 111/240 (46%)
2015-12-29 18:37:17 :  - No. of Barbarians: 62
2015-12-29 18:37:17 :  - No. of Archers: 49
2015-12-29 18:37:17 : Barracks and Spell factory status: 
2015-12-29 18:37:17 : - Barracks detected: 4 | Available: 4 | Upgrading: 0
2015-12-29 18:37:17 : - Dark Barracks detected: 2 | Available: 2 | Upgrading: 0
2015-12-29 18:37:17 : - Spell factory detected: 1 | Available: 1 | Upgrading: 0
2015-12-29 18:37:17 : - Dark Spell factory detected: 1 | Available: 1 | Upgrading: 0
2015-12-29 18:37:52 : ====== Waiting for full army ======
2015-12-29 18:38:32 : Training Troops & Spells
2015-12-29 18:38:33 : Checking Army Camp...
2015-12-29 18:38:34 : Total Army Camp capacity: 125/240 (52%)
2015-12-29 18:38:35 :  - No. of Barbarians: 70
2015-12-29 18:38:35 :  - No. of Archers: 55
2015-12-29 18:38:58 : Requesting Clan Castle Troops
2015-12-29 18:39:00 : Your Clan Castle is already full or you are not in a clan.
2015-12-29 18:39:00 : Time Idle: 00:01:06
2015-12-29 18:39:00 : ***[Trying TH snipe while training army]***
2015-12-29 18:39:00 : Going to Attack...
2015-12-29 18:39:06 : ============== Searching For Dead Base ===============
2015-12-29 18:39:06 : ~~~~~~~~~~~~~~~ SEARCH CONDITIONS ~~~~~~~~~~~~~~~~
2015-12-29 18:39:06 : Meet: Gold + Elixir, Dark, Trophy
2015-12-29 18:39:06 : ~~~~~~~~~~~~~~ RESOURCE CONDITIONS ~~~~~~~~~~~~~~~
2015-12-29 18:39:06 : Aim: [G+E]: 300000 [D]: 1000 [T]:99 for: Dead Base
2015-12-29 18:39:06 : ============== Searching For Live Base ===============
2015-12-29 18:39:06 : ~~~~~~~~~~~~~~~ SEARCH CONDITIONS ~~~~~~~~~~~~~~~~
2015-12-29 18:39:06 : Meet: Gold + Elixir, Dark, Trophy, Weak Base(Mortar: 7, WizTower: 7)
2015-12-29 18:39:06 : ~~~~~~~~~~~~~~ RESOURCE CONDITIONS ~~~~~~~~~~~~~~~
2015-12-29 18:39:06 : Aim: [G+E]: 200000 [D]: 1000 [T]:99 for: Live Base
2015-12-29 18:39:06 : ~~~~~~~~~~~~~~~ ADVANCED SETTINGS ~~~~~~~~~~~~~~~~
2015-12-29 18:39:06 : THSnipe Combo, 3 Tile(s),  Attack TH Outside custom1
2015-12-29 18:39:06 : Aim: [G]: 100000 [E]: 100000 [D]: 1000
2015-12-29 18:39:06 : ==================================================
2015-12-29 18:39:12 :   1> [G]:  71396 [E]: 114277 [D]:  542 [T]:31 [TH]: 9, Out
2015-12-29 18:39:12 :       TH Outside Found! 
2015-12-29 18:39:12 :       Resource requirement met for TH snipe 
2015-12-29 18:39:14 : ================ Search Complete =================
2015-12-29 18:39:14 : Initiating attack for: TH Snipe
2015-12-29 18:39:16 : -*-Barbarians 72
2015-12-29 18:39:16 : -*-Archers 57
2015-12-29 18:39:16 : -*-Clan Castle 
2015-12-29 18:39:16 : -*-Heal Spells 3
2015-12-29 18:39:16 : -*-Rage Spells 1
2015-12-29 18:39:16 : -*-Jump Spells 1
2015-12-29 18:39:16 : -*-Poison Spells 1
2015-12-29 18:39:16 :  ====== Start Attack ====== 
2015-12-29 18:39:18 : Sniping TH with Barch            	 
2015-12-29 18:39:18 : Attacking TH with 1st wave of BARCH   
2015-12-29 18:39:18 : Dropping Only wave of 4 Barbarians
2015-12-29 18:39:19 : Custom Corner deployment THi = 1 ,x = 140 ,y = 347
