2015-12-31 14:35:20 : Starting BlueStacks and Clash Of Clans
2015-12-31 14:35:21 : Please wait while BS/CoC starts....
2015-12-31 14:35:33 : BlueStacks Loaded, took 11.53 seconds to begin.
2015-12-31 14:35:33 : Waiting for Main Screen after BS restart
2015-12-31 14:35:46 : CoC main window took 13.45 seconds
2015-12-31 14:35:46 :  My Bot v5.0.2 860x780 (BlueStacks) Powered by MyBot.run ~
2015-12-31 14:35:46 : MyBot.mod.au3 Script running on WIN_81  X64
2015-12-31 14:35:46 : =================== Bot Start ====================
2015-12-31 14:35:46 : -------------------------  Current Profile: 01 --------------------------
2015-12-31 14:35:46 : Trying to locate Main Screen
2015-12-31 14:35:46 : Main Screen Located
2015-12-31 14:35:47 : Detecting your Buildings..
2015-12-31 14:35:49 : Finding your Clan Level, wait..
2015-12-31 14:35:55 : Found Clan Level: 8
2015-12-31 14:35:56 : Detecting your Village Theme
2015-12-31 14:35:56 : Normal Theme detected
2015-12-31 14:35:57 : Language setting is English: Correct.
2015-12-31 14:35:59 : Trying to locate Main Screen
2015-12-31 14:35:59 : Main Screen Located
2015-12-31 14:36:00 : Village Report
2015-12-31 14:36:00 : No. of Free/Total Builders: 0/5
2015-12-31 14:36:00 :  [T]: 1 160
2015-12-31 14:36:00 :  [G]: 3 693 504 [E]: 3 746 199 [D]: 137 371 [GEM]: 4 497
2015-12-31 14:36:02 : Collecting Resources
2015-12-31 14:36:14 : Chat Request: giants poison
2015-12-31 14:36:14 : Castle Capacity : 0/30
2015-12-31 14:36:17 : Training Troops & Spells
2015-12-31 14:36:17 : Checking Army Camp...
2015-12-31 14:36:19 : Total Army Camp capacity: 240/240 (100%)
2015-12-31 14:36:21 :  - No. of Barbarians: 132
2015-12-31 14:36:21 :  - No. of Archers: 108
2015-12-31 14:36:21 :  - Archer Queen available
2015-12-31 14:36:21 : Barracks and Spell factory status: 
2015-12-31 14:36:21 : - Barracks detected: 4 | Available: 4 | Upgrading: 0
2015-12-31 14:36:21 : - Dark Barracks detected: 2 | Available: 2 | Upgrading: 0
2015-12-31 14:36:21 : - Spell factory detected: 1 | Available: 1 | Upgrading: 0
2015-12-31 14:36:21 : - Dark Spell factory detected: 1 | Available: 1 | Upgrading: 0
2015-12-31 14:36:22 : Your Army Camps are now Full
2015-12-31 14:36:22 : Calculating Troops before Training new Army.
2015-12-31 14:36:32 : Cannot find train Window.
2015-12-31 14:36:40 : Going to Attack...
2015-12-31 14:36:46 : ============== Searching For Dead Base ===============
2015-12-31 14:36:46 : ~~~~~~~~~~~~~~~ SEARCH CONDITIONS ~~~~~~~~~~~~~~~~
2015-12-31 14:36:46 : Meet: Gold + Elixir, Dark
2015-12-31 14:36:46 : Meet One and Attack!
2015-12-31 14:36:46 : ~~~~~~~~~~~~~~ RESOURCE CONDITIONS ~~~~~~~~~~~~~~~
2015-12-31 14:36:46 : Aim: [G+E]: 300000 [D]: 1000 [T]: 0 for: Dead Base
2015-12-31 14:36:46 : ~~~~~~~~~~~~~~~ ADVANCED SETTINGS ~~~~~~~~~~~~~~~~
2015-12-31 14:36:46 : THSnipe Combo, 3 Tile(s),  Attack TH Outside custom1
2015-12-31 14:36:46 : Aim: [G]: 100000 [E]: 100000 [D]: 1000
2015-12-31 14:36:46 : ==================================================
2015-12-31 14:36:52 :   1> [G]:  98681 [E]:  42551 [D]:  627 [T]:24 [TH]: 9, Out
2015-12-31 14:36:52 :       TH Outside Found! 
2015-12-31 14:36:52 :       Resource requirement not met for TH snipe 
2015-12-31 14:36:52 :   1> [G]:  98681 [E]:  42551 [D]:  627 [T]:24 [TH]: 9, Out
2015-12-31 14:37:01 :   2> [G]:  69436 [E]:  48480 [D]: 3075 [T]:33 [TH]:10, In
2015-12-31 14:37:01 :       Not a Dead Base
2015-12-31 14:37:09 :   3> [G]:  43134 [E]:   6325 [D]: 1452 [T]:32 [TH]: 9, In
2015-12-31 14:37:09 :       Not a Dead Base
2015-12-31 14:37:18 :   4> [G]: 333225 [E]: 121476 [D]: 1157 [T]:30 [TH]:11, In
2015-12-31 14:37:18 :       Not a Dead Base
2015-12-31 14:37:26 :   5> [G]:  31626 [E]: 400383 [D]: 1122 [T]:30 [TH]:11, In
2015-12-31 14:37:26 :       Not a Dead Base
2015-12-31 14:37:34 :   6> [G]:  71439 [E]: 287974 [D]: 2104 [T]:35 [TH]: 9, In
2015-12-31 14:37:34 :       Not a Dead Base
2015-12-31 14:37:43 :   7> [G]:  51498 [E]:  29158 [D]: 1948 [T]:38 [TH]:10, In
2015-12-31 14:37:43 :       Not a Dead Base
2015-12-31 14:37:51 :   8> [G]: 336029 [E]: 218991 [D]: 3135 [T]:31 [TH]:10, In
2015-12-31 14:37:51 :       Not a Dead Base
2015-12-31 14:37:58 :   9> [G]:  40538 [E]: 183206 [D]:  818 [T]:24 [TH]: 9, In
2015-12-31 14:38:08 :  10> [G]: 401846 [E]:  57183 [D]: 1760 [T]:40 [TH]:10, In
2015-12-31 14:38:08 :       Not a Dead Base
2015-12-31 14:38:16 :  11> [G]: 148562 [E]: 178020 [D]:  934 [T]:34 [TH]: 9, In
2015-12-31 14:38:16 :       Not a Dead Base
2015-12-31 14:38:25 :  12> [G]: 310405 [E]: 195038 [D]:  915 [T]:40 [TH]:11, In
2015-12-31 14:38:25 :       Not a Dead Base
2015-12-31 14:38:34 :  13> [G]: 410888 [E]: 410177 [D]: 2184 [T]:25 [TH]:10, In
2015-12-31 14:38:34 :       Not a Dead Base
2015-12-31 14:38:42 :  14> [G]:  98055 [E]:  72848 [D]: 1557 [T]:41 [TH]: 9, In
2015-12-31 14:38:42 :       Not a Dead Base
2015-12-31 14:38:50 :  15> [G]:  86355 [E]: 403276 [D]: 3070 [T]:31 [TH]:10, In
2015-12-31 14:38:50 :       Not a Dead Base
2015-12-31 14:38:57 :  16> [G]:  25534 [E]: 135913 [D]:  249 [T]:23 [TH]:10, In
2015-12-31 14:39:05 :  17> [G]:  79960 [E]:  71180 [D]:  644 [T]:25 [TH]: 9, In
2015-12-31 14:39:12 :  18> [G]:   3200 [E]:   1800 [D]:    0 [T]:25 [TH]: 9, Out
2015-12-31 14:39:12 :       TH Outside Found! 
2015-12-31 14:39:12 :       Resource requirement not met for TH snipe 
2015-12-31 14:39:12 :  18> [G]:   3200 [E]:   1800 [D]:    0 [T]:25 [TH]: 9, Out
2015-12-31 14:39:21 :  19> [G]: 143377 [E]: 131252 [D]: 3033 [T]:23 [TH]:10, In
2015-12-31 14:39:21 :       Not a Dead Base
2015-12-31 14:39:29 :  20> [G]:  69097 [E]: 343251 [D]: 2739 [T]:38 [TH]:10, In
2015-12-31 14:39:29 :       Not a Dead Base
2015-12-31 14:39:37 :  21> [G]:  41666 [E]:  49029 [D]:  522 [T]:39 [TH]: 9, In
2015-12-31 14:39:45 :  22> [G]: 185960 [E]: 176432 [D]: 1269 [T]:41 [TH]: 9, In
2015-12-31 14:39:45 :       Not a Dead Base
2015-12-31 14:39:52 :  23> [G]:  22493 [E]:  31498 [D]:  521 [T]:36 [TH]: 9, Out
2015-12-31 14:39:52 :       TH Outside Found! 
2015-12-31 14:39:52 :       Resource requirement not met for TH snipe 
2015-12-31 14:39:52 :  23> [G]:  22493 [E]:  31498 [D]:  521 [T]:36 [TH]: 9, Out
2015-12-31 14:40:00 :  24> [G]:  76308 [E]:   5698 [D]:  598 [T]:36 [TH]: 9, In
2015-12-31 14:40:07 :  25> [G]:  33266 [E]:  29338 [D]:  461 [T]:33 [TH]: 9, In
2015-12-31 14:40:14 : Trying to locate Main Screen
2015-12-31 14:40:15 : Out of Sync Error, Reloading CoC...
2015-12-31 14:40:20 : Waiting for Main Screen
2015-12-31 14:40:20 : Main Screen Located
2015-12-31 14:40:20 : Disconnected At Search Clouds
2015-12-31 14:40:22 : Trying to locate Main Screen
2015-12-31 14:40:22 : Main Screen Located
2015-12-31 14:40:22 : Restarted after Out of Sync Error: Attack Now
2015-12-31 14:40:23 : Trying to locate Main Screen
2015-12-31 14:40:23 : Main Screen Located
2015-12-31 14:40:23 : Trophy Count : 1160
2015-12-31 14:40:23 : Dropping Trophies to 750
2015-12-31 14:40:25 : Going to Attack...
2015-12-31 14:40:32 : Identification of your troops:
2015-12-31 14:40:32 : Initiating attack for: Drop Trophy
2015-12-31 14:40:34 : -*-Barbarians 132
2015-12-31 14:40:34 : -*-Archers 108
2015-12-31 14:40:34 : -*-Clan Castle 
2015-12-31 14:40:34 : -*-Queen 
2015-12-31 14:40:34 : -*-Heal Spells 3
2015-12-31 14:40:34 : -*-Rage Spells 1
2015-12-31 14:40:34 : -*-Jump Spells 1
2015-12-31 14:40:34 : -*-Poison Spells 1
2015-12-31 14:40:34 : Deploying Queen
2015-12-31 14:40:36 :  Trophy loss = 19
2015-12-31 14:40:36 : Returning Home
2015-12-31 14:40:43 : Trophy Count : 1141
2015-12-31 14:40:43 : Dropping Trophies to 750
2015-12-31 14:40:45 : Going to Attack...
2015-12-31 14:40:51 : Identification of your troops:
2015-12-31 14:40:51 : Initiating attack for: Drop Trophy
2015-12-31 14:40:53 : -*-Barbarians 132
2015-12-31 14:40:53 : -*-Archers 108
2015-12-31 14:40:53 : -*-Clan Castle 
2015-12-31 14:40:53 : -*-Queen 
2015-12-31 14:40:53 : -*-Heal Spells 3
2015-12-31 14:40:53 : -*-Rage Spells 1
2015-12-31 14:40:53 : -*-Jump Spells 1
2015-12-31 14:40:53 : -*-Poison Spells 1
2015-12-31 14:40:53 : Deploying Queen
2015-12-31 14:40:56 :  Trophy loss = 17
2015-12-31 14:40:56 : Returning Home
2015-12-31 14:41:03 : Trophy Count : 1124
2015-12-31 14:41:03 : Dropping Trophies to 750
2015-12-31 14:41:05 : Going to Attack...
2015-12-31 14:41:12 : Identification of your troops:
2015-12-31 14:41:12 : Initiating attack for: Drop Trophy
2015-12-31 14:41:14 : -*-Barbarians 132
2015-12-31 14:41:14 : -*-Archers 108
2015-12-31 14:41:14 : -*-Clan Castle 
2015-12-31 14:41:14 : -*-Queen 
2015-12-31 14:41:14 : -*-Heal Spells 3
2015-12-31 14:41:14 : -*-Rage Spells 1
2015-12-31 14:41:14 : -*-Jump Spells 1
2015-12-31 14:41:14 : -*-Poison Spells 1
2015-12-31 14:41:14 : Deploying Queen
2015-12-31 14:41:16 :  Trophy loss = 21
2015-12-31 14:41:16 : Returning Home
2015-12-31 14:41:24 : Trophy Count : 1103
2015-12-31 14:41:24 : Dropping Trophies to 750
2015-12-31 14:41:26 : Going to Attack...
2015-12-31 14:41:32 : Identification of your troops:
2015-12-31 14:41:32 : Initiating attack for: Drop Trophy
2015-12-31 14:41:34 : -*-Barbarians 132
2015-12-31 14:41:34 : -*-Archers 108
2015-12-31 14:41:34 : -*-Clan Castle 
2015-12-31 14:41:34 : -*-Heal Spells 3
2015-12-31 14:41:34 : -*-Rage Spells 1
2015-12-31 14:41:34 : -*-Jump Spells 1
2015-12-31 14:41:34 : -*-Poison Spells 1
2015-12-31 14:41:34 : Deploying 1 Barbarian
2015-12-31 14:41:34 :  Trophy loss = 19
2015-12-31 14:41:35 : Returning Home
2015-12-31 14:41:42 : Trophy Count : 1084
2015-12-31 14:41:42 : Dropping Trophies to 750
2015-12-31 14:41:44 : Going to Attack...
2015-12-31 14:41:51 : Identification of your troops:
2015-12-31 14:41:51 : Initiating attack for: Drop Trophy
2015-12-31 14:41:52 : -*-Barbarians 132
2015-12-31 14:41:52 : -*-Archers 108
2015-12-31 14:41:52 : -*-Clan Castle 
2015-12-31 14:41:52 : -*-Heal Spells 3
2015-12-31 14:41:52 : -*-Rage Spells 1
2015-12-31 14:41:52 : -*-Jump Spells 1
2015-12-31 14:41:52 : -*-Poison Spells 1
2015-12-31 14:41:52 : Deploying 1 Barbarian
2015-12-31 14:41:53 :  Trophy loss = 15
2015-12-31 14:41:54 : Returning Home
2015-12-31 14:42:01 : Trophy Count : 1069
2015-12-31 14:42:01 : Dropping Trophies to 750
2015-12-31 14:42:03 : Going to Attack...
2015-12-31 14:42:10 : Identification of your troops:
2015-12-31 14:42:10 : Initiating attack for: Drop Trophy
2015-12-31 14:42:12 : -*-Barbarians 132
2015-12-31 14:42:12 : -*-Archers 108
2015-12-31 14:42:12 : -*-Clan Castle 
2015-12-31 14:42:12 : -*-Heal Spells 3
2015-12-31 14:42:12 : -*-Rage Spells 1
2015-12-31 14:42:12 : -*-Jump Spells 1
2015-12-31 14:42:12 : -*-Poison Spells 1
2015-12-31 14:42:12 : Deploying 1 Barbarian
2015-12-31 14:42:12 :  Trophy loss = 18
2015-12-31 14:42:13 : Returning Home
2015-12-31 14:42:20 : Trophy Count : 1051
2015-12-31 14:42:20 : Dropping Trophies to 750
2015-12-31 14:42:22 : Going to Attack...
2015-12-31 14:42:29 : Identification of your troops:
2015-12-31 14:42:29 : Initiating attack for: Drop Trophy
2015-12-31 14:42:31 : -*-Barbarians 132
2015-12-31 14:42:31 : -*-Archers 108
2015-12-31 14:42:31 : -*-Clan Castle 
2015-12-31 14:42:31 : -*-Heal Spells 3
2015-12-31 14:42:31 : -*-Rage Spells 1
2015-12-31 14:42:31 : -*-Jump Spells 1
2015-12-31 14:42:31 : -*-Poison Spells 1
2015-12-31 14:42:31 : Deploying 1 Barbarian
2015-12-31 14:42:31 :  Trophy loss = 22
2015-12-31 14:42:32 : Returning Home
2015-12-31 14:42:39 : Trophy Count : 1029
2015-12-31 14:42:39 : Dropping Trophies to 750
2015-12-31 14:42:41 : Going to Attack...
2015-12-31 14:42:47 : Identification of your troops:
2015-12-31 14:42:47 : Initiating attack for: Drop Trophy
2015-12-31 14:42:49 : -*-Barbarians 132
2015-12-31 14:42:49 : -*-Archers 108
2015-12-31 14:42:49 : -*-Clan Castle 
2015-12-31 14:42:49 : -*-Heal Spells 3
2015-12-31 14:42:49 : -*-Rage Spells 1
2015-12-31 14:42:49 : -*-Jump Spells 1
2015-12-31 14:42:49 : -*-Poison Spells 1
2015-12-31 14:42:49 : Deploying 1 Barbarian
2015-12-31 14:42:49 :  Trophy loss = 17
2015-12-31 14:42:50 : Returning Home
2015-12-31 14:42:57 : Trophy Count : 1012
2015-12-31 14:42:57 : Dropping Trophies to 750
2015-12-31 14:43:00 : Going to Attack...
2015-12-31 14:43:08 : Identification of your troops:
2015-12-31 14:43:08 : Initiating attack for: Drop Trophy
2015-12-31 14:43:10 : -*-Barbarians 132
2015-12-31 14:43:10 : -*-Archers 108
2015-12-31 14:43:10 : -*-Clan Castle 
2015-12-31 14:43:10 : -*-Heal Spells 3
2015-12-31 14:43:10 : -*-Rage Spells 1
2015-12-31 14:43:10 : -*-Jump Spells 1
2015-12-31 14:43:10 : -*-Poison Spells 1
2015-12-31 14:43:10 : Deploying 1 Barbarian
2015-12-31 14:43:10 :  Trophy loss = 15
2015-12-31 14:43:11 : Returning Home
2015-12-31 14:43:19 : Trophy Count : 997
2015-12-31 14:43:19 : Dropping Trophies to 750
2015-12-31 14:43:21 : Going to Attack...
2015-12-31 14:43:27 : Identification of your troops:
2015-12-31 14:43:27 : Initiating attack for: Drop Trophy
2015-12-31 14:43:29 : -*-Barbarians 132
2015-12-31 14:43:29 : -*-Archers 108
2015-12-31 14:43:29 : -*-Clan Castle 
2015-12-31 14:43:29 : -*-Heal Spells 3
2015-12-31 14:43:29 : -*-Rage Spells 1
2015-12-31 14:43:29 : -*-Jump Spells 1
2015-12-31 14:43:29 : -*-Poison Spells 1
2015-12-31 14:43:29 : Deploying 1 Barbarian
2015-12-31 14:43:29 :  Trophy loss = 17
2015-12-31 14:43:30 : Returning Home
2015-12-31 14:43:37 : Trophy Count : 980
2015-12-31 14:43:37 : Dropping Trophies to 750
2015-12-31 14:43:39 : Going to Attack...
2015-12-31 14:43:48 : Identification of your troops:
2015-12-31 14:43:48 : Initiating attack for: Drop Trophy
2015-12-31 14:43:50 : -*-Queen 
2015-12-31 14:43:50 : -*-Heal Spells 3
2015-12-31 14:43:50 : -*-Rage Spells 1
2015-12-31 14:43:50 : -*-Jump Spells 1
2015-12-31 14:43:50 : -*-Poison Spells 1
2015-12-31 14:43:50 : Deploying Queen
2015-12-31 14:43:52 :  Trophy loss = 14
2015-12-31 14:43:52 : Returning Home
2015-12-31 14:43:59 : Trophy Count : 966
2015-12-31 14:43:59 : Dropping Trophies to 750
2015-12-31 14:44:01 : Going to Attack...
2015-12-31 14:44:10 : Identification of your troops:
2015-12-31 14:44:10 : Initiating attack for: Drop Trophy
2015-12-31 14:44:12 : -*-Barbarians 132
2015-12-31 14:44:12 : -*-Archers 108
2015-12-31 14:44:12 : -*-Clan Castle 
2015-12-31 14:44:12 : -*-Queen 
2015-12-31 14:44:12 : -*-Heal Spells 3
2015-12-31 14:44:12 : -*-Rage Spells 1
2015-12-31 14:44:12 : -*-Jump Spells 1
2015-12-31 14:44:12 : -*-Poison Spells 1
2015-12-31 14:44:12 : Deploying Queen
2015-12-31 14:44:14 :  Trophy loss = 17
2015-12-31 14:44:14 : Returning Home
2015-12-31 14:44:21 : Trophy Count : 949
2015-12-31 14:44:21 : Dropping Trophies to 750
2015-12-31 14:44:23 : Going to Attack...
2015-12-31 14:44:35 : Identification of your troops:
2015-12-31 14:44:35 : Initiating attack for: Drop Trophy
2015-12-31 14:44:37 : -*-Queen 
2015-12-31 14:44:37 : -*-Rage Spells 1
2015-12-31 14:44:37 : -*-Jump Spells 1
2015-12-31 14:44:37 : -*-Poison Spells 1
2015-12-31 14:44:37 : Deploying Queen
2015-12-31 14:44:39 :  Trophy loss = 9
2015-12-31 14:44:39 : Returning Home
2015-12-31 14:44:46 : Trophy Count : 940
2015-12-31 14:44:46 : Dropping Trophies to 750
2015-12-31 14:44:48 : Going to Attack...
2015-12-31 14:44:58 : Identification of your troops:
2015-12-31 14:44:58 : Initiating attack for: Drop Trophy
2015-12-31 14:45:00 : -*-Barbarians 132
2015-12-31 14:45:00 : -*-Archers 108
2015-12-31 14:45:00 : -*-Clan Castle 
2015-12-31 14:45:00 : -*-Queen 
2015-12-31 14:45:00 : -*-Heal Spells 3
2015-12-31 14:45:00 : -*-Rage Spells 1
2015-12-31 14:45:00 : -*-Jump Spells 1
2015-12-31 14:45:00 : -*-Poison Spells 1
2015-12-31 14:45:00 : Deploying Queen
2015-12-31 14:45:02 :  Trophy loss = 13
2015-12-31 14:45:02 : Returning Home
2015-12-31 14:45:09 : Trophy Count : 927
2015-12-31 14:45:09 : Dropping Trophies to 750
2015-12-31 14:45:11 : Going to Attack...
2015-12-31 14:45:24 : Identification of your troops:
2015-12-31 14:45:24 : Initiating attack for: Drop Trophy
2015-12-31 14:45:25 : -*-Barbarians 132
2015-12-31 14:45:25 : -*-Archers 108
2015-12-31 14:45:25 : -*-Clan Castle 
2015-12-31 14:45:25 : -*-Queen 
2015-12-31 14:45:25 : -*-Heal Spells 3
2015-12-31 14:45:25 : -*-Rage Spells 1
2015-12-31 14:45:26 : -*-Jump Spells 1
2015-12-31 14:45:26 : -*-Poison Spells 1
2015-12-31 14:45:26 : Deploying Queen
2015-12-31 14:45:28 :  Trophy loss = 8
2015-12-31 14:45:28 : Returning Home
2015-12-31 14:45:35 : Trophy Count : 919
2015-12-31 14:45:35 : Dropping Trophies to 750
2015-12-31 14:45:37 : Going to Attack...
2015-12-31 14:45:43 : Identification of your troops:
2015-12-31 14:45:43 : Initiating attack for: Drop Trophy
2015-12-31 14:45:45 : -*-Barbarians 132
2015-12-31 14:45:45 : -*-Archers 108
2015-12-31 14:45:45 : -*-Clan Castle 
2015-12-31 14:45:45 : -*-Queen 
2015-12-31 14:45:45 : -*-Heal Spells 3
2015-12-31 14:45:45 : -*-Rage Spells 1
2015-12-31 14:45:45 : -*-Jump Spells 1
2015-12-31 14:45:45 : -*-Poison Spells 1
2015-12-31 14:45:45 : Deploying Queen
2015-12-31 14:45:47 :  Trophy loss = 18
2015-12-31 14:45:47 : Returning Home
2015-12-31 14:45:54 : Trophy Count : 901
2015-12-31 14:45:54 : Dropping Trophies to 750
2015-12-31 14:45:57 : Going to Attack...
2015-12-31 14:46:05 : Identification of your troops:
2015-12-31 14:46:05 : Initiating attack for: Drop Trophy
2015-12-31 14:46:07 : -*-Barbarians 132
2015-12-31 14:46:07 : -*-Archers 108
2015-12-31 14:46:07 : -*-Clan Castle 
2015-12-31 14:46:07 : -*-Queen 
2015-12-31 14:46:07 : -*-Heal Spells 3
2015-12-31 14:46:07 : -*-Rage Spells 1
2015-12-31 14:46:07 : -*-Jump Spells 1
2015-12-31 14:46:07 : -*-Poison Spells 1
2015-12-31 14:46:07 : Deploying Queen
2015-12-31 14:46:10 :  Trophy loss = 16
2015-12-31 14:46:10 : Returning Home
2015-12-31 14:46:17 : Trophy Count : 885
2015-12-31 14:46:17 : Dropping Trophies to 750
2015-12-31 14:46:19 : Going to Attack...
2015-12-31 14:46:27 : Identification of your troops:
2015-12-31 14:46:27 : Initiating attack for: Drop Trophy
2015-12-31 14:46:29 : -*-Barbarians 132
2015-12-31 14:46:29 : -*-Archers 108
2015-12-31 14:46:29 : -*-Clan Castle 
2015-12-31 14:46:29 : -*-Heal Spells 3
2015-12-31 14:46:29 : -*-Rage Spells 1
2015-12-31 14:46:29 : -*-Jump Spells 1
2015-12-31 14:46:29 : -*-Poison Spells 1
2015-12-31 14:46:29 : Deploying 1 Barbarian
2015-12-31 14:46:29 :  Trophy loss = 11
2015-12-31 14:46:30 : Returning Home
2015-12-31 14:46:38 : Trophy Count : 874
2015-12-31 14:46:38 : Dropping Trophies to 750
2015-12-31 14:46:40 : Going to Attack...
2015-12-31 14:46:48 : Identification of your troops:
2015-12-31 14:46:48 : Initiating attack for: Drop Trophy
2015-12-31 14:46:50 : -*-Barbarians 132
2015-12-31 14:46:50 : -*-Archers 108
2015-12-31 14:46:50 : -*-Clan Castle 
2015-12-31 14:46:50 : -*-Heal Spells 3
2015-12-31 14:46:50 : -*-Rage Spells 1
2015-12-31 14:46:50 : -*-Jump Spells 1
2015-12-31 14:46:50 : -*-Poison Spells 1
2015-12-31 14:46:50 : Deploying 1 Barbarian
2015-12-31 14:46:50 :  Trophy loss = 11
2015-12-31 14:46:51 : Returning Home
2015-12-31 14:46:58 : Trophy Count : 863
2015-12-31 14:46:58 : Dropping Trophies to 750
2015-12-31 14:47:00 : Going to Attack...
2015-12-31 14:47:10 : Identification of your troops:
2015-12-31 14:47:10 : Initiating attack for: Drop Trophy
2015-12-31 14:47:12 : -*-Barbarians 132
2015-12-31 14:47:12 : -*-Archers 108
2015-12-31 14:47:12 : -*-Clan Castle 
2015-12-31 14:47:12 : -*-Heal Spells 3
2015-12-31 14:47:12 : -*-Rage Spells 1
2015-12-31 14:47:12 : -*-Jump Spells 1
2015-12-31 14:47:12 : -*-Poison Spells 1
2015-12-31 14:47:12 : Deploying 1 Barbarian
2015-12-31 14:47:12 :  Trophy loss = 14
2015-12-31 14:47:13 : Returning Home
2015-12-31 14:47:20 : Trophy Count : 849
2015-12-31 14:47:20 : Dropping Trophies to 750
2015-12-31 14:47:22 : Going to Attack...
2015-12-31 14:47:33 : Identification of your troops:
2015-12-31 14:47:33 : Initiating attack for: Drop Trophy
2015-12-31 14:47:35 : -*-Barbarians 132
2015-12-31 14:47:35 : -*-Archers 108
2015-12-31 14:47:35 : -*-Clan Castle 
2015-12-31 14:47:35 : -*-Heal Spells 3
2015-12-31 14:47:35 : -*-Rage Spells 1
2015-12-31 14:47:35 : -*-Jump Spells 1
2015-12-31 14:47:35 : -*-Poison Spells 1
2015-12-31 14:47:35 : Deploying 1 Barbarian
2015-12-31 14:47:35 :  Trophy loss = 9
2015-12-31 14:47:36 : Returning Home
2015-12-31 14:47:43 : Trophy Count : 840
2015-12-31 14:47:43 : Dropping Trophies to 750
2015-12-31 14:47:45 : Going to Attack...
2015-12-31 14:47:57 : Identification of your troops:
2015-12-31 14:47:57 : Initiating attack for: Drop Trophy
2015-12-31 14:47:59 : -*-Barbarians 132
2015-12-31 14:47:59 : -*-Archers 108
2015-12-31 14:47:59 : -*-Clan Castle 
2015-12-31 14:47:59 : -*-Heal Spells 3
2015-12-31 14:47:59 : -*-Rage Spells 1
2015-12-31 14:47:59 : -*-Jump Spells 1
2015-12-31 14:47:59 : -*-Poison Spells 1
2015-12-31 14:47:59 : Deploying 1 Barbarian
2015-12-31 14:47:59 :  Trophy loss = 11
2015-12-31 14:48:00 : Returning Home
2015-12-31 14:48:07 : Trophy Count : 829
2015-12-31 14:48:07 : Dropping Trophies to 750
2015-12-31 14:48:09 : Going to Attack...
2015-12-31 14:48:22 : Identification of your troops:
2015-12-31 14:48:22 : Initiating attack for: Drop Trophy
2015-12-31 14:48:24 : -*-Heal Spells 3
2015-12-31 14:48:24 : -*-Jump Spells 1
2015-12-31 14:48:24 : -*-Poison Spells 1
2015-12-31 14:48:24 : You don´t have Tier 1/2 Troops, exit of dropping Trophies
2015-12-31 14:48:25 : Returning Home
2015-12-31 14:48:33 : Trophy Count : 829
2015-12-31 14:48:33 : Dropping Trophies to 750
2015-12-31 14:48:35 : Going to Attack...
2015-12-31 14:48:48 : Identification of your troops:
2015-12-31 14:48:48 : Initiating attack for: Drop Trophy
2015-12-31 14:48:50 : -*-Barbarians 132
2015-12-31 14:48:50 : -*-Archers 108
2015-12-31 14:48:50 : -*-Clan Castle 
2015-12-31 14:48:50 : -*-Queen 
2015-12-31 14:48:50 : -*-Heal Spells 3
2015-12-31 14:48:50 : -*-Rage Spells 1
2015-12-31 14:48:50 : -*-Jump Spells 1
2015-12-31 14:48:50 : -*-Poison Spells 1
2015-12-31 14:48:50 : Deploying Queen
2015-12-31 14:48:52 :  Trophy loss = 8
2015-12-31 14:48:52 : Returning Home
2015-12-31 14:48:59 : Trophy Count : 821
2015-12-31 14:48:59 : Dropping Trophies to 750
2015-12-31 14:49:01 : Going to Attack...
2015-12-31 14:49:11 : Identification of your troops:
2015-12-31 14:49:11 : Initiating attack for: Drop Trophy
2015-12-31 14:49:13 : -*-Barbarians 132
2015-12-31 14:49:13 : -*-Archers 108
2015-12-31 14:49:13 : -*-Clan Castle 
2015-12-31 14:49:13 : -*-Queen 
2015-12-31 14:49:13 : -*-Heal Spells 3
2015-12-31 14:49:13 : -*-Rage Spells 1
2015-12-31 14:49:13 : -*-Jump Spells 1
2015-12-31 14:49:13 : -*-Poison Spells 1
2015-12-31 14:49:13 : Deploying Queen
2015-12-31 14:49:15 :  Trophy loss = 11
2015-12-31 14:49:15 : Returning Home
2015-12-31 14:49:22 : Trophy Count : 810
2015-12-31 14:49:22 : Dropping Trophies to 750
2015-12-31 14:49:24 : Going to Attack...
2015-12-31 14:49:38 : Identification of your troops:
2015-12-31 14:49:38 : Initiating attack for: Drop Trophy
2015-12-31 14:49:40 : -*-Barbarians 132
2015-12-31 14:49:40 : -*-Archers 108
2015-12-31 14:49:40 : -*-Clan Castle 
2015-12-31 14:49:40 : -*-Queen 
2015-12-31 14:49:40 : -*-Heal Spells 3
2015-12-31 14:49:40 : -*-Rage Spells 1
2015-12-31 14:49:40 : -*-Jump Spells 1
2015-12-31 14:49:40 : -*-Poison Spells 1
2015-12-31 14:49:40 : Deploying Queen
2015-12-31 14:49:42 :  Trophy loss = 8
2015-12-31 14:49:42 : Returning Home
2015-12-31 14:49:49 : Trophy Count : 802
2015-12-31 14:49:49 : Dropping Trophies to 750
2015-12-31 14:49:51 : Going to Attack...
2015-12-31 14:49:58 : Identification of your troops:
2015-12-31 14:49:58 : Initiating attack for: Drop Trophy
2015-12-31 14:50:00 : -*-Barbarians 132
2015-12-31 14:50:00 : -*-Archers 108
2015-12-31 14:50:00 : -*-Clan Castle 
2015-12-31 14:50:00 : -*-Heal Spells 3
2015-12-31 14:50:00 : -*-Rage Spells 1
2015-12-31 14:50:00 : -*-Jump Spells 1
2015-12-31 14:50:00 : -*-Poison Spells 1
2015-12-31 14:50:00 : Deploying 1 Barbarian
2015-12-31 14:50:00 :  Trophy loss = 12
2015-12-31 14:50:01 : Returning Home
2015-12-31 14:50:08 : Trophy Count : 790
2015-12-31 14:50:08 : Dropping Trophies to 750
2015-12-31 14:50:10 : Going to Attack...
2015-12-31 14:50:18 : Identification of your troops:
2015-12-31 14:50:18 : Initiating attack for: Drop Trophy
2015-12-31 14:50:20 : -*-Barbarians 132
2015-12-31 14:50:20 : -*-Archers 108
2015-12-31 14:50:20 : -*-Clan Castle 
2015-12-31 14:50:20 : -*-Heal Spells 3
2015-12-31 14:50:20 : -*-Rage Spells 1
2015-12-31 14:50:20 : -*-Jump Spells 1
2015-12-31 14:50:20 : -*-Poison Spells 1
2015-12-31 14:50:20 : Deploying 1 Barbarian
2015-12-31 14:50:20 :  Trophy loss = 11
2015-12-31 14:50:21 : Returning Home
2015-12-31 14:50:28 : Trophy Count : 779
2015-12-31 14:50:28 : Dropping Trophies to 750
2015-12-31 14:50:30 : Going to Attack...
2015-12-31 14:50:41 : Identification of your troops:
2015-12-31 14:50:41 : Initiating attack for: Drop Trophy
2015-12-31 14:50:44 : -*-Barbarians 132
2015-12-31 14:50:44 : -*-Archers 108
2015-12-31 14:50:44 : -*-Clan Castle 
2015-12-31 14:50:44 : -*-Heal Spells 3
2015-12-31 14:50:44 : -*-Rage Spells 1
2015-12-31 14:50:44 : -*-Jump Spells 1
2015-12-31 14:50:44 : -*-Poison Spells 1
2015-12-31 14:50:44 : Deploying 1 Barbarian
2015-12-31 14:50:44 :  Trophy loss = 7
2015-12-31 14:50:45 : Returning Home
2015-12-31 14:50:52 : Trophy Count : 772
2015-12-31 14:50:52 : Dropping Trophies to 750
2015-12-31 14:50:54 : Going to Attack...
2015-12-31 14:51:08 : Identification of your troops:
2015-12-31 14:51:08 : Initiating attack for: Drop Trophy
2015-12-31 14:51:10 : -*-Barbarians 132
2015-12-31 14:51:10 : -*-Archers 108
2015-12-31 14:51:10 : -*-Clan Castle 
2015-12-31 14:51:10 : -*-Heal Spells 3
2015-12-31 14:51:10 : -*-Rage Spells 1
2015-12-31 14:51:10 : -*-Jump Spells 1
2015-12-31 14:51:10 : -*-Poison Spells 1
2015-12-31 14:51:10 : Deploying 1 Barbarian
2015-12-31 14:51:10 :  Trophy loss = 9
2015-12-31 14:51:11 : Returning Home
2015-12-31 14:51:18 : Trophy Count : 763
2015-12-31 14:51:18 : Dropping Trophies to 750
2015-12-31 14:51:20 : Going to Attack...
2015-12-31 14:51:36 : Identification of your troops:
2015-12-31 14:51:36 : Initiating attack for: Drop Trophy
2015-12-31 14:51:38 : -*-Clan Castle 
2015-12-31 14:51:38 : -*-Heal Spells 3
2015-12-31 14:51:38 : -*-Rage Spells 1
2015-12-31 14:51:38 : -*-Jump Spells 1
2015-12-31 14:51:38 : -*-Poison Spells 1
2015-12-31 14:51:38 : You don´t have Tier 1/2 Troops, exit of dropping Trophies
2015-12-31 14:51:39 : Returning Home
2015-12-31 14:51:48 : Trophy Count : 763
2015-12-31 14:51:48 : Dropping Trophies to 750
2015-12-31 14:51:50 : Going to Attack...
2015-12-31 14:52:01 : Identification of your troops:
2015-12-31 14:52:01 : Initiating attack for: Drop Trophy
2015-12-31 14:52:03 : -*-Barbarians 132
2015-12-31 14:52:03 : -*-Archers 108
2015-12-31 14:52:03 : -*-Clan Castle 
2015-12-31 14:52:03 : -*-Queen 
2015-12-31 14:52:03 : -*-Heal Spells 3
2015-12-31 14:52:03 : -*-Rage Spells 1
2015-12-31 14:52:03 : -*-Jump Spells 1
2015-12-31 14:52:03 : -*-Poison Spells 1
2015-12-31 14:52:03 : Deploying Queen
2015-12-31 14:52:05 :  Trophy loss = 9
2015-12-31 14:52:05 : Returning Home
2015-12-31 14:52:12 : Trophy Count : 754
2015-12-31 14:52:12 : Dropping Trophies to 750
2015-12-31 14:52:14 : Going to Attack...
2015-12-31 14:52:30 : Identification of your troops:
2015-12-31 14:52:30 : Initiating attack for: Drop Trophy
2015-12-31 14:52:32 : -*-Barbarians 132
2015-12-31 14:52:32 : -*-Archers 108
2015-12-31 14:52:32 : -*-Clan Castle 
2015-12-31 14:52:32 : -*-Queen 
2015-12-31 14:52:32 : -*-Heal Spells 3
2015-12-31 14:52:32 : -*-Rage Spells 1
2015-12-31 14:52:32 : -*-Jump Spells 1
2015-12-31 14:52:32 : -*-Poison Spells 1
2015-12-31 14:52:32 : Deploying Queen
2015-12-31 14:52:34 :  Trophy loss = 6
2015-12-31 14:52:34 : Returning Home
2015-12-31 14:52:42 : Trophy Count : 748
2015-12-31 14:52:42 : Trophy Drop Complete
2015-12-31 14:52:43 : Trying to locate Main Screen
2015-12-31 14:52:43 : Main Screen Located
2015-12-31 14:52:43 : Restarted after Out of Sync Error: Attack Now
2015-12-31 14:52:44 : Trying to locate Main Screen
2015-12-31 14:52:44 : Main Screen Located
2015-12-31 14:52:44 : Going to Attack...
2015-12-31 14:52:50 : ============== Searching For Dead Base ===============
2015-12-31 14:52:50 : ~~~~~~~~~~~~~~~ SEARCH CONDITIONS ~~~~~~~~~~~~~~~~
2015-12-31 14:52:50 : Meet: Gold + Elixir, Dark
2015-12-31 14:52:50 : Meet One and Attack!
2015-12-31 14:52:50 : ~~~~~~~~~~~~~~ RESOURCE CONDITIONS ~~~~~~~~~~~~~~~
2015-12-31 14:52:50 : Aim: [G+E]: 300000 [D]: 1000 [T]: 0 for: Dead Base
2015-12-31 14:52:50 : ~~~~~~~~~~~~~~~ ADVANCED SETTINGS ~~~~~~~~~~~~~~~~
2015-12-31 14:52:50 : THSnipe Combo, 3 Tile(s),  Attack TH Outside custom1
2015-12-31 14:52:50 : Aim: [G]: 100000 [E]: 100000 [D]: 1000
2015-12-31 14:52:50 : ==================================================
2015-12-31 14:53:04 :  26> [G]: 111434 [E]:  90002 [D]: 2018 [T]:50 [TH]: 9, In
2015-12-31 14:53:04 :       Not a Dead Base
2015-12-31 14:53:12 :  27> [G]: 213126 [E]: 269659 [D]: 3019 [T]:38 [TH]:10, In
2015-12-31 14:53:12 :       Not a Dead Base
2015-12-31 14:53:20 :  28> [G]:  15746 [E]: 404834 [D]: 3044 [T]:40 [TH]:10, In
2015-12-31 14:53:20 :       Not a Dead Base
2015-12-31 14:53:30 :  29> [G]: 251562 [E]: 210667 [D]: 3098 [T]:41 [TH]:10, In
2015-12-31 14:53:30 :       Not a Dead Base
2015-12-31 14:53:40 :  30> [G]:  31879 [E]:  32883 [D]:  251 [T]:54 [TH]: 8, Out
2015-12-31 14:53:40 :       TH Outside Found! 
2015-12-31 14:53:40 :       Resource requirement not met for TH snipe 
2015-12-31 14:53:40 :  30> [G]:  31879 [E]:  32883 [D]:  251 [T]:54 [TH]: 8, Out
2015-12-31 14:53:48 :  31> [G]: 157699 [E]:  83850 [D]:  566 [T]:55 [TH]: 9, In
2015-12-31 14:53:57 :  32> [G]: 397105 [E]: 402014 [D]:  501 [T]:23 [TH]:10, In
2015-12-31 14:53:57 :       Not a Dead Base
2015-12-31 14:54:06 :  33> [G]:  42950 [E]:  38126 [D]:  426 [T]:52 [TH]: 9, Out
2015-12-31 14:54:06 :       TH Outside Found! 
2015-12-31 14:54:06 :       Resource requirement not met for TH snipe 
2015-12-31 14:54:06 :  33> [G]:  42950 [E]:  38126 [D]:  426 [T]:52 [TH]: 9, Out
2015-12-31 14:54:14 :  34> [G]:  32941 [E]:  70799 [D]: 1373 [T]:55 [TH]: 9, In
2015-12-31 14:54:14 :       Not a Dead Base
2015-12-31 14:54:22 :  35> [G]: 174487 [E]: 168234 [D]: 2187 [T]:47 [TH]: 9, In
2015-12-31 14:54:22 :       Not a Dead Base
2015-12-31 14:54:30 :  36> [G]:  20541 [E]:  28489 [D]:  494 [T]:47 [TH]: 9, Out
2015-12-31 14:54:30 :       TH Outside Found! 
2015-12-31 14:54:30 :       Resource requirement not met for TH snipe 
2015-12-31 14:54:30 :  36> [G]:  20541 [E]:  28489 [D]:  494 [T]:47 [TH]: 9, Out
2015-12-31 14:54:39 :  37> [G]: 403145 [E]: 402971 [D]: 1394 [T]:53 [TH]:10, In
2015-12-31 14:54:39 :       Not a Dead Base
2015-12-31 14:54:47 :  38> [G]:  40029 [E]:  57361 [D]:  593 [T]:55 [TH]:10, In
2015-12-31 14:54:56 :  39> [G]:  27496 [E]: 376632 [D]: 2842 [T]:55 [TH]:10, In
2015-12-31 14:54:56 :       Not a Dead Base
2015-12-31 14:55:05 :  40> [G]: 266278 [E]: 407882 [D]: 3117 [T]:51 [TH]:10, In
2015-12-31 14:55:05 :       Not a Dead Base
2015-12-31 14:55:13 :  41> [G]:  29131 [E]:  26461 [D]:  353 [T]:55 [TH]: 9, Out
2015-12-31 14:55:13 :       TH Outside Found! 
2015-12-31 14:55:13 :       Resource requirement not met for TH snipe 
2015-12-31 14:55:13 :  41> [G]:  29131 [E]:  26461 [D]:  353 [T]:55 [TH]: 9, Out
2015-12-31 14:55:20 :  42> [G]:   7933 [E]:  26738 [D]:  254 [T]:56 [TH]: 9, In
2015-12-31 14:55:29 :  43> [G]: 119054 [E]: 231492 [D]: 1514 [T]:55 [TH]:10, In
2015-12-31 14:55:29 :       Not a Dead Base
2015-12-31 14:55:38 :  44> [G]: 298591 [E]: 322331 [D]: 3054 [T]:53 [TH]:10, In
2015-12-31 14:55:38 :       Not a Dead Base
2015-12-31 14:55:46 :  45> [G]: 175652 [E]: 284148 [D]:  750 [T]:56 [TH]: 9, In
2015-12-31 14:55:46 :       Not a Dead Base
2015-12-31 14:55:54 :  46> [G]: 477802 [E]: 477801 [D]:  565 [T]:56 [TH]:11, In
2015-12-31 14:55:54 :       Not a Dead Base
2015-12-31 14:56:03 :  47> [G]: 455499 [E]: 455944 [D]: 3590 [T]:49 [TH]:11, In
2015-12-31 14:56:03 :       Not a Dead Base
2015-12-31 14:56:10 :  48> [G]:  37819 [E]:  64701 [D]:  657 [T]:34 [TH]: 9, In
2015-12-31 14:56:18 :  49> [G]: 120098 [E]:  93459 [D]:  771 [T]:56 [TH]: 9, In
2015-12-31 14:56:25 :  50> [G]:   5656 [E]: 117976 [D]:  670 [T]:56 [TH]: 9, Out
2015-12-31 14:56:25 :       TH Outside Found! 
2015-12-31 14:56:25 :       Resource requirement met for TH snipe 
2015-12-31 14:56:27 : ================ Search Complete =================
2015-12-31 14:56:27 : Initiating attack for: TH Snipe
2015-12-31 14:56:29 : -*-Barbarians 132
2015-12-31 14:56:29 : -*-Archers 108
2015-12-31 14:56:29 : -*-Clan Castle 
2015-12-31 14:56:29 : -*-Queen 
2015-12-31 14:56:29 : -*-Heal Spells 3
2015-12-31 14:56:29 : -*-Rage Spells 1
2015-12-31 14:56:29 : -*-Jump Spells 1
2015-12-31 14:56:29 : -*-Poison Spells 1
2015-12-31 14:56:29 :  ====== Start Attack ====== 
2015-12-31 14:56:31 : Sniping TH with Barch            	 
2015-12-31 14:56:31 : Attacking TH with 1st wave of BARCH   
2015-12-31 14:56:31 : Dropping Only wave of 4 Barbarians
2015-12-31 14:56:32 : Custom Corner deployment THi = 3 ,x = 682 ,y = 330
2015-12-31 14:56:32 : Deployment of 4 Barbarians was Successful!
2015-12-31 14:56:34 :                                       
2015-12-31 14:56:34 : Dropping Only wave of 4 Archers
2015-12-31 14:56:35 : Custom Corner deployment THi = 3 ,x = 682 ,y = 330
2015-12-31 14:56:36 : Deployment of 4 Archers was Successful!
2015-12-31 14:56:38 :                                       
2015-12-31 14:56:39 : Checking if the Gold&Elixir are changing...
2015-12-31 14:56:41 :                                       
2015-12-31 14:56:42 : Checking if the Gold&Elixir are changing...
2015-12-31 14:56:44 :                                       
2015-12-31 14:56:46 : Checking if the Gold&Elixir are changing...
2015-12-31 14:56:48 :                                       
2015-12-31 14:56:48 : Oh Shit! Seems like a trapped TH!     
2015-12-31 14:56:49 : Checking if the Gold&Elixir are changing...
2015-12-31 14:56:51 :                                       
2015-12-31 14:56:51 : Quit wasting troops					 
2015-12-31 14:56:51 : Bot was Paused!
2015-12-31 14:57:34 : Bot was Resumed.
2015-12-31 14:57:35 : Townhall has been destroyed!
2015-12-31 14:57:36 : Wait few sec before close attack
2015-12-31 14:57:45 : Returning Home
2015-12-31 14:57:49 : Loot: [G]: 1 026 [E]: 46 306 [DE]: 132 [T]: 18
2015-12-31 14:57:49 : Bonus Percentage: 12%
2015-12-31 14:57:49 : Bonus [G]: 312 out of 2 600 [E]: 312 out of 2 600
2015-12-31 14:57:50 : Your league level is: Silver III
2015-12-31 14:57:50 : Stars earned: 1
2015-12-31 14:57:58 : Trying to locate Main Screen
2015-12-31 14:57:58 : Main Screen Located
2015-12-31 14:57:59 : Village Report
2015-12-31 14:57:59 : No. of Free/Total Builders: 0/5
2015-12-31 14:57:59 :  [T]: 766
2015-12-31 14:57:59 :  [G]: 3 624 312 [E]: 3 799 386 [D]: 137 515 [GEM]: 4 497
2015-12-31 14:58:01 : Collecting Resources
2015-12-31 14:58:13 : Chat Request: any
2015-12-31 14:58:13 : Castle Capacity : 8/35
2015-12-31 14:58:13 : Custom Donation Keyword found: any
2015-12-31 14:58:13 : Donating 4 Barbarians
2015-12-31 14:58:15 : Donating 4 Archers
2015-12-31 14:58:18 : Training Troops & Spells
2015-12-31 14:58:18 : Checking Army Camp...
2015-12-31 14:58:20 : Total Army Camp capacity: 236/240 (98%)
2015-12-31 14:58:20 :  - No. of Barbarians: 132
2015-12-31 14:58:21 :  - No. of Archers: 104
2015-12-31 14:58:21 :  - Archer Queen available
2015-12-31 14:58:22 : Your Army Camps are now Full
2015-12-31 14:58:22 : Calculating Troops before Training new Army.
2015-12-31 14:58:38 : Going to Attack...
2015-12-31 14:58:44 : ============== Searching For Dead Base ===============
2015-12-31 14:58:44 : ~~~~~~~~~~~~~~~ SEARCH CONDITIONS ~~~~~~~~~~~~~~~~
2015-12-31 14:58:44 : Meet: Gold + Elixir, Dark
2015-12-31 14:58:44 : Meet One and Attack!
2015-12-31 14:58:44 : ~~~~~~~~~~~~~~ RESOURCE CONDITIONS ~~~~~~~~~~~~~~~
2015-12-31 14:58:44 : Aim: [G+E]: 300000 [D]: 1000 [T]: 0 for: Dead Base
2015-12-31 14:58:44 : ~~~~~~~~~~~~~~~ ADVANCED SETTINGS ~~~~~~~~~~~~~~~~
2015-12-31 14:58:44 : THSnipe Combo, 3 Tile(s),  Attack TH Outside custom1
2015-12-31 14:58:44 : Aim: [G]: 100000 [E]: 100000 [D]: 1000
2015-12-31 14:58:44 : ==================================================
2015-12-31 14:58:50 :   1> [G]:  83120 [E]: 140685 [D]:  820 [T]:34 [TH]: 8, In
2015-12-31 14:58:59 :   2> [G]:  73128 [E]: 281595 [D]:  480 [T]:31 [TH]: 9, In
2015-12-31 14:58:59 :       Not a Dead Base
2015-12-31 14:59:12 :   3> [G]:  78794 [E]: 145455 [D]:  227 [T]:39 [TH]: 8, Out
2015-12-31 14:59:12 :       TH Outside Found! 
2015-12-31 14:59:12 :       Resource requirement met for TH snipe 
2015-12-31 14:59:14 : ================ Search Complete =================
2015-12-31 14:59:14 : Initiating attack for: TH Snipe
2015-12-31 14:59:16 : -*-Barbarians 134
2015-12-31 14:59:16 : -*-Archers 104
2015-12-31 14:59:16 : -*-Clan Castle 
2015-12-31 14:59:16 : -*-Queen 
2015-12-31 14:59:16 : -*-Heal Spells 3
2015-12-31 14:59:16 : -*-Rage Spells 1
2015-12-31 14:59:16 : -*-Jump Spells 1
2015-12-31 14:59:16 : -*-Poison Spells 1
2015-12-31 14:59:16 :  ====== Start Attack ====== 
2015-12-31 14:59:18 : Sniping TH with Barch            	 
2015-12-31 14:59:18 : Attacking TH with 1st wave of BARCH   
2015-12-31 14:59:18 : Dropping Only wave of 4 Barbarians
2015-12-31 14:59:19 : Custom Corner deployment THi = 16 ,x = 429 ,y = 543
2015-12-31 14:59:20 : Deployment of 4 Barbarians was Successful!
2015-12-31 14:59:21 :                                       
2015-12-31 14:59:22 : Dropping Only wave of 4 Archers
2015-12-31 14:59:22 : Custom Corner deployment THi = 16 ,x = 429 ,y = 543
2015-12-31 14:59:23 : Deployment of 4 Archers was Successful!
2015-12-31 14:59:25 :                                       
2015-12-31 14:59:26 : Checking if the Gold&Elixir are changing...
2015-12-31 14:59:28 : Gold & Elixir change detected, waiting...
2015-12-31 14:59:31 : Gold & Elixir change detected, waiting...
2015-12-31 14:59:31 :                                       
2015-12-31 14:59:32 : Checking if the Gold&Elixir are changing...
2015-12-31 14:59:34 : Gold & Elixir change detected, waiting...
2015-12-31 14:59:36 : Gold & Elixir change detected, waiting...
2015-12-31 14:59:36 :                                       
2015-12-31 14:59:38 : Checking if the Gold&Elixir are changing...
2015-12-31 14:59:40 : Gold & Elixir change detected, waiting...
2015-12-31 14:59:42 : Gold & Elixir change detected, waiting...
2015-12-31 14:59:42 :                                       
2015-12-31 14:59:42 : Townhall has been destroyed!
2015-12-31 14:59:44 : Wait few sec before close attack
2015-12-31 14:59:50 : Returning Home
2015-12-31 14:59:54 : Loot: [G]: 19 151 [E]: 37 485 [DE]: 40 [T]: 13
2015-12-31 14:59:54 : Bonus Percentage: 3%
2015-12-31 14:59:55 : Bonus [G]: 78 out of 2 600 [E]: 78 out of 2 600
2015-12-31 14:59:55 : Your league level is: Silver III
2015-12-31 14:59:55 : Stars earned: 1
2015-12-31 15:00:04 : Trying to locate Main Screen
2015-12-31 15:00:04 : Main Screen Located
2015-12-31 15:00:05 : Village Report
2015-12-31 15:00:05 : No. of Free/Total Builders: 0/5
2015-12-31 15:00:05 :  [T]: 779
2015-12-31 15:00:05 :  [G]: 3 648 106 [E]: 3 834 263 [D]: 137 617 [GEM]: 4 497
2015-12-31 15:00:07 : Collecting Resources
2015-12-31 15:00:18 : Chat Request: any
2015-12-31 15:00:18 : Castle Capacity : 16/35
2015-12-31 15:00:18 : Custom Donation Keyword found: any
2015-12-31 15:00:25 : Could not Find the Donation Window!!
2015-12-31 15:00:28 : Training Troops & Spells
2015-12-31 15:00:28 : Checking Army Camp...
2015-12-31 15:00:29 : Total Army Camp capacity: 240/240 (100%)
2015-12-31 15:00:30 :  - No. of Barbarians: 140
2015-12-31 15:00:30 :  - No. of Archers: 100
2015-12-31 15:00:30 :  - Archer Queen available
2015-12-31 15:00:31 : Your Army Camps are now Full
2015-12-31 15:00:32 : Calculating Troops before Training new Army.
2015-12-31 15:00:48 : Going to Attack...
2015-12-31 15:00:54 : ============== Searching For Dead Base ===============
2015-12-31 15:00:54 : ~~~~~~~~~~~~~~~ SEARCH CONDITIONS ~~~~~~~~~~~~~~~~
2015-12-31 15:00:54 : Meet: Gold + Elixir, Dark
2015-12-31 15:00:54 : Meet One and Attack!
2015-12-31 15:00:54 : ~~~~~~~~~~~~~~ RESOURCE CONDITIONS ~~~~~~~~~~~~~~~
2015-12-31 15:00:54 : Aim: [G+E]: 300000 [D]: 1000 [T]: 0 for: Dead Base
2015-12-31 15:00:54 : ~~~~~~~~~~~~~~~ ADVANCED SETTINGS ~~~~~~~~~~~~~~~~
2015-12-31 15:00:54 : THSnipe Combo, 3 Tile(s),  Attack TH Outside custom1
2015-12-31 15:00:54 : Aim: [G]: 100000 [E]: 100000 [D]: 1000
2015-12-31 15:00:54 : ==================================================
2015-12-31 15:01:06 :   1> [G]:  66600 [E]: 157207 [D]:  657 [T]:43 [TH]: 8, Out
2015-12-31 15:01:06 :       TH Outside Found! 
2015-12-31 15:01:06 :       Resource requirement met for TH snipe 
2015-12-31 15:01:07 : ================ Search Complete =================
2015-12-31 15:01:07 : Initiating attack for: TH Snipe
2015-12-31 15:01:09 : -*-Barbarians 140
2015-12-31 15:01:09 : -*-Archers 100
2015-12-31 15:01:09 : -*-Clan Castle 
2015-12-31 15:01:09 : -*-Queen 
2015-12-31 15:01:09 : -*-Heal Spells 3
2015-12-31 15:01:09 : -*-Rage Spells 1
2015-12-31 15:01:09 : -*-Jump Spells 1
2015-12-31 15:01:09 : -*-Poison Spells 1
2015-12-31 15:01:09 :  ====== Start Attack ====== 
2015-12-31 15:01:11 : Sniping TH with Barch            	 
2015-12-31 15:01:11 : Attacking TH with 1st wave of BARCH   
2015-12-31 15:01:12 : Dropping Only wave of 4 Barbarians
2015-12-31 15:01:12 : Custom Corner deployment THi = 16 ,x = 429 ,y = 506
2015-12-31 15:01:13 : Deployment of 4 Barbarians was Successful!
2015-12-31 15:01:15 :                                       
2015-12-31 15:01:15 : Dropping Only wave of 4 Archers
2015-12-31 15:01:15 : Custom Corner deployment THi = 16 ,x = 429 ,y = 506
2015-12-31 15:01:16 : Deployment of 4 Archers was Successful!
2015-12-31 15:01:18 :                                       
2015-12-31 15:01:19 : Checking if the Gold&Elixir are changing...
2015-12-31 15:01:21 :                                       
2015-12-31 15:01:23 : Checking if the Gold&Elixir are changing...
2015-12-31 15:01:25 :                                       
2015-12-31 15:01:26 : Checking if the Gold&Elixir are changing...
2015-12-31 15:01:29 :                                       
2015-12-31 15:01:29 : Oh Shit! Seems like a trapped TH!     
2015-12-31 15:01:30 : Checking if the Gold&Elixir are changing...
2015-12-31 15:01:32 :                                       
2015-12-31 15:01:32 : Quit wasting troops					 
2015-12-31 15:01:33 : Checking if the Gold&Elixir are changing...
2015-12-31 15:01:36 :                                       
2015-12-31 15:01:36 : ~Finished Attacking, waiting to finish
2015-12-31 15:01:38 : Townhall has been destroyed!
2015-12-31 15:01:40 : Wait few sec before close attack
2015-12-31 15:01:48 : Returning Home
2015-12-31 15:01:52 : Loot: [G]: 5 772 [E]: 27 386 [DE]: 73 [T]: 14
2015-12-31 15:01:52 : Bonus Percentage: 3%
2015-12-31 15:01:53 : Bonus [G]: 78 out of 2 600 [E]: 78 out of 2 600
2015-12-31 15:01:53 : Your league level is: Silver III
2015-12-31 15:01:53 : Stars earned: 1
2015-12-31 15:02:02 : Trying to locate Main Screen
2015-12-31 15:02:02 : Main Screen Located
2015-12-31 15:02:03 : Village Report
2015-12-31 15:02:03 : No. of Free/Total Builders: 0/5
2015-12-31 15:02:03 :  [T]: 793
2015-12-31 15:02:04 :  [G]: 3 653 056 [E]: 3 854 727 [D]: 137 690 [GEM]: 4 497
2015-12-31 15:02:05 : Collecting Resources
2015-12-31 15:02:17 : Chat Request: any poison
2015-12-31 15:02:17 : Castle Capacity : 0/30
2015-12-31 15:02:17 : Custom Donation Keyword found: any
2015-12-31 15:02:18 : Donating 4 Barbarians
2015-12-31 15:02:19 : Donating 4 Archers
2015-12-31 15:02:21 : Chat Request: any
2015-12-31 15:02:21 : Castle Capacity : 24/35
2015-12-31 15:02:21 : Custom Donation Keyword found: any
2015-12-31 15:02:28 : Could not Find the Donation Window!!
