2015-12-27 14:42:15 :  My Bot v5.0.1 860x780 (BlueStacks) Powered by MyBot.run ~
2015-12-27 14:42:15 : MyBot.mod.au3 Script running on WIN_81  X64
2015-12-27 14:42:15 : =================== Bot Start ====================
2015-12-27 14:42:15 : -------------------------  Current Profile: 01 --------------------------
2015-12-27 14:42:15 : Trying to locate Main Screen
2015-12-27 14:42:15 : Main Screen Located
2015-12-27 14:42:16 : Detecting your Buildings..
2015-12-27 14:42:20 : Town Hall not found! I detected a Bomb ! Please locate again!
2015-12-27 14:42:22 : Finding your Clan Level, wait..
2015-12-27 14:42:22 : Found Clan Level: 8
2015-12-27 14:42:24 : Detecting your Village Theme
2015-12-27 14:42:24 : Normal Theme detected
2015-12-27 14:42:29 : Verifying your Mines/Extractors/Drills ...wait ...
2015-12-27 14:42:30 : Total No. of Gold Mines: 6
2015-12-27 14:42:32 : Total No. of Elixir Collectors: 6
2015-12-27 14:42:36 : Total No. of Dark Elixir Drills: 2
2015-12-27 14:42:36 : Language setting is English: Correct.
2015-12-27 14:42:37 : Trying to locate Main Screen
2015-12-27 14:42:37 : Main Screen Located
2015-12-27 14:42:39 : Village Report
2015-12-27 14:42:39 : No. of Free/Total Builders: 0/5
2015-12-27 14:42:39 :  [T]: 1 129
2015-12-27 14:42:39 :  [G]: 6 117 083 [E]: 3 940 432 [D]: 138 837 [GEM]: 4 780
2015-12-27 14:42:40 : Collecting Resources
2015-12-27 14:42:48 : Checking if Village needs Rearming..
