2015-12-30 18:04:58 :  My Bot v5.0.2 860x780 (BlueStacks) Powered by MyBot.run ~
2015-12-30 18:04:58 : MyBot.mod.au3 Script running on WIN_81  X64
2015-12-30 18:04:58 : =================== Bot Start ====================
2015-12-30 18:04:58 : -------------------------  Current Profile: 01 --------------------------
2015-12-30 18:04:58 : Trying to locate Main Screen
2015-12-30 18:04:58 : Main Screen Located
2015-12-30 18:04:59 : Detecting your Buildings..
2015-12-30 18:05:00 : Finding your Clan Level, wait..
2015-12-30 18:05:01 : Found Clan Level: 8
2015-12-30 18:05:03 : Detecting your Village Theme
2015-12-30 18:05:03 : Normal Theme detected
2015-12-30 18:05:04 : Language setting is English: Correct.
2015-12-30 18:05:05 : Trying to locate Main Screen
2015-12-30 18:05:05 : Main Screen Located
2015-12-30 18:05:07 : Village Report
2015-12-30 18:05:07 : No. of Free/Total Builders: 0/5
2015-12-30 18:05:07 :  [T]: 1 020
2015-12-30 18:05:07 :  [G]: 1 714 873 [E]: 1 295 904 [D]: 115 251 [GEM]: 4 497
2015-12-30 18:05:08 : Collecting Resources
2015-12-30 18:05:20 : Chat Request: Dump ur hound on my leder
2015-12-30 18:05:21 : Castle Capacity : 30/30
2015-12-30 18:05:21 : King Blacklist Keyword found: hound
2015-12-30 18:05:21 : Barbarians Blacklist Keyword found: hound
2015-12-30 18:05:21 : Archers Blacklist Keyword found: hound
2015-12-30 18:05:23 : Training Troops & Spells
2015-12-30 18:05:24 : Checking Army Camp...
2015-12-30 18:05:25 : Total Army Camp capacity: 170/240 (70%)
2015-12-30 18:05:27 :  - No. of Barbarians: 97
2015-12-30 18:05:27 :  - No. of Archers: 73
2015-12-30 18:05:28 : Barracks and Spell factory status: 
2015-12-30 18:05:28 : - Barracks detected: 4 | Available: 4 | Upgrading: 0
2015-12-30 18:05:28 : - Dark Barracks detected: 2 | Available: 2 | Upgrading: 0
2015-12-30 18:05:28 : - Spell factory detected: 1 | Available: 1 | Upgrading: 0
2015-12-30 18:05:28 : - Dark Spell factory detected: 1 | Available: 1 | Upgrading: 0
2015-12-30 18:05:58 : ====== Waiting for full army ======
2015-12-30 18:06:29 : Chat Request: Dump ur hound on my leder
2015-12-30 18:06:29 : Castle Capacity : 30/30
2015-12-30 18:06:29 : King Blacklist Keyword found: hound
2015-12-30 18:06:29 : Barbarians Blacklist Keyword found: hound
2015-12-30 18:06:29 : Archers Blacklist Keyword found: hound
2015-12-30 18:06:38 : Chat Request: Dump ur hound on my leder
2015-12-30 18:06:38 : Castle Capacity : 30/30
2015-12-30 18:06:38 : King Blacklist Keyword found: hound
2015-12-30 18:06:38 : Barbarians Blacklist Keyword found: hound
2015-12-30 18:06:38 : Archers Blacklist Keyword found: hound
2015-12-30 18:06:48 : Training Troops & Spells
2015-12-30 18:06:49 : Checking Army Camp...
2015-12-30 18:06:51 : Total Army Camp capacity: 183/240 (76%)
2015-12-30 18:06:51 :  - No. of Barbarians: 104
2015-12-30 18:06:51 :  - No. of Archers: 79
2015-12-30 18:07:14 : Time Idle: 00:01:15
2015-12-30 18:07:14 : ***[Trying TH snipe while training army]***
2015-12-30 18:07:14 : Going to Attack...
2015-12-30 18:07:19 : ============== Searching For Dead Base ===============
2015-12-30 18:07:19 : ~~~~~~~~~~~~~~~ SEARCH CONDITIONS ~~~~~~~~~~~~~~~~
2015-12-30 18:07:19 : Meet: Gold + Elixir, Dark, Trophy
2015-12-30 18:07:19 : ~~~~~~~~~~~~~~ RESOURCE CONDITIONS ~~~~~~~~~~~~~~~
2015-12-30 18:07:19 : Aim: [G+E]: 300000 [D]: 1000 [T]:99 for: Dead Base
2015-12-30 18:07:19 : ============== Searching For Live Base ===============
2015-12-30 18:07:19 : ~~~~~~~~~~~~~~~ SEARCH CONDITIONS ~~~~~~~~~~~~~~~~
2015-12-30 18:07:19 : Meet: Gold + Elixir, Dark, Trophy, Weak Base(Mortar: 7, WizTower: 7)
2015-12-30 18:07:19 : ~~~~~~~~~~~~~~ RESOURCE CONDITIONS ~~~~~~~~~~~~~~~
2015-12-30 18:07:19 : Aim: [G+E]: 200000 [D]: 1000 [T]:99 for: Live Base
2015-12-30 18:07:19 : ~~~~~~~~~~~~~~~ ADVANCED SETTINGS ~~~~~~~~~~~~~~~~
2015-12-30 18:07:19 : THSnipe Combo, 3 Tile(s),  Attack TH Outside custom1
2015-12-30 18:07:20 : Aim: [G]: 100000 [E]: 100000 [D]: 1000
2015-12-30 18:07:20 : ==================================================
2015-12-30 18:07:26 :   1> [G]: 288963 [E]:  24612 [D]: 1010 [T]:35 [TH]: 9, In
2015-12-30 18:07:33 :   2> [G]:  84743 [E]:  54788 [D]: 1901 [T]:35 [TH]: 9, In
2015-12-30 18:07:40 :   3> [G]:  93583 [E]:  29999 [D]: 2161 [T]:40 [TH]: 9, Out
2015-12-30 18:07:40 :       TH Outside Found! 
2015-12-30 18:07:40 :       Resource requirement met for TH snipe 
2015-12-30 18:07:42 : ================ Search Complete =================
2015-12-30 18:07:42 : Initiating attack for: TH Snipe
2015-12-30 18:07:44 : -*-Barbarians 107
2015-12-30 18:07:44 : -*-Archers 81
2015-12-30 18:07:44 : -*-Clan Castle 
2015-12-30 18:07:44 : -*-Heal Spells 3
2015-12-30 18:07:44 : -*-Rage Spells 1
2015-12-30 18:07:44 : -*-Jump Spells 1
2015-12-30 18:07:44 : -*-Poison Spells 1
2015-12-30 18:07:44 :  ====== Start Attack ====== 
2015-12-30 18:07:46 : Sniping TH with Barch            	 
2015-12-30 18:07:46 : Attacking TH with 1st wave of BARCH   
2015-12-30 18:07:47 : Dropping Only wave of 4 Barbarians
2015-12-30 18:07:48 : Deployment of 4 Barbarians was Successful!
2015-12-30 18:07:50 :                                       
2015-12-30 18:07:50 : Dropping Only wave of 4 Archers
2015-12-30 18:07:51 : Deployment of 4 Archers was Successful!
2015-12-30 18:07:53 :                                       
2015-12-30 18:07:54 : Checking if the Gold&Elixir are changing...
2015-12-30 18:07:56 : Gold & Elixir change detected, waiting...
2015-12-30 18:07:58 : Gold & Elixir change detected, waiting...
2015-12-30 18:07:58 :                                       
2015-12-30 18:08:00 : Checking if the Gold&Elixir are changing...
2015-12-30 18:08:02 : Gold & Elixir change detected, waiting...
2015-12-30 18:08:04 : Gold & Elixir change detected, waiting...
2015-12-30 18:08:04 :                                       
2015-12-30 18:08:05 : Checking if the Gold&Elixir are changing...
2015-12-30 18:08:07 :                                       
2015-12-30 18:08:07 : Oh Shit! Seems like a trapped TH!     
2015-12-30 18:08:09 : Checking if the Gold&Elixir are changing...
2015-12-30 18:08:11 :                                       
2015-12-30 18:08:11 : Quit wasting troops					 
2015-12-30 18:08:12 : Checking if the Gold&Elixir are changing...
2015-12-30 18:08:14 : Gold & Elixir change detected, waiting...
2015-12-30 18:08:16 : Gold & Elixir change detected, waiting...
2015-12-30 18:08:16 :                                       
2015-12-30 18:08:16 : ~Finished Attacking, waiting to finish
2015-12-30 18:08:27 : Checking if the Gold&Elixir are changing...
2015-12-30 18:08:29 : Gold & Elixir change detected, waiting...
2015-12-30 18:08:32 : Gold & Elixir change detected, waiting...
2015-12-30 18:08:34 : Gold & Elixir change detected, waiting...
2015-12-30 18:08:36 : Gold & Elixir change detected, waiting...
2015-12-30 18:08:38 : Gold & Elixir change detected, waiting...
2015-12-30 18:08:40 : Gold & Elixir change detected, waiting...
2015-12-30 18:08:43 : Gold & Elixir change detected, waiting...
2015-12-30 18:08:45 : Gold & Elixir change detected, waiting...
2015-12-30 18:08:47 : Gold & Elixir change detected, waiting...
2015-12-30 18:08:49 : 										 
2015-12-30 18:08:49 : Wait few sec before close attack
2015-12-30 18:09:01 : Returning Home
2015-12-30 18:09:05 : Loot: [G]: 11 907 [E]: 6 194 [DE]: 320 [T]: 13
2015-12-30 18:09:05 : Bonus Percentage: 17%
2015-12-30 18:09:05 : Bonus [G]: 629 out of 3 700 [E]: 629 out of 3 700
2015-12-30 18:09:09 : Stars earned: 1
2015-12-30 18:09:15 : ***[End trying TH snipe while training army]***
2015-12-30 18:09:17 : ====== Waiting for full army ======
2015-12-30 18:09:20 : Chat Request: Dump ur hound on my leder
2015-12-30 18:09:20 : Castle Capacity : 30/30
2015-12-30 18:09:20 : King Blacklist Keyword found: hound
2015-12-30 18:09:20 : Barbarians Blacklist Keyword found: hound
2015-12-30 18:09:20 : Archers Blacklist Keyword found: hound
2015-12-30 18:09:49 : Chat Request: Dump ur hound on my leder
2015-12-30 18:09:49 : Castle Capacity : 30/30
2015-12-30 18:09:49 : King Blacklist Keyword found: hound
2015-12-30 18:09:49 : Barbarians Blacklist Keyword found: hound
2015-12-30 18:09:49 : Archers Blacklist Keyword found: hound
2015-12-30 18:10:04 : Training Troops & Spells
2015-12-30 18:10:05 : Checking Army Camp...
2015-12-30 18:10:06 : Total Army Camp capacity: 145/240 (60%)
2015-12-30 18:10:07 :  - No. of Barbarians: 82
2015-12-30 18:10:07 :  - No. of Archers: 63
2015-12-30 18:10:30 : Time Idle: 00:02:28
2015-12-30 18:10:30 : ***[Trying TH snipe while training army]***
2015-12-30 18:10:30 : Going to Attack...
2015-12-30 18:10:35 : ============== Searching For Dead Base ===============
2015-12-30 18:10:35 : ~~~~~~~~~~~~~~~ SEARCH CONDITIONS ~~~~~~~~~~~~~~~~
2015-12-30 18:10:36 : Meet: Gold + Elixir, Dark, Trophy
2015-12-30 18:10:36 : ~~~~~~~~~~~~~~ RESOURCE CONDITIONS ~~~~~~~~~~~~~~~
2015-12-30 18:10:36 : Aim: [G+E]: 300000 [D]: 1000 [T]:99 for: Dead Base
2015-12-30 18:10:36 : ============== Searching For Live Base ===============
2015-12-30 18:10:36 : ~~~~~~~~~~~~~~~ SEARCH CONDITIONS ~~~~~~~~~~~~~~~~
2015-12-30 18:10:36 : Meet: Gold + Elixir, Dark, Trophy, Weak Base(Mortar: 7, WizTower: 7)
2015-12-30 18:10:36 : ~~~~~~~~~~~~~~ RESOURCE CONDITIONS ~~~~~~~~~~~~~~~
2015-12-30 18:10:36 : Aim: [G+E]: 200000 [D]: 1000 [T]:99 for: Live Base
2015-12-30 18:10:36 : ~~~~~~~~~~~~~~~ ADVANCED SETTINGS ~~~~~~~~~~~~~~~~
2015-12-30 18:10:36 : THSnipe Combo, 3 Tile(s),  Attack TH Outside custom1
2015-12-30 18:10:36 : Aim: [G]: 100000 [E]: 100000 [D]: 1000
2015-12-30 18:10:36 : ==================================================
2015-12-30 18:10:42 :   1> [G]: 326436 [E]: 214433 [D]: 1132 [T]:35 [TH]: 9, In
2015-12-30 18:10:50 :   2> [G]:  64249 [E]: 119813 [D]:  943 [T]:38 [TH]:10, Out
2015-12-30 18:10:50 :       TH Outside Found! 
2015-12-30 18:10:50 :       Resource requirement met for TH snipe 
2015-12-30 18:10:51 : ================ Search Complete =================
2015-12-30 18:10:51 : Initiating attack for: TH Snipe
2015-12-30 18:10:53 : -*-Barbarians 84
2015-12-30 18:10:53 : -*-Archers 65
2015-12-30 18:10:53 : -*-Clan Castle 
2015-12-30 18:10:53 : -*-Heal Spells 3
2015-12-30 18:10:53 : -*-Rage Spells 1
2015-12-30 18:10:53 : -*-Jump Spells 1
2015-12-30 18:10:53 : -*-Poison Spells 1
2015-12-30 18:10:53 :  ====== Start Attack ====== 
2015-12-30 18:10:55 : Sniping TH with Barch            	 
2015-12-30 18:10:55 : Attacking TH with 1st wave of BARCH   
2015-12-30 18:10:55 : Dropping Only wave of 4 Barbarians
2015-12-30 18:10:57 : Deployment of 4 Barbarians was Successful!
2015-12-30 18:10:58 :                                       
2015-12-30 18:10:59 : Dropping Only wave of 4 Archers
2015-12-30 18:11:00 : Deployment of 4 Archers was Successful!
2015-12-30 18:11:02 :                                       
2015-12-30 18:11:03 : Checking if the Gold&Elixir are changing...
2015-12-30 18:11:05 :                                       
2015-12-30 18:11:06 : Checking if the Gold&Elixir are changing...
2015-12-30 18:11:08 :                                       
2015-12-30 18:11:10 : Checking if the Gold&Elixir are changing...
2015-12-30 18:11:12 :                                       
2015-12-30 18:11:12 : Oh Shit! Seems like a trapped TH!     
2015-12-30 18:11:13 : Checking if the Gold&Elixir are changing...
2015-12-30 18:11:15 :                                       
2015-12-30 18:11:15 : Quit wasting troops					 
2015-12-30 18:11:17 : Checking if the Gold&Elixir are changing...
2015-12-30 18:11:19 : Gold & Elixir change detected, waiting...
2015-12-30 18:11:21 : Gold & Elixir change detected, waiting...
2015-12-30 18:11:21 :                                       
2015-12-30 18:11:21 : ~Finished Attacking, waiting to finish
2015-12-30 18:11:32 : Checking if the Gold&Elixir are changing...
2015-12-30 18:11:34 : Gold & Elixir change detected, waiting...
2015-12-30 18:11:36 : Gold & Elixir change detected, waiting...
2015-12-30 18:11:38 : Gold & Elixir change detected, waiting...
2015-12-30 18:11:41 : Gold & Elixir change detected, waiting...
2015-12-30 18:11:43 : Gold & Elixir change detected, waiting...
2015-12-30 18:11:45 : 										 
2015-12-30 18:11:45 : Townhall has been destroyed!
2015-12-30 18:11:47 : Wait few sec before close attack
2015-12-30 18:11:52 : Returning Home
2015-12-30 18:11:56 : Loot: [G]: 9 883 [E]: 22 453 [DE]: 154 [T]: 12
2015-12-30 18:11:56 : Bonus Percentage: 3%
2015-12-30 18:11:57 : Bonus [G]: 111 out of 3 700 [E]: 111 out of 3 700
2015-12-30 18:11:57 : Your league level is: Silver II
2015-12-30 18:11:57 : Stars earned: 1
2015-12-30 18:12:03 : ***[End trying TH snipe while training army]***
2015-12-30 18:12:06 : ====== Waiting for full army ======
2015-12-30 18:12:08 : Chat Request: Dump ur hound on my leder
2015-12-30 18:12:08 : Castle Capacity : 30/30
2015-12-30 18:12:08 : King Blacklist Keyword found: hound
2015-12-30 18:12:08 : Barbarians Blacklist Keyword found: hound
2015-12-30 18:12:08 : Archers Blacklist Keyword found: hound
2015-12-30 18:12:49 : Training Troops & Spells
2015-12-30 18:12:50 : Checking Army Camp...
2015-12-30 18:12:51 : Total Army Camp capacity: 135/240 (56%)
2015-12-30 18:12:52 :  - No. of Barbarians: 72
2015-12-30 18:12:52 :  - No. of Archers: 63
2015-12-30 18:13:14 : Time Idle: 00:03:36
2015-12-30 18:13:14 : ***[Trying TH snipe while training army]***
2015-12-30 18:13:14 : Going to Attack...
2015-12-30 18:13:20 : ============== Searching For Dead Base ===============
2015-12-30 18:13:20 : ~~~~~~~~~~~~~~~ SEARCH CONDITIONS ~~~~~~~~~~~~~~~~
2015-12-30 18:13:20 : Meet: Gold + Elixir, Dark, Trophy
2015-12-30 18:13:20 : ~~~~~~~~~~~~~~ RESOURCE CONDITIONS ~~~~~~~~~~~~~~~
2015-12-30 18:13:20 : Aim: [G+E]: 300000 [D]: 1000 [T]:99 for: Dead Base
2015-12-30 18:13:20 : ============== Searching For Live Base ===============
2015-12-30 18:13:20 : ~~~~~~~~~~~~~~~ SEARCH CONDITIONS ~~~~~~~~~~~~~~~~
2015-12-30 18:13:20 : Meet: Gold + Elixir, Dark, Trophy, Weak Base(Mortar: 7, WizTower: 7)
2015-12-30 18:13:20 : ~~~~~~~~~~~~~~ RESOURCE CONDITIONS ~~~~~~~~~~~~~~~
2015-12-30 18:13:20 : Aim: [G+E]: 200000 [D]: 1000 [T]:99 for: Live Base
2015-12-30 18:13:20 : ~~~~~~~~~~~~~~~ ADVANCED SETTINGS ~~~~~~~~~~~~~~~~
2015-12-30 18:13:20 : THSnipe Combo, 3 Tile(s),  Attack TH Outside custom1
2015-12-30 18:13:20 : Aim: [G]: 100000 [E]: 100000 [D]: 1000
2015-12-30 18:13:20 : ==================================================
2015-12-30 18:13:26 :   1> [G]:  66428 [E]:  63882 [D]:  764 [T]:35 [TH]: 9, Out
2015-12-30 18:13:26 :       TH Outside Found! 
2015-12-30 18:13:26 :       Resource requirement not met for TH snipe 
2015-12-30 18:13:27 :   1> [G]:  66428 [E]:  63882 [D]:  764 [T]:35 [TH]: 9, Out
2015-12-30 18:13:34 :   2> [G]: 216317 [E]: 469345 [D]: 3812 [T]:24 [TH]:11, In
2015-12-30 18:13:41 :   3> [G]: 373530 [E]: 302722 [D]: 1354 [T]:43 [TH]:10, In
2015-12-30 18:13:49 :   4> [G]: 222638 [E]: 297503 [D]:  255 [T]:42 [TH]: 9, Out
2015-12-30 18:13:49 :       TH Outside Found! 
2015-12-30 18:13:49 :       Resource requirement met for TH snipe 
2015-12-30 18:13:50 : ================ Search Complete =================
2015-12-30 18:13:50 : Initiating attack for: TH Snipe
2015-12-30 18:13:52 : -*-Barbarians 75
2015-12-30 18:13:52 : -*-Archers 65
2015-12-30 18:13:52 : -*-Clan Castle 
2015-12-30 18:13:52 : -*-Heal Spells 3
2015-12-30 18:13:52 : -*-Rage Spells 1
2015-12-30 18:13:52 : -*-Jump Spells 1
2015-12-30 18:13:52 : -*-Poison Spells 1
2015-12-30 18:13:52 :  ====== Start Attack ====== 
2015-12-30 18:13:54 : Sniping TH with Barch            	 
2015-12-30 18:13:55 : Attacking TH with 1st wave of BARCH   
2015-12-30 18:13:55 : Dropping Only wave of 4 Barbarians
2015-12-30 18:13:56 : Deployment of 4 Barbarians was Successful!
2015-12-30 18:13:58 :                                       
2015-12-30 18:13:58 : Dropping Only wave of 4 Archers
2015-12-30 18:13:59 : Deployment of 4 Archers was Successful!
2015-12-30 18:14:01 :                                       
2015-12-30 18:14:02 : Checking if the Gold&Elixir are changing...
2015-12-30 18:14:04 :                                       
2015-12-30 18:14:06 : Checking if the Gold&Elixir are changing...
2015-12-30 18:14:08 : Gold & Elixir change detected, waiting...
2015-12-30 18:14:10 : Gold & Elixir change detected, waiting...
2015-12-30 18:14:10 :                                       
2015-12-30 18:14:11 : Checking if the Gold&Elixir are changing...
2015-12-30 18:14:13 : Gold & Elixir change detected, waiting...
2015-12-30 18:14:15 :                                       
2015-12-30 18:14:16 : Oh Shit! Seems like a trapped TH!     
2015-12-30 18:14:17 : Checking if the Gold&Elixir are changing...
2015-12-30 18:14:19 : Gold & Elixir change detected, waiting...
2015-12-30 18:14:21 : Gold & Elixir change detected, waiting...
2015-12-30 18:14:21 :                                       
2015-12-30 18:14:21 : Quit wasting troops					 
2015-12-30 18:14:22 : Checking if the Gold&Elixir are changing...
2015-12-30 18:14:25 : Gold & Elixir change detected, waiting...
2015-12-30 18:14:27 : Gold & Elixir change detected, waiting...
2015-12-30 18:14:27 :                                       
2015-12-30 18:14:27 : ~Finished Attacking, waiting to finish
2015-12-30 18:14:28 : Townhall has been destroyed!
2015-12-30 18:14:30 : Wait few sec before close attack
2015-12-30 18:14:34 : Bot was Paused!
2015-12-30 18:19:58 : Bot was Resumed.
2015-12-30 18:19:58 : Checking if the battle has finished
2015-12-30 18:20:00 : detected [G]:  [E]:  [DE]:  |  Exit now 
2015-12-30 18:20:00 : Gold & Elixir & DE = 0, end battle 
