2015-12-31 15:22:52 :  My Bot v5.0.2 860x780 (BlueStacks) Powered by MyBot.run ~
2015-12-31 15:22:52 : MyBot.mod.au3 Script running on WIN_81  X64
2015-12-31 15:22:52 : =================== Bot Start ====================
2015-12-31 15:22:52 : -------------------------  Current Profile: 01 --------------------------
2015-12-31 15:22:52 : Trying to locate Main Screen
2015-12-31 15:22:52 : Main Screen Located
2015-12-31 15:22:54 : Detecting your Buildings..
2015-12-31 15:22:55 : Finding your Clan Level, wait..
2015-12-31 15:22:55 : Found Clan Level: 8
2015-12-31 15:22:57 : Detecting your Village Theme
2015-12-31 15:22:57 : Normal Theme detected
2015-12-31 15:22:58 : Language setting is English: Correct.
2015-12-31 15:22:59 : Trying to locate Main Screen
2015-12-31 15:22:59 : Main Screen Located
2015-12-31 15:23:01 : Village Report
2015-12-31 15:23:01 : No. of Free/Total Builders: 0/5
2015-12-31 15:23:01 :  [T]: 840
2015-12-31 15:23:01 :  [G]: 3 980 222 [E]: 4 180 123 [D]: 141 818 [GEM]: 4 497
2015-12-31 15:23:02 : Collecting Resources
2015-12-31 15:23:15 : Training Troops & Spells
2015-12-31 15:23:15 : Checking Army Camp...
2015-12-31 15:23:18 : Total Army Camp capacity: 46/240 (19%)
2015-12-31 15:23:19 :  - No. of Barbarians: 26
2015-12-31 15:23:19 :  - No. of Archers: 20
2015-12-31 15:23:19 : Barracks and Spell factory status: 
2015-12-31 15:23:19 : - Barracks detected: 4 | Available: 4 | Upgrading: 0
2015-12-31 15:23:19 : - Dark Barracks detected: 2 | Available: 2 | Upgrading: 0
2015-12-31 15:23:19 : - Spell factory detected: 1 | Available: 1 | Upgrading: 0
2015-12-31 15:23:19 : - Dark Spell factory detected: 1 | Available: 1 | Upgrading: 0
2015-12-31 15:23:53 : ====== Waiting for full army ======
2015-12-31 15:24:16 : Chat Request: Any
2015-12-31 15:24:16 : Castle Capacity : 0/30
2015-12-31 15:24:16 : Custom Donation Keyword found: any
2015-12-31 15:24:17 : Donating 4 Barbarians
2015-12-31 15:24:18 : Donating 4 Archers
2015-12-31 15:24:39 : Training Troops & Spells
2015-12-31 15:24:40 : Checking Army Camp...
2015-12-31 15:24:41 : Total Army Camp capacity: 50/240 (20%)
2015-12-31 15:24:42 :  - No. of Barbarians: 28
2015-12-31 15:24:42 :  - No. of Archers: 22
2015-12-31 15:25:04 : Time Idle: 00:01:10
2015-12-31 15:25:04 : ***[Trying TH snipe while training army]***
2015-12-31 15:25:04 : Going to Attack...
2015-12-31 15:25:09 : ============== Searching For Dead Base ===============
2015-12-31 15:25:09 : ~~~~~~~~~~~~~~~ SEARCH CONDITIONS ~~~~~~~~~~~~~~~~
2015-12-31 15:25:09 : Meet: Gold + Elixir, Trophy
2015-12-31 15:25:09 : ~~~~~~~~~~~~~~ RESOURCE CONDITIONS ~~~~~~~~~~~~~~~
2015-12-31 15:25:09 : Aim: [G+E]: 300000 [D]: 1000 [T]:99 for: Dead Base
2015-12-31 15:25:09 : ~~~~~~~~~~~~~~~ ADVANCED SETTINGS ~~~~~~~~~~~~~~~~
2015-12-31 15:25:09 : THSnipe Combo, 3 Tile(s),  Attack TH Outside custom1
2015-12-31 15:25:09 : Aim: [G]: 125000 [E]: 125000 [D]: 1250
2015-12-31 15:25:09 : ==================================================
2015-12-31 15:25:15 :   1> [G]:  82511 [E]:  58317 [D]:  194 [T]:29 [TH]: 9, In
2015-12-31 15:25:23 :   2> [G]:  30033 [E]: 162688 [D]: 1626 [T]:42 [TH]:11, In
2015-12-31 15:25:33 :   3> [G]: 274631 [E]: 414746 [D]: 2897 [T]:46 [TH]:10, In
2015-12-31 15:25:40 :   4> [G]: 207975 [E]: 296017 [D]: 3405 [T]:38 [TH]:10, In
2015-12-31 15:25:48 :   5> [G]: 145488 [E]: 104700 [D]:  363 [T]:44 [TH]:10, In
2015-12-31 15:25:55 :   6> [G]: 171231 [E]: 152505 [D]: 1959 [T]:30 [TH]:10, In
2015-12-31 15:26:02 :   7> [G]:  12122 [E]:  13809 [D]:  441 [T]:48 [TH]: 8, In
2015-12-31 15:26:10 :   8> [G]:  81631 [E]: 125284 [D]:  877 [T]:41 [TH]:10, In
2015-12-31 15:26:17 :   9> [G]:  45576 [E]:  71476 [D]:  724 [T]:43 [TH]: 9, In
2015-12-31 15:26:24 :  10> [G]: 285228 [E]: 222986 [D]:  219 [T]:47 [TH]: 9, In
2015-12-31 15:26:28 : ***[End trying TH snipe while training army]***
2015-12-31 15:26:30 : ====== Waiting for full army ======
2015-12-31 15:27:10 : Training Troops & Spells
2015-12-31 15:27:10 : Checking Army Camp...
2015-12-31 15:27:12 : Total Army Camp capacity: 75/240 (31%)
2015-12-31 15:27:12 :  - No. of Barbarians: 42
2015-12-31 15:27:12 :  - No. of Archers: 33
2015-12-31 15:27:35 : Time Idle: 00:02:15
2015-12-31 15:27:35 : ***[Trying TH snipe while training army]***
2015-12-31 15:27:35 : Going to Attack...
2015-12-31 15:27:40 : ============== Searching For Dead Base ===============
2015-12-31 15:27:40 : ~~~~~~~~~~~~~~~ SEARCH CONDITIONS ~~~~~~~~~~~~~~~~
2015-12-31 15:27:40 : Meet: Gold + Elixir, Trophy
2015-12-31 15:27:40 : ~~~~~~~~~~~~~~ RESOURCE CONDITIONS ~~~~~~~~~~~~~~~
2015-12-31 15:27:40 : Aim: [G+E]: 300000 [D]: 1000 [T]:99 for: Dead Base
2015-12-31 15:27:40 : ~~~~~~~~~~~~~~~ ADVANCED SETTINGS ~~~~~~~~~~~~~~~~
2015-12-31 15:27:40 : THSnipe Combo, 3 Tile(s),  Attack TH Outside custom1
2015-12-31 15:27:40 : Aim: [G]: 125000 [E]: 125000 [D]: 1250
2015-12-31 15:27:40 : ==================================================
2015-12-31 15:27:51 :   1> [G]: 105615 [E]: 108512 [D]: 1474 [T]:48 [TH]: 9, In
2015-12-31 15:27:58 :   2> [G]: 141052 [E]: 158036 [D]: 1649 [T]:50 [TH]: 9, In
2015-12-31 15:28:06 :   3> [G]:  95807 [E]: 452173 [D]:  272 [T]:50 [TH]:11, In
2015-12-31 15:28:13 :   4> [G]: 149869 [E]: 268823 [D]: 2775 [T]:34 [TH]:10, In
2015-12-31 15:28:20 :   5> [G]:  80770 [E]: 236977 [D]:  720 [T]:47 [TH]:11, In
2015-12-31 15:28:28 :   6> [G]:  46328 [E]:  43657 [D]:  234 [T]:52 [TH]: 9, Out
2015-12-31 15:28:28 :       TH Outside Found! 
2015-12-31 15:28:28 :       Resource requirement not met for TH snipe 
2015-12-31 15:28:28 :   6> [G]:  46328 [E]:  43657 [D]:  234 [T]:52 [TH]: 9, Out
2015-12-31 15:28:36 :   7> [G]:  31472 [E]:  91447 [D]:  164 [T]:53 [TH]: 9, In
2015-12-31 15:28:43 :   8> [G]: 176308 [E]: 139673 [D]: 1604 [T]:49 [TH]: 9, In
2015-12-31 15:28:51 :   9> [G]:  21119 [E]:  24469 [D]:  118 [T]:50 [TH]: 8, In
2015-12-31 15:28:58 :  10> [G]:  22453 [E]: 417469 [D]: 3321 [T]:44 [TH]:10, In
2015-12-31 15:29:01 : ***[End trying TH snipe while training army]***
2015-12-31 15:29:03 : ====== Waiting for full army ======
2015-12-31 15:29:45 : Training Troops & Spells
2015-12-31 15:29:46 : Checking Army Camp...
2015-12-31 15:29:47 : Total Army Camp capacity: 100/240 (41%)
2015-12-31 15:29:48 :  - No. of Barbarians: 56
2015-12-31 15:29:48 :  - No. of Archers: 44
2015-12-31 15:30:10 : Time Idle: 00:03:22
2015-12-31 15:30:10 : ***[Trying TH snipe while training army]***
2015-12-31 15:30:10 : Going to Attack...
2015-12-31 15:30:16 : ============== Searching For Dead Base ===============
2015-12-31 15:30:16 : ~~~~~~~~~~~~~~~ SEARCH CONDITIONS ~~~~~~~~~~~~~~~~
2015-12-31 15:30:16 : Meet: Gold + Elixir, Trophy
2015-12-31 15:30:16 : ~~~~~~~~~~~~~~ RESOURCE CONDITIONS ~~~~~~~~~~~~~~~
2015-12-31 15:30:16 : Aim: [G+E]: 300000 [D]: 1000 [T]:99 for: Dead Base
2015-12-31 15:30:16 : ~~~~~~~~~~~~~~~ ADVANCED SETTINGS ~~~~~~~~~~~~~~~~
2015-12-31 15:30:16 : THSnipe Combo, 3 Tile(s),  Attack TH Outside custom1
2015-12-31 15:30:16 : Aim: [G]: 125000 [E]: 125000 [D]: 1250
2015-12-31 15:30:16 : ==================================================
2015-12-31 15:30:22 :   1> [G]:  18333 [E]: 158218 [D]:  111 [T]:25 [TH]: 8, In
2015-12-31 15:30:31 :   2> [G]: 108268 [E]: 313114 [D]:  478 [T]:43 [TH]: 9, In
2015-12-31 15:30:39 :   3> [G]:  18514 [E]: 139883 [D]:  209 [T]:36 [TH]: 9, Out
2015-12-31 15:30:39 :       TH Outside Found! 
2015-12-31 15:30:39 :       Resource requirement met for TH snipe 
2015-12-31 15:30:40 : ================ Search Complete =================
2015-12-31 15:30:40 : Initiating attack for: TH Snipe
2015-12-31 15:30:42 : -*-Barbarians 58
2015-12-31 15:30:42 : -*-Archers 46
2015-12-31 15:30:42 : -*-Clan Castle 
2015-12-31 15:30:42 : -*-Heal Spells 3
2015-12-31 15:30:42 : -*-Rage Spells 1
2015-12-31 15:30:42 : -*-Jump Spells 1
2015-12-31 15:30:42 : -*-Poison Spells 1
2015-12-31 15:30:42 :  ====== Start Attack ====== 
2015-12-31 15:30:44 : Sniping TH with Barch            	 
2015-12-31 15:30:44 : Attacking TH with 1st wave of BARCH   
2015-12-31 15:30:44 : Dropping Only wave of 4 Barbarians
2015-12-31 15:30:45 : Custom Corner deployment THi = 17 ,x = 430 ,y = 116
2015-12-31 15:30:46 : Deployment of 4 Barbarians was Successful!
2015-12-31 15:30:47 :                                       
2015-12-31 15:30:47 : Dropping Only wave of 4 Archers
2015-12-31 15:30:48 : Custom Corner deployment THi = 17 ,x = 430 ,y = 116
2015-12-31 15:30:49 : Deployment of 4 Archers was Successful!
2015-12-31 15:30:50 :                                       
2015-12-31 15:30:51 : Checking if the Gold&Elixir are changing...
2015-12-31 15:30:54 :                                       
2015-12-31 15:30:55 : Checking if the Gold&Elixir are changing...
2015-12-31 15:30:57 :                                       
2015-12-31 15:30:58 : Checking if the Gold&Elixir are changing...
2015-12-31 15:31:00 :                                       
2015-12-31 15:31:01 : Oh Shit! Seems like a trapped TH!     
2015-12-31 15:31:02 : Checking if the Gold&Elixir are changing...
2015-12-31 15:31:04 :                                       
2015-12-31 15:31:04 : Quit wasting troops					 
2015-12-31 15:31:05 : Checking if the Gold&Elixir are changing...
2015-12-31 15:31:07 :                                       
2015-12-31 15:31:08 : ~Finished Attacking, waiting to finish
2015-12-31 15:31:13 : Townhall has been destroyed!
2015-12-31 15:31:15 : Wait few sec before close attack
2015-12-31 15:31:20 : Returning Home
2015-12-31 15:31:24 : Loot: [G]: 1 512 [E]: 26 248 [DE]: 34 [T]: 12
2015-12-31 15:31:24 : Bonus Percentage: 3%
2015-12-31 15:31:25 : Bonus [G]: 78 out of 2 600 [E]: 78 out of 2 600
2015-12-31 15:31:25 : Your league level is: Silver III
2015-12-31 15:31:25 : Stars earned: 1
2015-12-31 15:31:31 : ***[End trying TH snipe while training army]***
2015-12-31 15:31:33 : ====== Waiting for full army ======
2015-12-31 15:32:13 : Training Troops & Spells
2015-12-31 15:32:14 : Checking Army Camp...
2015-12-31 15:32:15 : Total Army Camp capacity: 116/240 (48%)
2015-12-31 15:32:16 :  - No. of Barbarians: 65
2015-12-31 15:32:16 :  - No. of Archers: 51
2015-12-31 15:32:38 : Requesting Clan Castle Troops
2015-12-31 15:32:44 : Time Idle: 00:04:27
2015-12-31 15:32:44 : ***[Trying TH snipe while training army]***
2015-12-31 15:32:44 : Going to Attack...
2015-12-31 15:32:50 : ============== Searching For Dead Base ===============
2015-12-31 15:32:50 : ~~~~~~~~~~~~~~~ SEARCH CONDITIONS ~~~~~~~~~~~~~~~~
2015-12-31 15:32:50 : Meet: Gold + Elixir, Trophy
2015-12-31 15:32:50 : ~~~~~~~~~~~~~~ RESOURCE CONDITIONS ~~~~~~~~~~~~~~~
2015-12-31 15:32:50 : Aim: [G+E]: 300000 [D]: 1000 [T]:99 for: Dead Base
2015-12-31 15:32:50 : ~~~~~~~~~~~~~~~ ADVANCED SETTINGS ~~~~~~~~~~~~~~~~
2015-12-31 15:32:50 : THSnipe Combo, 3 Tile(s),  Attack TH Outside custom1
2015-12-31 15:32:50 : Aim: [G]: 125000 [E]: 125000 [D]: 1250
2015-12-31 15:32:50 : ==================================================
2015-12-31 15:32:56 :   1> [G]: 465372 [E]: 257072 [D]: 3283 [T]:22 [TH]:11, In
2015-12-31 15:33:03 :   2> [G]:  11359 [E]: 105121 [D]:  181 [T]:34 [TH]:10, Out
2015-12-31 15:33:03 :       TH Outside Found! 
2015-12-31 15:33:03 :       Resource requirement not met for TH snipe 
2015-12-31 15:33:03 :   2> [G]:  11359 [E]: 105121 [D]:  181 [T]:34 [TH]:10, Out
2015-12-31 15:33:15 :   3> [G]:  34421 [E]:  23233 [D]:  199 [T]:49 [TH]: 8, Out
2015-12-31 15:33:15 :       TH Outside Found! 
2015-12-31 15:33:15 :       Resource requirement not met for TH snipe 
2015-12-31 15:33:15 :   3> [G]:  34421 [E]:  23233 [D]:  199 [T]:49 [TH]: 8, Out
2015-12-31 15:33:23 :   4> [G]: 197435 [E]: 134056 [D]:  857 [T]:39 [TH]:10, Out
2015-12-31 15:33:23 :       TH Outside Found! 
2015-12-31 15:33:23 :       Resource requirement met for TH snipe 
2015-12-31 15:33:24 : ================ Search Complete =================
2015-12-31 15:33:24 : Initiating attack for: TH Snipe
2015-12-31 15:33:26 : -*-Barbarians 68
2015-12-31 15:33:26 : -*-Archers 54
2015-12-31 15:33:26 : -*-Clan Castle 
2015-12-31 15:33:26 : -*-Heal Spells 3
2015-12-31 15:33:26 : -*-Rage Spells 1
2015-12-31 15:33:26 : -*-Jump Spells 1
2015-12-31 15:33:26 : -*-Poison Spells 1
2015-12-31 15:33:26 :  ====== Start Attack ====== 
2015-12-31 15:33:28 : Sniping TH with Barch            	 
2015-12-31 15:33:28 : Attacking TH with 1st wave of BARCH   
2015-12-31 15:33:29 : Dropping Only wave of 4 Barbarians
2015-12-31 15:33:30 : Deployment of 4 Barbarians was Successful!
2015-12-31 15:33:32 :                                       
2015-12-31 15:33:32 : Dropping Only wave of 4 Archers
2015-12-31 15:33:33 : Deployment of 4 Archers was Successful!
2015-12-31 15:33:35 :                                       
2015-12-31 15:33:36 : Checking if the Gold&Elixir are changing...
2015-12-31 15:33:38 : Bot was Paused!
2015-12-31 15:34:47 : Bot was Resumed.
2015-12-31 15:34:48 : Gold & Elixir change detected, waiting...
2015-12-31 15:34:50 :                                       
2015-12-31 15:34:50 : Townhall has been destroyed!
2015-12-31 15:34:52 : Wait few sec before close attack
2015-12-31 15:35:00 : Returning Home
2015-12-31 15:35:04 : Loot: [G]: 85 195 [E]: 52 071 [DE]: 118 [T]: 13
2015-12-31 15:35:04 : Bonus Percentage: 30%
2015-12-31 15:35:05 : Bonus [G]: 780 out of 2 600 [E]: 780 out of 2 600
2015-12-31 15:35:05 : Your league level is: Silver III
2015-12-31 15:35:05 : Stars earned: 1
2015-12-31 15:35:11 : ***[End trying TH snipe while training army]***
2015-12-31 15:35:13 : ====== Waiting for full army ======
2015-12-31 15:35:16 : Chat Request: any
2015-12-31 15:35:16 : Castle Capacity : 0/35
2015-12-31 15:35:16 : Custom Donation Keyword found: any
2015-12-31 15:35:16 : Donating 4 Barbarians
2015-12-31 15:35:17 : Donating 4 Archers
2015-12-31 15:35:59 : Training Troops & Spells
2015-12-31 15:35:59 : Checking Army Camp...
2015-12-31 15:36:01 : Total Army Camp capacity: 90/240 (37%)
2015-12-31 15:36:01 :  - No. of Barbarians: 53
2015-12-31 15:36:01 :  - No. of Archers: 37
2015-12-31 15:36:24 : Time Idle: 00:05:37
2015-12-31 15:36:24 : ***[Trying TH snipe while training army]***
2015-12-31 15:36:24 : Going to Attack...
2015-12-31 15:36:30 : ============== Searching For Dead Base ===============
2015-12-31 15:36:30 : ~~~~~~~~~~~~~~~ SEARCH CONDITIONS ~~~~~~~~~~~~~~~~
2015-12-31 15:36:30 : Meet: Gold + Elixir, Trophy
2015-12-31 15:36:30 : ~~~~~~~~~~~~~~ RESOURCE CONDITIONS ~~~~~~~~~~~~~~~
2015-12-31 15:36:30 : Aim: [G+E]: 300000 [D]: 1000 [T]:99 for: Dead Base
2015-12-31 15:36:30 : ~~~~~~~~~~~~~~~ ADVANCED SETTINGS ~~~~~~~~~~~~~~~~
2015-12-31 15:36:30 : THSnipe Combo, 3 Tile(s),  Attack TH Outside custom1
2015-12-31 15:36:30 : Aim: [G]: 125000 [E]: 125000 [D]: 1250
2015-12-31 15:36:30 : ==================================================
2015-12-31 15:36:36 :   1> [G]:  82600 [E]:  55850 [D]:   31 [T]:42 [TH]: 9, In
2015-12-31 15:36:43 :   2> [G]:  67389 [E]:  66913 [D]:  504 [T]:45 [TH]: 9, Out
2015-12-31 15:36:43 :       TH Outside Found! 
2015-12-31 15:36:43 :       Resource requirement not met for TH snipe 
2015-12-31 15:36:43 :   2> [G]:  67389 [E]:  66913 [D]:  504 [T]:45 [TH]: 9, Out
2015-12-31 15:36:51 :   3> [G]:  67020 [E]:  76586 [D]:  274 [T]:45 [TH]: 9, Out
2015-12-31 15:36:51 :       TH Outside Found! 
2015-12-31 15:36:51 :       Resource requirement not met for TH snipe 
2015-12-31 15:36:51 :   3> [G]:  67020 [E]:  76586 [D]:  274 [T]:45 [TH]: 9, Out
2015-12-31 15:36:58 :   4> [G]:  90531 [E]: 281730 [D]:   28 [T]:47 [TH]: 9, In
2015-12-31 15:37:06 :   5> [G]: 124185 [E]: 359808 [D]: 1012 [T]:35 [TH]: 9, In
2015-12-31 15:37:13 :   6> [G]: 115473 [E]:  99317 [D]: 1220 [T]:49 [TH]: 9, Out
2015-12-31 15:37:13 :       TH Outside Found! 
2015-12-31 15:37:14 :       Resource requirement not met for TH snipe 
2015-12-31 15:37:14 :   6> [G]: 115473 [E]:  99317 [D]: 1220 [T]:49 [TH]: 9, Out
2015-12-31 15:37:22 :   7> [G]:   3044 [E]: 109139 [D]:  929 [T]:51 [TH]: 9, In
2015-12-31 15:37:29 :   8> [G]:  40204 [E]:  37369 [D]:  235 [T]:47 [TH]: 9, Out
2015-12-31 15:37:29 :       TH Outside Found! 
2015-12-31 15:37:29 :       Resource requirement not met for TH snipe 
2015-12-31 15:37:29 :   8> [G]:  40204 [E]:  37369 [D]:  235 [T]:47 [TH]: 9, Out
2015-12-31 15:37:40 : 2nd attempt to detect the TownHall!
2015-12-31 15:37:42 : 3rd attempt to detect the TownHall!
2015-12-31 15:37:43 :   9> [G]: 136018 [E]: 293785 [D]:   57 [T]:52 [TH]: -, -
2015-12-31 15:37:51 :  10> [G]:  41269 [E]:  41593 [D]:  529 [T]:50 [TH]: 8, In
2015-12-31 15:37:54 : ***[End trying TH snipe while training army]***
2015-12-31 15:37:56 : ====== Waiting for full army ======
2015-12-31 15:38:36 : Training Troops & Spells
2015-12-31 15:38:36 : Checking Army Camp...
2015-12-31 15:38:38 : Total Army Camp capacity: 115/240 (47%)
2015-12-31 15:38:38 :  - No. of Barbarians: 67
2015-12-31 15:38:39 :  - No. of Archers: 48
2015-12-31 15:39:01 : Time Idle: 00:06:42
2015-12-31 15:39:01 : ***[Trying TH snipe while training army]***
2015-12-31 15:39:01 : Going to Attack...
2015-12-31 15:39:06 : ============== Searching For Dead Base ===============
2015-12-31 15:39:06 : ~~~~~~~~~~~~~~~ SEARCH CONDITIONS ~~~~~~~~~~~~~~~~
2015-12-31 15:39:06 : Meet: Gold + Elixir, Trophy
2015-12-31 15:39:06 : ~~~~~~~~~~~~~~ RESOURCE CONDITIONS ~~~~~~~~~~~~~~~
2015-12-31 15:39:07 : Aim: [G+E]: 300000 [D]: 1000 [T]:99 for: Dead Base
2015-12-31 15:39:07 : ~~~~~~~~~~~~~~~ ADVANCED SETTINGS ~~~~~~~~~~~~~~~~
2015-12-31 15:39:07 : THSnipe Combo, 3 Tile(s),  Attack TH Outside custom1
2015-12-31 15:39:07 : Aim: [G]: 125000 [E]: 125000 [D]: 1250
2015-12-31 15:39:07 : ==================================================
2015-12-31 15:39:13 :   1> [G]:  38957 [E]:  62431 [D]:  307 [T]:32 [TH]: 9, Out
2015-12-31 15:39:13 :       TH Outside Found! 
2015-12-31 15:39:13 :       Resource requirement not met for TH snipe 
2015-12-31 15:39:13 :   1> [G]:  38957 [E]:  62431 [D]:  307 [T]:32 [TH]: 9, Out
2015-12-31 15:39:22 :   2> [G]: 158035 [E]: 387814 [D]: 3828 [T]:41 [TH]:11, In
2015-12-31 15:39:29 :   3> [G]:  43501 [E]:  47159 [D]:  546 [T]:45 [TH]:10, Out
2015-12-31 15:39:29 :       TH Outside Found! 
2015-12-31 15:39:29 :       Resource requirement not met for TH snipe 
2015-12-31 15:39:29 :   3> [G]:  43501 [E]:  47159 [D]:  546 [T]:45 [TH]:10, Out
2015-12-31 15:39:36 :   4> [G]:  20030 [E]:  74435 [D]:  865 [T]:38 [TH]: 9, In
2015-12-31 15:39:45 :   5> [G]:  46624 [E]: 116663 [D]: 1268 [T]:47 [TH]:11, In
2015-12-31 15:39:52 :   6> [G]: 146578 [E]:  91925 [D]:  476 [T]:50 [TH]: 9, Out
2015-12-31 15:39:52 :       TH Outside Found! 
2015-12-31 15:39:52 :       Resource requirement met for TH snipe 
2015-12-31 15:39:53 : ================ Search Complete =================
2015-12-31 15:39:53 : Initiating attack for: TH Snipe
2015-12-31 15:39:55 : -*-Barbarians 70
2015-12-31 15:39:55 : -*-Archers 50
2015-12-31 15:39:55 : -*-Clan Castle 
2015-12-31 15:39:55 : -*-Heal Spells 3
2015-12-31 15:39:55 : -*-Rage Spells 1
2015-12-31 15:39:55 : -*-Jump Spells 1
2015-12-31 15:39:55 : -*-Poison Spells 1
2015-12-31 15:39:55 :  ====== Start Attack ====== 
2015-12-31 15:39:57 : Sniping TH with Barch            	 
2015-12-31 15:39:57 : Attacking TH with 1st wave of BARCH   
2015-12-31 15:39:58 : Dropping Only wave of 4 Barbarians
2015-12-31 15:39:58 : Custom Corner deployment THi = 4 ,x = 194 ,y = 342
2015-12-31 15:39:59 : Deployment of 4 Barbarians was Successful!
2015-12-31 15:40:01 :                                       
2015-12-31 15:40:01 : Dropping Only wave of 4 Archers
2015-12-31 15:40:01 : Custom Corner deployment THi = 4 ,x = 194 ,y = 342
2015-12-31 15:40:02 : Deployment of 4 Archers was Successful!
2015-12-31 15:40:04 :                                       
2015-12-31 15:40:05 : Checking if the Gold&Elixir are changing...
2015-12-31 15:40:07 :                                       
2015-12-31 15:40:09 : Checking if the Gold&Elixir are changing...
2015-12-31 15:40:11 :                                       
2015-12-31 15:40:12 : Checking if the Gold&Elixir are changing...
2015-12-31 15:40:14 :                                       
2015-12-31 15:40:14 : Oh Shit! Seems like a trapped TH!     
2015-12-31 15:40:16 : Checking if the Gold&Elixir are changing...
2015-12-31 15:40:18 :                                       
2015-12-31 15:40:18 : Quit wasting troops					 
2015-12-31 15:40:19 : Checking if the Gold&Elixir are changing...
2015-12-31 15:40:21 :                                       
2015-12-31 15:40:21 : ~Finished Attacking, waiting to finish
2015-12-31 15:40:32 : Checking if the Gold&Elixir are changing...
2015-12-31 15:40:34 : 										 
2015-12-31 15:40:34 : Wait few sec before close attack
2015-12-31 15:40:52 : Returning Home
2015-12-31 15:40:56 : Loot: [G]: 28 251 [E]: 21 651 [DE]: 88 [T]: 16
2015-12-31 15:40:56 : Bonus Percentage: 4%
2015-12-31 15:40:56 : Bonus [G]: 104 out of 2 600 [E]: 104 out of 2 600
2015-12-31 15:40:57 : Your league level is: Silver III
2015-12-31 15:40:57 : Stars earned: 1
2015-12-31 15:41:03 : ***[End trying TH snipe while training army]***
2015-12-31 15:41:05 : ====== Waiting for full army ======
2015-12-31 15:41:45 : Training Troops & Spells
2015-12-31 15:41:46 : Checking Army Camp...
2015-12-31 15:41:47 : Total Army Camp capacity: 136/240 (56%)
2015-12-31 15:41:48 :  - No. of Barbarians: 80
2015-12-31 15:41:48 :  - No. of Archers: 57
2015-12-31 15:41:48 :  - Archer Queen available
2015-12-31 15:42:10 : Time Idle: 00:07:47
2015-12-31 15:42:10 : ***[Trying TH snipe while training army]***
2015-12-31 15:42:10 : Going to Attack...
2015-12-31 15:42:16 : ============== Searching For Dead Base ===============
2015-12-31 15:42:16 : ~~~~~~~~~~~~~~~ SEARCH CONDITIONS ~~~~~~~~~~~~~~~~
2015-12-31 15:42:16 : Meet: Gold + Elixir, Trophy
2015-12-31 15:42:16 : ~~~~~~~~~~~~~~ RESOURCE CONDITIONS ~~~~~~~~~~~~~~~
2015-12-31 15:42:16 : Aim: [G+E]: 300000 [D]: 1000 [T]:99 for: Dead Base
2015-12-31 15:42:16 : ~~~~~~~~~~~~~~~ ADVANCED SETTINGS ~~~~~~~~~~~~~~~~
2015-12-31 15:42:16 : THSnipe Combo, 3 Tile(s),  Attack TH Outside custom1
2015-12-31 15:42:16 : Aim: [G]: 125000 [E]: 125000 [D]: 1250
2015-12-31 15:42:16 : ==================================================
2015-12-31 15:42:23 :   1> [G]:  34111 [E]:  18531 [D]:  213 [T]:44 [TH]: 8, Out
2015-12-31 15:42:23 :       TH Outside Found! 
2015-12-31 15:42:23 :       Resource requirement not met for TH snipe 
2015-12-31 15:42:23 :   1> [G]:  34111 [E]:  18531 [D]:  213 [T]:44 [TH]: 8, Out
2015-12-31 15:42:31 :   2> [G]:  24553 [E]:  26001 [D]:  226 [T]:49 [TH]: 9, Out
2015-12-31 15:42:31 :       TH Outside Found! 
2015-12-31 15:42:31 :       Resource requirement not met for TH snipe 
2015-12-31 15:42:31 :   2> [G]:  24553 [E]:  26001 [D]:  226 [T]:49 [TH]: 9, Out
2015-12-31 15:42:38 :   3> [G]: 111763 [E]:  69498 [D]: 2985 [T]:32 [TH]:10, In
2015-12-31 15:42:45 :   4> [G]: 145128 [E]: 103664 [D]:  861 [T]:36 [TH]: 9, In
2015-12-31 15:42:53 :   5> [G]:  34616 [E]: 148847 [D]: 3156 [T]:41 [TH]:10, In
2015-12-31 15:43:01 :   6> [G]:  80875 [E]: 171716 [D]:  629 [T]:52 [TH]: 9, In
2015-12-31 15:43:08 :   7> [G]:  67081 [E]: 300460 [D]: 1265 [T]:53 [TH]: 9, In
2015-12-31 15:43:15 :   8> [G]:  99552 [E]:  62223 [D]:  795 [T]:53 [TH]: 9, In
2015-12-31 15:43:23 :   9> [G]: 339969 [E]: 415885 [D]: 2057 [T]:33 [TH]:10, In
2015-12-31 15:43:30 :  10> [G]: 403639 [E]: 404390 [D]: 1366 [T]:44 [TH]:10, In
2015-12-31 15:43:33 : ***[End trying TH snipe while training army]***
2015-12-31 15:43:35 : ====== Waiting for full army ======
2015-12-31 15:44:08 : Chat Request: any
2015-12-31 15:44:08 : Castle Capacity : 0/30
2015-12-31 15:44:08 : Custom Donation Keyword found: any
2015-12-31 15:44:08 : Donating 4 Barbarians
2015-12-31 15:44:09 : Donating 4 Archers
2015-12-31 15:44:20 : Training Troops & Spells
2015-12-31 15:44:21 : Checking Army Camp...
2015-12-31 15:44:22 : Total Army Camp capacity: 154/240 (64%)
2015-12-31 15:44:23 :  - No. of Barbarians: 90
2015-12-31 15:44:23 :  - No. of Archers: 64
2015-12-31 15:44:23 :  - Archer Queen available
2015-12-31 15:44:46 : Time Idle: 00:08:58
2015-12-31 15:44:46 : ***[Trying TH snipe while training army]***
2015-12-31 15:44:46 : Going to Attack...
2015-12-31 15:44:51 : ============== Searching For Dead Base ===============
2015-12-31 15:44:51 : ~~~~~~~~~~~~~~~ SEARCH CONDITIONS ~~~~~~~~~~~~~~~~
2015-12-31 15:44:51 : Meet: Gold + Elixir, Trophy
2015-12-31 15:44:51 : ~~~~~~~~~~~~~~ RESOURCE CONDITIONS ~~~~~~~~~~~~~~~
2015-12-31 15:44:51 : Aim: [G+E]: 300000 [D]: 1000 [T]:99 for: Dead Base
2015-12-31 15:44:51 : ~~~~~~~~~~~~~~~ ADVANCED SETTINGS ~~~~~~~~~~~~~~~~
2015-12-31 15:44:51 : THSnipe Combo, 3 Tile(s),  Attack TH Outside custom1
2015-12-31 15:44:51 : Aim: [G]: 125000 [E]: 125000 [D]: 1250
2015-12-31 15:44:51 : ==================================================
2015-12-31 15:44:58 :   1> [G]: 115135 [E]:  90276 [D]: 1546 [T]:32 [TH]: 9, In
2015-12-31 15:45:06 :   2> [G]: 403276 [E]: 403266 [D]: 3044 [T]:41 [TH]:10, In
2015-12-31 15:45:16 :   3> [G]: 131544 [E]:  85467 [D]:  492 [T]:41 [TH]: 9, Out
2015-12-31 15:45:16 :       TH Outside Found! 
2015-12-31 15:45:16 :       Resource requirement met for TH snipe 
2015-12-31 15:45:18 : ================ Search Complete =================
2015-12-31 15:45:18 : Initiating attack for: TH Snipe
2015-12-31 15:45:20 : -*-Barbarians 93
2015-12-31 15:45:20 : -*-Archers 66
2015-12-31 15:45:20 : -*-Clan Castle 
2015-12-31 15:45:20 : -*-Queen 
2015-12-31 15:45:20 : -*-Heal Spells 3
2015-12-31 15:45:20 : -*-Rage Spells 1
2015-12-31 15:45:20 : -*-Jump Spells 1
2015-12-31 15:45:20 : -*-Poison Spells 1
2015-12-31 15:45:20 :  ====== Start Attack ====== 
2015-12-31 15:45:22 : Sniping TH with Barch            	 
2015-12-31 15:45:22 : Attacking TH with 1st wave of BARCH   
2015-12-31 15:45:22 : Dropping Only wave of 4 Barbarians
2015-12-31 15:45:23 : Custom Corner deployment THi = 3 ,x = 681 ,y = 301
2015-12-31 15:45:23 : Deployment of 4 Barbarians was Successful!
2015-12-31 15:45:25 :                                       
2015-12-31 15:45:25 : Dropping Only wave of 4 Archers
2015-12-31 15:45:26 : Custom Corner deployment THi = 3 ,x = 681 ,y = 301
2015-12-31 15:45:26 : Deployment of 4 Archers was Successful!
2015-12-31 15:45:28 :                                       
2015-12-31 15:45:29 : Checking if the Gold&Elixir are changing...
2015-12-31 15:45:31 :                                       
2015-12-31 15:45:33 : Checking if the Gold&Elixir are changing...
2015-12-31 15:45:35 :                                       
2015-12-31 15:45:36 : Checking if the Gold&Elixir are changing...
2015-12-31 15:45:38 :                                       
2015-12-31 15:45:38 : Oh Shit! Seems like a trapped TH!     
2015-12-31 15:45:39 : Checking if the Gold&Elixir are changing...
2015-12-31 15:45:42 :                                       
2015-12-31 15:45:42 : Quit wasting troops					 
2015-12-31 15:45:43 : Checking if the Gold&Elixir are changing...
2015-12-31 15:45:45 :                                       
2015-12-31 15:45:45 : ~Finished Attacking, waiting to finish
2015-12-31 15:45:56 : Checking if the Gold&Elixir are changing...
2015-12-31 15:45:58 : 										 
2015-12-31 15:45:58 : Wait few sec before close attack
2015-12-31 15:46:35 : Returning Home
2015-12-31 15:46:38 : Loot: [G]: 0 [E]: 0 [DE]:  [T]: -10
2015-12-31 15:46:38 : Stars earned: 0
2015-12-31 15:46:44 : ***[End trying TH snipe while training army]***
2015-12-31 15:46:46 : ====== Waiting for full army ======
2015-12-31 15:47:26 : Training Troops & Spells
2015-12-31 15:47:27 : Checking Army Camp...
2015-12-31 15:47:28 : Total Army Camp capacity: 177/240 (73%)
2015-12-31 15:47:29 :  - No. of Barbarians: 103
2015-12-31 15:47:29 :  - No. of Archers: 74
2015-12-31 15:47:29 :  - Archer Queen available
2015-12-31 15:47:51 : Time Idle: 00:10:03
2015-12-31 15:47:51 : ***[Trying TH snipe while training army]***
2015-12-31 15:47:51 : Going to Attack...
2015-12-31 15:47:57 : ============== Searching For Dead Base ===============
2015-12-31 15:47:57 : ~~~~~~~~~~~~~~~ SEARCH CONDITIONS ~~~~~~~~~~~~~~~~
2015-12-31 15:47:57 : Meet: Gold + Elixir, Trophy
2015-12-31 15:47:57 : ~~~~~~~~~~~~~~ RESOURCE CONDITIONS ~~~~~~~~~~~~~~~
2015-12-31 15:47:57 : Aim: [G+E]: 300000 [D]: 1000 [T]:99 for: Dead Base
2015-12-31 15:47:57 : ~~~~~~~~~~~~~~~ ADVANCED SETTINGS ~~~~~~~~~~~~~~~~
2015-12-31 15:47:57 : THSnipe Combo, 3 Tile(s),  Attack TH Outside custom1
2015-12-31 15:47:57 : Aim: [G]: 125000 [E]: 125000 [D]: 1250
2015-12-31 15:47:57 : ==================================================
2015-12-31 15:48:07 :   1> [G]:  33241 [E]:  12559 [D]:  104 [T]:49 [TH]: 8, Out
2015-12-31 15:48:07 :       TH Outside Found! 
2015-12-31 15:48:07 :       Resource requirement not met for TH snipe 
2015-12-31 15:48:07 :   1> [G]:  33241 [E]:  12559 [D]:  104 [T]:49 [TH]: 8, Out
2015-12-31 15:48:15 :   2> [G]: 403693 [E]: 358013 [D]: 3072 [T]:44 [TH]:10, In
2015-12-31 15:48:22 :   3> [G]:  27394 [E]:  29011 [D]:  206 [T]:51 [TH]: 9, Out
2015-12-31 15:48:22 :       TH Outside Found! 
2015-12-31 15:48:22 :       Resource requirement not met for TH snipe 
2015-12-31 15:48:22 :   3> [G]:  27394 [E]:  29011 [D]:  206 [T]:51 [TH]: 9, Out
2015-12-31 15:48:30 :   4> [G]: 395286 [E]:  91597 [D]: 1452 [T]:48 [TH]:11, In
2015-12-31 15:48:38 :   5> [G]:  22525 [E]: 115315 [D]: 1871 [T]:52 [TH]:11, In
2015-12-31 15:48:45 :   6> [G]:  90839 [E]: 129033 [D]: 1432 [T]:51 [TH]: 9, In
2015-12-31 15:48:52 :   7> [G]:  56792 [E]: 115599 [D]:  496 [T]:37 [TH]:10, Out
2015-12-31 15:48:53 :       TH Outside Found! 
2015-12-31 15:48:53 :       Resource requirement not met for TH snipe 
2015-12-31 15:48:53 :   7> [G]:  56792 [E]: 115599 [D]:  496 [T]:37 [TH]:10, Out
2015-12-31 15:49:00 :   8> [G]:  81879 [E]:  44570 [D]:  470 [T]:33 [TH]: 9, Out
2015-12-31 15:49:00 :       TH Outside Found! 
2015-12-31 15:49:00 :       Resource requirement not met for TH snipe 
2015-12-31 15:49:00 :   8> [G]:  81879 [E]:  44570 [D]:  470 [T]:33 [TH]: 9, Out
2015-12-31 15:49:07 :   9> [G]:  32811 [E]:  42155 [D]:  456 [T]:47 [TH]: 9, Out
2015-12-31 15:49:07 :       TH Outside Found! 
2015-12-31 15:49:07 :       Resource requirement not met for TH snipe 
2015-12-31 15:49:07 :   9> [G]:  32811 [E]:  42155 [D]:  456 [T]:47 [TH]: 9, Out
2015-12-31 15:49:17 :  10> [G]:  46154 [E]: 140304 [D]: 2048 [T]:51 [TH]: 9, In
2015-12-31 15:49:21 : ***[End trying TH snipe while training army]***
2015-12-31 15:49:23 : ====== Waiting for full army ======
2015-12-31 15:50:05 : Training Troops & Spells
2015-12-31 15:50:05 : Checking Army Camp...
2015-12-31 15:50:07 : Total Army Camp capacity: 202/240 (84%)
2015-12-31 15:50:07 :  - No. of Barbarians: 117
2015-12-31 15:50:07 :  - No. of Archers: 86
2015-12-31 15:50:07 :  - Archer Queen available
2015-12-31 15:50:30 : Time Idle: 00:11:09
2015-12-31 15:50:30 : ***[Trying TH snipe while training army]***
2015-12-31 15:50:30 : Going to Attack...
2015-12-31 15:50:35 : ============== Searching For Dead Base ===============
2015-12-31 15:50:35 : ~~~~~~~~~~~~~~~ SEARCH CONDITIONS ~~~~~~~~~~~~~~~~
2015-12-31 15:50:35 : Meet: Gold + Elixir, Trophy
2015-12-31 15:50:35 : ~~~~~~~~~~~~~~ RESOURCE CONDITIONS ~~~~~~~~~~~~~~~
2015-12-31 15:50:35 : Aim: [G+E]: 300000 [D]: 1000 [T]:99 for: Dead Base
2015-12-31 15:50:35 : ~~~~~~~~~~~~~~~ ADVANCED SETTINGS ~~~~~~~~~~~~~~~~
2015-12-31 15:50:35 : THSnipe Combo, 3 Tile(s),  Attack TH Outside custom1
2015-12-31 15:50:35 : Aim: [G]: 125000 [E]: 125000 [D]: 1250
2015-12-31 15:50:35 : ==================================================
2015-12-31 15:50:42 :   1> [G]:  69722 [E]: 146698 [D]:  597 [T]:44 [TH]: 8, In
2015-12-31 15:50:51 :   2> [G]: 119390 [E]: 310935 [D]: 3196 [T]:48 [TH]:10, In
2015-12-31 15:50:59 :   3> [G]:  69831 [E]:  73095 [D]:  421 [T]:51 [TH]: 9, Out
2015-12-31 15:50:59 :       TH Outside Found! 
2015-12-31 15:50:59 :       Resource requirement not met for TH snipe 
2015-12-31 15:50:59 :   3> [G]:  69831 [E]:  73095 [D]:  421 [T]:51 [TH]: 9, Out
2015-12-31 15:51:08 :   4> [G]: 483633 [E]: 483622 [D]: 3468 [T]:43 [TH]:10, In
2015-12-31 15:51:15 :   5> [G]:  39218 [E]: 169294 [D]: 1215 [T]:50 [TH]: 9, In
2015-12-31 15:51:23 :   6> [G]:  72263 [E]:  83599 [D]:  726 [T]:51 [TH]: 9, In
2015-12-31 15:51:30 :   7> [G]: 168446 [E]: 387360 [D]:  801 [T]:52 [TH]:11, In
2015-12-31 15:51:37 :   8> [G]:  52708 [E]: 310591 [D]: 1010 [T]:46 [TH]: 9, In
2015-12-31 15:51:45 :   9> [G]: 406839 [E]: 133274 [D]: 1561 [T]:45 [TH]:10, In
2015-12-31 15:51:52 :  10> [G]:  58461 [E]:  23509 [D]:  203 [T]:47 [TH]: 9, Out
2015-12-31 15:51:52 :       TH Outside Found! 
2015-12-31 15:51:52 :       Resource requirement not met for TH snipe 
2015-12-31 15:51:52 :  10> [G]:  58461 [E]:  23509 [D]:  203 [T]:47 [TH]: 9, Out
2015-12-31 15:51:55 : ***[End trying TH snipe while training army]***
2015-12-31 15:51:57 : ====== Waiting for full army ======
2015-12-31 15:52:37 : Training Troops & Spells
2015-12-31 15:52:38 : Checking Army Camp...
2015-12-31 15:52:39 : Total Army Camp capacity: 227/240 (94%)
2015-12-31 15:52:40 :  - No. of Barbarians: 131
2015-12-31 15:52:40 :  - No. of Archers: 96
2015-12-31 15:52:40 :  - Archer Queen available
2015-12-31 15:52:41 : Your Army Camps are now Full
2015-12-31 15:52:41 : Calculating Troops before Training new Army.
2015-12-31 15:52:59 : Going to Attack...
2015-12-31 15:53:04 : ============== Searching For Dead Base ===============
2015-12-31 15:53:04 : ~~~~~~~~~~~~~~~ SEARCH CONDITIONS ~~~~~~~~~~~~~~~~
2015-12-31 15:53:04 : Meet: Gold + Elixir
2015-12-31 15:53:04 : ~~~~~~~~~~~~~~ RESOURCE CONDITIONS ~~~~~~~~~~~~~~~
2015-12-31 15:53:04 : Aim: [G+E]: 300000 [D]: 1000 [T]: 0 for: Dead Base
2015-12-31 15:53:04 : ~~~~~~~~~~~~~~~ ADVANCED SETTINGS ~~~~~~~~~~~~~~~~
2015-12-31 15:53:04 : THSnipe Combo, 3 Tile(s),  Attack TH Outside custom1
2015-12-31 15:53:04 : Aim: [G]: 125000 [E]: 125000 [D]: 1250
2015-12-31 15:53:04 : ==================================================
2015-12-31 15:53:12 :   1> [G]: 215283 [E]: 141656 [D]: 2708 [T]:17 [TH]:10, In
2015-12-31 15:53:12 :       Not a Dead Base
2015-12-31 15:53:21 :   2> [G]:  24290 [E]:  72235 [D]:  192 [T]:45 [TH]: 8, Out
2015-12-31 15:53:21 :       TH Outside Found! 
2015-12-31 15:53:21 :       Resource requirement not met for TH snipe 
2015-12-31 15:53:21 :   2> [G]:  24290 [E]:  72235 [D]:  192 [T]:45 [TH]: 8, Out
2015-12-31 15:53:29 :   3> [G]:  53327 [E]: 207023 [D]:  755 [T]:49 [TH]: 9, In
2015-12-31 15:53:36 :   4> [G]:  32139 [E]: 223234 [D]: 3055 [T]:48 [TH]:10, In
2015-12-31 15:53:44 :   5> [G]: 324852 [E]: 474936 [D]: 3700 [T]:47 [TH]:11, In
2015-12-31 15:53:44 :       Not a Dead Base
2015-12-31 15:53:51 :   6> [G]:  67635 [E]:  28918 [D]: 2137 [T]:44 [TH]: 9, In
2015-12-31 15:53:59 :   7> [G]: 403588 [E]: 402055 [D]:   96 [T]:36 [TH]:10, In
2015-12-31 15:53:59 :       Not a Dead Base
2015-12-31 15:54:07 :   8> [G]: 292829 [E]: 413634 [D]: 1615 [T]:47 [TH]:10, In
2015-12-31 15:54:07 :       Not a Dead Base
2015-12-31 15:54:14 : Trying to locate Main Screen
2015-12-31 15:54:15 : Connection lost, Reloading CoC...
2015-12-31 15:54:20 : Waiting for Main Screen
2015-12-31 15:54:21 : Main Screen Located
2015-12-31 15:54:21 : Connection Lost While Searching
2015-12-31 15:54:23 : Trying to locate Main Screen
2015-12-31 15:54:23 : Main Screen Located
2015-12-31 15:54:23 : Restarted after Out of Sync Error: Attack Now
2015-12-31 15:54:23 : Trying to locate Main Screen
2015-12-31 15:54:23 : Main Screen Located
2015-12-31 15:54:23 : Going to Attack...
2015-12-31 15:54:29 : ============== Searching For Dead Base ===============
2015-12-31 15:54:29 : ~~~~~~~~~~~~~~~ SEARCH CONDITIONS ~~~~~~~~~~~~~~~~
2015-12-31 15:54:29 : Meet: Gold + Elixir
2015-12-31 15:54:29 : ~~~~~~~~~~~~~~ RESOURCE CONDITIONS ~~~~~~~~~~~~~~~
2015-12-31 15:54:29 : Aim: [G+E]: 300000 [D]: 1000 [T]: 0 for: Dead Base
2015-12-31 15:54:29 : ~~~~~~~~~~~~~~~ ADVANCED SETTINGS ~~~~~~~~~~~~~~~~
2015-12-31 15:54:29 : THSnipe Combo, 3 Tile(s),  Attack TH Outside custom1
2015-12-31 15:54:29 : Aim: [G]: 125000 [E]: 125000 [D]: 1250
2015-12-31 15:54:29 : ==================================================
2015-12-31 15:54:36 :   9> [G]: 175817 [E]:  49321 [D]: 3297 [T]:38 [TH]:10, In
2015-12-31 15:54:46 :  10> [G]:  63474 [E]:  65354 [D]:  314 [T]:38 [TH]: 8, In
2015-12-31 15:54:53 :  11> [G]:  36768 [E]:  25807 [D]:  384 [T]:41 [TH]: 8, Out
2015-12-31 15:54:53 :       TH Outside Found! 
2015-12-31 15:54:53 :       Resource requirement not met for TH snipe 
2015-12-31 15:54:53 :  11> [G]:  36768 [E]:  25807 [D]:  384 [T]:41 [TH]: 8, Out
2015-12-31 15:55:01 :  12> [G]:  69401 [E]:  59770 [D]:  533 [T]:42 [TH]: 9, Out
2015-12-31 15:55:01 :       TH Outside Found! 
2015-12-31 15:55:01 :       Resource requirement not met for TH snipe 
2015-12-31 15:55:01 :  12> [G]:  69401 [E]:  59770 [D]:  533 [T]:42 [TH]: 9, Out
2015-12-31 15:55:09 :  13> [G]: 283361 [E]:  97489 [D]: 1089 [T]:48 [TH]: 9, In
2015-12-31 15:55:09 :       Not a Dead Base
2015-12-31 15:55:16 :  14> [G]:  84066 [E]:  47529 [D]:  722 [T]:50 [TH]: 9, In
2015-12-31 15:55:24 :  15> [G]:  20109 [E]:  17539 [D]: 1308 [T]:49 [TH]:10, In
2015-12-31 15:55:32 :  16> [G]: 401998 [E]: 290009 [D]: 2062 [T]:41 [TH]:10, In
2015-12-31 15:55:32 :       Not a Dead Base
2015-12-31 15:55:40 :  17> [G]:  39557 [E]: 407541 [D]: 1323 [T]:43 [TH]:10, In
2015-12-31 15:55:40 :       Not a Dead Base
2015-12-31 15:55:48 :  18> [G]:  62526 [E]:  75029 [D]:   92 [T]:42 [TH]: 9, Out
2015-12-31 15:55:48 :       TH Outside Found! 
2015-12-31 15:55:48 :       Resource requirement not met for TH snipe 
2015-12-31 15:55:48 :  18> [G]:  62526 [E]:  75029 [D]:   92 [T]:42 [TH]: 9, Out
2015-12-31 15:55:55 :  19> [G]:  23472 [E]: 204603 [D]:  466 [T]:53 [TH]:10, In
2015-12-31 15:56:03 :  20> [G]: 412479 [E]: 412496 [D]:  867 [T]:52 [TH]:10, In
2015-12-31 15:56:03 :       Not a Dead Base
2015-12-31 15:56:11 :  21> [G]:  94851 [E]: 142565 [D]:  447 [T]:53 [TH]:11, In
2015-12-31 15:56:18 :  22> [G]:  26206 [E]: 218548 [D]:  947 [T]:50 [TH]:11, In
2015-12-31 15:56:28 :  23> [G]: 404099 [E]: 403746 [D]: 2399 [T]:38 [TH]:10, In
2015-12-31 15:56:28 :       Not a Dead Base
2015-12-31 15:56:36 :  24> [G]: 393881 [E]:  83056 [D]: 2607 [T]:37 [TH]:11, In
2015-12-31 15:56:36 :       Not a Dead Base
2015-12-31 15:56:44 :  25> [G]:  79819 [E]:  22315 [D]: 3111 [T]:54 [TH]:10, In
2015-12-31 15:56:51 :  26> [G]:  42143 [E]: 172914 [D]:  560 [T]:53 [TH]:10, In
2015-12-31 15:56:58 :  27> [G]:  17917 [E]:   1797 [D]:  431 [T]:41 [TH]: 8, In
2015-12-31 15:57:06 :  28> [G]: 214124 [E]: 365323 [D]: 3599 [T]:29 [TH]:10, Out
2015-12-31 15:57:06 :       TH Outside Found! 
2015-12-31 15:57:06 :       Resource requirement met for TH snipe 
2015-12-31 15:57:08 : ================ Search Complete =================
2015-12-31 15:57:08 : Initiating attack for: TH Snipe
2015-12-31 15:57:10 : -*-Barbarians 138
2015-12-31 15:57:10 : -*-Archers 102
2015-12-31 15:57:10 : -*-Clan Castle 
2015-12-31 15:57:10 : -*-Queen 
2015-12-31 15:57:10 : -*-Heal Spells 3
2015-12-31 15:57:10 : -*-Rage Spells 1
2015-12-31 15:57:10 : -*-Jump Spells 1
2015-12-31 15:57:10 : -*-Poison Spells 1
2015-12-31 15:57:10 :  ====== Start Attack ====== 
2015-12-31 15:57:12 : Sniping TH with Barch            	 
2015-12-31 15:57:12 : Attacking TH with 1st wave of BARCH   
2015-12-31 15:57:12 : Dropping Only wave of 4 Barbarians
2015-12-31 15:57:13 : Custom Corner deployment THi = 1 ,x = 718 ,y = 324
2015-12-31 15:57:13 : Deployment of 4 Barbarians was Successful!
2015-12-31 15:57:15 :                                       
2015-12-31 15:57:15 : Dropping Only wave of 4 Archers
2015-12-31 15:57:16 : Custom Corner deployment THi = 1 ,x = 718 ,y = 324
2015-12-31 15:57:17 : Deployment of 4 Archers was Successful!
2015-12-31 15:57:19 :                                       
2015-12-31 15:57:20 : Checking if the Gold&Elixir are changing...
2015-12-31 15:57:22 :                                       
2015-12-31 15:57:23 : Checking if the Gold&Elixir are changing...
2015-12-31 15:57:25 :                                       
2015-12-31 15:57:27 : Checking if the Gold&Elixir are changing...
2015-12-31 15:57:29 : Gold & Elixir change detected, waiting...
2015-12-31 15:57:31 : Gold & Elixir change detected, waiting...
2015-12-31 15:57:31 :                                       
2015-12-31 15:57:31 : Oh Shit! Seems like a trapped TH!     
2015-12-31 15:57:32 : Checking if the Gold&Elixir are changing...
2015-12-31 15:57:34 : Gold & Elixir change detected, waiting...
2015-12-31 15:57:37 : Gold & Elixir change detected, waiting...
2015-12-31 15:57:37 :                                       
2015-12-31 15:57:37 : Quit wasting troops					 
2015-12-31 15:57:38 : Checking if the Gold&Elixir are changing...
2015-12-31 15:57:40 : Gold & Elixir change detected, waiting...
2015-12-31 15:57:42 : Gold & Elixir change detected, waiting...
2015-12-31 15:57:42 :                                       
2015-12-31 15:57:42 : ~Finished Attacking, waiting to finish
2015-12-31 15:57:43 : Townhall has been destroyed!
2015-12-31 15:57:44 : Bot was Paused!
2015-12-31 15:58:44 : Bot was Resumed.
2015-12-31 15:58:45 : Wait few sec before close attack
2015-12-31 15:58:51 : Returning Home
2015-12-31 15:58:55 : Loot: [G]: 200 607 [E]: 221 967 [DE]: 2 381 [T]: 19
2015-12-31 15:58:55 : Bonus Percentage: 87%
2015-12-31 15:58:56 : Bonus [G]: 2 262 out of 2 600 [E]: 2 262 out of 2 600
2015-12-31 15:58:56 : Your league level is: Silver III
2015-12-31 15:58:56 : Stars earned: 2
2015-12-31 15:59:04 : Trying to locate Main Screen
2015-12-31 15:59:04 : Main Screen Located
2015-12-31 15:59:06 : Village Report
2015-12-31 15:59:06 : No. of Free/Total Builders: 0/5
2015-12-31 15:59:06 :  [T]: 890
2015-12-31 15:59:06 :  [G]: 4 204 511 [E]: 4 398 178 [D]: 144 439 [GEM]: 4 497
2015-12-31 15:59:07 : Collecting Resources
