2015-12-28 19:52:06 :  My Bot v5.0.2 860x780 (BlueStacks) Powered by MyBot.run ~
2015-12-28 19:52:06 : MyBot.mod.au3 Script running on WIN_81  X64
2015-12-28 19:52:06 : =================== Bot Start ====================
2015-12-28 19:52:06 : -------------------------  Current Profile: 01 --------------------------
2015-12-28 19:52:07 : Trying to locate Main Screen
2015-12-28 19:52:07 : Main Screen Located
2015-12-28 19:52:08 : Detecting your Buildings..
2015-12-28 19:52:09 : Finding your Clan Level, wait..
2015-12-28 19:52:09 : Found Clan Level: 8
2015-12-28 19:52:11 : Detecting your Village Theme
2015-12-28 19:52:11 : Normal Theme detected
2015-12-28 19:52:12 : Language setting is English: Correct.
2015-12-28 19:52:13 : Trying to locate Main Screen
2015-12-28 19:52:13 : Main Screen Located
2015-12-28 19:52:15 : Village Report
2015-12-28 19:52:15 : No. of Free/Total Builders: 0/5
2015-12-28 19:52:15 :  [T]: 1 135
2015-12-28 19:52:15 :  [G]: 4 545 715 [E]: 6 220 665 [D]: 38 561 [GEM]: 4 732
2015-12-28 19:52:16 : Collecting Resources
2015-12-28 19:52:27 : Chat Request: any
2015-12-28 19:52:27 : Castle Capacity : 24/30
2015-12-28 19:52:27 : Custom Donation Keyword found: any
2015-12-28 19:52:34 : Could not Find the Donation Window!!
2015-12-28 19:52:35 : Chat Request: an
2015-12-28 19:52:35 : Castle Capacity : 20/30
2015-12-28 19:52:38 : Training Troops & Spells
2015-12-28 19:52:38 : Checking Army Camp...
2015-12-28 19:52:40 : Total Army Camp capacity: 240/240 (100%)
2015-12-28 19:52:42 :  - No. of Barbarians: 144
2015-12-28 19:52:42 :  - No. of Archers: 96
2015-12-28 19:52:42 : Barracks and Spell factory status: 
2015-12-28 19:52:42 : - Barracks detected: 4 | Available: 4 | Upgrading: 0
2015-12-28 19:52:42 : - Dark Barracks detected: 2 | Available: 2 | Upgrading: 0
2015-12-28 19:52:42 : - Spell factory detected: 1 | Available: 1 | Upgrading: 0
2015-12-28 19:52:42 : - Dark Spell factory detected: 1 | Available: 1 | Upgrading: 0
2015-12-28 19:52:43 : Your Army Camps are now Full
2015-12-28 19:52:43 : Calculating Troops before Training new Army.
2015-12-28 19:53:14 : Going to Attack...
2015-12-28 19:53:20 : ============== Searching For Dead Base ===============
2015-12-28 19:53:20 : ~~~~~~~~~~~~~~~ SEARCH CONDITIONS ~~~~~~~~~~~~~~~~
2015-12-28 19:53:20 : Meet: Gold + Elixir, Dark
2015-12-28 19:53:20 : Meet One and Attack!
2015-12-28 19:53:20 : ~~~~~~~~~~~~~~ RESOURCE CONDITIONS ~~~~~~~~~~~~~~~
2015-12-28 19:53:20 : Aim: [G+E]: 300000 [D]: 1000 [T]: 0 for: Dead Base
2015-12-28 19:53:20 : ============== Searching For Live Base ===============
2015-12-28 19:53:20 : ~~~~~~~~~~~~~~~ SEARCH CONDITIONS ~~~~~~~~~~~~~~~~
2015-12-28 19:53:20 : Meet: Gold + Elixir, Dark, Weak Base(Mortar: 7, WizTower: 7)
2015-12-28 19:53:20 : ~~~~~~~~~~~~~~ RESOURCE CONDITIONS ~~~~~~~~~~~~~~~
2015-12-28 19:53:20 : Aim: [G+E]: 200000 [D]: 1000 [T]: 0 for: Live Base
2015-12-28 19:53:20 : ~~~~~~~~~~~~~~~ ADVANCED SETTINGS ~~~~~~~~~~~~~~~~
2015-12-28 19:53:20 : THSnipe Combo, 3 Tile(s),  Attack TH Outside custom1
2015-12-28 19:53:20 : Aim: [G]: 100000 [E]: 100000 [D]: 1000
2015-12-28 19:53:20 : ==================================================
2015-12-28 19:53:26 :   1> [G]: 222936 [E]:  74451 [D]:  290 [T]:33 [TH]:10, In
2015-12-28 19:53:35 :   2> [G]: 127065 [E]: 402547 [D]: 3015 [T]:29 [TH]:10, In
2015-12-28 19:53:35 :       Not a Weak Base for Live Base, Not a Dead Base
2015-12-28 19:53:42 :   3> [G]:  19509 [E]:  28470 [D]:  729 [T]:17 [TH]: 8, In
2015-12-28 19:53:52 :   4> [G]: 199016 [E]:  88109 [D]: 3460 [T]:33 [TH]:10, In
2015-12-28 19:53:52 :       Not a Weak Base for Live Base, Not a Dead Base
2015-12-28 19:54:00 :   5> [G]:  40178 [E]: 152543 [D]: 1215 [T]:33 [TH]: 9, In
2015-12-28 19:54:00 :       Not a Dead Base
2015-12-28 19:54:11 :   6> [G]: 186263 [E]: 112434 [D]: 2068 [T]:25 [TH]: 9, In
2015-12-28 19:54:11 :       Not a Weak Base for Live Base, Not a Dead Base
2015-12-28 19:54:19 :   7> [G]:  86172 [E]:  19328 [D]: 1005 [T]:28 [TH]: 9, Out
2015-12-28 19:54:19 :       TH Outside Found! 
2015-12-28 19:54:19 :       Resource requirement met for TH snipe 
2015-12-28 19:54:21 : ================ Search Complete =================
2015-12-28 19:54:21 : Initiating attack for: TH Snipe
2015-12-28 19:54:23 : -*-Barbarians 144
2015-12-28 19:54:23 : -*-Archers 96
2015-12-28 19:54:23 : -*-Clan Castle 
2015-12-28 19:54:23 : -*-Heal Spells 3
2015-12-28 19:54:23 : -*-Rage Spells 1
2015-12-28 19:54:23 : -*-Jump Spells 1
2015-12-28 19:54:23 : -*-Poison Spells 1
2015-12-28 19:54:23 :  ====== Start Attack ====== 
2015-12-28 19:54:25 : Sniping TH with Barch            	 
2015-12-28 19:54:25 : Attacking TH with 1st wave of BARCH   
2015-12-28 19:54:25 : Dropping First wave of 16 Barbarians
2015-12-28 19:54:26 : Custom Center Bottom deployment THi = 15 ,x = 449 ,y = 518
2015-12-28 19:54:28 : Deployment of 16 Barbarians was Successful!
2015-12-28 19:54:30 :                                       
2015-12-28 19:54:30 : Dropping First wave of 16 Archers
2015-12-28 19:54:30 : Custom Center Bottom deployment THi = 15 ,x = 449 ,y = 518
2015-12-28 19:54:32 : Deployment of 16 Archers was Successful!
2015-12-28 19:54:34 :                                       
2015-12-28 19:54:35 : Checking if the Gold&Elixir are changing...
2015-12-28 19:54:38 :                                       
2015-12-28 19:54:39 : Checking if the Gold&Elixir are changing...
2015-12-28 19:54:41 :                                       
2015-12-28 19:54:41 : Townhall has been destroyed!
2015-12-28 19:54:43 : Wait few sec before close attack
2015-12-28 19:54:49 : Returning Home
