2015-12-27 18:32:48 :  My Bot v5.0.2 860x780 (BlueStacks) Powered by MyBot.run ~
2015-12-27 18:32:48 : MyBot.mod.au3 Script running on WIN_81  X64
2015-12-27 18:32:48 : =================== Bot Start ====================
2015-12-27 18:32:48 : -------------------------  Current Profile: 01 --------------------------
2015-12-27 18:32:48 : Trying to locate Main Screen
2015-12-27 18:32:48 : Main Screen Located
2015-12-27 18:32:49 : Detecting your Buildings..
2015-12-27 18:32:50 : Finding your Clan Level, wait..
2015-12-27 18:32:51 : Found Clan Level: 8
2015-12-27 18:32:53 : Detecting your Village Theme
2015-12-27 18:32:53 : Normal Theme detected
2015-12-27 18:32:54 : Language setting is English: Correct.
2015-12-27 18:32:55 : Trying to locate Main Screen
2015-12-27 18:32:55 : Main Screen Located
2015-12-27 18:32:56 : Village Report
2015-12-27 18:32:56 : No. of Free/Total Builders: 0/5
2015-12-27 18:32:56 :  [T]: 897
2015-12-27 18:32:57 :  [G]: 7 033 060 [E]: 4 667 481 [D]: 148 183 [GEM]: 4 780
2015-12-27 18:32:58 : Collecting Resources
2015-12-27 18:33:06 : Checking if Village needs Rearming..
2015-12-27 18:33:12 : Reloaded Inferno(s)
2015-12-27 18:33:18 : Training Troops & Spells
2015-12-27 18:33:18 : Checking Army Camp...
2015-12-27 18:33:20 : Total Army Camp capacity: 240/240 (100%)
2015-12-27 18:33:20 :  - No. of Barbarians: 152
2015-12-27 18:33:20 :  - No. of Archers: 88
2015-12-27 18:33:20 :  - Barbarian King available
2015-12-27 18:33:20 :  - Archer Queen available
2015-12-27 18:33:21 : Barracks and Spell factory status: 
2015-12-27 18:33:21 : - Barracks detected: 4 | Available: 4 | Upgrading: 0
2015-12-27 18:33:21 : - Dark Barracks detected: 2 | Available: 2 | Upgrading: 0
2015-12-27 18:33:21 : - Spell factory detected: 1 | Available: 1 | Upgrading: 0
2015-12-27 18:33:21 : - Dark Spell factory detected: 1 | Available: 1 | Upgrading: 0
2015-12-27 18:33:22 : Your Army Camps are now Full
2015-12-27 18:33:22 : Calculating Troops before Training new Army.
2015-12-27 18:33:54 : Going to Attack...
2015-12-27 18:34:00 : ============== Searching For Dead Base ===============
2015-12-27 18:34:00 : ~~~~~~~~~~~~~~~ SEARCH CONDITIONS ~~~~~~~~~~~~~~~~
2015-12-27 18:34:00 : Meet: Gold + Elixir, Dark
2015-12-27 18:34:00 : Meet One and Attack!
2015-12-27 18:34:00 : ~~~~~~~~~~~~~~ RESOURCE CONDITIONS ~~~~~~~~~~~~~~~
2015-12-27 18:34:00 : Aim: [G+E]: 250000 [D]: 1000 [T]: 0 for: Dead Base
2015-12-27 18:34:00 : ============== Searching For Live Base ===============
2015-12-27 18:34:00 : ~~~~~~~~~~~~~~~ SEARCH CONDITIONS ~~~~~~~~~~~~~~~~
2015-12-27 18:34:00 : Meet: Gold + Elixir, Dark, Weak Base(Mortar: 7, WizTower: 7)
2015-12-27 18:34:00 : ~~~~~~~~~~~~~~ RESOURCE CONDITIONS ~~~~~~~~~~~~~~~
2015-12-27 18:34:00 : Aim: [G+E]: 200000 [D]: 1000 [T]: 0 for: Live Base
2015-12-27 18:34:00 : ~~~~~~~~~~~~~~~ ADVANCED SETTINGS ~~~~~~~~~~~~~~~~
2015-12-27 18:34:00 : THSnipe Combo, 3 Tile(s),  Attack TH Outside custom1
2015-12-27 18:34:00 : Aim: [G]: 100000 [E]: 100000 [D]: 1000
2015-12-27 18:34:00 : ==================================================
2015-12-27 18:34:09 :   1> [G]: 475310 [E]: 475316 [D]: 3659 [T]:33 [TH]:11, In
2015-12-27 18:34:09 :       Not a Weak Base for Live Base, Not a Dead Base
2015-12-27 18:34:19 :   2> [G]: 280424 [E]:   9819 [D]: 3045 [T]:24 [TH]:10, In
2015-12-27 18:34:19 :       Not a Weak Base for Live Base, Not a Dead Base
2015-12-27 18:34:28 :   3> [G]: 167637 [E]: 111333 [D]:  154 [T]:38 [TH]: 9, In
2015-12-27 18:34:28 :       Not a Dead Base
2015-12-27 18:34:35 :   4> [G]:  36881 [E]:  55934 [D]:  338 [T]:45 [TH]: 8, Out
2015-12-27 18:34:35 :       TH Outside Found! 
2015-12-27 18:34:35 :       Resource requirement not met for TH snipe 
2015-12-27 18:34:35 :   4> [G]:  36881 [E]:  55934 [D]:  338 [T]:45 [TH]: 8, Out
2015-12-27 18:34:43 :   5> [G]:  48634 [E]:  93861 [D]:  580 [T]:46 [TH]: 9, In
2015-12-27 18:34:52 :   6> [G]:  82971 [E]: 266061 [D]: 1385 [T]:46 [TH]:10, In
2015-12-27 18:34:52 :       Not a Weak Base for Live Base, Not a Dead Base
2015-12-27 18:35:00 :   7> [G]: 147662 [E]: 236682 [D]:  541 [T]:17 [TH]: 9, In
2015-12-27 18:35:00 :       Not a Dead Base
2015-12-27 18:35:08 :   8> [G]:  12067 [E]:  49848 [D]:  369 [T]:44 [TH]:11, In
2015-12-27 18:35:15 :   9> [G]:  11989 [E]: 187333 [D]:  194 [T]:48 [TH]: 9, In
2015-12-27 18:35:24 :  10> [G]: 146834 [E]: 215149 [D]: 1216 [T]:32 [TH]:10, Out
2015-12-27 18:35:24 :       TH Outside Found! 
2015-12-27 18:35:24 :       Resource requirement met for TH snipe 
2015-12-27 18:35:26 : ================ Search Complete =================
2015-12-27 18:35:26 : Initiating attack for: TH Snipe
2015-12-27 18:35:28 : -*-Barbarians 152
2015-12-27 18:35:28 : -*-Archers 88
2015-12-27 18:35:28 : -*-Clan Castle 
2015-12-27 18:35:28 : -*-King 
2015-12-27 18:35:28 : -*-Queen 
2015-12-27 18:35:28 : -*-Heal Spells 3
2015-12-27 18:35:28 : -*-Rage Spells 1
2015-12-27 18:35:28 : -*-Jump Spells 1
2015-12-27 18:35:28 : -*-Poison Spells 1
2015-12-27 18:35:28 :  ====== Start Attack ====== 
2015-12-27 18:35:30 : Sniping TH with Barch            	 
2015-12-27 18:35:30 : Attacking TH with 1st wave of BARCH   
2015-12-27 18:35:30 : Dropping Only wave of 5 Barbarians
2015-12-27 18:35:31 : Deployment of 5 Barbarians was Successful!
2015-12-27 18:35:33 :                                       
2015-12-27 18:35:33 : Dropping Only wave of 5 Archers
2015-12-27 18:35:35 : Deployment of 5 Archers was Successful!
2015-12-27 18:35:36 :                                       
2015-12-27 18:35:36 : Checking if the Gold&Elixir are changing for 2 sec...
2015-12-27 18:35:39 : Gold & Elixir change detected, waiting...
2015-12-27 18:35:41 : Gold & Elixir change detected, waiting...
2015-12-27 18:35:43 : Battle has finished
2015-12-27 18:35:44 :                                       
2015-12-27 18:35:44 : Checking if the Gold&Elixir are changing for 2 sec...
2015-12-27 18:35:47 : Battle has finished
2015-12-27 18:35:48 :                                       
2015-12-27 18:35:48 : Checking if the Gold&Elixir are changing for 2 sec...
2015-12-27 18:35:50 : Battle has finished
