2015-12-29 18:17:47 :  My Bot v5.0.2 860x780 (BlueStacks) Powered by MyBot.run ~
2015-12-29 18:17:47 : MyBot.mod.au3 Script running on WIN_81  X64
2015-12-29 18:17:47 : =================== Bot Start ====================
2015-12-29 18:17:47 : -------------------------  Current Profile: 01 --------------------------
2015-12-29 18:17:47 : Trying to locate Main Screen
2015-12-29 18:17:47 : Main Screen Located
2015-12-29 18:17:48 : Detecting your Buildings..
2015-12-29 18:17:49 : Finding your Clan Level, wait..
2015-12-29 18:17:50 : Found Clan Level: 8
2015-12-29 18:17:52 : Detecting your Village Theme
2015-12-29 18:17:52 : Normal Theme detected
2015-12-29 18:17:53 : Language setting is English: Correct.
2015-12-29 18:17:54 : Trying to locate Main Screen
2015-12-29 18:17:54 : Main Screen Located
2015-12-29 18:17:56 : Village Report
2015-12-29 18:17:56 : No. of Free/Total Builders: 0/5
2015-12-29 18:17:56 :  [T]: 911
2015-12-29 18:17:56 :  [G]: 6 980 095 [E]: 7 589 766 [D]: 74 742 [GEM]: 4 713
2015-12-29 18:17:57 : Collecting Resources
2015-12-29 18:18:11 : Training Troops & Spells
2015-12-29 18:18:12 : Checking Army Camp...
2015-12-29 18:18:14 : Total Army Camp capacity: 240/240 (100%)
2015-12-29 18:18:14 :  - No. of Barbarians: 143
2015-12-29 18:18:14 :  - No. of Archers: 97
2015-12-29 18:18:14 :  - Archer Queen available
2015-12-29 18:18:15 : Barracks and Spell factory status: 
2015-12-29 18:18:15 : - Barracks detected: 4 | Available: 4 | Upgrading: 0
2015-12-29 18:18:15 : - Dark Barracks detected: 2 | Available: 2 | Upgrading: 0
2015-12-29 18:18:15 : - Spell factory detected: 1 | Available: 1 | Upgrading: 0
2015-12-29 18:18:15 : - Dark Spell factory detected: 1 | Available: 1 | Upgrading: 0
2015-12-29 18:18:16 : Your Army Camps are now Full
2015-12-29 18:18:16 : Calculating Troops before Training new Army.
2015-12-29 18:18:46 : Going to Attack...
2015-12-29 18:18:52 : ============== Searching For Dead Base ===============
2015-12-29 18:18:52 : ~~~~~~~~~~~~~~~ SEARCH CONDITIONS ~~~~~~~~~~~~~~~~
2015-12-29 18:18:52 : Meet: Gold + Elixir, Dark
2015-12-29 18:18:52 : Meet One and Attack!
2015-12-29 18:18:52 : ~~~~~~~~~~~~~~ RESOURCE CONDITIONS ~~~~~~~~~~~~~~~
2015-12-29 18:18:52 : Aim: [G+E]: 300000 [D]: 1000 [T]: 0 for: Dead Base
2015-12-29 18:18:52 : ============== Searching For Live Base ===============
2015-12-29 18:18:52 : ~~~~~~~~~~~~~~~ SEARCH CONDITIONS ~~~~~~~~~~~~~~~~
2015-12-29 18:18:52 : Meet: Gold + Elixir, Dark, Weak Base(Mortar: 7, WizTower: 7)
2015-12-29 18:18:52 : ~~~~~~~~~~~~~~ RESOURCE CONDITIONS ~~~~~~~~~~~~~~~
2015-12-29 18:18:52 : Aim: [G+E]: 200000 [D]: 1000 [T]: 0 for: Live Base
2015-12-29 18:18:52 : ~~~~~~~~~~~~~~~ ADVANCED SETTINGS ~~~~~~~~~~~~~~~~
2015-12-29 18:18:52 : THSnipe Combo, 3 Tile(s),  Attack TH Outside custom1
2015-12-29 18:18:52 : Aim: [G]: 100000 [E]: 100000 [D]: 1000
2015-12-29 18:18:52 : ==================================================
2015-12-29 18:18:59 :   1> [G]: 229613 [E]: 167661 [D]:  371 [T]:25 [TH]: 9, Out
2015-12-29 18:18:59 :       TH Outside Found! 
2015-12-29 18:18:59 :       Resource requirement met for TH snipe 
2015-12-29 18:19:01 : ================ Search Complete =================
2015-12-29 18:19:01 : Initiating attack for: TH Snipe
2015-12-29 18:19:03 : -*-Barbarians 143
2015-12-29 18:19:03 : -*-Archers 97
2015-12-29 18:19:03 : -*-Clan Castle 
2015-12-29 18:19:03 : -*-Queen 
2015-12-29 18:19:03 : -*-Heal Spells 3
2015-12-29 18:19:03 : -*-Rage Spells 1
2015-12-29 18:19:03 : -*-Jump Spells 1
2015-12-29 18:19:03 : -*-Poison Spells 1
2015-12-29 18:19:03 :  ====== Start Attack ====== 
2015-12-29 18:19:05 : Sniping TH with Barch            	 
2015-12-29 18:19:05 : Attacking TH with 1st wave of BARCH   
2015-12-29 18:19:05 : Dropping Only wave of 4 Barbarians
2015-12-29 18:19:06 : Deployment of 4 Barbarians was Successful!
2015-12-29 18:19:08 :                                       
2015-12-29 18:19:08 : Dropping Only wave of 4 Archers
2015-12-29 18:19:10 : Deployment of 4 Archers was Successful!
2015-12-29 18:19:11 :                                       
2015-12-29 18:19:13 : Checking if the Gold&Elixir are changing...
2015-12-29 18:19:15 :                                       
2015-12-29 18:19:16 : Checking if the Gold&Elixir are changing...
2015-12-29 18:19:19 :                                       
2015-12-29 18:19:20 : Checking if the Gold&Elixir are changing...
2015-12-29 18:19:22 :                                       
2015-12-29 18:19:22 : Oh Shit! Seems like a trapped TH!     
2015-12-29 18:19:23 : Checking if the Gold&Elixir are changing...
2015-12-29 18:19:26 :                                       
2015-12-29 18:19:26 : Quit wasting troops					 
2015-12-29 18:19:27 : Checking if the Gold&Elixir are changing...
2015-12-29 18:19:29 : Bot was Paused!
2015-12-29 18:19:50 : Bot was Resumed.
2015-12-29 18:19:51 : Gold & Elixir change detected, waiting...
2015-12-29 18:19:53 : Gold & Elixir change detected, waiting...
2015-12-29 18:19:53 :                                       
2015-12-29 18:19:53 : Townhall has been destroyed!
2015-12-29 18:19:55 : Wait few sec before close attack
2015-12-29 18:20:00 : Returning Home
2015-12-29 18:20:04 : Loot: [G]: 45 676 [E]: 33 378 [DE]: 72 [T]: 8
2015-12-29 18:20:05 : Bonus Percentage: 3%
2015-12-29 18:20:05 : Bonus [G]: 78 out of 2 600 [E]: 78 out of 2 600
2015-12-29 18:20:05 : Your league level is: Silver III
2015-12-29 18:20:06 : Stars earned: 1
2015-12-29 18:20:14 : Trying to locate Main Screen
2015-12-29 18:20:14 : Main Screen Located
2015-12-29 18:20:15 : Village Report
2015-12-29 18:20:16 : No. of Free/Total Builders: 0/5
2015-12-29 18:20:16 :  [T]: 919
2015-12-29 18:20:16 :  [G]: 7 024 949 [E]: 7 587 972 [D]: 74 814 [GEM]: 4 713
2015-12-29 18:20:17 : Collecting Resources
2015-12-29 18:20:31 : Training Troops & Spells
2015-12-29 18:20:32 : Checking Army Camp...
2015-12-29 18:20:33 : Total Army Camp capacity: 240/240 (100%)
2015-12-29 18:20:34 :  - No. of Barbarians: 148
2015-12-29 18:20:34 :  - No. of Archers: 92
2015-12-29 18:20:34 :  - Archer Queen available
2015-12-29 18:20:35 : Your Army Camps are now Full
2015-12-29 18:20:35 : Calculating Troops before Training new Army.
2015-12-29 18:20:52 : Going to Attack...
2015-12-29 18:20:57 : ============== Searching For Dead Base ===============
2015-12-29 18:20:57 : ~~~~~~~~~~~~~~~ SEARCH CONDITIONS ~~~~~~~~~~~~~~~~
2015-12-29 18:20:57 : Meet: Gold + Elixir, Dark
2015-12-29 18:20:57 : Meet One and Attack!
2015-12-29 18:20:57 : ~~~~~~~~~~~~~~ RESOURCE CONDITIONS ~~~~~~~~~~~~~~~
2015-12-29 18:20:57 : Aim: [G+E]: 300000 [D]: 1000 [T]: 0 for: Dead Base
2015-12-29 18:20:57 : ============== Searching For Live Base ===============
2015-12-29 18:20:57 : ~~~~~~~~~~~~~~~ SEARCH CONDITIONS ~~~~~~~~~~~~~~~~
2015-12-29 18:20:58 : Meet: Gold + Elixir, Dark, Weak Base(Mortar: 7, WizTower: 7)
2015-12-29 18:20:58 : ~~~~~~~~~~~~~~ RESOURCE CONDITIONS ~~~~~~~~~~~~~~~
2015-12-29 18:20:58 : Aim: [G+E]: 200000 [D]: 1000 [T]: 0 for: Live Base
2015-12-29 18:20:58 : ~~~~~~~~~~~~~~~ ADVANCED SETTINGS ~~~~~~~~~~~~~~~~
2015-12-29 18:20:58 : THSnipe Combo, 3 Tile(s),  Attack TH Outside custom1
2015-12-29 18:20:58 : Aim: [G]: 100000 [E]: 100000 [D]: 1000
2015-12-29 18:20:58 : ==================================================
2015-12-29 18:21:05 :   1> [G]: 396621 [E]: 161566 [D]: 1485 [T]:33 [TH]:10, In
2015-12-29 18:21:05 :       Not a Weak Base for Live Base, Not a Dead Base
2015-12-29 18:21:14 :   2> [G]: 115842 [E]: 409231 [D]: 1370 [T]:33 [TH]:10, In
2015-12-29 18:21:14 :       Not a Weak Base for Live Base, Not a Dead Base
2015-12-29 18:21:22 :   3> [G]:  79608 [E]:  72356 [D]:  404 [T]:37 [TH]: 9, Out
2015-12-29 18:21:22 :       TH Outside Found! 
2015-12-29 18:21:22 :       Resource requirement not met for TH snipe 
2015-12-29 18:21:22 :   3> [G]:  79608 [E]:  72356 [D]:  404 [T]:37 [TH]: 9, Out
2015-12-29 18:21:31 :   4> [G]:  60497 [E]: 227066 [D]: 1103 [T]:35 [TH]: 9, In
2015-12-29 18:21:31 :       Not a Weak Base for Live Base, Not a Dead Base
2015-12-29 18:21:40 :   5> [G]: 476482 [E]: 486494 [D]: 2483 [T]:37 [TH]:11, In
2015-12-29 18:21:40 :       Not a Weak Base for Live Base, Not a Dead Base
2015-12-29 18:21:47 :   6> [G]:  65228 [E]: 205666 [D]:  908 [T]:37 [TH]:11, In
2015-12-29 18:21:56 :   7> [G]:  28101 [E]: 274461 [D]: 1963 [T]:41 [TH]: 9, In
2015-12-29 18:21:56 :       Not a Weak Base for Live Base, Not a Dead Base
2015-12-29 18:22:05 :   8> [G]: 409917 [E]:  40318 [D]: 3115 [T]:44 [TH]:10, In
2015-12-29 18:22:05 :       Not a Weak Base for Live Base, Not a Dead Base
2015-12-29 18:22:13 :   9> [G]:  56134 [E]:  95215 [D]:  700 [T]:41 [TH]: 9, Out
2015-12-29 18:22:13 :       TH Outside Found! 
2015-12-29 18:22:13 :       Resource requirement not met for TH snipe 
2015-12-29 18:22:14 :   9> [G]:  56134 [E]:  95215 [D]:  700 [T]:41 [TH]: 9, Out
2015-12-29 18:22:23 :  10> [G]: 166095 [E]: 217515 [D]: 4081 [T]:47 [TH]:11, In
2015-12-29 18:22:23 :       Not a Weak Base for Live Base, Not a Dead Base
2015-12-29 18:22:30 :  11> [G]:  88127 [E]:  42459 [D]:  924 [T]:44 [TH]: 9, Out
2015-12-29 18:22:30 :       TH Outside Found! 
2015-12-29 18:22:30 :       Resource requirement not met for TH snipe 
2015-12-29 18:22:30 :  11> [G]:  88127 [E]:  42459 [D]:  924 [T]:44 [TH]: 9, Out
2015-12-29 18:22:38 :  12> [G]:  42395 [E]:  47439 [D]:  472 [T]:46 [TH]: 9, Out
2015-12-29 18:22:38 :       TH Outside Found! 
2015-12-29 18:22:38 :       Resource requirement not met for TH snipe 
2015-12-29 18:22:38 :  12> [G]:  42395 [E]:  47439 [D]:  472 [T]:46 [TH]: 9, Out
2015-12-29 18:22:47 :  13> [G]: 179228 [E]: 293820 [D]: 1730 [T]:50 [TH]:10, In
2015-12-29 18:22:47 :       Not a Weak Base for Live Base, Not a Dead Base
2015-12-29 18:22:55 :  14> [G]:  13677 [E]:  72422 [D]: 2064 [T]:42 [TH]: 9, In
2015-12-29 18:22:55 :       Not a Dead Base
2015-12-29 18:23:05 :  15> [G]: 398735 [E]: 400687 [D]: 3276 [T]:49 [TH]:10, In
2015-12-29 18:23:05 :       Not a Weak Base for Live Base, Not a Dead Base
2015-12-29 18:23:14 :  16> [G]: 136366 [E]: 280673 [D]: 1128 [T]:46 [TH]:10, In
2015-12-29 18:23:14 :       Not a Weak Base for Live Base, Not a Dead Base
2015-12-29 18:23:21 :  17> [G]: 110500 [E]:   8882 [D]:   97 [T]:42 [TH]: 9, In
2015-12-29 18:23:30 :  18> [G]: 407027 [E]: 336268 [D]: 1065 [T]:44 [TH]:10, In
2015-12-29 18:23:30 :       Not a Weak Base for Live Base, Not a Dead Base
2015-12-29 18:23:38 :  19> [G]:  65358 [E]:  26825 [D]:  330 [T]:49 [TH]: 9, Out
2015-12-29 18:23:38 :       TH Outside Found! 
2015-12-29 18:23:38 :       Resource requirement not met for TH snipe 
2015-12-29 18:23:38 :  19> [G]:  65358 [E]:  26825 [D]:  330 [T]:49 [TH]: 9, Out
2015-12-29 18:23:46 :  20> [G]: 109605 [E]: 103317 [D]:  495 [T]:35 [TH]: 9, In
2015-12-29 18:23:55 :  21> [G]: 423841 [E]: 105283 [D]: 3556 [T]:47 [TH]:11, In
2015-12-29 18:23:55 :       Not a Weak Base for Live Base, Not a Dead Base
2015-12-29 18:24:02 :  22> [G]: 132353 [E]:  87973 [D]:  134 [T]:41 [TH]: 9, In
2015-12-29 18:24:11 :  23> [G]: 261143 [E]:  72218 [D]: 1458 [T]:47 [TH]:10, In
2015-12-29 18:24:11 :       Not a Weak Base for Live Base, Not a Dead Base
2015-12-29 18:24:19 :  24> [G]: 121284 [E]:  85361 [D]:  569 [T]:42 [TH]: 9, Out
2015-12-29 18:24:19 :       TH Outside Found! 
2015-12-29 18:24:19 :       Resource requirement met for TH snipe 
2015-12-29 18:24:20 : ================ Search Complete =================
2015-12-29 18:24:20 : Initiating attack for: TH Snipe
2015-12-29 18:24:22 : -*-Barbarians 148
2015-12-29 18:24:22 : -*-Archers 92
2015-12-29 18:24:22 : -*-Clan Castle 
2015-12-29 18:24:22 : -*-Queen 
2015-12-29 18:24:22 : -*-Heal Spells 3
2015-12-29 18:24:22 : -*-Rage Spells 1
2015-12-29 18:24:22 : -*-Jump Spells 1
2015-12-29 18:24:22 : -*-Poison Spells 1
2015-12-29 18:24:22 :  ====== Start Attack ====== 
2015-12-29 18:24:24 : Sniping TH with Barch            	 
2015-12-29 18:24:24 : Attacking TH with 1st wave of BARCH   
2015-12-29 18:24:25 : Dropping Only wave of 4 Barbarians
2015-12-29 18:24:26 : Deployment of 4 Barbarians was Successful!
2015-12-29 18:24:28 :                                       
2015-12-29 18:24:28 : Dropping Only wave of 4 Archers
2015-12-29 18:24:29 : Deployment of 4 Archers was Successful!
2015-12-29 18:24:31 :                                       
2015-12-29 18:24:32 : Checking if the Gold&Elixir are changing...
2015-12-29 18:24:34 :                                       
2015-12-29 18:24:36 : Checking if the Gold&Elixir are changing...
2015-12-29 18:24:38 :                                       
2015-12-29 18:24:39 : Checking if the Gold&Elixir are changing...
2015-12-29 18:24:41 :                                       
2015-12-29 18:24:41 : Oh Shit! Seems like a trapped TH!     
2015-12-29 18:24:43 : Checking if the Gold&Elixir are changing...
2015-12-29 18:24:45 :                                       
2015-12-29 18:24:45 : Quit wasting troops					 
2015-12-29 18:24:46 : Checking if the Gold&Elixir are changing...
2015-12-29 18:24:49 :                                       
2015-12-29 18:24:49 : ~Finished Attacking, waiting to finish
2015-12-29 18:24:56 : Townhall has been destroyed!
2015-12-29 18:24:57 : Wait few sec before close attack
2015-12-29 18:25:03 : Returning Home
2015-12-29 18:25:07 : Loot: [G]: 42 [E]: 14 [DE]: 20 [T]: 14
2015-12-29 18:25:07 : Bonus Percentage: 4%
2015-12-29 18:25:07 : Bonus [G]: 104 out of 2 600 [E]: 104 out of 2 600
2015-12-29 18:25:08 : Your league level is: Silver III
2015-12-29 18:25:08 : Stars earned: 1
2015-12-29 18:25:16 : Trying to locate Main Screen
2015-12-29 18:25:16 : Main Screen Located
2015-12-29 18:25:18 : Village Report
2015-12-29 18:25:18 : No. of Free/Total Builders: 0/5
2015-12-29 18:25:18 :  [T]: 933
2015-12-29 18:25:18 :  [G]: 7 003 495 [E]: 7 582 590 [D]: 74 844 [GEM]: 4 713
2015-12-29 18:25:19 : Collecting Resources
2015-12-29 18:25:33 : Training Troops & Spells
2015-12-29 18:25:34 : Checking Army Camp...
2015-12-29 18:25:35 : Total Army Camp capacity: 240/240 (100%)
2015-12-29 18:25:36 :  - No. of Barbarians: 148
2015-12-29 18:25:36 :  - No. of Archers: 92
2015-12-29 18:25:36 :  - Archer Queen available
2015-12-29 18:25:37 : Your Army Camps are now Full
2015-12-29 18:25:37 : Calculating Troops before Training new Army.
2015-12-29 18:25:54 : Going to Attack...
2015-12-29 18:26:00 : ============== Searching For Dead Base ===============
2015-12-29 18:26:00 : ~~~~~~~~~~~~~~~ SEARCH CONDITIONS ~~~~~~~~~~~~~~~~
2015-12-29 18:26:00 : Meet: Gold + Elixir, Dark
2015-12-29 18:26:00 : Meet One and Attack!
2015-12-29 18:26:00 : ~~~~~~~~~~~~~~ RESOURCE CONDITIONS ~~~~~~~~~~~~~~~
2015-12-29 18:26:00 : Aim: [G+E]: 300000 [D]: 1000 [T]: 0 for: Dead Base
2015-12-29 18:26:00 : ============== Searching For Live Base ===============
2015-12-29 18:26:00 : ~~~~~~~~~~~~~~~ SEARCH CONDITIONS ~~~~~~~~~~~~~~~~
2015-12-29 18:26:00 : Meet: Gold + Elixir, Dark, Weak Base(Mortar: 7, WizTower: 7)
2015-12-29 18:26:00 : ~~~~~~~~~~~~~~ RESOURCE CONDITIONS ~~~~~~~~~~~~~~~
2015-12-29 18:26:00 : Aim: [G+E]: 200000 [D]: 1000 [T]: 0 for: Live Base
2015-12-29 18:26:00 : ~~~~~~~~~~~~~~~ ADVANCED SETTINGS ~~~~~~~~~~~~~~~~
2015-12-29 18:26:00 : THSnipe Combo, 3 Tile(s),  Attack TH Outside custom1
2015-12-29 18:26:00 : Aim: [G]: 100000 [E]: 100000 [D]: 1000
2015-12-29 18:26:00 : ==================================================
2015-12-29 18:26:07 :   1> [G]: 294824 [E]: 268642 [D]:  796 [T]:31 [TH]: 9, In
2015-12-29 18:26:07 :       Dead Base Found! 
2015-12-29 18:26:08 : ================ Search Complete =================
2015-12-29 18:26:08 : Initiating attack for: Dead Base
2015-12-29 18:26:10 : -*-Barbarians 148
2015-12-29 18:26:10 : -*-Archers 92
2015-12-29 18:26:10 : -*-Clan Castle 
2015-12-29 18:26:10 : -*-Queen 
2015-12-29 18:26:10 : -*-Heal Spells 3
2015-12-29 18:26:10 : -*-Rage Spells 1
2015-12-29 18:26:10 : -*-Jump Spells 1
2015-12-29 18:26:10 : -*-Poison Spells 1
2015-12-29 18:26:10 :  ====== Start Attack ====== 
2015-12-29 18:26:12 : Attacking four finger fight style
2015-12-29 18:26:13 : Dropping only wave of 148 Barbarians
2015-12-29 18:26:18 : Dropping only wave of 92 Archers
2015-12-29 18:26:22 : Dropping Clan Castle
2015-12-29 18:26:23 : Dropping Queen
2015-12-29 18:26:24 : Dropping left over troops
2015-12-29 18:26:24 : Checking remaining unused troops for: Dead Base
2015-12-29 18:26:26 : -*-Barbarians 2
2015-12-29 18:26:26 : -*-Heal Spells 3
2015-12-29 18:26:26 : -*-Rage Spells 1
2015-12-29 18:26:26 : -*-Jump Spells 1
2015-12-29 18:26:26 : -*-Poison Spells 1
2015-12-29 18:26:26 : Dropping last wave of 2 Barbarians
2015-12-29 18:26:36 : Checking remaining unused troops for: Dead Base
2015-12-29 18:26:38 : -*-Heal Spells 3
2015-12-29 18:26:38 : -*-Rage Spells 1
2015-12-29 18:26:38 : -*-Jump Spells 1
2015-12-29 18:26:38 : -*-Poison Spells 1
2015-12-29 18:26:47 : Finished Attacking, waiting for the battle to end
2015-12-29 18:26:47 : Checking if the battle has finished
2015-12-29 18:26:48 : detected [G]: 27 [E]: 0 [DE]: 119 |  Exit in  8 sec.
2015-12-29 18:26:50 : detected [G]: 27 [E]: 0 [DE]: 119 |  Exit in  7 sec.
2015-12-29 18:26:51 : detected [G]: 27 [E]: 0 [DE]: 119 |  Exit in  6 sec.
2015-12-29 18:26:52 : detected [G]: 27 [E]: 0 [DE]: 119 |  Exit in  5 sec.
2015-12-29 18:26:53 : detected [G]: 27 [E]: 0 [DE]: 119 |  Exit in  3 sec.
2015-12-29 18:26:55 : detected [G]: 27 [E]: 0 [DE]: 119 |  Exit in  2 sec.
2015-12-29 18:26:56 : detected [G]: 27 [E]: 0 [DE]: 119 |  Exit in  1 sec.
2015-12-29 18:26:57 : detected [G]: 27 [E]: 0 [DE]: 119 |  Exit in  0 sec.
2015-12-29 18:26:58 : detected [G]: 26 [E]: 0 [DE]: 119 |  Exit in  0 sec.
2015-12-29 18:26:58 : Gold & Elixir & DE change detected, waiting...
2015-12-29 18:27:01 : detected [G]: 22 [E]: 0 [DE]: 119 |  Exit in  8 sec.
2015-12-29 18:27:01 : Gold & Elixir & DE change detected, waiting...
2015-12-29 18:27:04 : detected [G]: 18 [E]: 0 [DE]: 119 |  Exit in  8 sec.
2015-12-29 18:27:06 : detected [G]: 18 [E]: 0 [DE]: 119 |  Exit in  7 sec.
2015-12-29 18:27:06 : Queen is getting weak, Activating Queen's power
2015-12-29 18:27:07 : detected [G]: 18 [E]: 0 [DE]: 119 |  Exit in  5 sec.
2015-12-29 18:27:09 : detected [G]: 18 [E]: 0 [DE]: 119 |  Exit in  4 sec.
2015-12-29 18:27:11 : detected [G]: 18 [E]: 0 [DE]: 119 |  Exit in  2 sec.
2015-12-29 18:27:13 : detected [G]: 18 [E]: 0 [DE]: 119 |  Exit in  0 sec.
2015-12-29 18:27:14 : detected [G]: 18 [E]: 0 [DE]: 119 |  Exit in  0 sec.
2015-12-29 18:27:14 : Gold & Elixir & DE no change detected, exit
2015-12-29 18:27:14 : Returning Home
2015-12-29 18:27:19 : Loot: [G]: 294 806 [E]: 268 642 [DE]: 677 [T]: 20
2015-12-29 18:27:19 : Bonus Percentage: 100%
2015-12-29 18:27:20 : Bonus [G]: 2 600 [E]: 2 600
2015-12-29 18:27:20 : Your league level is: Silver III
2015-12-29 18:27:20 : Stars earned: 2
2015-12-29 18:27:29 : Trying to locate Main Screen
2015-12-29 18:27:29 : Main Screen Located
2015-12-29 18:27:30 : Village Report
2015-12-29 18:27:30 : No. of Free/Total Builders: 0/5
2015-12-29 18:27:30 :  [T]: 953
2015-12-29 18:27:30 :  [G]: 7 300 240 [E]: 7 850 832 [D]: 75 539 [GEM]: 4 713
2015-12-29 18:27:32 : Collecting Resources
2015-12-29 18:27:46 : Training Troops & Spells
2015-12-29 18:27:46 : Checking Army Camp...
2015-12-29 18:27:48 : Total Army Camp capacity: 22/240 (9%)
2015-12-29 18:27:48 :  - No. of Barbarians: 12
2015-12-29 18:27:49 :  - No. of Archers: 10
2015-12-29 18:28:04 : Requesting Clan Castle Troops
2015-12-29 18:28:14 : ====== Waiting for full army ======
2015-12-29 18:28:54 : Training Troops & Spells
2015-12-29 18:28:55 : Checking Army Camp...
2015-12-29 18:28:56 : Total Army Camp capacity: 32/240 (13%)
2015-12-29 18:28:57 :  - No. of Barbarians: 18
2015-12-29 18:28:57 :  - No. of Archers: 1
2015-12-29 18:29:01 : Cannot get Free/Total Builders
2015-12-29 18:29:07 : Bot was Paused!
2015-12-29 18:32:56 : Bot was Resumed.
2015-12-29 18:33:01 : Time Idle: 00:04:46
2015-12-29 18:33:01 : army Capacity below 20%, not enough for Snipe While Train
2015-12-29 18:33:03 : ====== Waiting for full army ======
2015-12-29 18:33:43 : Training Troops & Spells
2015-12-29 18:33:44 : Checking Army Camp...
2015-12-29 18:33:45 : Total Army Camp capacity: 84/240 (35%)
2015-12-29 18:33:46 :  - No. of Barbarians: 46
2015-12-29 18:33:46 :  - No. of Archers: 38
2015-12-29 18:34:10 : Time Idle: 00:05:54
2015-12-29 18:34:10 : ***[Trying TH snipe while training army]***
2015-12-29 18:34:10 : Going to Attack...
2015-12-29 18:34:16 : ============== Searching For Dead Base ===============
2015-12-29 18:34:16 : ~~~~~~~~~~~~~~~ SEARCH CONDITIONS ~~~~~~~~~~~~~~~~
2015-12-29 18:34:16 : Meet: Gold + Elixir, Dark, Trophy
2015-12-29 18:34:16 : ~~~~~~~~~~~~~~ RESOURCE CONDITIONS ~~~~~~~~~~~~~~~
2015-12-29 18:34:16 : Aim: [G+E]: 300000 [D]: 1000 [T]:99 for: Dead Base
2015-12-29 18:34:16 : ============== Searching For Live Base ===============
2015-12-29 18:34:16 : ~~~~~~~~~~~~~~~ SEARCH CONDITIONS ~~~~~~~~~~~~~~~~
2015-12-29 18:34:16 : Meet: Gold + Elixir, Dark, Trophy, Weak Base(Mortar: 7, WizTower: 7)
2015-12-29 18:34:16 : ~~~~~~~~~~~~~~ RESOURCE CONDITIONS ~~~~~~~~~~~~~~~
2015-12-29 18:34:16 : Aim: [G+E]: 200000 [D]: 1000 [T]:99 for: Live Base
2015-12-29 18:34:16 : ~~~~~~~~~~~~~~~ ADVANCED SETTINGS ~~~~~~~~~~~~~~~~
2015-12-29 18:34:16 : THSnipe Combo, 3 Tile(s),  Attack TH Outside custom1
2015-12-29 18:34:16 : Aim: [G]: 100000 [E]: 100000 [D]: 1000
2015-12-29 18:34:16 : ==================================================
2015-12-29 18:34:22 :   1> [G]:   6414 [E]:  74706 [D]:  779 [T]:37 [TH]:10, In
2015-12-29 18:34:30 :   2> [G]: 416189 [E]:  82806 [D]: 1836 [T]:33 [TH]:10, In
2015-12-29 18:34:39 :   3> [G]:  83991 [E]: 159865 [D]: 1506 [T]:41 [TH]: 9, In
2015-12-29 18:34:47 :   4> [G]: 284101 [E]: 241782 [D]: 2166 [T]:37 [TH]: 9, In
2015-12-29 18:34:54 :   5> [G]: 172484 [E]: 298672 [D]: 3528 [T]:39 [TH]:11, In
2015-12-29 18:35:02 :   6> [G]:  71158 [E]: 101209 [D]:  651 [T]:35 [TH]: 9, Out
2015-12-29 18:35:02 :       TH Outside Found! 
2015-12-29 18:35:02 :       Resource requirement met for TH snipe 
2015-12-29 18:35:03 : ================ Search Complete =================
2015-12-29 18:35:03 : Initiating attack for: TH Snipe
2015-12-29 18:35:05 : -*-Barbarians 50
2015-12-29 18:35:05 : -*-Archers 40
2015-12-29 18:35:05 : -*-Clan Castle 
2015-12-29 18:35:05 : -*-Heal Spells 3
2015-12-29 18:35:05 : -*-Rage Spells 1
2015-12-29 18:35:05 : -*-Jump Spells 1
2015-12-29 18:35:05 : -*-Poison Spells 1
2015-12-29 18:35:05 :  ====== Start Attack ====== 
2015-12-29 18:35:07 : Sniping TH with Barch            	 
2015-12-29 18:35:08 : Attacking TH with 1st wave of BARCH   
2015-12-29 18:35:08 : Dropping Only wave of 4 Barbarians
2015-12-29 18:35:09 : Deployment of 4 Barbarians was Successful!
2015-12-29 18:35:11 :                                       
2015-12-29 18:35:11 : Dropping Only wave of 4 Archers
2015-12-29 18:35:13 : Deployment of 4 Archers was Successful!
2015-12-29 18:35:14 :                                       
2015-12-29 18:35:16 : Checking if the Gold&Elixir are changing...
2015-12-29 18:35:18 :                                       
2015-12-29 18:35:19 : Checking if the Gold&Elixir are changing...
2015-12-29 18:35:21 :                                       
2015-12-29 18:35:23 : Checking if the Gold&Elixir are changing...
2015-12-29 18:35:25 :                                       
2015-12-29 18:35:25 : Oh Shit! Seems like a trapped TH!     
2015-12-29 18:35:26 : Checking if the Gold&Elixir are changing...
2015-12-29 18:35:28 :                                       
2015-12-29 18:35:28 : Quit wasting troops					 
2015-12-29 18:35:30 : Checking if the Gold&Elixir are changing...
2015-12-29 18:35:32 :                                       
2015-12-29 18:35:32 : ~Finished Attacking, waiting to finish
2015-12-29 18:35:43 : Checking if the Gold&Elixir are changing...
2015-12-29 18:35:46 : Gold & Elixir change detected, waiting...
2015-12-29 18:35:47 : Bot was Paused!
2015-12-29 18:35:54 : Bot was Resumed.
2015-12-29 18:35:55 : Gold & Elixir change detected, waiting...
2015-12-29 18:35:57 : Gold & Elixir change detected, waiting...
2015-12-29 18:36:00 : Gold & Elixir change detected, waiting...
2015-12-29 18:36:02 : Gold & Elixir change detected, waiting...
