2015-12-31 15:04:07 :  My Bot v5.0.2 860x780 (BlueStacks) Powered by MyBot.run ~
2015-12-31 15:04:07 : MyBot.mod.au3 Script running on WIN_81  X64
2015-12-31 15:04:07 : =================== Bot Start ====================
2015-12-31 15:04:07 : -------------------------  Current Profile: 01 --------------------------
2015-12-31 15:04:08 : Trying to locate Main Screen
2015-12-31 15:04:08 : Main Screen Located
2015-12-31 15:04:09 : Detecting your Buildings..
2015-12-31 15:04:10 : Finding your Clan Level, wait..
2015-12-31 15:04:10 : Found Clan Level: 8
2015-12-31 15:04:12 : Detecting your Village Theme
2015-12-31 15:04:12 : Normal Theme detected
2015-12-31 15:04:13 : Language setting is English: Correct.
2015-12-31 15:04:14 : Trying to locate Main Screen
2015-12-31 15:04:14 : Main Screen Located
2015-12-31 15:04:16 : Village Report
2015-12-31 15:04:16 : No. of Free/Total Builders: 0/5
2015-12-31 15:04:16 :  [T]: 793
2015-12-31 15:04:16 :  [G]: 3 653 056 [E]: 3 855 775 [D]: 137 702 [GEM]: 4 497
2015-12-31 15:04:17 : Collecting Resources
2015-12-31 15:04:29 : Chat Request: any poison
2015-12-31 15:04:29 : Castle Capacity : 8/30
2015-12-31 15:04:29 : Custom Donation Keyword found: any
2015-12-31 15:04:36 : Could not Find the Donation Window!!
2015-12-31 15:04:37 : Chat Request: any
2015-12-31 15:04:37 : Castle Capacity : 24/35
2015-12-31 15:04:37 : Custom Donation Keyword found: any
2015-12-31 15:04:45 : Could not Find the Donation Window!!
2015-12-31 15:04:47 : Training Troops & Spells
2015-12-31 15:04:48 : Checking Army Camp...
2015-12-31 15:04:49 : Total Army Camp capacity: 240/240 (100%)
2015-12-31 15:04:50 :  - No. of Barbarians: 140
2015-12-31 15:04:50 :  - No. of Archers: 100
2015-12-31 15:04:50 :  - Archer Queen available
2015-12-31 15:04:50 : Barracks and Spell factory status: 
2015-12-31 15:04:50 : - Barracks detected: 4 | Available: 4 | Upgrading: 0
2015-12-31 15:04:50 : - Dark Barracks detected: 2 | Available: 2 | Upgrading: 0
2015-12-31 15:04:50 : - Spell factory detected: 1 | Available: 1 | Upgrading: 0
2015-12-31 15:04:50 : - Dark Spell factory detected: 1 | Available: 1 | Upgrading: 0
2015-12-31 15:04:51 : Your Army Camps are now Full
2015-12-31 15:04:51 : Calculating Troops before Training new Army.
2015-12-31 15:05:23 : Going to Attack...
2015-12-31 15:05:29 : ============== Searching For Dead Base ===============
2015-12-31 15:05:29 : ~~~~~~~~~~~~~~~ SEARCH CONDITIONS ~~~~~~~~~~~~~~~~
2015-12-31 15:05:29 : Meet: Gold + Elixir
2015-12-31 15:05:29 : ~~~~~~~~~~~~~~ RESOURCE CONDITIONS ~~~~~~~~~~~~~~~
2015-12-31 15:05:29 : Aim: [G+E]: 300000 [D]: 1000 [T]: 0 for: Dead Base
2015-12-31 15:05:29 : ~~~~~~~~~~~~~~~ ADVANCED SETTINGS ~~~~~~~~~~~~~~~~
2015-12-31 15:05:29 : THSnipe Combo, 3 Tile(s),  Attack TH Outside custom1
2015-12-31 15:05:29 : Aim: [G]: 150000 [E]: 150000 [D]: 1500
2015-12-31 15:05:29 : ==================================================
2015-12-31 15:05:36 :   1> [G]:  80469 [E]:  50218 [D]:  501 [T]:44 [TH]: 9, Out
2015-12-31 15:05:36 :       TH Outside Found! 
2015-12-31 15:05:36 :       Resource requirement not met for TH snipe 
2015-12-31 15:05:36 :   1> [G]:  80469 [E]:  50218 [D]:  501 [T]:44 [TH]: 9, Out
2015-12-31 15:05:44 :   2> [G]:  24412 [E]:  17852 [D]:  237 [T]:49 [TH]: 8, Out
2015-12-31 15:05:44 :       TH Outside Found! 
2015-12-31 15:05:44 :       Resource requirement not met for TH snipe 
2015-12-31 15:05:44 :   2> [G]:  24412 [E]:  17852 [D]:  237 [T]:49 [TH]: 8, Out
2015-12-31 15:05:54 :   3> [G]: 111964 [E]: 219227 [D]:  634 [T]:50 [TH]: 9, In
2015-12-31 15:05:54 :       Not a Dead Base
2015-12-31 15:06:02 :   4> [G]:  56263 [E]:  51694 [D]:  657 [T]:48 [TH]: 9, Out
2015-12-31 15:06:02 :       TH Outside Found! 
2015-12-31 15:06:02 :       Resource requirement not met for TH snipe 
2015-12-31 15:06:02 :   4> [G]:  56263 [E]:  51694 [D]:  657 [T]:48 [TH]: 9, Out
2015-12-31 15:06:09 :   5> [G]:  21136 [E]:  10524 [D]:   24 [T]:53 [TH]: 8, Out
2015-12-31 15:06:09 :       TH Outside Found! 
2015-12-31 15:06:09 :       Resource requirement not met for TH snipe 
2015-12-31 15:06:09 :   5> [G]:  21136 [E]:  10524 [D]:   24 [T]:53 [TH]: 8, Out
2015-12-31 15:06:18 :   6> [G]: 142693 [E]: 268615 [D]:  861 [T]:54 [TH]: 9, In
2015-12-31 15:06:18 :       Not a Dead Base
2015-12-31 15:06:25 :   7> [G]:  49172 [E]:  47205 [D]:  750 [T]:54 [TH]: 9, Out
2015-12-31 15:06:25 :       TH Outside Found! 
2015-12-31 15:06:25 :       Resource requirement not met for TH snipe 
2015-12-31 15:06:25 :   7> [G]:  49172 [E]:  47205 [D]:  750 [T]:54 [TH]: 9, Out
2015-12-31 15:06:33 :   8> [G]:   7446 [E]:  92607 [D]:  976 [T]:50 [TH]:10, In
2015-12-31 15:06:40 :   9> [G]:  46973 [E]:  11045 [D]:  265 [T]:53 [TH]: 8, In
2015-12-31 15:06:48 :  10> [G]:   2915 [E]: 115511 [D]:  218 [T]:40 [TH]: 9, In
2015-12-31 15:06:56 :  11> [G]: 416246 [E]:  86693 [D]: 1218 [T]:52 [TH]:10, In
2015-12-31 15:06:56 :       Not a Dead Base
2015-12-31 15:07:05 :  12> [G]: 213094 [E]: 301178 [D]: 1779 [T]:56 [TH]: 9, In
2015-12-31 15:07:05 :       Not a Dead Base
2015-12-31 15:07:12 :  13> [G]:  13796 [E]: 121239 [D]:  648 [T]:55 [TH]: 9, In
2015-12-31 15:07:20 :  14> [G]: 366398 [E]: 250577 [D]: 1455 [T]:44 [TH]:10, In
2015-12-31 15:07:20 :       Not a Dead Base
2015-12-31 15:07:28 :  15> [G]:  12220 [E]:  96579 [D]: 1281 [T]:56 [TH]:10, In
2015-12-31 15:07:35 :  16> [G]: 126655 [E]: 127023 [D]:  583 [T]:52 [TH]: 9, In
2015-12-31 15:07:43 :  17> [G]: 124306 [E]: 221178 [D]: 2021 [T]:56 [TH]: 9, In
2015-12-31 15:07:43 :       Not a Dead Base
2015-12-31 15:07:51 :  18> [G]:   3267 [E]:  24678 [D]: 1261 [T]:55 [TH]: 9, In
2015-12-31 15:07:58 :  19> [G]:  50628 [E]: 189197 [D]: 1087 [T]:52 [TH]:10, In
2015-12-31 15:08:05 :  20> [G]:  14496 [E]: 191073 [D]: 2130 [T]:57 [TH]:11, In
2015-12-31 15:08:13 :  21> [G]: 121979 [E]: 192523 [D]:  538 [T]:55 [TH]: 9, In
2015-12-31 15:08:13 :       Not a Dead Base
2015-12-31 15:08:21 :  22> [G]:  44666 [E]:  65821 [D]:  326 [T]:53 [TH]: 9, In
2015-12-31 15:08:29 :  23> [G]:  42469 [E]: 414101 [D]: 2936 [T]:51 [TH]:10, In
2015-12-31 15:08:29 :       Not a Dead Base
2015-12-31 15:08:37 :  24> [G]:  51840 [E]:  40724 [D]:  325 [T]:52 [TH]: 9, In
2015-12-31 15:08:48 : 2nd attempt to detect the TownHall!
2015-12-31 15:08:48 :  25> [G]:  24521 [E]:  97135 [D]: 1370 [T]:58 [TH]:11, In
2015-12-31 15:08:56 :  26> [G]: 178941 [E]: 131488 [D]: 1640 [T]:46 [TH]:11, Out
2015-12-31 15:08:56 :       TH Outside Found! 
2015-12-31 15:08:56 :       Resource requirement met for TH snipe 
2015-12-31 15:08:58 : ================ Search Complete =================
2015-12-31 15:08:58 : Initiating attack for: TH Snipe
2015-12-31 15:09:00 : -*-Barbarians 140
2015-12-31 15:09:00 : -*-Archers 100
2015-12-31 15:09:00 : -*-Clan Castle 
2015-12-31 15:09:00 : -*-Queen 
2015-12-31 15:09:00 : -*-Heal Spells 3
2015-12-31 15:09:00 : -*-Rage Spells 1
2015-12-31 15:09:00 : -*-Jump Spells 1
2015-12-31 15:09:00 : -*-Poison Spells 1
2015-12-31 15:09:00 :  ====== Start Attack ====== 
2015-12-31 15:09:02 : Sniping TH with Barch            	 
2015-12-31 15:09:02 : Attacking TH with 1st wave of BARCH   
2015-12-31 15:09:02 : Dropping Only wave of 4 Barbarians
2015-12-31 15:09:03 : Custom Corner deployment THi = 1 ,x = 715 ,y = 321
2015-12-31 15:09:03 : Deployment of 4 Barbarians was Successful!
2015-12-31 15:09:05 :                                       
2015-12-31 15:09:06 : Dropping Only wave of 4 Archers
2015-12-31 15:09:06 : Custom Corner deployment THi = 1 ,x = 715 ,y = 321
2015-12-31 15:09:07 : Deployment of 4 Archers was Successful!
2015-12-31 15:09:09 :                                       
2015-12-31 15:09:10 : Checking if the Gold&Elixir are changing...
2015-12-31 15:09:12 :                                       
2015-12-31 15:09:13 : Checking if the Gold&Elixir are changing...
2015-12-31 15:09:16 :                                       
2015-12-31 15:09:16 : Bot was Paused!
2015-12-31 15:11:17 : Bot was Resumed.
2015-12-31 15:11:17 : Checking if the Gold&Elixir are changing...
2015-12-31 15:11:20 : Gold & Elixir change detected, waiting...
2015-12-31 15:11:23 : Battle has finished
2015-12-31 15:11:23 :                                       
2015-12-31 15:11:23 : Oh Shit! Seems like a trapped TH!     
2015-12-31 15:11:24 : Checking if the Gold&Elixir are changing...
2015-12-31 15:11:26 : Battle has finished
2015-12-31 15:11:26 :                                       
2015-12-31 15:11:27 : Quit wasting troops					 
2015-12-31 15:11:28 : Checking if the Gold&Elixir are changing...
2015-12-31 15:11:30 : Battle has finished
2015-12-31 15:11:30 :                                       
2015-12-31 15:11:30 : ~Finished Attacking, waiting to finish
2015-12-31 15:11:41 : Checking if the Gold&Elixir are changing...
2015-12-31 15:11:43 : Battle has finished
2015-12-31 15:11:43 : 										 
2015-12-31 15:11:43 : Wait few sec before close attack
2015-12-31 15:12:21 : Returning Home
2015-12-31 15:12:25 : Loot: [G]: 79 471 [E]: 45 209 [DE]: 937 [T]: 15
2015-12-31 15:12:25 : Bonus Percentage: 36%
2015-12-31 15:12:26 : Bonus [G]: 936 out of 2 600 [E]: 936 out of 2 600
2015-12-31 15:12:26 : Your league level is: Silver III
2015-12-31 15:12:26 : Stars earned: 1
2015-12-31 15:12:35 : Trying to locate Main Screen
2015-12-31 15:12:35 : Main Screen Located
2015-12-31 15:12:36 : Village Report
2015-12-31 15:12:36 : No. of Free/Total Builders: 0/5
2015-12-31 15:12:36 :  [T]: 808
2015-12-31 15:12:36 :  [G]: 3 710 063 [E]: 3 895 920 [D]: 138 645 [GEM]: 4 497
2015-12-31 15:12:38 : Collecting Resources
2015-12-31 15:12:49 : Chat Request: any
2015-12-31 15:12:49 : Castle Capacity : 0/30
2015-12-31 15:12:49 : Custom Donation Keyword found: any
2015-12-31 15:12:49 : Donating 4 Barbarians
2015-12-31 15:12:51 : Donating 4 Archers
2015-12-31 15:12:54 : Training Troops & Spells
2015-12-31 15:12:55 : Checking Army Camp...
2015-12-31 15:12:56 : Total Army Camp capacity: 218/240 (90%)
2015-12-31 15:12:57 :  - No. of Barbarians: 128
2015-12-31 15:12:57 :  - No. of Archers: 90
2015-12-31 15:12:57 :  - Archer Queen available
2015-12-31 15:12:58 : Your Army Camps are now Full
2015-12-31 15:12:58 : Calculating Troops before Training new Army.
2015-12-31 15:13:15 : Going to Attack...
2015-12-31 15:13:21 : ============== Searching For Dead Base ===============
2015-12-31 15:13:21 : ~~~~~~~~~~~~~~~ SEARCH CONDITIONS ~~~~~~~~~~~~~~~~
2015-12-31 15:13:21 : Meet: Gold + Elixir
2015-12-31 15:13:21 : ~~~~~~~~~~~~~~ RESOURCE CONDITIONS ~~~~~~~~~~~~~~~
2015-12-31 15:13:21 : Aim: [G+E]: 300000 [D]: 1000 [T]: 0 for: Dead Base
2015-12-31 15:13:21 : ~~~~~~~~~~~~~~~ ADVANCED SETTINGS ~~~~~~~~~~~~~~~~
2015-12-31 15:13:21 : THSnipe Combo, 3 Tile(s),  Attack TH Outside custom1
2015-12-31 15:13:21 : Aim: [G]: 150000 [E]: 150000 [D]: 1500
2015-12-31 15:13:21 : ==================================================
2015-12-31 15:13:28 :   1> [G]:  51438 [E]:  69692 [D]:  253 [T]:41 [TH]: 8, Out
2015-12-31 15:13:28 :       TH Outside Found! 
2015-12-31 15:13:28 :       Resource requirement not met for TH snipe 
2015-12-31 15:13:28 :   1> [G]:  51438 [E]:  69692 [D]:  253 [T]:41 [TH]: 8, Out
2015-12-31 15:13:37 :   2> [G]: 196762 [E]:  92712 [D]: 3605 [T]:48 [TH]:11, In
2015-12-31 15:13:45 :   3> [G]: 117200 [E]:  71811 [D]: 1561 [T]:50 [TH]: 9, In
2015-12-31 15:13:52 :   4> [G]:  15531 [E]:  69615 [D]: 1463 [T]:50 [TH]: 9, Out
2015-12-31 15:13:52 :       TH Outside Found! 
2015-12-31 15:13:52 :       Resource requirement not met for TH snipe 
2015-12-31 15:13:52 :   4> [G]:  15531 [E]:  69615 [D]: 1463 [T]:50 [TH]: 9, Out
2015-12-31 15:14:02 :   5> [G]: 129482 [E]: 314804 [D]: 1923 [T]:54 [TH]:11, In
2015-12-31 15:14:02 :       Not a Dead Base
2015-12-31 15:14:09 :   6> [G]:  70528 [E]:  61069 [D]:  104 [T]:52 [TH]: 9, Out
2015-12-31 15:14:09 :       TH Outside Found! 
2015-12-31 15:14:09 :       Resource requirement not met for TH snipe 
2015-12-31 15:14:09 :   6> [G]:  70528 [E]:  61069 [D]:  104 [T]:52 [TH]: 9, Out
2015-12-31 15:14:17 :   7> [G]:  12476 [E]:  79824 [D]:  157 [T]:51 [TH]: 9, In
2015-12-31 15:14:24 :   8> [G]:  11361 [E]:  66849 [D]: 1613 [T]:53 [TH]: 9, In
2015-12-31 15:14:33 :   9> [G]: 411732 [E]: 389630 [D]: 1047 [T]:50 [TH]:10, In
2015-12-31 15:14:33 :       Not a Dead Base
2015-12-31 15:14:40 :  10> [G]:  53786 [E]: 109417 [D]:  233 [T]:53 [TH]: 9, Out
2015-12-31 15:14:40 :       TH Outside Found! 
2015-12-31 15:14:40 :       Resource requirement not met for TH snipe 
2015-12-31 15:14:40 :  10> [G]:  53786 [E]: 109417 [D]:  233 [T]:53 [TH]: 9, Out
2015-12-31 15:14:47 :  11> [G]: 106720 [E]:  55422 [D]:  709 [T]:53 [TH]: 9, Out
2015-12-31 15:14:47 :       TH Outside Found! 
2015-12-31 15:14:47 :       Resource requirement not met for TH snipe 
2015-12-31 15:14:48 :  11> [G]: 106720 [E]:  55422 [D]:  709 [T]:53 [TH]: 9, Out
2015-12-31 15:14:56 :  12> [G]:  78097 [E]: 288250 [D]: 2123 [T]:44 [TH]: 9, In
2015-12-31 15:14:56 :       Not a Dead Base
2015-12-31 15:15:03 :  13> [G]:  54966 [E]: 118263 [D]: 3262 [T]:51 [TH]:10, In
2015-12-31 15:15:11 :  14> [G]: 196379 [E]: 178323 [D]: 3206 [T]:55 [TH]:11, In
2015-12-31 15:15:11 :       Not a Dead Base
2015-12-31 15:15:19 :  15> [G]:  14421 [E]:  44768 [D]:  438 [T]:55 [TH]: 9, In
2015-12-31 15:15:28 :  16> [G]: 414090 [E]:  79426 [D]:  804 [T]:46 [TH]:10, In
2015-12-31 15:15:28 :       Not a Dead Base
2015-12-31 15:15:35 :  17> [G]:  43545 [E]:  81449 [D]:  895 [T]:53 [TH]: 9, In
2015-12-31 15:15:44 :  18> [G]: 141314 [E]:  39542 [D]:   60 [T]:55 [TH]: 9, In
2015-12-31 15:15:53 :  19> [G]:  20645 [E]: 416126 [D]: 2265 [T]:52 [TH]:10, In
2015-12-31 15:15:53 :       Not a Dead Base
2015-12-31 15:16:01 :  20> [G]:  99264 [E]: 142414 [D]: 2304 [T]:53 [TH]:10, In
2015-12-31 15:16:08 :  21> [G]:  38215 [E]: 105973 [D]:  164 [T]:55 [TH]: 9, In
2015-12-31 15:16:16 :  22> [G]:  84387 [E]:  60905 [D]:  128 [T]:56 [TH]:10, Out
2015-12-31 15:16:16 :       TH Outside Found! 
2015-12-31 15:16:16 :       Resource requirement not met for TH snipe 
2015-12-31 15:16:16 :  22> [G]:  84387 [E]:  60905 [D]:  128 [T]:56 [TH]:10, Out
2015-12-31 15:16:23 :  23> [G]:  46012 [E]:  34344 [D]:    1 [T]:52 [TH]: 8, In
2015-12-31 15:16:30 :  24> [G]:  48421 [E]:  84376 [D]: 2042 [T]:55 [TH]: 9, In
2015-12-31 15:16:38 :  25> [G]:  11341 [E]:   3602 [D]:   13 [T]:54 [TH]: 8, In
2015-12-31 15:16:45 :  26> [G]:  48768 [E]: 172385 [D]:  869 [T]:52 [TH]: 9, In
2015-12-31 15:16:53 :  27> [G]: 401484 [E]: 103125 [D]:  308 [T]:54 [TH]:10, In
2015-12-31 15:16:53 :       Not a Dead Base
2015-12-31 15:17:01 :  28> [G]: 129573 [E]: 125500 [D]:  594 [T]:55 [TH]: 9, In
2015-12-31 15:17:09 :  29> [G]: 250667 [E]: 348446 [D]: 1558 [T]:56 [TH]:11, In
2015-12-31 15:17:09 :       Not a Dead Base
2015-12-31 15:17:17 :  30> [G]: 184895 [E]: 174679 [D]: 4170 [T]:54 [TH]:11, In
2015-12-31 15:17:17 :       Not a Dead Base
2015-12-31 15:17:24 :  31> [G]: 133666 [E]: 135097 [D]: 1248 [T]:56 [TH]:11, In
2015-12-31 15:17:32 :  32> [G]:  23809 [E]: 107998 [D]: 1765 [T]:55 [TH]: 9, In
2015-12-31 15:17:40 :  33> [G]: 403535 [E]: 119109 [D]:  938 [T]:54 [TH]:10, In
2015-12-31 15:17:40 :       Not a Dead Base
2015-12-31 15:17:47 :  34> [G]:  66287 [E]:  51255 [D]: 1143 [T]:54 [TH]:10, In
2015-12-31 15:17:56 :  35> [G]: 347625 [E]: 158952 [D]: 2195 [T]:46 [TH]:10, In
2015-12-31 15:17:56 :       Not a Dead Base
2015-12-31 15:18:03 :  36> [G]:  49685 [E]:  45204 [D]:  384 [T]:52 [TH]: 9, Out
2015-12-31 15:18:03 :       TH Outside Found! 
2015-12-31 15:18:03 :       Resource requirement not met for TH snipe 
2015-12-31 15:18:03 :  36> [G]:  49685 [E]:  45204 [D]:  384 [T]:52 [TH]: 9, Out
2015-12-31 15:18:11 :  37> [G]:  31370 [E]: 127400 [D]:  590 [T]:56 [TH]:10, In
2015-12-31 15:18:19 :  38> [G]:  31159 [E]: 285051 [D]:  751 [T]:54 [TH]:10, In
2015-12-31 15:18:19 :       Not a Dead Base
2015-12-31 15:18:28 :  39> [G]: 111359 [E]: 412144 [D]: 3221 [T]:55 [TH]:10, In
2015-12-31 15:18:28 :       Not a Dead Base
2015-12-31 15:18:35 :  40> [G]:  25992 [E]:  86332 [D]:  170 [T]:57 [TH]:10, In
2015-12-31 15:18:47 :  41> [G]:  27208 [E]: 402747 [D]: 3042 [T]:57 [TH]:10, In
2015-12-31 15:18:47 :       Not a Dead Base
2015-12-31 15:18:54 : Trying to locate Main Screen
2015-12-31 15:18:55 : Connection lost, Reloading CoC...
2015-12-31 15:19:00 : Waiting for Main Screen
2015-12-31 15:19:00 : Main Screen Located
2015-12-31 15:19:00 : Connection Lost While Searching
2015-12-31 15:19:02 : Trying to locate Main Screen
2015-12-31 15:19:02 : Main Screen Located
2015-12-31 15:19:02 : Restarted after Out of Sync Error: Attack Now
2015-12-31 15:19:03 : Trying to locate Main Screen
2015-12-31 15:19:03 : Main Screen Located
2015-12-31 15:19:03 : Going to Attack...
2015-12-31 15:19:08 : ============== Searching For Dead Base ===============
2015-12-31 15:19:08 : ~~~~~~~~~~~~~~~ SEARCH CONDITIONS ~~~~~~~~~~~~~~~~
2015-12-31 15:19:08 : Meet: Gold + Elixir
2015-12-31 15:19:08 : ~~~~~~~~~~~~~~ RESOURCE CONDITIONS ~~~~~~~~~~~~~~~
2015-12-31 15:19:08 : Aim: [G+E]: 300000 [D]: 1000 [T]: 0 for: Dead Base
2015-12-31 15:19:08 : ~~~~~~~~~~~~~~~ ADVANCED SETTINGS ~~~~~~~~~~~~~~~~
2015-12-31 15:19:08 : THSnipe Combo, 3 Tile(s),  Attack TH Outside custom1
2015-12-31 15:19:08 : Aim: [G]: 150000 [E]: 150000 [D]: 1500
2015-12-31 15:19:08 : ==================================================
2015-12-31 15:19:15 :  42> [G]:  11168 [E]:  56236 [D]:  285 [T]:45 [TH]: 8, Out
2015-12-31 15:19:15 :       TH Outside Found! 
2015-12-31 15:19:15 :       Resource requirement not met for TH snipe 
2015-12-31 15:19:15 :  42> [G]:  11168 [E]:  56236 [D]:  285 [T]:45 [TH]: 8, Out
2015-12-31 15:19:22 :  43> [G]:  63883 [E]:  46173 [D]:  577 [T]:47 [TH]: 9, Out
2015-12-31 15:19:22 :       TH Outside Found! 
2015-12-31 15:19:22 :       Resource requirement not met for TH snipe 
2015-12-31 15:19:23 :  43> [G]:  63883 [E]:  46173 [D]:  577 [T]:47 [TH]: 9, Out
2015-12-31 15:19:30 :  44> [G]:  45337 [E]:  59840 [D]: 1204 [T]:49 [TH]: 9, Out
2015-12-31 15:19:30 :       TH Outside Found! 
2015-12-31 15:19:30 :       Resource requirement not met for TH snipe 
2015-12-31 15:19:30 :  44> [G]:  45337 [E]:  59840 [D]: 1204 [T]:49 [TH]: 9, Out
2015-12-31 15:19:38 :  45> [G]:  13423 [E]:  45340 [D]:  148 [T]:50 [TH]: 8, In
2015-12-31 15:19:46 :  46> [G]: 305792 [E]: 321426 [D]: 3125 [T]:48 [TH]:10, Out
2015-12-31 15:19:46 :       Dead Base Found! 
2015-12-31 15:19:48 : ================ Search Complete =================
2015-12-31 15:19:48 : Initiating attack for: Dead Base
2015-12-31 15:19:50 : -*-Barbarians 140
2015-12-31 15:19:50 : -*-Archers 100
2015-12-31 15:19:50 : -*-Clan Castle 
2015-12-31 15:19:50 : -*-Queen 
2015-12-31 15:19:50 : -*-Heal Spells 3
2015-12-31 15:19:50 : -*-Rage Spells 1
2015-12-31 15:19:50 : -*-Jump Spells 1
2015-12-31 15:19:50 : -*-Poison Spells 1
2015-12-31 15:19:50 :  ====== Start Attack ====== 
2015-12-31 15:19:52 : Attacking four finger fight style
2015-12-31 15:19:53 : Dropping only wave of 140 Barbarians
2015-12-31 15:19:56 : Dropping only wave of 100 Archers
2015-12-31 15:19:58 : Dropping Clan Castle
2015-12-31 15:19:59 : Dropping Queen
2015-12-31 15:20:00 : Dropping left over troops
2015-12-31 15:20:00 : Checking remaining unused troops for: Dead Base
2015-12-31 15:20:02 : -*-Barbarians 10
2015-12-31 15:20:02 : -*-Heal Spells 3
2015-12-31 15:20:02 : -*-Rage Spells 1
2015-12-31 15:20:02 : -*-Jump Spells 1
2015-12-31 15:20:02 : -*-Poison Spells 1
2015-12-31 15:20:02 : Dropping last wave of 10 Barbarians
2015-12-31 15:20:11 : Checking remaining unused troops for: Dead Base
2015-12-31 15:20:13 : -*-Heal Spells 3
2015-12-31 15:20:13 : -*-Rage Spells 1
2015-12-31 15:20:13 : -*-Jump Spells 1
2015-12-31 15:20:13 : -*-Poison Spells 1
2015-12-31 15:20:22 : Finished Attacking, waiting for the battle to end
2015-12-31 15:20:22 : Checking if the battle has finished
2015-12-31 15:20:23 : detected [G]: 2523 [E]: 0 [DE]: 196 |  Exit in  8 sec.
2015-12-31 15:20:23 : Gold & Elixir & DE change detected, waiting...
2015-12-31 15:20:26 : detected [G]: 2405 [E]: 0 [DE]: 196 |  Exit in  8 sec.
2015-12-31 15:20:26 : Gold & Elixir & DE change detected, waiting...
2015-12-31 15:20:29 : detected [G]: 1993 [E]: 0 [DE]: 196 |  Exit in  8 sec.
2015-12-31 15:20:29 : Gold & Elixir & DE change detected, waiting...
2015-12-31 15:20:32 : detected [G]: 1985 [E]: 0 [DE]: 196 |  Exit in  8 sec.
2015-12-31 15:20:33 : detected [G]: 1985 [E]: 0 [DE]: 196 |  Exit in  7 sec.
2015-12-31 15:20:34 : detected [G]: 1985 [E]: 0 [DE]: 196 |  Exit in  6 sec.
2015-12-31 15:20:35 : detected [G]: 1985 [E]: 0 [DE]: 196 |  Exit in  5 sec.
2015-12-31 15:20:37 : detected [G]: 1985 [E]: 0 [DE]: 196 |  Exit in  4 sec.
2015-12-31 15:20:38 : detected [G]: 1821 [E]: 0 [DE]: 196 |  Exit in  2 sec.
2015-12-31 15:20:38 : Gold & Elixir & DE change detected, waiting...
2015-12-31 15:20:41 : detected [G]: 1491 [E]: 0 [DE]: 196 |  Exit in  8 sec.
2015-12-31 15:20:41 : Gold & Elixir & DE change detected, waiting...
2015-12-31 15:20:44 : detected [G]: 1328 [E]: 0 [DE]: 196 |  Exit in  8 sec.
2015-12-31 15:20:45 : detected [G]: 1328 [E]: 0 [DE]: 196 |  Exit in  7 sec.
2015-12-31 15:20:46 : detected [G]: 1328 [E]: 0 [DE]: 196 |  Exit in  6 sec.
2015-12-31 15:20:47 : detected [G]: 1314 [E]: 0 [DE]: 196 |  Exit in  5 sec.
2015-12-31 15:20:47 : Gold & Elixir & DE change detected, waiting...
2015-12-31 15:20:50 : detected [G]: 1314 [E]: 0 [DE]: 196 |  Exit in  8 sec.
2015-12-31 15:20:51 : detected [G]: 1314 [E]: 0 [DE]: 196 |  Exit in  7 sec.
2015-12-31 15:20:52 : detected [G]: 1314 [E]: 0 [DE]: 196 |  Exit in  6 sec.
2015-12-31 15:20:54 : detected [G]: 1314 [E]: 0 [DE]: 177 |  Exit in  5 sec.
2015-12-31 15:20:54 : Gold & Elixir & DE change detected, waiting...
2015-12-31 15:20:56 : detected [G]: 1314 [E]: 0 [DE]: 97 |  Exit in  8 sec.
2015-12-31 15:20:56 : Gold & Elixir & DE change detected, waiting...
2015-12-31 15:20:59 : detected [G]: 1314 [E]: 0 [DE]: 0 |  Exit in  8 sec.
2015-12-31 15:20:59 : Gold & Elixir & DE change detected, waiting...
2015-12-31 15:21:02 : detected [G]: 1314 [E]: 0 [DE]: 0 |  Exit in  8 sec.
2015-12-31 15:21:03 : detected [G]: 1314 [E]: 0 [DE]:  |  Exit in  8 sec.
2015-12-31 15:21:03 : Gold & Elixir & DE no change detected, exit
2015-12-31 15:21:03 : Activating Queen's power to restore some health before EndBattle
2015-12-31 15:21:03 : Returning Home
2015-12-31 15:21:08 : Loot: [G]: 304 478 [E]: 321 426 [DE]: 3 125 [T]: 32
2015-12-31 15:21:08 : Bonus Percentage: 100%
2015-12-31 15:21:08 : Bonus [G]: 2 600 [E]: 2 600
2015-12-31 15:21:09 : Your league level is: Silver III
2015-12-31 15:21:09 : Stars earned: 2
2015-12-31 15:21:16 : Trying to locate Main Screen
2015-12-31 15:21:16 : Main Screen Located
2015-12-31 15:21:18 : Village Report
2015-12-31 15:21:18 : No. of Free/Total Builders: 0/5
2015-12-31 15:21:18 :  [T]: 840
2015-12-31 15:21:18 :  [G]: 3 979 966 [E]: 4 198 617 [D]: 141 792 [GEM]: 4 497
2015-12-31 15:21:20 : Collecting Resources
2015-12-31 15:21:32 : Training Troops & Spells
2015-12-31 15:21:33 : Checking Army Camp...
2015-12-31 15:21:34 : Total Army Camp capacity: 26/240 (10%)
2015-12-31 15:21:35 :  - No. of Barbarians: 14
2015-12-31 15:21:35 :  - No. of Archers: 12
2015-12-31 15:21:50 : Requesting Clan Castle Troops
2015-12-31 15:22:00 : ====== Waiting for full army ======
