2016-01-01 15:34:59 :  My Bot v5.0.2 860x780 (BlueStacks) Powered by MyBot.run ~
2016-01-01 15:34:59 : MyBot.mod.au3 Script running on WIN_81  X64
2016-01-01 15:34:59 : =================== Bot Start ====================
2016-01-01 15:34:59 : -------------------------  Current Profile: 01 --------------------------
2016-01-01 15:34:59 : Trying to locate Main Screen
2016-01-01 15:34:59 : Main Screen Located
2016-01-01 15:35:00 : Detecting your Buildings..
2016-01-01 15:35:01 : Finding your Clan Level, wait..
2016-01-01 15:35:04 : Found Clan Level: 8
2016-01-01 15:35:06 : Detecting your Village Theme
2016-01-01 15:35:06 : Normal Theme detected
2016-01-01 15:35:07 : Language setting is English: Correct.
2016-01-01 15:35:08 : Trying to locate Main Screen
2016-01-01 15:35:08 : Main Screen Located
2016-01-01 15:35:10 : Village Report
2016-01-01 15:35:10 : No. of Free/Total Builders: 1/5
2016-01-01 15:35:10 :  [T]: 1 018
2016-01-01 15:35:10 :  [G]: 2 810 690 [E]: 2 398 730 [D]: 40 000 [GEM]: 3 642
2016-01-01 15:35:11 : Collecting Resources
2016-01-01 15:35:24 : Training Troops & Spells
2016-01-01 15:35:25 : Checking Army Camp...
2016-01-01 15:35:26 : Total Army Camp capacity: 240/240 (100%)
2016-01-01 15:35:28 :  - No. of Barbarians: 128
2016-01-01 15:35:29 :  - No. of Archers: 112
2016-01-01 15:35:29 : Barracks and Spell factory status: 
2016-01-01 15:35:29 : - Barracks detected: 4 | Available: 4 | Upgrading: 0
2016-01-01 15:35:29 : - Dark Barracks detected: 2 | Available: 2 | Upgrading: 0
2016-01-01 15:35:29 : - Spell factory detected: 1 | Available: 1 | Upgrading: 0
2016-01-01 15:35:29 : - Dark Spell factory detected: 1 | Available: 1 | Upgrading: 0
2016-01-01 15:35:30 : Your Army Camps are now Full
2016-01-01 15:35:30 : Calculating Troops before Training new Army.
2016-01-01 15:35:59 : Requesting Clan Castle Troops
2016-01-01 15:36:07 : Going to Attack...
2016-01-01 15:36:13 : ============== Searching For Dead Base ===============
2016-01-01 15:36:13 : ~~~~~~~~~~~~~~~ SEARCH CONDITIONS ~~~~~~~~~~~~~~~~
2016-01-01 15:36:13 : Meet: Gold + Elixir
2016-01-01 15:36:13 : ~~~~~~~~~~~~~~ RESOURCE CONDITIONS ~~~~~~~~~~~~~~~
2016-01-01 15:36:13 : Aim: [G+E]: 300000 [D]: 1000 [T]: 0 for: Dead Base
2016-01-01 15:36:13 : ~~~~~~~~~~~~~~~ ADVANCED SETTINGS ~~~~~~~~~~~~~~~~
2016-01-01 15:36:13 : THSnipe Combo, 3 Tile(s),  Attack TH Outside custom1
2016-01-01 15:36:13 : Aim: [G]: 150000 [E]: 150000 [D]: 1500
2016-01-01 15:36:13 : ==================================================
2016-01-01 15:36:20 :   1> [G]: 280980 [E]:  24067 [D]:  398 [T]:32 [TH]: 9, In
2016-01-01 15:36:20 :       Not a Dead Base
2016-01-01 15:36:29 :   2> [G]:  31821 [E]:  92308 [D]:  140 [T]:30 [TH]: 9, In
2016-01-01 15:36:36 :   3> [G]:  93855 [E]: 114335 [D]:  610 [T]:35 [TH]: 9, In
2016-01-01 15:36:44 :   4> [G]:  63905 [E]:  60577 [D]:  560 [T]:36 [TH]:10, In
2016-01-01 15:36:53 :   5> [G]:  16314 [E]:  12101 [D]:  284 [T]:44 [TH]: 9, Out
2016-01-01 15:36:53 :       TH Outside Found! 
2016-01-01 15:36:53 :       Resource requirement not met for TH snipe 
2016-01-01 15:36:53 :   5> [G]:  16314 [E]:  12101 [D]:  284 [T]:44 [TH]: 9, Out
2016-01-01 15:37:00 :   6> [G]:  20554 [E]:  37009 [D]:  804 [T]:42 [TH]: 9, In
2016-01-01 15:37:08 :   7> [G]: 369979 [E]: 341088 [D]:    4 [T]:31 [TH]: 9, Out
2016-01-01 15:37:08 :       Dead Base Found! 
2016-01-01 15:37:09 : ================ Search Complete =================
2016-01-01 15:37:09 : Initiating attack for: Dead Base
2016-01-01 15:37:11 : -*-Barbarians 128
2016-01-01 15:37:11 : -*-Archers 112
2016-01-01 15:37:11 : -*-Heal Spells 3
2016-01-01 15:37:11 : -*-Rage Spells 1
2016-01-01 15:37:11 : -*-Jump Spells 1
2016-01-01 15:37:11 : -*-Poison Spells 1
2016-01-01 15:37:11 :  ====== Start Attack ====== 
2016-01-01 15:37:13 : Attacking four finger fight style
2016-01-01 15:37:15 : Dropping only wave of 128 Barbarians
2016-01-01 15:37:17 : Dropping only wave of 112 Archers
2016-01-01 15:37:21 : Dropping left over troops
2016-01-01 15:37:21 : Checking remaining unused troops for: Dead Base
2016-01-01 15:37:23 : -*-Barbarians 9
2016-01-01 15:37:23 : -*-Heal Spells 3
2016-01-01 15:37:23 : -*-Rage Spells 1
2016-01-01 15:37:23 : -*-Jump Spells 1
2016-01-01 15:37:23 : -*-Poison Spells 1
2016-01-01 15:37:23 : Dropping last wave of 9 Barbarians
2016-01-01 15:37:32 : Checking remaining unused troops for: Dead Base
2016-01-01 15:37:34 : -*-Barbarians 3
2016-01-01 15:37:34 : -*-Heal Spells 3
2016-01-01 15:37:34 : -*-Rage Spells 1
2016-01-01 15:37:34 : -*-Jump Spells 1
2016-01-01 15:37:34 : -*-Poison Spells 1
2016-01-01 15:37:34 : Dropping last wave of 3 Barbarians
2016-01-01 15:37:43 : Finished Attacking, waiting for the battle to end
2016-01-01 15:37:43 : Checking if the battle has finished
2016-01-01 15:37:45 : detected [G]: 16557 [E]: 56938 [DE]: 0 |  Exit in  8 sec.
2016-01-01 15:37:45 : Gold & Elixir & DE change detected, waiting...
2016-01-01 15:37:48 : detected [G]: 16557 [E]: 23388 [DE]: 0 |  Exit in  8 sec.
2016-01-01 15:37:48 : Gold & Elixir & DE change detected, waiting...
2016-01-01 15:37:51 : detected [G]: 16557 [E]: 23388 [DE]: 0 |  Exit in  8 sec.
2016-01-01 15:37:53 : detected [G]: 16557 [E]: 23388 [DE]: 0 |  Exit in  6 sec.
2016-01-01 15:37:55 : detected [G]: 16557 [E]: 23388 [DE]: 0 |  Exit in  5 sec.
2016-01-01 15:37:56 : detected [G]: 16557 [E]: 23388 [DE]: 0 |  Exit in  3 sec.
2016-01-01 15:37:58 : detected [G]: 16557 [E]: 23388 [DE]: 0 |  Exit in  1 sec.
2016-01-01 15:38:00 : detected [G]: 16167 [E]: 23296 [DE]: 0 |  Exit in  0 sec.
2016-01-01 15:38:00 : Gold & Elixir & DE change detected, waiting...
2016-01-01 15:38:03 : detected [G]: 13888 [E]: 22836 [DE]: 0 |  Exit in  8 sec.
2016-01-01 15:38:03 : Gold & Elixir & DE change detected, waiting...
2016-01-01 15:38:06 : detected [G]: 11037 [E]: 20149 [DE]: 0 |  Exit in  8 sec.
2016-01-01 15:38:06 : Gold & Elixir & DE change detected, waiting...
2016-01-01 15:38:10 : detected [G]: 8133 [E]: 17359 [DE]: 0 |  Exit in  8 sec.
2016-01-01 15:38:10 : Gold & Elixir & DE change detected, waiting...
2016-01-01 15:38:13 : detected [G]: 6047 [E]: 15592 [DE]: 0 |  Exit in  8 sec.
2016-01-01 15:38:13 : Gold & Elixir & DE change detected, waiting...
2016-01-01 15:38:16 : detected [G]: 5519 [E]: 15490 [DE]: 0 |  Exit in  8 sec.
2016-01-01 15:38:16 : Gold & Elixir & DE change detected, waiting...
2016-01-01 15:38:20 : detected [G]: 5519 [E]: 14878 [DE]: 0 |  Exit in  8 sec.
2016-01-01 15:38:20 : Gold & Elixir & DE change detected, waiting...
2016-01-01 15:38:23 : detected [G]: 5519 [E]: 14470 [DE]: 0 |  Exit in  8 sec.
2016-01-01 15:38:25 : detected [G]: 5519 [E]: 14470 [DE]: 0 |  Exit in  6 sec.
2016-01-01 15:38:26 : detected [G]: 5519 [E]: 14470 [DE]: 0 |  Exit in  5 sec.
2016-01-01 15:38:28 : detected [G]: 5519 [E]: 14470 [DE]: 0 |  Exit in  3 sec.
2016-01-01 15:38:30 : detected [G]: 5519 [E]: 14470 [DE]: 0 |  Exit in  1 sec.
2016-01-01 15:38:31 : detected [G]: 5519 [E]: 14470 [DE]: 0 |  Exit in  0 sec.
2016-01-01 15:38:31 : Gold & Elixir & DE no change detected, exit
2016-01-01 15:38:31 : Returning Home
2016-01-01 15:38:36 : Loot: [G]: 364 460 [E]: 326 618 [DE]: 4 [T]: 21
2016-01-01 15:38:36 : Bonus Percentage: 100%
2016-01-01 15:38:36 : Bonus [G]: 3 700 [E]: 3 700
2016-01-01 15:38:37 : Your league level is: Silver II
2016-01-01 15:38:37 : Stars earned: 2
2016-01-01 15:38:46 : Trying to locate Main Screen
2016-01-01 15:38:46 : Main Screen Located
2016-01-01 15:38:47 : Village Report
2016-01-01 15:38:47 : No. of Free/Total Builders: 1/5
2016-01-01 15:38:47 :  [T]: 1 039
2016-01-01 15:38:47 :  [G]: 3 175 443 [E]: 2 728 948 [D]: 40 039 [GEM]: 3 642
2016-01-01 15:38:49 : Collecting Resources
2016-01-01 15:39:01 : Training Troops & Spells
2016-01-01 15:39:02 : Checking Army Camp...
2016-01-01 15:39:03 : Total Army Camp capacity: 30/240 (12%)
2016-01-01 15:39:04 :  - No. of Barbarians: 16
2016-01-01 15:39:04 :  - No. of Archers: 14
2016-01-01 15:39:22 : ====== Waiting for full army ======
2016-01-01 15:40:02 : Training Troops & Spells
2016-01-01 15:40:03 : Checking Army Camp...
2016-01-01 15:40:04 : Total Army Camp capacity: 40/240 (16%)
2016-01-01 15:40:05 :  - No. of Barbarians: 22
2016-01-01 15:40:05 :  - No. of Archers: 18
2016-01-01 15:40:27 : Time Idle: 00:01:04
2016-01-01 15:40:27 : ***[Trying TH snipe while training army]***
2016-01-01 15:40:27 : Going to Attack...
2016-01-01 15:40:33 : ============== Searching For Dead Base ===============
2016-01-01 15:40:33 : ~~~~~~~~~~~~~~~ SEARCH CONDITIONS ~~~~~~~~~~~~~~~~
2016-01-01 15:40:33 : Meet: Gold + Elixir, Trophy
2016-01-01 15:40:33 : ~~~~~~~~~~~~~~ RESOURCE CONDITIONS ~~~~~~~~~~~~~~~
2016-01-01 15:40:33 : Aim: [G+E]: 300000 [D]: 1000 [T]:99 for: Dead Base
2016-01-01 15:40:33 : ~~~~~~~~~~~~~~~ ADVANCED SETTINGS ~~~~~~~~~~~~~~~~
2016-01-01 15:40:33 : THSnipe Combo, 3 Tile(s),  Attack TH Outside custom1
2016-01-01 15:40:33 : Aim: [G]: 120000 [E]: 120000 [D]: 1000
2016-01-01 15:40:33 : ==================================================
2016-01-01 15:40:39 :   1> [G]: 266805 [E]: 205272 [D]:  416 [T]:26 [TH]: 9, In
2016-01-01 15:40:46 :   2> [G]: 280629 [E]:  39138 [D]: 2006 [T]:35 [TH]: 9, In
2016-01-01 15:40:54 :   3> [G]:  45509 [E]:  39896 [D]:  522 [T]:39 [TH]: 9, Out
2016-01-01 15:40:54 :       TH Outside Found! 
2016-01-01 15:40:54 :       Resource requirement not met for TH snipe 
2016-01-01 15:40:54 :   3> [G]:  45509 [E]:  39896 [D]:  522 [T]:39 [TH]: 9, Out
2016-01-01 15:41:01 :   4> [G]:  74363 [E]: 265606 [D]: 2144 [T]:41 [TH]: 9, In
2016-01-01 15:41:08 :   5> [G]:  36392 [E]:  78860 [D]:   76 [T]:33 [TH]: 9, In
2016-01-01 15:41:16 :   6> [G]:  38538 [E]:  25177 [D]:  728 [T]:48 [TH]: 9, In
2016-01-01 15:41:23 :   7> [G]: 203803 [E]:  95654 [D]: 3044 [T]:37 [TH]:10, In
2016-01-01 15:41:31 :   8> [G]:  90840 [E]: 401405 [D]: 3076 [T]:36 [TH]:10, In
2016-01-01 15:41:38 :   9> [G]:  62772 [E]:  27119 [D]:  463 [T]:44 [TH]: 9, In
2016-01-01 15:41:46 :  10> [G]:  55015 [E]:  54256 [D]: 1126 [T]:49 [TH]:10, In
2016-01-01 15:41:49 : ***[End trying TH snipe while training army]***
2016-01-01 15:41:51 : ====== Waiting for full army ======
2016-01-01 15:42:31 : Training Troops & Spells
2016-01-01 15:42:31 : Checking Army Camp...
2016-01-01 15:42:33 : Total Army Camp capacity: 65/240 (27%)
2016-01-01 15:42:33 :  - No. of Barbarians: 36
2016-01-01 15:42:33 :  - No. of Archers: 29
2016-01-01 15:42:56 : Time Idle: 00:02:09
2016-01-01 15:42:56 : ***[Trying TH snipe while training army]***
2016-01-01 15:42:56 : Going to Attack...
2016-01-01 15:43:01 : ============== Searching For Dead Base ===============
2016-01-01 15:43:01 : ~~~~~~~~~~~~~~~ SEARCH CONDITIONS ~~~~~~~~~~~~~~~~
2016-01-01 15:43:01 : Meet: Gold + Elixir, Trophy
2016-01-01 15:43:01 : ~~~~~~~~~~~~~~ RESOURCE CONDITIONS ~~~~~~~~~~~~~~~
2016-01-01 15:43:01 : Aim: [G+E]: 300000 [D]: 1000 [T]:99 for: Dead Base
2016-01-01 15:43:01 : ~~~~~~~~~~~~~~~ ADVANCED SETTINGS ~~~~~~~~~~~~~~~~
2016-01-01 15:43:01 : THSnipe Combo, 3 Tile(s),  Attack TH Outside custom1
2016-01-01 15:43:01 : Aim: [G]: 120000 [E]: 120000 [D]: 1000
2016-01-01 15:43:01 : ==================================================
2016-01-01 15:43:07 :   1> [G]: 104587 [E]: 100665 [D]:  744 [T]:33 [TH]: 9, Out
2016-01-01 15:43:07 :       TH Outside Found! 
2016-01-01 15:43:07 :       Resource requirement not met for TH snipe 
2016-01-01 15:43:08 :   1> [G]: 104587 [E]: 100665 [D]:  744 [T]:33 [TH]: 9, Out
2016-01-01 15:43:15 :   2> [G]: 130954 [E]: 139292 [D]: 2489 [T]:16 [TH]:10, Out
2016-01-01 15:43:15 :       TH Outside Found! 
2016-01-01 15:43:15 :       Resource requirement met for TH snipe 
2016-01-01 15:43:16 : ================ Search Complete =================
2016-01-01 15:43:16 : Initiating attack for: TH Snipe
2016-01-01 15:43:18 : -*-Barbarians 38
2016-01-01 15:43:18 : -*-Archers 31
2016-01-01 15:43:18 : -*-Heal Spells 3
2016-01-01 15:43:18 : -*-Rage Spells 1
2016-01-01 15:43:18 : -*-Jump Spells 1
2016-01-01 15:43:18 : -*-Poison Spells 1
2016-01-01 15:43:18 :  ====== Start Attack ====== 
2016-01-01 15:43:20 : Sniping TH with Barch            	 
2016-01-01 15:43:20 : Attacking TH with 1st wave of BARCH   
2016-01-01 15:43:21 : Dropping Only wave of 4 Barbarians
2016-01-01 15:43:21 : Custom Corner deployment THi = 1 ,x = 132 ,y = 324
2016-01-01 15:43:22 : Deployment of 4 Barbarians was Successful!
2016-01-01 15:43:24 :                                       
2016-01-01 15:43:24 : Dropping Only wave of 4 Archers
2016-01-01 15:43:24 : Custom Corner deployment THi = 1 ,x = 132 ,y = 324
2016-01-01 15:43:25 : Deployment of 4 Archers was Successful!
2016-01-01 15:43:27 :                                       
2016-01-01 15:43:28 : Checking if the Gold&Elixir are changing...
2016-01-01 15:43:30 :                                       
2016-01-01 15:43:31 : Checking if the Gold&Elixir are changing...
2016-01-01 15:43:34 :                                       
2016-01-01 15:43:35 : Checking if the Gold&Elixir are changing...
2016-01-01 15:43:37 :                                       
2016-01-01 15:43:37 : Oh Shit! Seems like a trapped TH!     
2016-01-01 15:43:38 : Checking if the Gold&Elixir are changing...
2016-01-01 15:43:41 :                                       
2016-01-01 15:43:41 : Quit wasting troops					 
2016-01-01 15:43:42 : Checking if the Gold&Elixir are changing...
2016-01-01 15:43:44 :                                       
2016-01-01 15:43:44 : ~Finished Attacking, waiting to finish
2016-01-01 15:43:53 : Townhall has been destroyed!
2016-01-01 15:43:54 : Wait few sec before close attack
2016-01-01 15:44:03 : Returning Home
2016-01-01 15:44:07 : Loot: [G]: 13 928 [E]: 14 885 [DE]: 158 [T]: 5
2016-01-01 15:44:07 : Bonus Percentage: 4%
2016-01-01 15:44:07 : Bonus [G]: 148 out of 3 700 [E]: 148 out of 3 700
2016-01-01 15:44:08 : Your league level is: Silver II
2016-01-01 15:44:08 : Stars earned: 1
2016-01-01 15:44:14 : ***[End trying TH snipe while training army]***
2016-01-01 15:44:16 : ====== Waiting for full army ======
2016-01-01 15:44:56 : Training Troops & Spells
2016-01-01 15:44:57 : Checking Army Camp...
2016-01-01 15:44:58 : Total Army Camp capacity: 82/240 (34%)
2016-01-01 15:44:59 :  - No. of Barbarians: 46
2016-01-01 15:44:59 :  - No. of Archers: 36
2016-01-01 15:45:21 : Time Idle: 00:03:14
2016-01-01 15:45:21 : ***[Trying TH snipe while training army]***
2016-01-01 15:45:21 : Going to Attack...
2016-01-01 15:45:27 : ============== Searching For Dead Base ===============
2016-01-01 15:45:27 : ~~~~~~~~~~~~~~~ SEARCH CONDITIONS ~~~~~~~~~~~~~~~~
2016-01-01 15:45:27 : Meet: Gold + Elixir, Trophy
2016-01-01 15:45:27 : ~~~~~~~~~~~~~~ RESOURCE CONDITIONS ~~~~~~~~~~~~~~~
2016-01-01 15:45:27 : Aim: [G+E]: 300000 [D]: 1000 [T]:99 for: Dead Base
2016-01-01 15:45:27 : ~~~~~~~~~~~~~~~ ADVANCED SETTINGS ~~~~~~~~~~~~~~~~
2016-01-01 15:45:27 : THSnipe Combo, 3 Tile(s),  Attack TH Outside custom1
2016-01-01 15:45:27 : Aim: [G]: 120000 [E]: 120000 [D]: 1000
2016-01-01 15:45:27 : ==================================================
2016-01-01 15:45:33 :   1> [G]: 172580 [E]:  98499 [D]: 1335 [T]:30 [TH]:10, In
2016-01-01 15:45:40 :   2> [G]: 457943 [E]: 467946 [D]: 3635 [T]:31 [TH]:11, In
2016-01-01 15:45:48 :   3> [G]:  99177 [E]:  77601 [D]:  894 [T]:27 [TH]: 9, In
2016-01-01 15:45:55 :   4> [G]:  45980 [E]:  62032 [D]:  225 [T]:37 [TH]: 9, Out
2016-01-01 15:45:55 :       TH Outside Found! 
2016-01-01 15:45:55 :       Resource requirement not met for TH snipe 
2016-01-01 15:45:55 :   4> [G]:  45980 [E]:  62032 [D]:  225 [T]:37 [TH]: 9, Out
2016-01-01 15:46:02 :   5> [G]:  26110 [E]:  29210 [D]:  216 [T]:38 [TH]: 9, Out
2016-01-01 15:46:02 :       TH Outside Found! 
2016-01-01 15:46:02 :       Resource requirement not met for TH snipe 
2016-01-01 15:46:02 :   5> [G]:  26110 [E]:  29210 [D]:  216 [T]:38 [TH]: 9, Out
2016-01-01 15:46:11 :   6> [G]:   7722 [E]: 148327 [D]:  678 [T]:44 [TH]: 8, In
2016-01-01 15:46:18 :   7> [G]:  53728 [E]:  38989 [D]:  824 [T]:45 [TH]: 9, Out
2016-01-01 15:46:18 :       TH Outside Found! 
2016-01-01 15:46:18 :       Resource requirement not met for TH snipe 
2016-01-01 15:46:18 :   7> [G]:  53728 [E]:  38989 [D]:  824 [T]:45 [TH]: 9, Out
2016-01-01 15:46:26 :   8> [G]:  93936 [E]: 146805 [D]:  759 [T]:34 [TH]: 8, In
2016-01-01 15:46:33 :   9> [G]:  59516 [E]:  50943 [D]:  295 [T]:34 [TH]: 8, Out
2016-01-01 15:46:33 :       TH Outside Found! 
2016-01-01 15:46:33 :       Resource requirement not met for TH snipe 
2016-01-01 15:46:33 :   9> [G]:  59516 [E]:  50943 [D]:  295 [T]:34 [TH]: 8, Out
2016-01-01 15:46:41 :  10> [G]: 213369 [E]:  90847 [D]: 3671 [T]:48 [TH]:11, In
2016-01-01 15:46:44 : ***[End trying TH snipe while training army]***
2016-01-01 15:46:46 : ====== Waiting for full army ======
2016-01-01 15:47:26 : Training Troops & Spells
2016-01-01 15:47:26 : Checking Army Camp...
2016-01-01 15:47:28 : Total Army Camp capacity: 105/240 (43%)
2016-01-01 15:47:28 :  - No. of Barbarians: 58
2016-01-01 15:47:29 :  - No. of Archers: 47
2016-01-01 15:47:51 : Requesting Clan Castle Troops
2016-01-01 15:47:56 : Time Idle: 00:04:19
2016-01-01 15:47:56 : ***[Trying TH snipe while training army]***
2016-01-01 15:47:56 : Going to Attack...
2016-01-01 15:48:02 : ============== Searching For Dead Base ===============
2016-01-01 15:48:02 : ~~~~~~~~~~~~~~~ SEARCH CONDITIONS ~~~~~~~~~~~~~~~~
2016-01-01 15:48:02 : Meet: Gold + Elixir, Trophy
2016-01-01 15:48:02 : ~~~~~~~~~~~~~~ RESOURCE CONDITIONS ~~~~~~~~~~~~~~~
2016-01-01 15:48:02 : Aim: [G+E]: 300000 [D]: 1000 [T]:99 for: Dead Base
2016-01-01 15:48:02 : ~~~~~~~~~~~~~~~ ADVANCED SETTINGS ~~~~~~~~~~~~~~~~
2016-01-01 15:48:02 : THSnipe Combo, 3 Tile(s),  Attack TH Outside custom1
2016-01-01 15:48:02 : Aim: [G]: 120000 [E]: 120000 [D]: 1000
2016-01-01 15:48:02 : ==================================================
2016-01-01 15:48:08 :   1> [G]:  16878 [E]:  90114 [D]:  513 [T]:39 [TH]: 9, In
2016-01-01 15:48:16 :   2> [G]: 291920 [E]:  90038 [D]:  978 [T]:36 [TH]: 9, In
2016-01-01 15:48:23 :   3> [G]:  67685 [E]:  68587 [D]: 1092 [T]:43 [TH]: 9, In
2016-01-01 15:48:30 :   4> [G]:  31692 [E]:   4426 [D]:  362 [T]:44 [TH]: 8, In
2016-01-01 15:48:38 :   5> [G]: 133904 [E]:  68876 [D]:  121 [T]:45 [TH]: 9, In
2016-01-01 15:48:45 :   6> [G]: 282726 [E]:  69206 [D]:  455 [T]:45 [TH]: 9, In
2016-01-01 15:48:52 :   7> [G]: 130672 [E]: 280762 [D]:  878 [T]:41 [TH]: 9, In
2016-01-01 15:49:00 :   8> [G]: 407074 [E]: 407056 [D]: 5043 [T]:31 [TH]:10, In
2016-01-01 15:49:07 :   9> [G]:  55779 [E]:  71970 [D]:  194 [T]:36 [TH]: 9, Out
2016-01-01 15:49:07 :       TH Outside Found! 
2016-01-01 15:49:07 :       Resource requirement not met for TH snipe 
2016-01-01 15:49:08 :   9> [G]:  55779 [E]:  71970 [D]:  194 [T]:36 [TH]: 9, Out
2016-01-01 15:49:15 :  10> [G]:  50169 [E]:  40970 [D]:   72 [T]:25 [TH]: 8, In
2016-01-01 15:49:18 : ***[End trying TH snipe while training army]***
2016-01-01 15:49:20 : ====== Waiting for full army ======
2016-01-01 15:50:00 : Training Troops & Spells
2016-01-01 15:50:01 : Checking Army Camp...
2016-01-01 15:50:02 : Total Army Camp capacity: 131/240 (54%)
2016-01-01 15:50:03 :  - No. of Barbarians: 72
2016-01-01 15:50:03 :  - No. of Archers: 59
2016-01-01 15:50:25 : Time Idle: 00:05:24
2016-01-01 15:50:25 : ***[Trying TH snipe while training army]***
2016-01-01 15:50:25 : Going to Attack...
2016-01-01 15:50:31 : ============== Searching For Dead Base ===============
2016-01-01 15:50:31 : ~~~~~~~~~~~~~~~ SEARCH CONDITIONS ~~~~~~~~~~~~~~~~
2016-01-01 15:50:31 : Meet: Gold + Elixir, Trophy
2016-01-01 15:50:31 : ~~~~~~~~~~~~~~ RESOURCE CONDITIONS ~~~~~~~~~~~~~~~
2016-01-01 15:50:31 : Aim: [G+E]: 300000 [D]: 1000 [T]:99 for: Dead Base
2016-01-01 15:50:31 : ~~~~~~~~~~~~~~~ ADVANCED SETTINGS ~~~~~~~~~~~~~~~~
2016-01-01 15:50:31 : THSnipe Combo, 3 Tile(s),  Attack TH Outside custom1
2016-01-01 15:50:31 : Aim: [G]: 120000 [E]: 120000 [D]: 1000
2016-01-01 15:50:31 : ==================================================
2016-01-01 15:50:37 :   1> [G]: 202116 [E]: 118265 [D]:  609 [T]:22 [TH]: 9, In
2016-01-01 15:50:44 :   2> [G]:  30394 [E]: 157647 [D]:  586 [T]:37 [TH]: 9, In
2016-01-01 15:50:53 :   3> [G]:  34170 [E]: 403562 [D]:  599 [T]:15 [TH]:10, In
2016-01-01 15:51:01 :   4> [G]: 411811 [E]: 411570 [D]: 4528 [T]:29 [TH]:10, In
2016-01-01 15:51:09 :   5> [G]: 245527 [E]: 240340 [D]:  380 [T]:38 [TH]: 9, In
2016-01-01 15:51:15 : Trying to locate Main Screen
2016-01-01 15:51:16 : Out of Sync Error, Reloading CoC...
2016-01-01 15:51:21 : Waiting for Main Screen
2016-01-01 15:51:21 : Main Screen Located
2016-01-01 15:51:21 : Disconnected At Search Clouds
2016-01-01 15:51:21 : ***[End trying TH snipe while training army]***
2016-01-01 15:51:23 : ====== Waiting for full army ======
2016-01-01 15:52:05 : Training Troops & Spells
2016-01-01 15:52:06 : Checking Army Camp...
2016-01-01 15:52:07 : Total Army Camp capacity: 152/240 (63%)
2016-01-01 15:52:08 :  - No. of Barbarians: 84
2016-01-01 15:52:08 :  - No. of Archers: 68
2016-01-01 15:52:30 : Time Idle: 00:06:31
2016-01-01 15:52:30 : ***[Trying TH snipe while training army]***
2016-01-01 15:52:30 : Going to Attack...
2016-01-01 15:52:36 : ============== Searching For Dead Base ===============
2016-01-01 15:52:36 : ~~~~~~~~~~~~~~~ SEARCH CONDITIONS ~~~~~~~~~~~~~~~~
2016-01-01 15:52:36 : Meet: Gold + Elixir, Trophy
2016-01-01 15:52:36 : ~~~~~~~~~~~~~~ RESOURCE CONDITIONS ~~~~~~~~~~~~~~~
2016-01-01 15:52:36 : Aim: [G+E]: 300000 [D]: 1000 [T]:99 for: Dead Base
2016-01-01 15:52:36 : ~~~~~~~~~~~~~~~ ADVANCED SETTINGS ~~~~~~~~~~~~~~~~
2016-01-01 15:52:36 : THSnipe Combo, 3 Tile(s),  Attack TH Outside custom1
2016-01-01 15:52:36 : Aim: [G]: 120000 [E]: 120000 [D]: 1000
2016-01-01 15:52:36 : ==================================================
2016-01-01 15:52:42 :   1> [G]:  55244 [E]:  62982 [D]:  232 [T]:24 [TH]: 8, Out
2016-01-01 15:52:42 :       TH Outside Found! 
2016-01-01 15:52:42 :       Resource requirement not met for TH snipe 
2016-01-01 15:52:42 :   1> [G]:  55244 [E]:  62982 [D]:  232 [T]:24 [TH]: 8, Out
2016-01-01 15:52:49 :   2> [G]:  21169 [E]:  13855 [D]:   31 [T]:38 [TH]: 8, Out
2016-01-01 15:52:49 :       TH Outside Found! 
2016-01-01 15:52:49 :       Resource requirement not met for TH snipe 
2016-01-01 15:52:49 :   2> [G]:  21169 [E]:  13855 [D]:   31 [T]:38 [TH]: 8, Out
2016-01-01 15:52:57 :   3> [G]:  69543 [E]:  65194 [D]:  235 [T]:35 [TH]: 9, Out
2016-01-01 15:52:57 :       TH Outside Found! 
2016-01-01 15:52:57 :       Resource requirement not met for TH snipe 
2016-01-01 15:52:57 :   3> [G]:  69543 [E]:  65194 [D]:  235 [T]:35 [TH]: 9, Out
2016-01-01 15:53:04 :   4> [G]:  47971 [E]:  43992 [D]:  221 [T]:34 [TH]: 9, Out
2016-01-01 15:53:04 :       TH Outside Found! 
2016-01-01 15:53:04 :       Resource requirement not met for TH snipe 
2016-01-01 15:53:04 :   4> [G]:  47971 [E]:  43992 [D]:  221 [T]:34 [TH]: 9, Out
2016-01-01 15:53:12 :   5> [G]:  51004 [E]:  37735 [D]: 2847 [T]:21 [TH]:10, Out
2016-01-01 15:53:12 :       TH Outside Found! 
2016-01-01 15:53:12 :       Resource requirement met for TH snipe 
2016-01-01 15:53:13 : ================ Search Complete =================
2016-01-01 15:53:13 : Initiating attack for: TH Snipe
2016-01-01 15:53:15 : -*-Barbarians 86
2016-01-01 15:53:15 : -*-Archers 70
2016-01-01 15:53:15 : -*-Clan Castle 
2016-01-01 15:53:15 : -*-Heal Spells 3
2016-01-01 15:53:15 : -*-Rage Spells 1
2016-01-01 15:53:15 : -*-Jump Spells 1
2016-01-01 15:53:15 : -*-Poison Spells 1
2016-01-01 15:53:15 :  ====== Start Attack ====== 
2016-01-01 15:53:17 : Sniping TH with Barch            	 
2016-01-01 15:53:17 : Attacking TH with 1st wave of BARCH   
2016-01-01 15:53:17 : Dropping Only wave of 4 Barbarians
2016-01-01 15:53:19 : Deployment of 4 Barbarians was Successful!
2016-01-01 15:53:20 :                                       
2016-01-01 15:53:20 : Dropping Only wave of 4 Archers
2016-01-01 15:53:22 : Deployment of 4 Archers was Successful!
2016-01-01 15:53:23 :                                       
2016-01-01 15:53:25 : Checking if the Gold&Elixir are changing...
2016-01-01 15:53:27 :                                       
2016-01-01 15:53:28 : Checking if the Gold&Elixir are changing...
2016-01-01 15:53:30 :                                       
2016-01-01 15:53:31 : Checking if the Gold&Elixir are changing...
2016-01-01 15:53:34 :                                       
2016-01-01 15:53:34 : Oh Shit! Seems like a trapped TH!     
2016-01-01 15:53:35 : Checking if the Gold&Elixir are changing...
2016-01-01 15:53:37 :                                       
2016-01-01 15:53:37 : Quit wasting troops					 
2016-01-01 15:53:38 : Checking if the Gold&Elixir are changing...
2016-01-01 15:53:41 :                                       
2016-01-01 15:53:41 : ~Finished Attacking, waiting to finish
2016-01-01 15:53:52 : Checking if the Gold&Elixir are changing...
2016-01-01 15:53:54 : 										 
2016-01-01 15:53:54 : Wait few sec before close attack
2016-01-01 15:54:01 : Returning Home
2016-01-01 15:54:05 : Loot: [G]: 107 [E]: 1 561 [DE]: 29 [T]: 7
2016-01-01 15:54:05 : Bonus Percentage: 3%
2016-01-01 15:54:06 : Bonus [G]: 111 out of 3 700 [E]: 111 out of 3 700
2016-01-01 15:54:06 : Your league level is: Silver II
2016-01-01 15:54:07 : Stars earned: 1
2016-01-01 15:54:13 : ***[End trying TH snipe while training army]***
2016-01-01 15:54:15 : ====== Waiting for full army ======
2016-01-01 15:54:55 : Training Troops & Spells
2016-01-01 15:54:55 : Checking Army Camp...
2016-01-01 15:54:56 : Total Army Camp capacity: 172/240 (71%)
2016-01-01 15:54:57 :  - No. of Barbarians: 96
2016-01-01 15:54:57 :  - No. of Archers: 76
2016-01-01 15:55:20 : Time Idle: 00:07:35
2016-01-01 15:55:20 : ***[Trying TH snipe while training army]***
2016-01-01 15:55:20 : Going to Attack...
2016-01-01 15:55:25 : ============== Searching For Dead Base ===============
2016-01-01 15:55:25 : ~~~~~~~~~~~~~~~ SEARCH CONDITIONS ~~~~~~~~~~~~~~~~
2016-01-01 15:55:25 : Meet: Gold + Elixir, Trophy
2016-01-01 15:55:25 : ~~~~~~~~~~~~~~ RESOURCE CONDITIONS ~~~~~~~~~~~~~~~
2016-01-01 15:55:25 : Aim: [G+E]: 300000 [D]: 1000 [T]:99 for: Dead Base
2016-01-01 15:55:25 : ~~~~~~~~~~~~~~~ ADVANCED SETTINGS ~~~~~~~~~~~~~~~~
2016-01-01 15:55:25 : THSnipe Combo, 3 Tile(s),  Attack TH Outside custom1
2016-01-01 15:55:25 : Aim: [G]: 120000 [E]: 120000 [D]: 1000
2016-01-01 15:55:25 : ==================================================
2016-01-01 15:55:32 :   1> [G]: 100744 [E]:  58657 [D]: 2016 [T]:23 [TH]: 9, In
2016-01-01 15:55:39 :   2> [G]:  44019 [E]:  44783 [D]:  191 [T]:36 [TH]: 9, Out
2016-01-01 15:55:39 :       TH Outside Found! 
2016-01-01 15:55:39 :       Resource requirement not met for TH snipe 
2016-01-01 15:55:39 :   2> [G]:  44019 [E]:  44783 [D]:  191 [T]:36 [TH]: 9, Out
2016-01-01 15:55:46 :   3> [G]:  38071 [E]:  10090 [D]:  706 [T]:41 [TH]: 9, In
2016-01-01 15:55:54 :   4> [G]: 148292 [E]: 316138 [D]:  874 [T]:37 [TH]: 9, In
2016-01-01 15:56:01 :   5> [G]: 229566 [E]: 196051 [D]: 2086 [T]:25 [TH]: 9, In
2016-01-01 15:56:08 :   6> [G]:   3876 [E]:  42179 [D]:  434 [T]:42 [TH]: 9, In
2016-01-01 15:56:16 :   7> [G]: 495054 [E]: 179517 [D]: 4368 [T]:40 [TH]:11, In
2016-01-01 15:56:30 :   8> [G]:  11220 [E]:  17746 [D]:   85 [T]:43 [TH]: 9, In
2016-01-01 15:56:37 :   9> [G]: 124213 [E]: 229867 [D]: 1277 [T]:34 [TH]: 9, In
2016-01-01 15:56:45 :  10> [G]: 106051 [E]: 138957 [D]: 2192 [T]:41 [TH]:10, In
2016-01-01 15:56:48 : ***[End trying TH snipe while training army]***
2016-01-01 15:56:50 : ====== Waiting for full army ======
2016-01-01 15:57:29 : Please wait for CoC restart......
2016-01-01 15:57:29 : Waiting for Main Screen
2016-01-01 15:57:36 : Training Troops & Spells
2016-01-01 15:57:37 : Checking Army Camp...
2016-01-01 15:57:38 : Total Army Camp capacity: 198/240 (82%)
2016-01-01 15:57:39 :  - No. of Barbarians: 110
2016-01-01 15:57:39 :  - No. of Archers: 88
2016-01-01 15:58:01 : Time Idle: 00:08:47
2016-01-01 15:58:01 : ***[Trying TH snipe while training army]***
2016-01-01 15:58:01 : Going to Attack...
2016-01-01 15:58:07 : ============== Searching For Dead Base ===============
2016-01-01 15:58:07 : ~~~~~~~~~~~~~~~ SEARCH CONDITIONS ~~~~~~~~~~~~~~~~
2016-01-01 15:58:07 : Meet: Gold + Elixir, Trophy
2016-01-01 15:58:07 : ~~~~~~~~~~~~~~ RESOURCE CONDITIONS ~~~~~~~~~~~~~~~
2016-01-01 15:58:07 : Aim: [G+E]: 300000 [D]: 1000 [T]:99 for: Dead Base
2016-01-01 15:58:07 : ~~~~~~~~~~~~~~~ ADVANCED SETTINGS ~~~~~~~~~~~~~~~~
2016-01-01 15:58:07 : THSnipe Combo, 3 Tile(s),  Attack TH Outside custom1
2016-01-01 15:58:07 : Aim: [G]: 120000 [E]: 120000 [D]: 1000
2016-01-01 15:58:07 : ==================================================
2016-01-01 15:58:13 :   1> [G]:  54436 [E]: 182608 [D]:  959 [T]:22 [TH]: 9, In
2016-01-01 15:58:20 :   2> [G]: 282245 [E]: 282244 [D]: 1006 [T]:19 [TH]: 9, In
2016-01-01 15:58:28 :   3> [G]:  35004 [E]:  43640 [D]:  163 [T]:40 [TH]: 9, Out
2016-01-01 15:58:28 :       TH Outside Found! 
2016-01-01 15:58:28 :       Resource requirement not met for TH snipe 
2016-01-01 15:58:28 :   3> [G]:  35004 [E]:  43640 [D]:  163 [T]:40 [TH]: 9, Out
2016-01-01 15:58:36 :   4> [G]: 120037 [E]: 115465 [D]:  439 [T]:31 [TH]:10, In
2016-01-01 15:58:43 :   5> [G]:  55169 [E]:  48979 [D]:  652 [T]:35 [TH]: 9, Out
2016-01-01 15:58:43 :       TH Outside Found! 
2016-01-01 15:58:43 :       Resource requirement not met for TH snipe 
2016-01-01 15:58:43 :   5> [G]:  55169 [E]:  48979 [D]:  652 [T]:35 [TH]: 9, Out
2016-01-01 15:58:51 :   6> [G]: 107461 [E]: 137250 [D]:  969 [T]:23 [TH]:10, Out
2016-01-01 15:58:51 :       TH Outside Found! 
2016-01-01 15:58:51 :       Resource requirement met for TH snipe 
2016-01-01 15:58:53 : ================ Search Complete =================
2016-01-01 15:58:53 : Initiating attack for: TH Snipe
2016-01-01 15:58:55 : -*-Barbarians 112
2016-01-01 15:58:55 : -*-Archers 90
2016-01-01 15:58:55 : -*-Clan Castle 
2016-01-01 15:58:55 : -*-Heal Spells 3
2016-01-01 15:58:55 : -*-Rage Spells 1
2016-01-01 15:58:55 : -*-Jump Spells 1
2016-01-01 15:58:55 : -*-Poison Spells 1
2016-01-01 15:58:55 :  ====== Start Attack ====== 
2016-01-01 15:58:57 : Sniping TH with Barch            	 
2016-01-01 15:58:57 : Attacking TH with 1st wave of BARCH   
2016-01-01 15:58:57 : Dropping Only wave of 4 Barbarians
2016-01-01 15:58:58 : Custom Corner deployment THi = 2 ,x = 161 ,y = 317
2016-01-01 15:58:58 : Deployment of 4 Barbarians was Successful!
2016-01-01 15:59:00 :                                       
2016-01-01 15:59:00 : Dropping Only wave of 4 Archers
2016-01-01 15:59:01 : Custom Corner deployment THi = 2 ,x = 161 ,y = 317
2016-01-01 15:59:01 : Deployment of 4 Archers was Successful!
2016-01-01 15:59:03 :                                       
2016-01-01 15:59:04 : Checking if the Gold&Elixir are changing...
2016-01-01 15:59:06 :                                       
2016-01-01 15:59:08 : Checking if the Gold&Elixir are changing...
2016-01-01 15:59:10 :                                       
2016-01-01 15:59:11 : Checking if the Gold&Elixir are changing...
2016-01-01 15:59:13 :                                       
2016-01-01 15:59:13 : Oh Shit! Seems like a trapped TH!     
2016-01-01 15:59:14 : Checking if the Gold&Elixir are changing...
2016-01-01 15:59:17 :                                       
2016-01-01 15:59:17 : Quit wasting troops					 
2016-01-01 15:59:18 : Checking if the Gold&Elixir are changing...
2016-01-01 15:59:20 :                                       
2016-01-01 15:59:20 : ~Finished Attacking, waiting to finish
2016-01-01 15:59:31 : Checking if the Gold&Elixir are changing...
2016-01-01 15:59:33 : 										 
2016-01-01 15:59:33 : Wait few sec before close attack
2016-01-01 15:59:56 : Returning Home
2016-01-01 16:00:00 : Loot: [G]: 18 604 [E]: 25 370 [DE]: 190 [T]: 7
2016-01-01 16:00:00 : Bonus Percentage: 3%
2016-01-01 16:00:01 : Bonus [G]: 111 out of 3 700 [E]: 111 out of 3 700
2016-01-01 16:00:01 : Your league level is: Silver II
2016-01-01 16:00:01 : Stars earned: 1
2016-01-01 16:00:07 : ***[End trying TH snipe while training army]***
2016-01-01 16:00:09 : ====== Waiting for full army ======
2016-01-01 16:00:49 : Training Troops & Spells
2016-01-01 16:00:50 : Checking Army Camp...
2016-01-01 16:00:51 : Total Army Camp capacity: 223/240 (92%)
2016-01-01 16:00:52 :  - No. of Barbarians: 124
2016-01-01 16:00:52 :  - No. of Archers: 99
2016-01-01 16:00:53 : Your Army Camps are now Full
2016-01-01 16:00:53 : Calculating Troops before Training new Army.
2016-01-01 16:01:11 : Going to Attack...
2016-01-01 16:01:17 : ============== Searching For Dead Base ===============
2016-01-01 16:01:17 : ~~~~~~~~~~~~~~~ SEARCH CONDITIONS ~~~~~~~~~~~~~~~~
2016-01-01 16:01:17 : Meet: Gold + Elixir
2016-01-01 16:01:17 : ~~~~~~~~~~~~~~ RESOURCE CONDITIONS ~~~~~~~~~~~~~~~
2016-01-01 16:01:17 : Aim: [G+E]: 300000 [D]: 1000 [T]: 0 for: Dead Base
2016-01-01 16:01:17 : ~~~~~~~~~~~~~~~ ADVANCED SETTINGS ~~~~~~~~~~~~~~~~
2016-01-01 16:01:17 : THSnipe Combo, 3 Tile(s),  Attack TH Outside custom1
2016-01-01 16:01:17 : Aim: [G]: 150000 [E]: 150000 [D]: 1500
2016-01-01 16:01:17 : ==================================================
2016-01-01 16:01:23 :   1> [G]:  43399 [E]: 244181 [D]:  305 [T]:36 [TH]: 9, In
2016-01-01 16:01:32 :   2> [G]: 268071 [E]: 146651 [D]: 3057 [T]:39 [TH]:10, In
2016-01-01 16:01:32 :       Not a Dead Base
2016-01-01 16:01:41 :   3> [G]:  64311 [E]: 402677 [D]: 1588 [T]:34 [TH]:10, In
2016-01-01 16:01:41 :       Not a Dead Base
2016-01-01 16:01:48 :   4> [G]:  53338 [E]:  34541 [D]:  568 [T]:41 [TH]: 9, Out
2016-01-01 16:01:48 :       TH Outside Found! 
2016-01-01 16:01:48 :       Resource requirement not met for TH snipe 
2016-01-01 16:01:48 :   4> [G]:  53338 [E]:  34541 [D]:  568 [T]:41 [TH]: 9, Out
2016-01-01 16:01:56 :   5> [G]: 173020 [E]: 130025 [D]:  756 [T]:30 [TH]:10, In
2016-01-01 16:01:56 :       Not a Dead Base
2016-01-01 16:02:04 :   6> [G]: 373677 [E]: 389455 [D]: 2677 [T]:43 [TH]:11, In
2016-01-01 16:02:04 :       Not a Dead Base
2016-01-01 16:02:12 :   7> [G]:  20052 [E]: 102800 [D]: 1827 [T]:31 [TH]: 9, In
2016-01-01 16:02:19 :   8> [G]:  94291 [E]: 121819 [D]:  749 [T]:43 [TH]: 9, Out
2016-01-01 16:02:19 :       TH Outside Found! 
2016-01-01 16:02:19 :       Resource requirement not met for TH snipe 
2016-01-01 16:02:19 :   8> [G]:  94291 [E]: 121819 [D]:  749 [T]:43 [TH]: 9, Out
2016-01-01 16:02:27 :   9> [G]: 399714 [E]: 406350 [D]: 3016 [T]:25 [TH]:10, In
2016-01-01 16:02:27 :       Not a Dead Base
2016-01-01 16:02:36 :  10> [G]:  89360 [E]: 128771 [D]:  808 [T]:31 [TH]: 9, In
2016-01-01 16:02:44 :  11> [G]:  53839 [E]: 167426 [D]:  969 [T]:42 [TH]:10, Out
2016-01-01 16:02:44 :       TH Outside Found! 
2016-01-01 16:02:44 :       Resource requirement met for TH snipe 
2016-01-01 16:02:45 : ================ Search Complete =================
2016-01-01 16:02:45 : Initiating attack for: TH Snipe
2016-01-01 16:02:47 : -*-Barbarians 126
2016-01-01 16:02:47 : -*-Archers 100
2016-01-01 16:02:47 : -*-Clan Castle 
2016-01-01 16:02:47 : -*-Heal Spells 3
2016-01-01 16:02:47 : -*-Rage Spells 1
2016-01-01 16:02:47 : -*-Jump Spells 1
2016-01-01 16:02:47 : -*-Poison Spells 1
2016-01-01 16:02:47 :  ====== Start Attack ====== 
2016-01-01 16:02:49 : Sniping TH with Barch            	 
2016-01-01 16:02:49 : Attacking TH with 1st wave of BARCH   
2016-01-01 16:02:50 : Dropping Only wave of 4 Barbarians
2016-01-01 16:02:50 : Custom Corner deployment THi = 2 ,x = 696 ,y = 330
2016-01-01 16:02:51 : Deployment of 4 Barbarians was Successful!
2016-01-01 16:02:53 :                                       
2016-01-01 16:02:53 : Dropping Only wave of 4 Archers
2016-01-01 16:02:53 : Custom Corner deployment THi = 2 ,x = 696 ,y = 330
2016-01-01 16:02:54 : Deployment of 4 Archers was Successful!
2016-01-01 16:02:56 :                                       
2016-01-01 16:02:57 : Checking if the Gold&Elixir are changing...
2016-01-01 16:02:59 :                                       
2016-01-01 16:03:00 : Checking if the Gold&Elixir are changing...
2016-01-01 16:03:02 :                                       
2016-01-01 16:03:04 : Checking if the Gold&Elixir are changing...
2016-01-01 16:03:06 :                                       
2016-01-01 16:03:06 : Oh Shit! Seems like a trapped TH!     
2016-01-01 16:03:07 : Checking if the Gold&Elixir are changing...
2016-01-01 16:03:09 :                                       
2016-01-01 16:03:09 : Quit wasting troops					 
2016-01-01 16:03:10 : Checking if the Gold&Elixir are changing...
2016-01-01 16:03:13 :                                       
2016-01-01 16:03:13 : ~Finished Attacking, waiting to finish
2016-01-01 16:03:24 : Checking if the Gold&Elixir are changing...
2016-01-01 16:03:26 : 										 
2016-01-01 16:03:26 : Wait few sec before close attack
2016-01-01 16:03:50 : Returning Home
2016-01-01 16:03:54 : Loot: [G]: 5 990 [E]: 28 527 [DE]: 151 [T]: 14
2016-01-01 16:03:54 : Bonus Percentage: 3%
2016-01-01 16:03:54 : Bonus [G]: 111 out of 3 700 [E]: 111 out of 3 700
2016-01-01 16:03:55 : Your league level is: Silver II
2016-01-01 16:03:55 : Stars earned: 1
2016-01-01 16:04:03 : Trying to locate Main Screen
2016-01-01 16:04:03 : Main Screen Located
2016-01-01 16:04:05 : Village Report
2016-01-01 16:04:05 : No. of Free/Total Builders: 1/5
2016-01-01 16:04:05 :  [T]: 1 072
2016-01-01 16:04:05 :  [G]: 3 153 032 [E]: 2 711 252 [D]: 40 577 [GEM]: 3 642
2016-01-01 16:04:06 : Collecting Resources
2016-01-01 16:04:17 : Chat Request: any
2016-01-01 16:04:17 : Castle Capacity : 8/30
2016-01-01 16:04:17 : Custom Donation Keyword found: any
2016-01-01 16:04:18 : Donating 4 Barbarians
2016-01-01 16:04:19 : Donating 4 Archers
2016-01-01 16:04:22 : Training Troops & Spells
2016-01-01 16:04:23 : Checking Army Camp...
2016-01-01 16:04:25 : Total Army Camp capacity: 236/240 (98%)
2016-01-01 16:04:25 :  - No. of Barbarians: 132
2016-01-01 16:04:25 :  - No. of Archers: 104
2016-01-01 16:04:26 : Your Army Camps are now Full
2016-01-01 16:04:26 : Calculating Troops before Training new Army.
2016-01-01 16:04:42 : Going to Attack...
2016-01-01 16:04:48 : ============== Searching For Dead Base ===============
2016-01-01 16:04:48 : ~~~~~~~~~~~~~~~ SEARCH CONDITIONS ~~~~~~~~~~~~~~~~
2016-01-01 16:04:48 : Meet: Gold + Elixir
2016-01-01 16:04:48 : ~~~~~~~~~~~~~~ RESOURCE CONDITIONS ~~~~~~~~~~~~~~~
2016-01-01 16:04:48 : Aim: [G+E]: 300000 [D]: 1000 [T]: 0 for: Dead Base
2016-01-01 16:04:48 : ~~~~~~~~~~~~~~~ ADVANCED SETTINGS ~~~~~~~~~~~~~~~~
2016-01-01 16:04:48 : THSnipe Combo, 3 Tile(s),  Attack TH Outside custom1
2016-01-01 16:04:48 : Aim: [G]: 150000 [E]: 150000 [D]: 1500
2016-01-01 16:04:48 : ==================================================
2016-01-01 16:04:55 :   1> [G]: 102838 [E]:  45775 [D]:  365 [T]:33 [TH]:10, Out
2016-01-01 16:04:55 :       TH Outside Found! 
2016-01-01 16:04:55 :       Resource requirement not met for TH snipe 
2016-01-01 16:04:56 :   1> [G]: 102838 [E]:  45775 [D]:  365 [T]:33 [TH]:10, Out
2016-01-01 16:05:04 :   2> [G]:  39549 [E]:  69806 [D]: 1816 [T]:37 [TH]:10, In
2016-01-01 16:05:11 :   3> [G]: 112910 [E]:  90028 [D]:  377 [T]:38 [TH]: 9, Out
2016-01-01 16:05:11 :       TH Outside Found! 
2016-01-01 16:05:11 :       Resource requirement not met for TH snipe 
2016-01-01 16:05:11 :   3> [G]: 112910 [E]:  90028 [D]:  377 [T]:38 [TH]: 9, Out
2016-01-01 16:05:19 :   4> [G]: 420490 [E]: 421020 [D]: 1839 [T]:39 [TH]:10, In
2016-01-01 16:05:19 :       Not a Dead Base
2016-01-01 16:05:27 :   5> [G]:  37998 [E]: 469445 [D]: 3828 [T]:37 [TH]:11, In
2016-01-01 16:05:27 :       Not a Dead Base
2016-01-01 16:05:35 :   6> [G]:  50379 [E]:   1707 [D]: 2012 [T]:44 [TH]: 9, In
2016-01-01 16:05:43 :   7> [G]: 415547 [E]: 274626 [D]: 1774 [T]:33 [TH]:10, In
2016-01-01 16:05:43 :       Not a Dead Base
2016-01-01 16:05:50 :   8> [G]:  46804 [E]:  82793 [D]:  369 [T]:27 [TH]: 9, Out
2016-01-01 16:05:50 :       TH Outside Found! 
2016-01-01 16:05:50 :       Resource requirement not met for TH snipe 
2016-01-01 16:05:50 :   8> [G]:  46804 [E]:  82793 [D]:  369 [T]:27 [TH]: 9, Out
2016-01-01 16:05:58 :   9> [G]: 129118 [E]:  18034 [D]: 2055 [T]:41 [TH]:10, In
2016-01-01 16:06:06 :  10> [G]:  84194 [E]: 285648 [D]: 2030 [T]:39 [TH]: 9, In
2016-01-01 16:06:06 :       Not a Dead Base
2016-01-01 16:06:14 :  11> [G]: 312077 [E]: 258481 [D]: 1910 [T]:33 [TH]: 9, In
2016-01-01 16:06:14 :       Not a Dead Base
2016-01-01 16:06:22 :  12> [G]:  51999 [E]:  59109 [D]: 1238 [T]:48 [TH]:10, In
2016-01-01 16:06:29 :  13> [G]: 171098 [E]:  11975 [D]: 2054 [T]:15 [TH]: 9, In
2016-01-01 16:06:36 :  14> [G]:   8922 [E]:  60675 [D]: 1035 [T]:11 [TH]: 9, Out
2016-01-01 16:06:36 :       TH Outside Found! 
2016-01-01 16:06:36 :       Resource requirement not met for TH snipe 
2016-01-01 16:06:36 :  14> [G]:   8922 [E]:  60675 [D]: 1035 [T]:11 [TH]: 9, Out
2016-01-01 16:06:45 :  15> [G]: 135298 [E]: 477794 [D]: 1452 [T]:46 [TH]:10, In
2016-01-01 16:06:45 :       Not a Dead Base
2016-01-01 16:06:53 :  16> [G]: 263719 [E]: 377861 [D]: 3160 [T]:48 [TH]:10, In
2016-01-01 16:06:53 :       Not a Dead Base
2016-01-01 16:07:02 :  17> [G]:  55988 [E]: 279400 [D]: 3027 [T]:47 [TH]:10, In
2016-01-01 16:07:02 :       Not a Dead Base
2016-01-01 16:07:09 : Trying to locate Main Screen
2016-01-01 16:07:10 : Connection lost, Reloading CoC...
2016-01-01 16:07:15 : Waiting for Main Screen
2016-01-01 16:07:15 : Main Screen Located
2016-01-01 16:07:15 : Connection Lost While Searching
2016-01-01 16:07:17 : Trying to locate Main Screen
2016-01-01 16:07:17 : Main Screen Located
2016-01-01 16:07:17 : Restarted after Out of Sync Error: Attack Now
2016-01-01 16:07:18 : Trying to locate Main Screen
2016-01-01 16:07:18 : Main Screen Located
2016-01-01 16:07:18 : Going to Attack...
2016-01-01 16:07:24 : ============== Searching For Dead Base ===============
2016-01-01 16:07:24 : ~~~~~~~~~~~~~~~ SEARCH CONDITIONS ~~~~~~~~~~~~~~~~
2016-01-01 16:07:24 : Meet: Gold + Elixir
2016-01-01 16:07:24 : ~~~~~~~~~~~~~~ RESOURCE CONDITIONS ~~~~~~~~~~~~~~~
2016-01-01 16:07:24 : Aim: [G+E]: 300000 [D]: 1000 [T]: 0 for: Dead Base
2016-01-01 16:07:24 : ~~~~~~~~~~~~~~~ ADVANCED SETTINGS ~~~~~~~~~~~~~~~~
2016-01-01 16:07:24 : THSnipe Combo, 3 Tile(s),  Attack TH Outside custom1
2016-01-01 16:07:24 : Aim: [G]: 150000 [E]: 150000 [D]: 1500
2016-01-01 16:07:24 : ==================================================
2016-01-01 16:07:31 :  18> [G]: 450494 [E]: 442410 [D]:  317 [T]:34 [TH]:10, In
2016-01-01 16:07:31 :       Not a Dead Base
2016-01-01 16:07:38 :  19> [G]: 204000 [E]:  53700 [D]:  909 [T]:25 [TH]: 9, Out
2016-01-01 16:07:38 :       TH Outside Found! 
2016-01-01 16:07:38 :       Resource requirement met for TH snipe 
2016-01-01 16:07:39 : ================ Search Complete =================
2016-01-01 16:07:39 : Initiating attack for: TH Snipe
2016-01-01 16:07:41 : -*-Barbarians 134
2016-01-01 16:07:41 : -*-Archers 106
2016-01-01 16:07:41 : -*-Clan Castle 
2016-01-01 16:07:41 : -*-Heal Spells 3
2016-01-01 16:07:41 : -*-Rage Spells 1
2016-01-01 16:07:41 : -*-Jump Spells 1
2016-01-01 16:07:41 : -*-Poison Spells 1
2016-01-01 16:07:41 :  ====== Start Attack ====== 
2016-01-01 16:07:43 : Sniping TH with Barch            	 
2016-01-01 16:07:44 : Attacking TH with 1st wave of BARCH   
2016-01-01 16:07:44 : Dropping Only wave of 4 Barbarians
2016-01-01 16:07:45 : Deployment of 4 Barbarians was Successful!
2016-01-01 16:07:47 :                                       
2016-01-01 16:07:47 : Dropping Only wave of 4 Archers
2016-01-01 16:07:48 : Deployment of 4 Archers was Successful!
2016-01-01 16:07:50 :                                       
2016-01-01 16:07:51 : Checking if the Gold&Elixir are changing...
2016-01-01 16:07:54 :                                       
2016-01-01 16:07:55 : Checking if the Gold&Elixir are changing...
2016-01-01 16:07:57 : Gold & Elixir change detected, waiting...
2016-01-01 16:07:59 : Gold & Elixir change detected, waiting...
2016-01-01 16:07:59 :                                       
2016-01-01 16:08:00 : Checking if the Gold&Elixir are changing...
2016-01-01 16:08:03 : Gold & Elixir change detected, waiting...
2016-01-01 16:08:05 : Gold & Elixir change detected, waiting...
2016-01-01 16:08:05 :                                       
2016-01-01 16:08:05 : Oh Shit! Seems like a trapped TH!     
2016-01-01 16:08:06 : Checking if the Gold&Elixir are changing...
2016-01-01 16:08:08 : Gold & Elixir change detected, waiting...
2016-01-01 16:08:10 : Gold & Elixir change detected, waiting...
2016-01-01 16:08:10 :                                       
2016-01-01 16:08:11 : Quit wasting troops					 
2016-01-01 16:08:12 : Checking if the Gold&Elixir are changing...
2016-01-01 16:08:14 : Gold & Elixir change detected, waiting...
2016-01-01 16:08:16 : Gold & Elixir change detected, waiting...
2016-01-01 16:08:16 :                                       
2016-01-01 16:08:16 : ~Finished Attacking, waiting to finish
2016-01-01 16:08:27 : Checking if the Gold&Elixir are changing...
2016-01-01 16:08:29 : Gold & Elixir change detected, waiting...
2016-01-01 16:08:31 : Gold & Elixir change detected, waiting...
2016-01-01 16:08:34 : Gold & Elixir change detected, waiting...
2016-01-01 16:08:36 : Gold & Elixir change detected, waiting...
2016-01-01 16:08:38 : Gold & Elixir change detected, waiting...
2016-01-01 16:08:40 : Gold & Elixir change detected, waiting...
2016-01-01 16:08:42 : Gold & Elixir change detected, waiting...
2016-01-01 16:08:44 : Gold & Elixir change detected, waiting...
2016-01-01 16:08:47 : 										 
2016-01-01 16:08:47 : Townhall has been destroyed!
2016-01-01 16:08:48 : Wait few sec before close attack
2016-01-01 16:08:54 : Returning Home
2016-01-01 16:08:58 : Loot: [G]: 38 577 [E]: 17 141 [DE]: 182 [T]: 8
2016-01-01 16:08:58 : Bonus Percentage: 16%
2016-01-01 16:08:58 : Bonus [G]: 592 out of 3 700 [E]: 592 out of 3 700
2016-01-01 16:08:59 : Your league level is: Silver II
2016-01-01 16:08:59 : Stars earned: 1
2016-01-01 16:09:07 : Trying to locate Main Screen
2016-01-01 16:09:07 : Main Screen Located
2016-01-01 16:09:08 : Village Report
2016-01-01 16:09:08 : No. of Free/Total Builders: 1/5
2016-01-01 16:09:08 :  [T]: 1 080
2016-01-01 16:09:08 :  [G]: 3 183 895 [E]: 2 729 726 [D]: 40 835 [GEM]: 3 642
2016-01-01 16:09:10 : Collecting Resources
2016-01-01 16:09:22 : Training Troops & Spells
2016-01-01 16:09:23 : Checking Army Camp...
2016-01-01 16:09:24 : Total Army Camp capacity: 240/240 (100%)
2016-01-01 16:09:25 :  - No. of Barbarians: 138
2016-01-01 16:09:25 :  - No. of Archers: 102
2016-01-01 16:09:26 : Your Army Camps are now Full
2016-01-01 16:09:26 : Calculating Troops before Training new Army.
2016-01-01 16:09:42 : Going to Attack...
2016-01-01 16:09:47 : ============== Searching For Dead Base ===============
2016-01-01 16:09:47 : ~~~~~~~~~~~~~~~ SEARCH CONDITIONS ~~~~~~~~~~~~~~~~
2016-01-01 16:09:47 : Meet: Gold + Elixir
2016-01-01 16:09:47 : ~~~~~~~~~~~~~~ RESOURCE CONDITIONS ~~~~~~~~~~~~~~~
2016-01-01 16:09:47 : Aim: [G+E]: 300000 [D]: 1000 [T]: 0 for: Dead Base
2016-01-01 16:09:47 : ~~~~~~~~~~~~~~~ ADVANCED SETTINGS ~~~~~~~~~~~~~~~~
2016-01-01 16:09:47 : THSnipe Combo, 3 Tile(s),  Attack TH Outside custom1
2016-01-01 16:09:47 : Aim: [G]: 150000 [E]: 150000 [D]: 1500
2016-01-01 16:09:47 : ==================================================
2016-01-01 16:09:55 :   1> [G]: 126217 [E]:  95495 [D]: 1424 [T]:33 [TH]: 9, In
2016-01-01 16:10:04 :   2> [G]: 403730 [E]: 403353 [D]:  482 [T]:23 [TH]:10, In
2016-01-01 16:10:04 :       Not a Dead Base
2016-01-01 16:10:12 :   3> [G]: 401881 [E]:  62218 [D]:  580 [T]:33 [TH]:11, In
2016-01-01 16:10:12 :       Not a Dead Base
2016-01-01 16:10:19 :   4> [G]:  70020 [E]:  76779 [D]: 1240 [T]:38 [TH]: 9, In
2016-01-01 16:10:26 :   5> [G]:  63709 [E]:  45542 [D]:    0 [T]:37 [TH]: 9, In
2016-01-01 16:10:34 :   6> [G]:  35609 [E]:  33249 [D]:  264 [T]:41 [TH]: 9, Out
2016-01-01 16:10:34 :       TH Outside Found! 
2016-01-01 16:10:34 :       Resource requirement not met for TH snipe 
2016-01-01 16:10:34 :   6> [G]:  35609 [E]:  33249 [D]:  264 [T]:41 [TH]: 9, Out
2016-01-01 16:10:41 :   7> [G]:  26998 [E]:  29417 [D]:  811 [T]:40 [TH]: 9, In
2016-01-01 16:10:49 :   8> [G]:  38158 [E]:  24612 [D]:  865 [T]:24 [TH]: 9, In
2016-01-01 16:10:56 :   9> [G]:  89359 [E]: 146437 [D]:  608 [T]:27 [TH]: 9, Out
2016-01-01 16:10:56 :       TH Outside Found! 
2016-01-01 16:10:56 :       Resource requirement not met for TH snipe 
2016-01-01 16:10:56 :   9> [G]:  89359 [E]: 146437 [D]:  608 [T]:27 [TH]: 9, Out
2016-01-01 16:11:04 :  10> [G]: 174351 [E]: 401745 [D]: 1948 [T]:38 [TH]:10, In
2016-01-01 16:11:04 :       Not a Dead Base
2016-01-01 16:11:11 :  11> [G]: 133187 [E]: 148000 [D]:  762 [T]:37 [TH]: 9, Out
2016-01-01 16:11:11 :       TH Outside Found! 
2016-01-01 16:11:11 :       Resource requirement not met for TH snipe 
2016-01-01 16:11:11 :  11> [G]: 133187 [E]: 148000 [D]:  762 [T]:37 [TH]: 9, Out
2016-01-01 16:11:18 :  12> [G]:  55269 [E]:  12323 [D]:  666 [T]:31 [TH]: 9, In
2016-01-01 16:11:28 :  13> [G]: 140458 [E]: 405676 [D]: 3076 [T]:39 [TH]:10, In
2016-01-01 16:11:28 :       Not a Dead Base
2016-01-01 16:11:35 :  14> [G]: 122448 [E]:  71663 [D]:  605 [T]:15 [TH]:10, Out
2016-01-01 16:11:35 :       TH Outside Found! 
2016-01-01 16:11:35 :       Resource requirement not met for TH snipe 
2016-01-01 16:11:35 :  14> [G]: 122448 [E]:  71663 [D]:  605 [T]:15 [TH]:10, Out
2016-01-01 16:11:43 :  15> [G]:  24366 [E]:  37969 [D]:  547 [T]:43 [TH]: 9, Out
2016-01-01 16:11:43 :       TH Outside Found! 
2016-01-01 16:11:43 :       Resource requirement not met for TH snipe 
2016-01-01 16:11:43 :  15> [G]:  24366 [E]:  37969 [D]:  547 [T]:43 [TH]: 9, Out
2016-01-01 16:11:52 :  16> [G]: 287802 [E]: 173190 [D]: 3378 [T]:36 [TH]:10, In
2016-01-01 16:11:52 :       Not a Dead Base
2016-01-01 16:12:01 :  17> [G]: 402464 [E]: 402369 [D]: 3009 [T]:31 [TH]:10, In
2016-01-01 16:12:01 :       Not a Dead Base
2016-01-01 16:12:09 :  18> [G]: 142666 [E]:  57709 [D]:  826 [T]:30 [TH]: 9, In
2016-01-01 16:12:17 :  19> [G]:  98428 [E]: 451882 [D]: 2822 [T]:39 [TH]:10, In
2016-01-01 16:12:17 :       Not a Dead Base
2016-01-01 16:12:25 :  20> [G]: 104564 [E]: 388707 [D]: 1135 [T]:44 [TH]:10, In
2016-01-01 16:12:25 :       Not a Dead Base
2016-01-01 16:12:33 :  21> [G]: 206803 [E]: 160877 [D]:  716 [T]:41 [TH]:11, In
2016-01-01 16:12:33 :       Not a Dead Base
2016-01-01 16:12:40 :  22> [G]:  85454 [E]:  94836 [D]:  688 [T]:39 [TH]:10, In
2016-01-01 16:12:48 :  23> [G]:  61849 [E]: 108119 [D]:  241 [T]:35 [TH]:10, In
2016-01-01 16:12:56 :  24> [G]:  23590 [E]: 150514 [D]:  874 [T]:24 [TH]: 8, In
2016-01-01 16:13:04 :  25> [G]: 120052 [E]: 302498 [D]:  414 [T]:39 [TH]: 9, In
2016-01-01 16:13:04 :       Not a Dead Base
2016-01-01 16:13:11 :  26> [G]:  14057 [E]: 133036 [D]: 1130 [T]:46 [TH]: 9, In
2016-01-01 16:13:18 :  27> [G]:  26601 [E]: 167024 [D]: 1246 [T]:26 [TH]: 9, In
2016-01-01 16:13:26 :  28> [G]:  51798 [E]:  54510 [D]:  291 [T]:37 [TH]: 9, Out
2016-01-01 16:13:26 :       TH Outside Found! 
2016-01-01 16:13:26 :       Resource requirement not met for TH snipe 
2016-01-01 16:13:26 :  28> [G]:  51798 [E]:  54510 [D]:  291 [T]:37 [TH]: 9, Out
2016-01-01 16:13:33 :  29> [G]:  51843 [E]: 128365 [D]:  491 [T]:32 [TH]: 9, In
2016-01-01 16:13:40 :  30> [G]:  95691 [E]:  61745 [D]:  951 [T]:20 [TH]: 9, Out
2016-01-01 16:13:40 :       TH Outside Found! 
2016-01-01 16:13:40 :       Resource requirement not met for TH snipe 
2016-01-01 16:13:41 :  30> [G]:  95691 [E]:  61745 [D]:  951 [T]:20 [TH]: 9, Out
2016-01-01 16:13:48 :  31> [G]:  70105 [E]:  36683 [D]:  236 [T]:45 [TH]: 9, In
2016-01-01 16:13:55 :  32> [G]:  34971 [E]:  42711 [D]:  379 [T]:28 [TH]: 9, Out
2016-01-01 16:13:55 :       TH Outside Found! 
2016-01-01 16:13:55 :       Resource requirement not met for TH snipe 
2016-01-01 16:13:55 :  32> [G]:  34971 [E]:  42711 [D]:  379 [T]:28 [TH]: 9, Out
2016-01-01 16:14:03 :  33> [G]:  44438 [E]: 269464 [D]:  189 [T]:28 [TH]: 9, In
2016-01-01 16:14:03 :       Not a Dead Base
2016-01-01 16:14:11 :  34> [G]:  57351 [E]: 413190 [D]: 2080 [T]:41 [TH]:10, Out
2016-01-01 16:14:11 :       TH Outside Found! 
2016-01-01 16:14:11 :       Resource requirement met for TH snipe 
2016-01-01 16:14:13 : ================ Search Complete =================
2016-01-01 16:14:13 : Initiating attack for: TH Snipe
2016-01-01 16:14:15 : -*-Barbarians 138
2016-01-01 16:14:15 : -*-Archers 102
2016-01-01 16:14:15 : -*-Clan Castle 
2016-01-01 16:14:15 : -*-Heal Spells 3
2016-01-01 16:14:15 : -*-Rage Spells 1
2016-01-01 16:14:15 : -*-Jump Spells 1
2016-01-01 16:14:15 : -*-Poison Spells 1
2016-01-01 16:14:15 :  ====== Start Attack ====== 
2016-01-01 16:14:17 : Sniping TH with Barch            	 
2016-01-01 16:14:17 : Attacking TH with 1st wave of BARCH   
2016-01-01 16:14:17 : Dropping Only wave of 4 Barbarians
2016-01-01 16:14:18 : Deployment of 4 Barbarians was Successful!
2016-01-01 16:14:20 :                                       
2016-01-01 16:14:20 : Dropping Only wave of 4 Archers
2016-01-01 16:14:22 : Deployment of 4 Archers was Successful!
2016-01-01 16:14:24 :                                       
2016-01-01 16:14:25 : Checking if the Gold&Elixir are changing...
2016-01-01 16:14:27 :                                       
2016-01-01 16:14:28 : Checking if the Gold&Elixir are changing...
2016-01-01 16:14:30 :                                       
2016-01-01 16:14:32 : Checking if the Gold&Elixir are changing...
2016-01-01 16:14:34 :                                       
2016-01-01 16:14:34 : Oh Shit! Seems like a trapped TH!     
2016-01-01 16:14:35 : Checking if the Gold&Elixir are changing...
2016-01-01 16:14:37 :                                       
2016-01-01 16:14:37 : Quit wasting troops					 
2016-01-01 16:14:39 : Checking if the Gold&Elixir are changing...
2016-01-01 16:14:41 :                                       
2016-01-01 16:14:41 : ~Finished Attacking, waiting to finish
2016-01-01 16:14:52 : Checking if the Gold&Elixir are changing...
2016-01-01 16:14:54 : 										 
2016-01-01 16:14:54 : Wait few sec before close attack
2016-01-01 16:15:30 : Returning Home
2016-01-01 16:15:34 : Loot: [G]: 0 [E]: 0 [DE]:  [T]: -12
2016-01-01 16:15:34 : Stars earned: 0
2016-01-01 16:15:42 : Trying to locate Main Screen
2016-01-01 16:15:42 : Main Screen Located
2016-01-01 16:15:44 : Village Report
2016-01-01 16:15:44 : No. of Free/Total Builders: 1/5
2016-01-01 16:15:44 :  [T]: 1 068
2016-01-01 16:15:44 :  [G]: 3 153 295 [E]: 2 722 726 [D]: 40 849 [GEM]: 3 642
2016-01-01 16:15:45 : Collecting Resources
2016-01-01 16:15:58 : Training Troops & Spells
2016-01-01 16:15:58 : Checking Army Camp...
2016-01-01 16:16:00 : Total Army Camp capacity: 240/240 (100%)
2016-01-01 16:16:00 :  - No. of Barbarians: 138
2016-01-01 16:16:00 :  - No. of Archers: 102
2016-01-01 16:16:01 : Your Army Camps are now Full
2016-01-01 16:16:01 : Calculating Troops before Training new Army.
2016-01-01 16:16:17 : Going to Attack...
2016-01-01 16:16:23 : ============== Searching For Dead Base ===============
2016-01-01 16:16:23 : ~~~~~~~~~~~~~~~ SEARCH CONDITIONS ~~~~~~~~~~~~~~~~
2016-01-01 16:16:23 : Meet: Gold + Elixir
2016-01-01 16:16:23 : ~~~~~~~~~~~~~~ RESOURCE CONDITIONS ~~~~~~~~~~~~~~~
2016-01-01 16:16:23 : Aim: [G+E]: 300000 [D]: 1000 [T]: 0 for: Dead Base
2016-01-01 16:16:23 : ~~~~~~~~~~~~~~~ ADVANCED SETTINGS ~~~~~~~~~~~~~~~~
2016-01-01 16:16:23 : THSnipe Combo, 3 Tile(s),  Attack TH Outside custom1
2016-01-01 16:16:23 : Aim: [G]: 150000 [E]: 150000 [D]: 1500
2016-01-01 16:16:23 : ==================================================
2016-01-01 16:16:31 :   1> [G]: 366755 [E]:  94634 [D]: 3068 [T]:21 [TH]:10, In
2016-01-01 16:16:31 :       Not a Dead Base
2016-01-01 16:16:38 :   2> [G]:  26696 [E]:  35430 [D]:  278 [T]:35 [TH]: 9, Out
2016-01-01 16:16:38 :       TH Outside Found! 
2016-01-01 16:16:38 :       Resource requirement not met for TH snipe 
2016-01-01 16:16:38 :   2> [G]:  26696 [E]:  35430 [D]:  278 [T]:35 [TH]: 9, Out
2016-01-01 16:16:46 :   3> [G]:  99686 [E]: 275129 [D]:  405 [T]:37 [TH]: 9, In
2016-01-01 16:16:46 :       Not a Dead Base
2016-01-01 16:16:54 :   4> [G]: 191110 [E]: 245047 [D]:  395 [T]:12 [TH]:11, In
2016-01-01 16:16:54 :       Not a Dead Base
2016-01-01 16:17:03 :   5> [G]: 419531 [E]: 164953 [D]: 1106 [T]:45 [TH]:10, In
2016-01-01 16:17:03 :       Not a Dead Base
2016-01-01 16:17:11 :   6> [G]: 116605 [E]:  13927 [D]: 1002 [T]:45 [TH]: 9, In
2016-01-01 16:17:19 :   7> [G]: 219888 [E]: 228804 [D]: 3034 [T]:36 [TH]:10, In
2016-01-01 16:17:19 :       Not a Dead Base
2016-01-01 16:17:27 :   8> [G]: 432280 [E]: 428383 [D]: 2000 [T]:46 [TH]:10, In
2016-01-01 16:17:27 :       Not a Dead Base
2016-01-01 16:17:35 :   9> [G]:  20230 [E]: 229323 [D]:  965 [T]:46 [TH]:10, In
2016-01-01 16:17:44 :  10> [G]:  42321 [E]: 402616 [D]: 3045 [T]:23 [TH]:10, In
2016-01-01 16:17:44 :       Not a Dead Base
2016-01-01 16:17:53 :  11> [G]: 359808 [E]: 417950 [D]: 1181 [T]:26 [TH]:10, In
2016-01-01 16:17:53 :       Not a Dead Base
2016-01-01 16:18:03 :  12> [G]: 237281 [E]: 324885 [D]: 1219 [T]:46 [TH]:10, In
2016-01-01 16:18:03 :       Not a Dead Base
2016-01-01 16:18:11 :  13> [G]: 201507 [E]: 372002 [D]: 3108 [T]:38 [TH]:10, In
2016-01-01 16:18:11 :       Not a Dead Base
2016-01-01 16:18:19 :  14> [G]:  81517 [E]: 324507 [D]: 1185 [T]:47 [TH]: 9, In
2016-01-01 16:18:19 :       Not a Dead Base
2016-01-01 16:18:26 :  15> [G]:  45977 [E]: 186562 [D]: 1798 [T]:22 [TH]: 9, In
2016-01-01 16:18:34 :  16> [G]: 401938 [E]: 401936 [D]: 1384 [T]:35 [TH]:10, In
2016-01-01 16:18:34 :       Not a Dead Base
2016-01-01 16:18:43 :  17> [G]: 402635 [E]: 402221 [D]: 3143 [T]:26 [TH]:10, In
2016-01-01 16:18:43 :       Not a Dead Base
2016-01-01 16:18:51 :  18> [G]:  62088 [E]: 195092 [D]: 1148 [T]:47 [TH]:10, In
2016-01-01 16:18:59 :  19> [G]: 422222 [E]: 175283 [D]:  642 [T]:51 [TH]:10, In
2016-01-01 16:18:59 :       Not a Dead Base
2016-01-01 16:19:08 :  20> [G]: 143198 [E]: 206122 [D]: 1139 [T]:40 [TH]:10, In
2016-01-01 16:19:08 :       Not a Dead Base
2016-01-01 16:19:16 :  21> [G]:  32580 [E]: 165734 [D]: 3306 [T]:50 [TH]:10, In
2016-01-01 16:19:24 :  22> [G]: 412805 [E]: 412780 [D]: 3231 [T]:37 [TH]:10, In
2016-01-01 16:19:24 :       Not a Dead Base
2016-01-01 16:19:32 :  23> [G]:  18481 [E]:   7262 [D]:  139 [T]:35 [TH]: 8, Out
2016-01-01 16:19:32 :       TH Outside Found! 
2016-01-01 16:19:32 :       Resource requirement not met for TH snipe 
2016-01-01 16:19:32 :  23> [G]:  18481 [E]:   7262 [D]:  139 [T]:35 [TH]: 8, Out
2016-01-01 16:19:40 :  24> [G]: 415885 [E]: 213294 [D]: 1554 [T]:33 [TH]:10, In
2016-01-01 16:19:40 :       Not a Dead Base
2016-01-01 16:19:47 :  25> [G]:  41698 [E]:  29971 [D]:  152 [T]:40 [TH]: 9, Out
2016-01-01 16:19:47 :       TH Outside Found! 
2016-01-01 16:19:47 :       Resource requirement not met for TH snipe 
2016-01-01 16:19:47 :  25> [G]:  41698 [E]:  29971 [D]:  152 [T]:40 [TH]: 9, Out
2016-01-01 16:19:54 :  26> [G]:  38112 [E]:  53876 [D]:  191 [T]:43 [TH]: 9, In
2016-01-01 16:20:01 :  27> [G]:  78636 [E]: 168239 [D]: 1164 [T]:41 [TH]:10, In
2016-01-01 16:20:09 :  28> [G]:  60503 [E]: 143831 [D]: 3132 [T]:49 [TH]:10, In
2016-01-01 16:20:17 :  29> [G]: 402140 [E]: 402140 [D]: 4303 [T]:51 [TH]:10, In
2016-01-01 16:20:17 :       Not a Dead Base
2016-01-01 16:20:25 :  30> [G]: 351347 [E]: 258337 [D]:  993 [T]:20 [TH]: 9, In
2016-01-01 16:20:25 :       Not a Dead Base
2016-01-01 16:20:32 :  31> [G]:  50833 [E]: 113838 [D]: 1213 [T]:47 [TH]: 9, In
2016-01-01 16:20:41 :  32> [G]: 417287 [E]:  36658 [D]: 3827 [T]:50 [TH]:11, In
2016-01-01 16:20:41 :       Not a Dead Base
2016-01-01 16:20:50 :  33> [G]: 462199 [E]: 225431 [D]: 1551 [T]:27 [TH]:11, In
2016-01-01 16:20:50 :       Not a Dead Base
2016-01-01 16:20:58 :  34> [G]:  95572 [E]:  76836 [D]:  782 [T]:52 [TH]:10, Out
2016-01-01 16:20:58 :       TH Outside Found! 
2016-01-01 16:20:58 :       Resource requirement not met for TH snipe 
2016-01-01 16:20:58 :  34> [G]:  95572 [E]:  76836 [D]:  782 [T]:52 [TH]:10, Out
2016-01-01 16:21:06 :  35> [G]: 402490 [E]: 403029 [D]: 2159 [T]:44 [TH]:10, In
2016-01-01 16:21:06 :       Not a Dead Base
2016-01-01 16:21:13 :  36> [G]:  33690 [E]:  23552 [D]:  542 [T]:35 [TH]: 9, Out
2016-01-01 16:21:13 :       TH Outside Found! 
2016-01-01 16:21:13 :       Resource requirement not met for TH snipe 
2016-01-01 16:21:13 :  36> [G]:  33690 [E]:  23552 [D]:  542 [T]:35 [TH]: 9, Out
2016-01-01 16:21:21 :  37> [G]: 231948 [E]: 229688 [D]: 2520 [T]:37 [TH]:11, In
2016-01-01 16:21:21 :       Not a Dead Base
2016-01-01 16:21:29 :  38> [G]:  44636 [E]:  46092 [D]:  832 [T]:37 [TH]: 9, In
2016-01-01 16:21:36 :  39> [G]: 172078 [E]: 102626 [D]: 2762 [T]:12 [TH]:10, In
2016-01-01 16:21:43 :  40> [G]:  54165 [E]:  70339 [D]:   67 [T]:45 [TH]: 9, In
2016-01-01 16:21:51 :  41> [G]:   9921 [E]:  12625 [D]: 2040 [T]:31 [TH]: 9, In
2016-01-01 16:21:59 :  42> [G]:   1178 [E]:   2439 [D]:   37 [T]:45 [TH]:10, Out
2016-01-01 16:21:59 :       TH Outside Found! 
2016-01-01 16:21:59 :       Resource requirement not met for TH snipe 
2016-01-01 16:21:59 :  42> [G]:   1178 [E]:   2439 [D]:   37 [T]:45 [TH]:10, Out
2016-01-01 16:22:07 :  43> [G]: 322606 [E]: 409044 [D]: 3162 [T]:46 [TH]:10, In
2016-01-01 16:22:07 :       Not a Dead Base
2016-01-01 16:22:15 :  44> [G]: 139077 [E]: 251491 [D]: 1527 [T]:49 [TH]:10, In
2016-01-01 16:22:15 :       Not a Dead Base
2016-01-01 16:22:22 :  45> [G]:  38631 [E]:  30043 [D]:  339 [T]:45 [TH]: 9, Out
2016-01-01 16:22:22 :       TH Outside Found! 
2016-01-01 16:22:22 :       Resource requirement not met for TH snipe 
2016-01-01 16:22:22 :  45> [G]:  38631 [E]:  30043 [D]:  339 [T]:45 [TH]: 9, Out
2016-01-01 16:22:31 :  46> [G]: 253389 [E]: 245451 [D]: 3818 [T]:46 [TH]:11, In
2016-01-01 16:22:31 :       Not a Dead Base
2016-01-01 16:22:39 :  47> [G]: 474365 [E]: 242860 [D]: 3357 [T]:40 [TH]:11, In
2016-01-01 16:22:39 :       Not a Dead Base
2016-01-01 16:22:48 :  48> [G]: 406429 [E]:  51221 [D]: 3107 [T]:52 [TH]:10, In
2016-01-01 16:22:48 :       Not a Dead Base
2016-01-01 16:22:58 :  49> [G]: 216226 [E]: 402501 [D]: 1665 [T]:50 [TH]:10, In
2016-01-01 16:22:58 :       Not a Dead Base
2016-01-01 16:23:05 :  50> [G]:  86243 [E]:  56126 [D]:  608 [T]:54 [TH]:11, In
2016-01-01 16:23:14 :  51> [G]: 432820 [E]: 226609 [D]: 3498 [T]:48 [TH]:10, In
2016-01-01 16:23:14 :       Not a Dead Base
2016-01-01 16:23:22 :  52> [G]: 481486 [E]: 492503 [D]: 3536 [T]:24 [TH]:11, In
2016-01-01 16:23:22 :       Not a Dead Base
2016-01-01 16:23:29 :  53> [G]:  45932 [E]: 133549 [D]: 1130 [T]:54 [TH]:10, In
2016-01-01 16:23:37 :  54> [G]:  58163 [E]:   4864 [D]:  805 [T]:45 [TH]:10, In
2016-01-01 16:23:45 :  55> [G]: 308108 [E]: 344841 [D]: 3225 [T]:45 [TH]:10, In
2016-01-01 16:23:45 :       Not a Dead Base
2016-01-01 16:23:52 :  56> [G]: 104366 [E]: 170984 [D]:  795 [T]:53 [TH]:10, In
2016-01-01 16:23:59 :  57> [G]:  86609 [E]:  87764 [D]:  412 [T]:31 [TH]: 8, In
2016-01-01 16:24:07 :  58> [G]:  64756 [E]:  79607 [D]: 1100 [T]:45 [TH]: 9, In
2016-01-01 16:24:15 :  59> [G]:  37821 [E]: 292790 [D]: 3334 [T]:55 [TH]:11, In
2016-01-01 16:24:15 :       Not a Dead Base
2016-01-01 16:24:22 :  60> [G]:  48501 [E]:  44324 [D]:   92 [T]:39 [TH]: 8, In
2016-01-01 16:24:31 :  61> [G]: 405480 [E]: 391097 [D]: 2632 [T]:48 [TH]:10, In
2016-01-01 16:24:31 :       Not a Dead Base
2016-01-01 16:24:38 :  62> [G]:  29172 [E]: 183102 [D]: 1770 [T]:20 [TH]: 9, In
2016-01-01 16:24:47 :  63> [G]: 175145 [E]:  18408 [D]:  196 [T]:46 [TH]:10, In
2016-01-01 16:24:55 :  64> [G]:  13182 [E]:  77372 [D]: 3060 [T]:51 [TH]:10, In
2016-01-01 16:25:02 :  65> [G]:  87679 [E]:  75200 [D]:  908 [T]:27 [TH]: 9, Out
2016-01-01 16:25:02 :       TH Outside Found! 
2016-01-01 16:25:02 :       Resource requirement not met for TH snipe 
2016-01-01 16:25:02 :  65> [G]:  87679 [E]:  75200 [D]:  908 [T]:27 [TH]: 9, Out
2016-01-01 16:25:11 :  66> [G]: 412641 [E]: 410548 [D]:  556 [T]:38 [TH]:10, In
2016-01-01 16:25:11 :       Not a Dead Base
2016-01-01 16:25:20 :  67> [G]:  98893 [E]: 400511 [D]: 3006 [T]:49 [TH]:10, In
2016-01-01 16:25:20 :       Not a Dead Base
2016-01-01 16:25:28 :  68> [G]: 423502 [E]:  69167 [D]: 1579 [T]:44 [TH]:10, In
2016-01-01 16:25:28 :       Not a Dead Base
2016-01-01 16:25:36 :  69> [G]: 139071 [E]: 429325 [D]: 2167 [T]:52 [TH]:10, In
2016-01-01 16:25:36 :       Not a Dead Base
2016-01-01 16:25:45 :  70> [G]: 412252 [E]: 253004 [D]: 1965 [T]:53 [TH]:10, In
2016-01-01 16:25:45 :       Not a Dead Base
2016-01-01 16:25:52 :  71> [G]:  39255 [E]:  53990 [D]: 1005 [T]:54 [TH]:10, In
2016-01-01 16:25:59 :  72> [G]: 109903 [E]:  86409 [D]: 1132 [T]:28 [TH]: 9, Out
2016-01-01 16:25:59 :       TH Outside Found! 
2016-01-01 16:25:59 :       Resource requirement not met for TH snipe 
2016-01-01 16:25:59 :  72> [G]: 109903 [E]:  86409 [D]: 1132 [T]:28 [TH]: 9, Out
2016-01-01 16:26:06 :  73> [G]:  13252 [E]:  21862 [D]:  103 [T]:25 [TH]: 8, Out
2016-01-01 16:26:07 :       TH Outside Found! 
2016-01-01 16:26:07 :       Resource requirement not met for TH snipe 
2016-01-01 16:26:07 :  73> [G]:  13252 [E]:  21862 [D]:  103 [T]:25 [TH]: 8, Out
2016-01-01 16:26:14 :  74> [G]:  51149 [E]: 126975 [D]: 1216 [T]:52 [TH]:10, In
2016-01-01 16:26:23 :  75> [G]:  12441 [E]: 407959 [D]: 1230 [T]:48 [TH]:10, In
2016-01-01 16:26:23 :       Not a Dead Base
2016-01-01 16:26:31 :  76> [G]: 355052 [E]:  83953 [D]:  701 [T]:49 [TH]:11, In
2016-01-01 16:26:31 :       Not a Dead Base
2016-01-01 16:26:38 :  77> [G]:  58365 [E]:  17400 [D]: 2695 [T]:55 [TH]:10, In
2016-01-01 16:26:47 :  78> [G]: 343471 [E]: 250672 [D]: 3046 [T]:40 [TH]:10, In
2016-01-01 16:26:47 :       Not a Dead Base
2016-01-01 16:26:56 :  79> [G]: 248613 [E]: 388100 [D]: 1931 [T]:52 [TH]:10, In
2016-01-01 16:26:56 :       Not a Dead Base
2016-01-01 16:27:04 :  80> [G]:  43129 [E]:  33625 [D]:  363 [T]:40 [TH]: 9, Out
2016-01-01 16:27:04 :       TH Outside Found! 
2016-01-01 16:27:04 :       Resource requirement not met for TH snipe 
2016-01-01 16:27:04 :  80> [G]:  43129 [E]:  33625 [D]:  363 [T]:40 [TH]: 9, Out
2016-01-01 16:27:11 :  81> [G]: 379946 [E]: 400662 [D]: 4055 [T]:19 [TH]:10, Out
2016-01-01 16:27:11 :       Dead Base Found! 
2016-01-01 16:27:13 : ================ Search Complete =================
2016-01-01 16:27:13 : Initiating attack for: Dead Base
2016-01-01 16:27:15 : -*-Barbarians 138
2016-01-01 16:27:15 : -*-Archers 102
2016-01-01 16:27:15 : -*-Clan Castle 
2016-01-01 16:27:15 : -*-Heal Spells 3
2016-01-01 16:27:15 : -*-Rage Spells 1
2016-01-01 16:27:15 : -*-Jump Spells 1
2016-01-01 16:27:15 : -*-Poison Spells 1
2016-01-01 16:27:15 :  ====== Start Attack ====== 
2016-01-01 16:27:17 : Attacking four finger fight style
2016-01-01 16:27:18 : Dropping only wave of 138 Barbarians
2016-01-01 16:27:21 : Dropping only wave of 102 Archers
2016-01-01 16:27:23 : Dropping Clan Castle
2016-01-01 16:27:25 : Dropping left over troops
2016-01-01 16:27:25 : Checking remaining unused troops for: Dead Base
2016-01-01 16:27:27 : -*-Barbarians 8
2016-01-01 16:27:27 : -*-Heal Spells 3
2016-01-01 16:27:27 : -*-Rage Spells 1
2016-01-01 16:27:27 : -*-Jump Spells 1
2016-01-01 16:27:27 : -*-Poison Spells 1
2016-01-01 16:27:27 : Dropping last wave of 8 Barbarians
2016-01-01 16:27:36 : Checking remaining unused troops for: Dead Base
2016-01-01 16:27:38 : -*-Heal Spells 3
2016-01-01 16:27:38 : -*-Rage Spells 1
2016-01-01 16:27:38 : -*-Jump Spells 1
2016-01-01 16:27:38 : -*-Poison Spells 1
2016-01-01 16:27:46 : Finished Attacking, waiting for the battle to end
2016-01-01 16:27:46 : Checking if the battle has finished
2016-01-01 16:27:49 : detected [G]: 34474 [E]: 74436 [DE]: 190 |  Exit in  8 sec.
2016-01-01 16:27:50 : detected [G]: 34474 [E]: 74436 [DE]: 190 |  Exit in  6 sec.
2016-01-01 16:27:52 : detected [G]: 34474 [E]: 74436 [DE]: 190 |  Exit in  5 sec.
2016-01-01 16:27:54 : detected [G]: 34474 [E]: 74436 [DE]: 190 |  Exit in  3 sec.
2016-01-01 16:27:55 : detected [G]: 34474 [E]: 74436 [DE]: 190 |  Exit in  1 sec.
2016-01-01 16:27:57 : detected [G]: 34474 [E]: 74436 [DE]: 190 |  Exit in  0 sec.
2016-01-01 16:27:59 : detected [G]: 34474 [E]: 74436 [DE]: 190 |  Exit in  0 sec.
2016-01-01 16:27:59 : Gold & Elixir & DE no change detected, exit
2016-01-01 16:27:59 : Returning Home
2016-01-01 16:28:03 : Loot: [G]: 345 472 [E]: 326 226 [DE]: 3 865 [T]: 6
2016-01-01 16:28:03 : Bonus Percentage: 65%
2016-01-01 16:28:04 : Bonus [G]: 2 405 out of 3 700 [E]: 2 405 out of 3 700
2016-01-01 16:28:04 : Your league level is: Silver II
2016-01-01 16:28:04 : Stars earned: 1
2016-01-01 16:28:13 : Trying to locate Main Screen
2016-01-01 16:28:13 : Main Screen Located
2016-01-01 16:28:14 : Village Report
2016-01-01 16:28:14 : No. of Free/Total Builders: 1/5
2016-01-01 16:28:14 :  [T]: 1 074
2016-01-01 16:28:14 :  [G]: 3 432 532 [E]: 3 052 617 [D]: 44 734 [GEM]: 3 642
2016-01-01 16:28:16 : Collecting Resources
2016-01-01 16:28:27 : Chat Request: any
2016-01-01 16:28:27 : Castle Capacity : 8/35
2016-01-01 16:28:27 : Custom Donation Keyword found: any
2016-01-01 16:28:28 : Donating 4 Barbarians
2016-01-01 16:28:29 : Donating 4 Archers
2016-01-01 16:28:32 : Training Troops & Spells
2016-01-01 16:28:33 : Checking Army Camp...
2016-01-01 16:28:34 : Total Army Camp capacity: 118/240 (49%)
2016-01-01 16:28:35 :  - No. of Barbarians: 64
2016-01-01 16:28:35 :  - No. of Archers: 54
2016-01-01 16:28:52 : Requesting Clan Castle Troops
2016-01-01 16:29:02 : ====== Waiting for full army ======
2016-01-01 16:29:42 : Training Troops & Spells
2016-01-01 16:29:43 : Checking Army Camp...
2016-01-01 16:29:44 : Total Army Camp capacity: 132/240 (55%)
2016-01-01 16:29:45 :  - No. of Barbarians: 72
2016-01-01 16:29:45 :  - No. of Archers: 60
2016-01-01 16:30:07 : Time Idle: 00:01:04
2016-01-01 16:30:07 : ***[Trying TH snipe while training army]***
2016-01-01 16:30:07 : Going to Attack...
2016-01-01 16:30:13 : ============== Searching For Dead Base ===============
2016-01-01 16:30:13 : ~~~~~~~~~~~~~~~ SEARCH CONDITIONS ~~~~~~~~~~~~~~~~
2016-01-01 16:30:13 : Meet: Gold + Elixir, Trophy
2016-01-01 16:30:13 : ~~~~~~~~~~~~~~ RESOURCE CONDITIONS ~~~~~~~~~~~~~~~
2016-01-01 16:30:13 : Aim: [G+E]: 300000 [D]: 1000 [T]:99 for: Dead Base
2016-01-01 16:30:13 : ~~~~~~~~~~~~~~~ ADVANCED SETTINGS ~~~~~~~~~~~~~~~~
2016-01-01 16:30:13 : THSnipe Combo, 3 Tile(s),  Attack TH Outside custom1
2016-01-01 16:30:13 : Aim: [G]: 120000 [E]: 120000 [D]: 1000
2016-01-01 16:30:13 : ==================================================
2016-01-01 16:30:19 :   1> [G]: 128568 [E]:   2727 [D]:  920 [T]:34 [TH]: 9, In
2016-01-01 16:30:26 :   2> [G]: 459771 [E]: 459841 [D]: 2936 [T]:34 [TH]:11, In
2016-01-01 16:30:33 :   3> [G]:  51089 [E]: 118503 [D]:  486 [T]:19 [TH]: 8, Out
2016-01-01 16:30:33 :       TH Outside Found! 
2016-01-01 16:30:33 :       Resource requirement not met for TH snipe 
2016-01-01 16:30:33 :   3> [G]:  51089 [E]: 118503 [D]:  486 [T]:19 [TH]: 8, Out
2016-01-01 16:30:41 :   4> [G]:  28390 [E]:  44628 [D]:  605 [T]:23 [TH]: 9, Out
2016-01-01 16:30:41 :       TH Outside Found! 
2016-01-01 16:30:41 :       Resource requirement not met for TH snipe 
2016-01-01 16:30:41 :   4> [G]:  28390 [E]:  44628 [D]:  605 [T]:23 [TH]: 9, Out
2016-01-01 16:30:48 :   5> [G]:  98958 [E]:  59456 [D]:  677 [T]:41 [TH]:11, In
2016-01-01 16:30:56 :   6> [G]: 114176 [E]:  83286 [D]:  359 [T]:24 [TH]:10, Out
2016-01-01 16:30:56 :       TH Outside Found! 
2016-01-01 16:30:56 :       Resource requirement not met for TH snipe 
2016-01-01 16:30:56 :   6> [G]: 114176 [E]:  83286 [D]:  359 [T]:24 [TH]:10, Out
2016-01-01 16:31:03 :   7> [G]:  42407 [E]:  30318 [D]:  137 [T]:35 [TH]: 8, In
2016-01-01 16:31:10 :   8> [G]: 285071 [E]:  76621 [D]: 3144 [T]:45 [TH]:10, In
2016-01-01 16:31:19 :   9> [G]:  55249 [E]: 404122 [D]: 3072 [T]:45 [TH]:10, In
2016-01-01 16:31:26 :  10> [G]:  16908 [E]: 229192 [D]:  632 [T]:18 [TH]:10, Out
2016-01-01 16:31:26 :       TH Outside Found! 
2016-01-01 16:31:26 :       Resource requirement met for TH snipe 
2016-01-01 16:31:28 : ================ Search Complete =================
2016-01-01 16:31:28 : Initiating attack for: TH Snipe
2016-01-01 16:31:30 : -*-Barbarians 74
2016-01-01 16:31:30 : -*-Archers 60
2016-01-01 16:31:30 : -*-Heal Spells 3
2016-01-01 16:31:30 : -*-Rage Spells 1
2016-01-01 16:31:30 : -*-Jump Spells 1
2016-01-01 16:31:30 : -*-Poison Spells 1
2016-01-01 16:31:30 :  ====== Start Attack ====== 
2016-01-01 16:31:32 : Sniping TH with Barch            	 
2016-01-01 16:31:32 : Attacking TH with 1st wave of BARCH   
2016-01-01 16:31:32 : Dropping Only wave of 4 Barbarians
2016-01-01 16:31:33 : Custom Corner deployment THi = 16 ,x = 409 ,y = 141
2016-01-01 16:31:33 : Deployment of 4 Barbarians was Successful!
2016-01-01 16:31:35 :                                       
2016-01-01 16:31:35 : Dropping Only wave of 4 Archers
2016-01-01 16:31:36 : Custom Corner deployment THi = 16 ,x = 409 ,y = 141
2016-01-01 16:31:36 : Deployment of 4 Archers was Successful!
2016-01-01 16:31:38 :                                       
2016-01-01 16:31:39 : Checking if the Gold&Elixir are changing...
2016-01-01 16:31:41 :                                       
2016-01-01 16:31:42 : Checking if the Gold&Elixir are changing...
2016-01-01 16:31:45 :                                       
2016-01-01 16:31:46 : Checking if the Gold&Elixir are changing...
2016-01-01 16:31:48 :                                       
2016-01-01 16:31:48 : Oh Shit! Seems like a trapped TH!     
2016-01-01 16:31:49 : Checking if the Gold&Elixir are changing...
2016-01-01 16:31:52 :                                       
2016-01-01 16:31:52 : Quit wasting troops					 
2016-01-01 16:31:53 : Checking if the Gold&Elixir are changing...
2016-01-01 16:31:55 :                                       
2016-01-01 16:31:55 : ~Finished Attacking, waiting to finish
2016-01-01 16:32:06 : Checking if the Gold&Elixir are changing...
2016-01-01 16:32:08 : Gold & Elixir change detected, waiting...
2016-01-01 16:32:10 : 										 
2016-01-01 16:32:11 : Townhall has been destroyed!
2016-01-01 16:32:12 : Wait few sec before close attack
2016-01-01 16:32:21 : Returning Home
2016-01-01 16:32:25 : Loot: [G]: 2 633 [E]: 45 121 [DE]: 123 [T]: 6
2016-01-01 16:32:25 : Bonus Percentage: 4%
2016-01-01 16:32:25 : Bonus [G]: 148 out of 3 700 [E]: 148 out of 3 700
2016-01-01 16:32:26 : Your league level is: Silver II
2016-01-01 16:32:26 : Stars earned: 1
2016-01-01 16:32:32 : ***[End trying TH snipe while training army]***
2016-01-01 16:32:34 : ====== Waiting for full army ======
2016-01-01 16:33:14 : Training Troops & Spells
2016-01-01 16:33:15 : Checking Army Camp...
2016-01-01 16:33:16 : Total Army Camp capacity: 160/240 (66%)
2016-01-01 16:33:17 :  - No. of Barbarians: 88
2016-01-01 16:33:17 :  - No. of Archers: 72
2016-01-01 16:33:39 : Time Idle: 00:02:09
2016-01-01 16:33:39 : ***[Trying TH snipe while training army]***
2016-01-01 16:33:39 : Going to Attack...
2016-01-01 16:33:45 : ============== Searching For Dead Base ===============
2016-01-01 16:33:45 : ~~~~~~~~~~~~~~~ SEARCH CONDITIONS ~~~~~~~~~~~~~~~~
2016-01-01 16:33:45 : Meet: Gold + Elixir, Trophy
2016-01-01 16:33:45 : ~~~~~~~~~~~~~~ RESOURCE CONDITIONS ~~~~~~~~~~~~~~~
2016-01-01 16:33:45 : Aim: [G+E]: 300000 [D]: 1000 [T]:99 for: Dead Base
2016-01-01 16:33:45 : ~~~~~~~~~~~~~~~ ADVANCED SETTINGS ~~~~~~~~~~~~~~~~
2016-01-01 16:33:45 : THSnipe Combo, 3 Tile(s),  Attack TH Outside custom1
2016-01-01 16:33:45 : Aim: [G]: 120000 [E]: 120000 [D]: 1000
2016-01-01 16:33:45 : ==================================================
2016-01-01 16:33:51 :   1> [G]: 238719 [E]: 186389 [D]: 3914 [T]:37 [TH]:11, In
2016-01-01 16:34:00 :   2> [G]:  15604 [E]:   8529 [D]:  984 [T]:40 [TH]: 9, In
2016-01-01 16:34:07 :   3> [G]:  32455 [E]:  35937 [D]:  948 [T]:34 [TH]: 9, In
2016-01-01 16:34:15 :   4> [G]: 315134 [E]: 143254 [D]: 2598 [T]:35 [TH]:10, In
2016-01-01 16:34:24 :   5> [G]:  90585 [E]: 116170 [D]:  746 [T]:46 [TH]: 9, In
2016-01-01 16:34:32 :   6> [G]: 433571 [E]: 254591 [D]: 4311 [T]:45 [TH]:10, In
2016-01-01 16:34:40 :   7> [G]: 117885 [E]: 115584 [D]:  540 [T]:22 [TH]: 9, Out
2016-01-01 16:34:40 :       TH Outside Found! 
2016-01-01 16:34:40 :       Resource requirement not met for TH snipe 
2016-01-01 16:34:40 :   7> [G]: 117885 [E]: 115584 [D]:  540 [T]:22 [TH]: 9, Out
2016-01-01 16:34:47 : Bot was Paused!
2016-01-01 16:37:32 : Bot was Resumed.
2016-01-01 16:37:37 : 2nd attempt to detect the TownHall!
2016-01-01 16:37:39 : 3rd attempt to detect the TownHall!
2016-01-01 16:37:40 :   8> [G]: 301456 [E]: 358688 [D]:  726 [T]:31 [TH]: -, -
2016-01-01 16:37:52 : Trying to locate Main Screen
2016-01-01 16:37:53 : Waiting for Main Screen
2016-01-01 16:37:57 : Main Screen Located
2016-01-01 16:37:57 : Couldn't locate Next button
2016-01-01 16:37:57 : ***[End trying TH snipe while training army]***
2016-01-01 16:37:59 : ====== Waiting for full army ======
