2016-01-05 21:44:26 :  My Bot v5.0.2 860x780 (BlueStacks) Powered by MyBot.run ~
2016-01-05 21:44:26 : MyBot.run.au3 Script running on WIN_81  X64
2016-01-05 21:44:26 : =================== Bot Start ====================
2016-01-05 21:44:26 : -------------------------  Current Profile: 01 --------------------------
2016-01-05 21:44:27 : Trying to locate Main Screen
2016-01-05 21:44:27 : Main Screen Located
2016-01-05 21:44:28 : Detecting your Buildings..
2016-01-05 21:44:29 : Finding your Clan Level, wait..
2016-01-05 21:44:31 : Found Clan Level: 8
2016-01-05 21:44:33 : Detecting your Village Theme
2016-01-05 21:44:33 : Normal Theme detected
2016-01-05 21:44:40 : Total No. of Barracks: 4
2016-01-05 21:44:41 : - Barrack 4: (274,228)
2016-01-05 21:44:43 : - Barrack 2: (307,460)
2016-01-05 21:44:45 : - Barrack 1: (551,460)
2016-01-05 21:44:47 : - Barrack 3: (583,228)
2016-01-05 21:44:48 : Language setting is English: Correct.
2016-01-05 21:44:49 : Trying to locate Main Screen
2016-01-05 21:44:49 : Main Screen Located
2016-01-05 21:44:50 : Village Report
2016-01-05 21:44:51 : No. of Free/Total Builders: 1/5
2016-01-05 21:44:51 :  [T]: 871
2016-01-05 21:44:51 :  [G]: 4 230 716 [E]: 1 421 322 [D]: 63 855 [GEM]: 3 643
2016-01-05 21:44:52 : Collecting Resources
2016-01-05 21:45:05 : Training Troops & Spells
2016-01-05 21:45:06 : Bot was Paused!
2016-01-05 21:45:11 : Bot was Resumed.
2016-01-05 21:45:12 : Checking Army Camp...
2016-01-05 21:45:13 : Total Army Camp capacity: 40/240 (16%)
2016-01-05 21:45:16 :  - No. of Goblins: 40
2016-01-05 21:45:16 : Barracks and Spell factory status: 
2016-01-05 21:45:16 : - Barracks detected: 4 | Available: 4 | Upgrading: 0
2016-01-05 21:45:16 : - Dark Barracks detected: 2 | Available: 2 | Upgrading: 0
2016-01-05 21:45:16 : - Spell factory detected: 1 | Available: 1 | Upgrading: 0
2016-01-05 21:45:16 : - Dark Spell factory detected: 1 | Available: 1 | Upgrading: 0
2016-01-05 21:45:51 : ====== Waiting for full army ======
2016-01-05 21:46:32 : Training Troops & Spells
2016-01-05 21:46:32 : Checking Army Camp...
2016-01-05 21:46:34 : Total Army Camp capacity: 56/240 (23%)
2016-01-05 21:46:34 :  - No. of Goblins: 56
2016-01-05 21:46:57 : Time Idle: 00:01:05
2016-01-05 21:46:57 : ***[Trying TH snipe while training army]***
2016-01-05 21:46:57 : Going to Attack...
2016-01-05 21:47:03 : ============== Searching For Dead Base ===============
2016-01-05 21:47:03 : ~~~~~~~~~~~~~~~ SEARCH CONDITIONS ~~~~~~~~~~~~~~~~
2016-01-05 21:47:03 : Meet: Gold + Elixir, Trophy
2016-01-05 21:47:03 : ~~~~~~~~~~~~~~ RESOURCE CONDITIONS ~~~~~~~~~~~~~~~
2016-01-05 21:47:03 : Aim: [G+E]: 150000 [D]: 1000 [T]:99 for: Dead Base
2016-01-05 21:47:03 : ~~~~~~~~~~~~~~~ ADVANCED SETTINGS ~~~~~~~~~~~~~~~~
2016-01-05 21:47:03 : THSnipe Combo, 3 Tile(s),  Attack TH Outside custom1
2016-01-05 21:47:03 : Aim: [G]: 120000 [E]: 120000 [D]: 1000
2016-01-05 21:47:03 : ==================================================
2016-01-05 21:47:09 :       TH Outside Found! 
2016-01-05 21:47:09 :       Resource requirement not met for TH snipe 
2016-01-05 21:47:09 :   1> [G]:  61892 [E]:  63309 [D]:  952 [T]:34 [TH]: 9, Out
2016-01-05 21:47:17 :   2> [G]:  91453 [E]: 200757 [D]:  892 [T]:17 [TH]: 9, In
2016-01-05 21:47:24 :   3> [G]:  66422 [E]:  11559 [D]: 1252 [T]:25 [TH]: 9, In
2016-01-05 21:47:33 :   4> [G]:  82254 [E]:  63003 [D]: 3065 [T]:43 [TH]:10, In
2016-01-05 21:47:40 :       TH Outside Found! 
2016-01-05 21:47:40 :       Resource requirement met for TH snipe 
2016-01-05 21:47:40 :   5> [G]:  28487 [E]:  97152 [D]: 1115 [T]:44 [TH]: 9, Out
2016-01-05 21:47:42 : ================ Search Complete =================
2016-01-05 21:47:42 : Initiating attack for: TH Snipe
2016-01-05 21:47:44 : -*-Goblins 69
2016-01-05 21:47:44 : -*-Clan Castle 
2016-01-05 21:47:44 : -*-Heal Spells 3
2016-01-05 21:47:44 : -*-Rage Spells 1
2016-01-05 21:47:44 : -*-Jump Spells 1
2016-01-05 21:47:44 : -*-Poison Spells 1
2016-01-05 21:47:44 :  ====== Start Attack all troops ====== 
2016-01-05 21:47:46 : Sniping TH with Gobs Snipe                                 		   
2016-01-05 21:47:46 : Wave1: Sending 4 gobs and wait 20 seconds                           
2016-01-05 21:47:46 : Dropping Only wave of 4 Goblins
2016-01-05 21:47:47 : Custom Corner deployment THi = 5 ,x = 644 ,y = 335
2016-01-05 21:47:47 : Deployment of 4 Goblins was Successful!
2016-01-05 21:47:48 :                                                                     
2016-01-05 21:47:48 : Waiting for 30000 milliseconds or until the destruction of the town hall
2016-01-05 21:48:10 : Townhall has been destroyed!
2016-01-05 21:48:14 : detected [G]: 26227 [E]: 80423 [DE]: 941 |  Exit in  8 sec.
2016-01-05 21:48:16 : detected [G]: 26227 [E]: 80423 [DE]: 941 |  Exit in  6 sec.
2016-01-05 21:48:17 : detected [G]: 26227 [E]: 80423 [DE]: 941 |  Exit in  5 sec.
2016-01-05 21:48:19 : detected [G]: 26227 [E]: 80423 [DE]: 941 |  Exit in  3 sec.
2016-01-05 21:48:21 : detected [G]: 26227 [E]: 80423 [DE]: 941 |  Exit in  1 sec.
2016-01-05 21:48:22 : detected [G]: 26227 [E]: 80423 [DE]: 941 |  Exit in  0 sec.
2016-01-05 21:48:22 : Gold & Elixir & DE no change detected, exit
2016-01-05 21:48:22 :                                                                     
2016-01-05 21:48:22 : ~Finished Attacking                                                 
2016-01-05 21:48:22 : Waiting for 5000 milliseconds or until the destruction of the town hall
2016-01-05 21:48:24 : Townhall has been destroyed!
2016-01-05 21:48:27 : detected [G]: 26227 [E]: 80423 [DE]: 941 |  Exit in  8 sec.
2016-01-05 21:48:29 : detected [G]: 26227 [E]: 80423 [DE]: 941 |  Exit in  6 sec.
2016-01-05 21:48:31 : detected [G]: 26227 [E]: 80423 [DE]: 941 |  Exit in  5 sec.
2016-01-05 21:48:32 : detected [G]: 26227 [E]: 80423 [DE]: 941 |  Exit in  3 sec.
2016-01-05 21:48:34 : detected [G]: 26227 [E]: 80423 [DE]: 941 |  Exit in  1 sec.
2016-01-05 21:48:36 : detected [G]: 26227 [E]: 80423 [DE]: 941 |  Exit in  0 sec.
2016-01-05 21:48:36 : Gold & Elixir & DE no change detected, exit
2016-01-05 21:48:36 :                                                                     
2016-01-05 21:48:36 : Wait few sec before close attack
2016-01-05 21:48:44 : Returning Home
2016-01-05 21:48:48 : Loot: [G]: 2 260 [E]: 16 729 [DE]: 174 [T]: 14
2016-01-05 21:48:48 : Bonus Percentage: 3%
2016-01-05 21:48:48 : Bonus [G]: 78 out of 2 600 [E]: 78 out of 2 600
2016-01-05 21:48:49 : Your league level is: Silver III
2016-01-05 21:48:49 : Stars earned: 1
2016-01-05 21:48:55 : ***[End trying TH snipe while training army]***
2016-01-05 21:48:57 : ====== Waiting for full army ======
2016-01-05 21:49:37 : Training Troops & Spells
2016-01-05 21:49:38 : Checking Army Camp...
2016-01-05 21:49:39 : Total Army Camp capacity: 145/240 (60%)
2016-01-05 21:49:40 :  - No. of Goblins: 145
2016-01-05 21:49:41 : Your Army Camps are now Full
2016-01-05 21:49:41 : Calculating Troops before Training new Army.
2016-01-05 21:50:01 : Going to Attack...
2016-01-05 21:50:07 : ============== Searching For Dead Base ===============
2016-01-05 21:50:07 : ~~~~~~~~~~~~~~~ SEARCH CONDITIONS ~~~~~~~~~~~~~~~~
2016-01-05 21:50:07 : Meet: Gold + Elixir
2016-01-05 21:50:07 : ~~~~~~~~~~~~~~ RESOURCE CONDITIONS ~~~~~~~~~~~~~~~
2016-01-05 21:50:07 : Aim: [G+E]: 150000 [D]: 1000 [T]: 0 for: Dead Base
2016-01-05 21:50:07 : ~~~~~~~~~~~~~~~ ADVANCED SETTINGS ~~~~~~~~~~~~~~~~
2016-01-05 21:50:07 : THSnipe Combo, 3 Tile(s),  Attack TH Outside custom1
2016-01-05 21:50:07 : Aim: [G]: 120000 [E]: 120000 [D]: 1000
2016-01-05 21:50:07 : ==================================================
2016-01-05 21:50:13 :       TH Outside Found! 
2016-01-05 21:50:13 :       Resource requirement met for TH snipe 
2016-01-05 21:50:13 :   1> [G]:  68733 [E]:  80224 [D]: 2427 [T]:34 [TH]: 9, Out
2016-01-05 21:50:15 : ================ Search Complete =================
2016-01-05 21:50:15 : Initiating attack for: TH Snipe
2016-01-05 21:50:17 : -*-Goblins 157
2016-01-05 21:50:17 : -*-Clan Castle 
2016-01-05 21:50:17 : -*-Heal Spells 3
2016-01-05 21:50:17 : -*-Rage Spells 1
2016-01-05 21:50:17 : -*-Jump Spells 1
2016-01-05 21:50:17 : -*-Poison Spells 1
2016-01-05 21:50:17 :  ====== Start Attack all troops ====== 
2016-01-05 21:50:19 : Sniping TH with Gobs Snipe                                 		   
2016-01-05 21:50:19 : Wave1: Sending 4 gobs and wait 20 seconds                           
2016-01-05 21:50:19 : Dropping Only wave of 4 Goblins
2016-01-05 21:50:20 : Custom Corner deployment THi = 4 ,x = 194 ,y = 330
2016-01-05 21:50:20 : Deployment of 4 Goblins was Successful!
2016-01-05 21:50:21 :                                                                     
2016-01-05 21:50:21 : Waiting for 30000 milliseconds or until the destruction of the town hall
