2016-01-03 20:36:01 :  My Bot v5.0.2 860x780 (BlueStacks) Powered by MyBot.run ~
2016-01-03 20:36:01 : MyBot.mod.au3 Script running on WIN_81  X64
2016-01-03 20:36:01 : =================== Bot Start ====================
2016-01-03 20:36:01 : -------------------------  Current Profile: 01 --------------------------
2016-01-03 20:36:02 : Trying to locate Main Screen
2016-01-03 20:36:02 : Main Screen Located
2016-01-03 20:36:03 : Detecting your Buildings..
2016-01-03 20:36:04 : Finding your Clan Level, wait..
2016-01-03 20:36:05 : Found Clan Level: 8
2016-01-03 20:36:06 : Detecting your Village Theme
2016-01-03 20:36:06 : Normal Theme detected
2016-01-03 20:36:07 : Language setting is English: Correct.
2016-01-03 20:36:08 : Trying to locate Main Screen
2016-01-03 20:36:08 : Main Screen Located
2016-01-03 20:36:10 : Village Report
2016-01-03 20:36:10 : No. of Free/Total Builders: 1/5
2016-01-03 20:36:10 :  [T]: 882
2016-01-03 20:36:10 :  [G]: 2 081 686 [E]: 2 677 465 [D]: 162 979 [GEM]: 3 638
2016-01-03 20:36:11 : Collecting Resources
2016-01-03 20:36:23 : Chat Request: Air poison
2016-01-03 20:36:23 : Castle Capacity : 0/30
2016-01-03 20:36:23 : King Blacklist Keyword found: air
2016-01-03 20:36:23 : Barbarians Blacklist Keyword found: air
2016-01-03 20:36:23 : Archers Blacklist Keyword found: air
2016-01-03 20:36:25 : Training Troops & Spells
2016-01-03 20:36:26 : Checking Army Camp...
2016-01-03 20:36:27 : Total Army Camp capacity: 240/240 (100%)
2016-01-03 20:36:28 :  - No. of Barbarians: 132
2016-01-03 20:36:28 :  - No. of Archers: 108
2016-01-03 20:36:28 :  - Archer Queen available
2016-01-03 20:36:28 : Barracks and Spell factory status: 
2016-01-03 20:36:28 : - Barracks detected: 4 | Available: 4 | Upgrading: 0
2016-01-03 20:36:28 : - Dark Barracks detected: 2 | Available: 2 | Upgrading: 0
2016-01-03 20:36:28 : - Spell factory detected: 1 | Available: 1 | Upgrading: 0
2016-01-03 20:36:28 : - Dark Spell factory detected: 1 | Available: 1 | Upgrading: 0
2016-01-03 20:36:29 : Your Army Camps are now Full
2016-01-03 20:36:29 : Calculating Troops before Training new Army.
2016-01-03 20:37:03 : Going to Attack...
2016-01-03 20:37:08 : ============== Searching For Dead Base ===============
2016-01-03 20:37:08 : ~~~~~~~~~~~~~~~ SEARCH CONDITIONS ~~~~~~~~~~~~~~~~
2016-01-03 20:37:08 : Meet: Gold + Elixir
2016-01-03 20:37:08 : ~~~~~~~~~~~~~~ RESOURCE CONDITIONS ~~~~~~~~~~~~~~~
2016-01-03 20:37:08 : Aim: [G+E]: 250000 [D]: 1000 [T]: 0 for: Dead Base
2016-01-03 20:37:08 : ~~~~~~~~~~~~~~~ ADVANCED SETTINGS ~~~~~~~~~~~~~~~~
2016-01-03 20:37:08 : THSnipe Combo, 3 Tile(s),  Attack TH Outside custom1
2016-01-03 20:37:08 : Aim: [G]: 130000 [E]: 130000 [D]: 1100
2016-01-03 20:37:08 : ==================================================
2016-01-03 20:37:15 :       TH Outside Found! 
2016-01-03 20:37:15 :       Resource requirement not met for TH snipe 
2016-01-03 20:37:15 :   1> [G]:  75437 [E]:  32810 [D]:  223 [T]:43 [TH]: 8, Out
2016-01-03 20:37:22 :   2> [G]: 117055 [E]:  85132 [D]: 1592 [T]:40 [TH]: 9, In
2016-01-03 20:37:31 :   3> [G]: 240580 [E]: 239820 [D]: 2737 [T]:42 [TH]:11, In
2016-01-03 20:37:31 :       Not a Dead Base
2016-01-03 20:37:40 :   4> [G]: 402577 [E]: 392722 [D]: 3045 [T]:24 [TH]:10, In
2016-01-03 20:37:40 :       Not a Dead Base
2016-01-03 20:37:48 :   5> [G]:  89401 [E]: 304953 [D]: 1812 [T]:47 [TH]: 9, In
2016-01-03 20:37:48 :       Not a Dead Base
2016-01-03 20:37:56 :       TH Outside Found! 
2016-01-03 20:37:56 :       Resource requirement met for TH snipe 
2016-01-03 20:37:56 :   6> [G]: 231369 [E]: 149884 [D]:  496 [T]:26 [TH]: 9, Out
2016-01-03 20:37:58 : ================ Search Complete =================
2016-01-03 20:37:58 : Initiating attack for: TH Snipe
2016-01-03 20:38:00 : -*-Barbarians 132
2016-01-03 20:38:00 : -*-Archers 108
2016-01-03 20:38:00 : -*-Clan Castle 
2016-01-03 20:38:00 : -*-Queen 
2016-01-03 20:38:00 : -*-Heal Spells 3
2016-01-03 20:38:00 : -*-Rage Spells 1
2016-01-03 20:38:00 : -*-Jump Spells 1
2016-01-03 20:38:00 : -*-Poison Spells 1
2016-01-03 20:38:00 :  ====== Start Attack ====== 
2016-01-03 20:38:02 : Sniping TH with Barch            	 
2016-01-03 20:38:02 : Attacking TH with 1st wave of BARCH   
2016-01-03 20:38:02 : Dropping Only wave of 4 Barbarians
2016-01-03 20:38:03 : Custom Corner deployment THi = 5 ,x = 210 ,y = 342
2016-01-03 20:38:03 : Deployment of 4 Barbarians was Successful!
2016-01-03 20:38:05 :                                       
2016-01-03 20:38:05 : Dropping Only wave of 4 Archers
2016-01-03 20:38:06 : Custom Corner deployment THi = 5 ,x = 210 ,y = 342
2016-01-03 20:38:06 : Deployment of 4 Archers was Successful!
2016-01-03 20:38:08 :                                       
2016-01-03 20:38:09 : Checking if the Gold&Elixir are changing...
2016-01-03 20:38:11 :                                       
2016-01-03 20:38:13 : Checking if the Gold&Elixir are changing...
2016-01-03 20:38:15 :                                       
2016-01-03 20:38:16 : Checking if the Gold&Elixir are changing...
2016-01-03 20:38:18 :                                       
2016-01-03 20:38:18 : Oh Shit! Seems like a trapped TH!     
2016-01-03 20:38:20 : Checking if the Gold&Elixir are changing...
2016-01-03 20:38:22 :                                       
2016-01-03 20:38:22 : Quit wasting troops					 
2016-01-03 20:38:23 : Checking if the Gold&Elixir are changing...
2016-01-03 20:38:25 :                                       
2016-01-03 20:38:25 : ~Finished Attacking, waiting to finish
2016-01-03 20:38:35 : Townhall has been destroyed!
2016-01-03 20:38:37 : Wait few sec before close attack
2016-01-03 20:38:43 : Returning Home
2016-01-03 20:38:46 : Loot: [G]: 51 642 [E]: 31 484 [DE]: 82 [T]: 8
2016-01-03 20:38:46 : Bonus Percentage: 4%
2016-01-03 20:38:47 : Bonus [G]: 104 out of 2 600 [E]: 104 out of 2 600
2016-01-03 20:38:47 : Your league level is: Silver III
2016-01-03 20:38:47 : Stars earned: 1
2016-01-03 20:38:56 : Trying to locate Main Screen
2016-01-03 20:38:56 : Main Screen Located
2016-01-03 20:38:57 : Village Report
2016-01-03 20:38:57 : No. of Free/Total Builders: 1/5
2016-01-03 20:38:57 :  [T]: 890
2016-01-03 20:38:58 :  [G]: 2 128 032 [E]: 2 701 053 [D]: 163 071 [GEM]: 3 638
2016-01-03 20:38:59 : Collecting Resources
2016-01-03 20:39:10 : Chat Request: Air poison
2016-01-03 20:39:10 : Castle Capacity : 0/30
2016-01-03 20:39:10 : King Blacklist Keyword found: air
2016-01-03 20:39:10 : Barbarians Blacklist Keyword found: air
2016-01-03 20:39:10 : Archers Blacklist Keyword found: air
2016-01-03 20:39:13 : Training Troops & Spells
2016-01-03 20:39:13 : Checking Army Camp...
2016-01-03 20:39:15 : Total Army Camp capacity: 240/240 (100%)
2016-01-03 20:39:15 :  - No. of Barbarians: 132
2016-01-03 20:39:15 :  - No. of Archers: 108
2016-01-03 20:39:15 :  - Archer Queen available
2016-01-03 20:39:17 : Your Army Camps are now Full
2016-01-03 20:39:17 : Calculating Troops before Training new Army.
2016-01-03 20:39:32 : Going to Attack...
2016-01-03 20:39:38 : ============== Searching For Dead Base ===============
2016-01-03 20:39:38 : ~~~~~~~~~~~~~~~ SEARCH CONDITIONS ~~~~~~~~~~~~~~~~
2016-01-03 20:39:38 : Meet: Gold + Elixir
2016-01-03 20:39:38 : ~~~~~~~~~~~~~~ RESOURCE CONDITIONS ~~~~~~~~~~~~~~~
2016-01-03 20:39:38 : Aim: [G+E]: 250000 [D]: 1000 [T]: 0 for: Dead Base
2016-01-03 20:39:38 : ~~~~~~~~~~~~~~~ ADVANCED SETTINGS ~~~~~~~~~~~~~~~~
2016-01-03 20:39:38 : THSnipe Combo, 3 Tile(s),  Attack TH Outside custom1
2016-01-03 20:39:38 : Aim: [G]: 130000 [E]: 130000 [D]: 1100
2016-01-03 20:39:38 : ==================================================
2016-01-03 20:39:45 :   1> [G]: 177939 [E]: 162469 [D]:  259 [T]:26 [TH]: 9, In
2016-01-03 20:39:45 :       Not a Dead Base
2016-01-03 20:39:54 :       TH Outside Found! 
2016-01-03 20:39:54 :       Resource requirement not met for TH snipe 
2016-01-03 20:39:54 :   2> [G]:  92628 [E]:  65626 [D]:  968 [T]:36 [TH]: 9, Out
2016-01-03 20:40:01 :       TH Outside Found! 
2016-01-03 20:40:01 :       Resource requirement not met for TH snipe 
2016-01-03 20:40:01 :   3> [G]:  41893 [E]:  90671 [D]:  403 [T]:27 [TH]: 9, Out
2016-01-03 20:40:09 :   4> [G]:  64748 [E]:  70348 [D]:  128 [T]:43 [TH]: 8, In
2016-01-03 20:40:16 :       TH Outside Found! 
2016-01-03 20:40:16 :       Resource requirement not met for TH snipe 
2016-01-03 20:40:16 :   5> [G]:  33667 [E]:  43628 [D]:  206 [T]:47 [TH]: 9, Out
2016-01-03 20:40:23 :       TH Outside Found! 
2016-01-03 20:40:23 :       Resource requirement met for TH snipe 
2016-01-03 20:40:23 :   6> [G]:  48192 [E]:  55667 [D]: 1382 [T]:48 [TH]: 9, Out
2016-01-03 20:40:25 : ================ Search Complete =================
2016-01-03 20:40:25 : Initiating attack for: TH Snipe
2016-01-03 20:40:27 : -*-Barbarians 132
2016-01-03 20:40:27 : -*-Archers 108
2016-01-03 20:40:27 : -*-Clan Castle 
2016-01-03 20:40:27 : -*-Queen 
2016-01-03 20:40:27 : -*-Heal Spells 3
2016-01-03 20:40:27 : -*-Rage Spells 1
2016-01-03 20:40:27 : -*-Jump Spells 1
2016-01-03 20:40:27 : -*-Poison Spells 1
2016-01-03 20:40:27 :  ====== Start Attack ====== 
2016-01-03 20:40:29 : Sniping TH with Barch            	 
2016-01-03 20:40:29 : Attacking TH with 1st wave of BARCH   
2016-01-03 20:40:29 : Dropping Only wave of 4 Barbarians
2016-01-03 20:40:30 : Custom Corner deployment THi = 5 ,x = 645 ,y = 359
2016-01-03 20:40:31 : Deployment of 4 Barbarians was Successful!
2016-01-03 20:40:32 :                                       
2016-01-03 20:40:33 : Dropping Only wave of 4 Archers
2016-01-03 20:40:33 : Custom Corner deployment THi = 5 ,x = 645 ,y = 359
2016-01-03 20:40:34 : Deployment of 4 Archers was Successful!
2016-01-03 20:40:35 :                                       
2016-01-03 20:40:36 : Checking if the Gold&Elixir are changing...
2016-01-03 20:40:39 :                                       
2016-01-03 20:40:40 : Checking if the Gold&Elixir are changing...
2016-01-03 20:40:42 :                                       
2016-01-03 20:40:43 : Checking if the Gold&Elixir are changing...
2016-01-03 20:40:46 :                                       
2016-01-03 20:40:46 : Oh Shit! Seems like a trapped TH!     
2016-01-03 20:40:47 : Checking if the Gold&Elixir are changing...
2016-01-03 20:40:49 :                                       
2016-01-03 20:40:49 : Quit wasting troops					 
2016-01-03 20:40:50 : Checking if the Gold&Elixir are changing...
2016-01-03 20:40:53 :                                       
2016-01-03 20:40:53 : ~Finished Attacking, waiting to finish
2016-01-03 20:41:04 : Checking if the Gold&Elixir are changing...
2016-01-03 20:41:06 : 										 
2016-01-03 20:41:06 : Wait few sec before close attack
2016-01-03 20:41:45 : Returning Home
2016-01-03 20:41:49 : Loot: [G]: 0 [E]: 0 [DE]:  [T]: -6
2016-01-03 20:41:49 : Stars earned: 0
2016-01-03 20:41:57 : Trying to locate Main Screen
2016-01-03 20:41:57 : Main Screen Located
2016-01-03 20:41:59 : Village Report
2016-01-03 20:41:59 : No. of Free/Total Builders: 1/5
2016-01-03 20:41:59 :  [T]: 884
2016-01-03 20:41:59 :  [G]: 2 122 632 [E]: 2 698 053 [D]: 163 077 [GEM]: 3 638
2016-01-03 20:42:00 : Collecting Resources
2016-01-03 20:42:12 : Chat Request: Air poison
2016-01-03 20:42:12 : Castle Capacity : 0/30
2016-01-03 20:42:12 : King Blacklist Keyword found: air
2016-01-03 20:42:12 : Barbarians Blacklist Keyword found: air
2016-01-03 20:42:12 : Archers Blacklist Keyword found: air
2016-01-03 20:42:15 : Training Troops & Spells
2016-01-03 20:42:15 : Checking Army Camp...
2016-01-03 20:42:17 : Total Army Camp capacity: 240/240 (100%)
2016-01-03 20:42:17 :  - No. of Barbarians: 132
2016-01-03 20:42:18 :  - No. of Archers: 108
2016-01-03 20:42:18 :  - Archer Queen available
2016-01-03 20:42:19 : Your Army Camps are now Full
2016-01-03 20:42:19 : Calculating Troops before Training new Army.
2016-01-03 20:42:35 : Going to Attack...
2016-01-03 20:42:41 : ============== Searching For Dead Base ===============
2016-01-03 20:42:41 : ~~~~~~~~~~~~~~~ SEARCH CONDITIONS ~~~~~~~~~~~~~~~~
2016-01-03 20:42:41 : Meet: Gold + Elixir
2016-01-03 20:42:41 : ~~~~~~~~~~~~~~ RESOURCE CONDITIONS ~~~~~~~~~~~~~~~
2016-01-03 20:42:41 : Aim: [G+E]: 250000 [D]: 1000 [T]: 0 for: Dead Base
2016-01-03 20:42:41 : ~~~~~~~~~~~~~~~ ADVANCED SETTINGS ~~~~~~~~~~~~~~~~
2016-01-03 20:42:41 : THSnipe Combo, 3 Tile(s),  Attack TH Outside custom1
2016-01-03 20:42:41 : Aim: [G]: 130000 [E]: 130000 [D]: 1100
2016-01-03 20:42:41 : ==================================================
2016-01-03 20:42:47 :       TH Outside Found! 
2016-01-03 20:42:47 :       Resource requirement met for TH snipe 
2016-01-03 20:42:47 :   1> [G]: 137329 [E]:  74052 [D]:  701 [T]:36 [TH]: 9, Out
2016-01-03 20:42:49 : ================ Search Complete =================
2016-01-03 20:42:49 : Initiating attack for: TH Snipe
2016-01-03 20:42:51 : -*-Barbarians 132
2016-01-03 20:42:51 : -*-Archers 108
2016-01-03 20:42:51 : -*-Clan Castle 
2016-01-03 20:42:51 : -*-Queen 
2016-01-03 20:42:51 : -*-Heal Spells 3
2016-01-03 20:42:51 : -*-Rage Spells 1
2016-01-03 20:42:51 : -*-Jump Spells 1
2016-01-03 20:42:51 : -*-Poison Spells 1
2016-01-03 20:42:51 :  ====== Start Attack ====== 
2016-01-03 20:42:53 : Sniping TH with Barch            	 
2016-01-03 20:42:53 : Attacking TH with 1st wave of BARCH   
2016-01-03 20:42:54 : Dropping Only wave of 4 Barbarians
2016-01-03 20:42:54 : Custom Corner deployment THi = 1 ,x = 140 ,y = 347
2016-01-03 20:42:55 : Deployment of 4 Barbarians was Successful!
2016-01-03 20:42:57 :                                       
2016-01-03 20:42:57 : Dropping Only wave of 4 Archers
2016-01-03 20:42:58 : Custom Corner deployment THi = 1 ,x = 140 ,y = 347
2016-01-03 20:42:58 : Deployment of 4 Archers was Successful!
2016-01-03 20:43:00 :                                       
2016-01-03 20:43:01 : Checking if the Gold&Elixir are changing...
2016-01-03 20:43:03 : Gold & Elixir change detected, waiting...
2016-01-03 20:43:06 : Gold & Elixir change detected, waiting...
2016-01-03 20:43:08 : Gold & Elixir change detected, waiting...
2016-01-03 20:43:08 :                                       
2016-01-03 20:43:09 : Checking if the Gold&Elixir are changing...
2016-01-03 20:43:11 : Gold & Elixir change detected, waiting...
2016-01-03 20:43:13 : Gold & Elixir change detected, waiting...
2016-01-03 20:43:16 : Gold & Elixir change detected, waiting...
2016-01-03 20:43:16 :                                       
2016-01-03 20:43:17 : Checking if the Gold&Elixir are changing...
2016-01-03 20:43:19 : Gold & Elixir change detected, waiting...
2016-01-03 20:43:21 : Gold & Elixir change detected, waiting...
2016-01-03 20:43:23 : Gold & Elixir change detected, waiting...
2016-01-03 20:43:23 :                                       
2016-01-03 20:43:24 : Oh Shit! Seems like a trapped TH!     
2016-01-03 20:43:25 : Checking if the Gold&Elixir are changing...
2016-01-03 20:43:26 : Bot was Paused!
2016-01-03 20:43:50 : Bot was Resumed.
2016-01-03 20:43:51 : Gold & Elixir change detected, waiting...
2016-01-03 20:43:53 : Gold & Elixir change detected, waiting...
2016-01-03 20:43:55 : Gold & Elixir change detected, waiting...
2016-01-03 20:43:55 :                                       
2016-01-03 20:43:55 : Townhall has been destroyed!
2016-01-03 20:43:57 : Wait few sec before close attack
2016-01-03 20:43:58 : Bot was Paused!
2016-01-03 20:44:26 : Bot was Resumed.
2016-01-03 20:44:26 : Zooming Out
2016-01-03 20:44:33 : Returning Home
2016-01-03 20:44:37 : Loot: [G]: 39 458 [E]: 27 731 [DE]: 409 [T]: 12
2016-01-03 20:44:37 : Bonus Percentage: 46%
2016-01-03 20:44:37 : Bonus [G]: 1 196 out of 2 600 [E]: 1 196 out of 2 600
2016-01-03 20:44:38 : Your league level is: Silver III
2016-01-03 20:44:38 : Stars earned: 1
2016-01-03 20:44:46 : Trying to locate Main Screen
2016-01-03 20:44:46 : Main Screen Located
2016-01-03 20:44:48 : Village Report
2016-01-03 20:44:48 : No. of Free/Total Builders: 1/5
2016-01-03 20:44:48 :  [T]: 896
2016-01-03 20:44:48 :  [G]: 2 162 658 [E]: 2 724 251 [D]: 163 494 [GEM]: 3 638
2016-01-03 20:44:49 : Collecting Resources
2016-01-03 20:45:01 : Chat Request: Air poison
2016-01-03 20:45:01 : Castle Capacity : 16/30
2016-01-03 20:45:01 : King Blacklist Keyword found: air
2016-01-03 20:45:01 : Barbarians Blacklist Keyword found: air
2016-01-03 20:45:01 : Archers Blacklist Keyword found: air
2016-01-03 20:45:03 : Training Troops & Spells
2016-01-03 20:45:04 : Checking Army Camp...
2016-01-03 20:45:05 : Total Army Camp capacity: 234/240 (97%)
2016-01-03 20:45:06 :  - No. of Barbarians: 131
2016-01-03 20:45:06 :  - No. of Archers: 103
2016-01-03 20:45:07 : Your Army Camps are now Full
2016-01-03 20:45:07 : Calculating Troops before Training new Army.
2016-01-03 20:45:24 : Going to Attack...
2016-01-03 20:45:30 : ============== Searching For Dead Base ===============
2016-01-03 20:45:30 : ~~~~~~~~~~~~~~~ SEARCH CONDITIONS ~~~~~~~~~~~~~~~~
2016-01-03 20:45:30 : Meet: Gold + Elixir
2016-01-03 20:45:30 : ~~~~~~~~~~~~~~ RESOURCE CONDITIONS ~~~~~~~~~~~~~~~
2016-01-03 20:45:30 : Aim: [G+E]: 250000 [D]: 1000 [T]: 0 for: Dead Base
2016-01-03 20:45:30 : ~~~~~~~~~~~~~~~ ADVANCED SETTINGS ~~~~~~~~~~~~~~~~
2016-01-03 20:45:30 : THSnipe Combo, 3 Tile(s),  Attack TH Outside custom1
2016-01-03 20:45:30 : Aim: [G]: 130000 [E]: 130000 [D]: 1100
2016-01-03 20:45:30 : ==================================================
2016-01-03 20:45:37 :       TH Outside Found! 
2016-01-03 20:45:37 :       Resource requirement not met for TH snipe 
2016-01-03 20:45:37 :   1> [G]: 119214 [E]:  93793 [D]:  434 [T]:29 [TH]: 9, Out
2016-01-03 20:45:45 :       TH Outside Found! 
2016-01-03 20:45:46 :       Resource requirement met for TH snipe 
2016-01-03 20:45:46 :   2> [G]:  84666 [E]: 210195 [D]: 1119 [T]:43 [TH]: 9, Out
2016-01-03 20:45:47 : ================ Search Complete =================
2016-01-03 20:45:47 : Initiating attack for: TH Snipe
2016-01-03 20:45:49 : -*-Barbarians 133
2016-01-03 20:45:49 : -*-Archers 105
2016-01-03 20:45:49 : -*-Clan Castle 
2016-01-03 20:45:49 : -*-Heal Spells 3
2016-01-03 20:45:49 : -*-Rage Spells 1
2016-01-03 20:45:49 : -*-Jump Spells 1
2016-01-03 20:45:49 : -*-Poison Spells 1
2016-01-03 20:45:49 :  ====== Start Attack ====== 
2016-01-03 20:45:51 : Sniping TH with Barch            	 
2016-01-03 20:45:52 : Attacking TH with 1st wave of BARCH   
2016-01-03 20:45:52 : Dropping Only wave of 4 Barbarians
2016-01-03 20:45:52 : Custom Corner deployment THi = 1 ,x = 137 ,y = 336
2016-01-03 20:45:53 : Deployment of 4 Barbarians was Successful!
2016-01-03 20:45:55 :                                       
2016-01-03 20:45:55 : Dropping Only wave of 4 Archers
2016-01-03 20:45:56 : Custom Corner deployment THi = 1 ,x = 137 ,y = 336
2016-01-03 20:45:56 : Deployment of 4 Archers was Successful!
2016-01-03 20:45:58 :                                       
2016-01-03 20:45:59 : Checking if the Gold&Elixir are changing...
2016-01-03 20:46:02 :                                       
2016-01-03 20:46:03 : Checking if the Gold&Elixir are changing...
2016-01-03 20:46:05 : Gold & Elixir change detected, waiting...
2016-01-03 20:46:07 :                                       
2016-01-03 20:46:08 : Checking if the Gold&Elixir are changing...
2016-01-03 20:46:10 :                                       
2016-01-03 20:46:11 : Oh Shit! Seems like a trapped TH!     
2016-01-03 20:46:12 : Checking if the Gold&Elixir are changing...
2016-01-03 20:46:14 :                                       
2016-01-03 20:46:14 : Quit wasting troops					 
2016-01-03 20:46:15 : Checking if the Gold&Elixir are changing...
2016-01-03 20:46:17 : Gold & Elixir change detected, waiting...
2016-01-03 20:46:19 : Gold & Elixir change detected, waiting...
2016-01-03 20:46:22 : Gold & Elixir change detected, waiting...
2016-01-03 20:46:22 :                                       
2016-01-03 20:46:22 : ~Finished Attacking, waiting to finish
2016-01-03 20:46:33 : Checking if the Gold&Elixir are changing...
2016-01-03 20:46:35 : Gold & Elixir change detected, waiting...
2016-01-03 20:46:37 : Gold & Elixir change detected, waiting...
2016-01-03 20:46:39 : Gold & Elixir change detected, waiting...
2016-01-03 20:46:41 : Gold & Elixir change detected, waiting...
2016-01-03 20:46:43 : Gold & Elixir change detected, waiting...
2016-01-03 20:46:45 : Gold & Elixir change detected, waiting...
2016-01-03 20:46:48 : Gold & Elixir change detected, waiting...
2016-01-03 20:46:50 : Gold & Elixir change detected, waiting...
2016-01-03 20:46:52 : Gold & Elixir change detected, waiting...
2016-01-03 20:46:54 : Gold & Elixir change detected, waiting...
2016-01-03 20:46:56 : Gold & Elixir change detected, waiting...
2016-01-03 20:46:59 : Gold & Elixir change detected, waiting...
2016-01-03 20:47:01 : Gold & Elixir change detected, waiting...
2016-01-03 20:47:03 : Gold & Elixir change detected, waiting...
2016-01-03 20:47:05 : Gold & Elixir change detected, waiting...
2016-01-03 20:47:07 : Gold & Elixir change detected, waiting...
2016-01-03 20:47:09 : Gold & Elixir change detected, waiting...
2016-01-03 20:47:11 : Gold & Elixir change detected, waiting...
2016-01-03 20:47:14 : Gold & Elixir change detected, waiting...
2016-01-03 20:47:16 : Gold & Elixir change detected, waiting...
2016-01-03 20:47:18 : Gold & Elixir change detected, waiting...
2016-01-03 20:47:18 : 										 
2016-01-03 20:47:18 : Townhall has been destroyed!
2016-01-03 20:47:20 : Wait few sec before close attack
2016-01-03 20:47:27 : Checking if the battle has finished
2016-01-03 20:47:29 : detected [G]: 16506 [E]: 84324 [DE]: 539 |  Exit in  8 sec.
2016-01-03 20:47:29 : Gold & Elixir & DE change detected, waiting...
2016-01-03 20:47:33 : detected [G]: 9125 [E]: 84324 [DE]: 539 |  Exit in  8 sec.
2016-01-03 20:47:33 : Gold & Elixir & DE change detected, waiting...
2016-01-03 20:47:36 : detected [G]: 9003 [E]: 84324 [DE]: 539 |  Exit in  8 sec.
2016-01-03 20:47:38 : detected [G]: 9003 [E]: 84324 [DE]: 539 |  Exit in  6 sec.
2016-01-03 20:47:39 : detected [G]: 9003 [E]: 84324 [DE]: 539 |  Exit in  5 sec.
2016-01-03 20:47:41 : detected [G]: 9003 [E]: 84324 [DE]: 539 |  Exit in  3 sec.
2016-01-03 20:47:43 : detected [G]: 9003 [E]: 84324 [DE]: 539 |  Exit in  1 sec.
2016-01-03 20:47:44 : detected [G]: 9003 [E]: 84324 [DE]: 539 |  Exit in  0 sec.
2016-01-03 20:47:44 : Gold & Elixir & DE no change detected, exit
2016-01-03 20:47:44 : Returning Home
2016-01-03 20:47:49 : Loot: [G]: 75 663 [E]: 125 871 [DE]: 580 [T]: 14
2016-01-03 20:47:49 : Bonus Percentage: 51%
2016-01-03 20:47:49 : Bonus [G]: 1 326 out of 2 600 [E]: 1 326 out of 2 600
2016-01-03 20:47:50 : Your league level is: Silver III
2016-01-03 20:47:50 : Stars earned: 1
2016-01-03 20:47:58 : Trying to locate Main Screen
2016-01-03 20:47:58 : Main Screen Located
2016-01-03 20:48:00 : Village Report
2016-01-03 20:48:00 : No. of Free/Total Builders: 1/5
2016-01-03 20:48:00 :  [T]: 910
2016-01-03 20:48:00 :  [G]: 2 241 751 [E]: 2 845 103 [D]: 164 080 [GEM]: 3 638
2016-01-03 20:48:01 : Collecting Resources
2016-01-03 20:48:13 : Chat Request: Air poison
2016-01-03 20:48:13 : Castle Capacity : 16/30
2016-01-03 20:48:13 : King Blacklist Keyword found: air
2016-01-03 20:48:13 : Barbarians Blacklist Keyword found: air
2016-01-03 20:48:13 : Archers Blacklist Keyword found: air
2016-01-03 20:48:15 : Training Troops & Spells
2016-01-03 20:48:16 : Checking Army Camp...
2016-01-03 20:48:17 : Total Army Camp capacity: 161/240 (67%)
2016-01-03 20:48:18 :  - No. of Barbarians: 89
2016-01-03 20:48:18 :  - No. of Archers: 72
2016-01-03 20:48:37 : ====== Waiting for full army ======
2016-01-03 20:49:17 : Training Troops & Spells
2016-01-03 20:49:17 : Checking Army Camp...
2016-01-03 20:49:19 : Total Army Camp capacity: 173/240 (72%)
2016-01-03 20:49:19 :  - No. of Barbarians: 95
2016-01-03 20:49:19 :  - No. of Archers: 78
2016-01-03 20:49:41 : Time Idle: 00:01:04
2016-01-03 20:49:41 : ***[Trying TH snipe while training army]***
2016-01-03 20:49:41 : Going to Attack...
2016-01-03 20:49:47 : ============== Searching For Dead Base ===============
2016-01-03 20:49:47 : ~~~~~~~~~~~~~~~ SEARCH CONDITIONS ~~~~~~~~~~~~~~~~
2016-01-03 20:49:47 : Meet: Gold + Elixir, Trophy
2016-01-03 20:49:47 : ~~~~~~~~~~~~~~ RESOURCE CONDITIONS ~~~~~~~~~~~~~~~
2016-01-03 20:49:47 : Aim: [G+E]: 250000 [D]: 1000 [T]:99 for: Dead Base
2016-01-03 20:49:47 : ~~~~~~~~~~~~~~~ ADVANCED SETTINGS ~~~~~~~~~~~~~~~~
2016-01-03 20:49:47 : THSnipe Combo, 3 Tile(s),  Attack TH Outside custom1
2016-01-03 20:49:47 : Aim: [G]: 120000 [E]: 120000 [D]: 1000
2016-01-03 20:49:47 : ==================================================
2016-01-03 20:49:53 :       TH Outside Found! 
2016-01-03 20:49:53 :       Resource requirement met for TH snipe 
2016-01-03 20:49:53 :   1> [G]: 104652 [E]: 134818 [D]:  443 [T]:31 [TH]: 9, Out
2016-01-03 20:49:55 : ================ Search Complete =================
2016-01-03 20:49:55 : Initiating attack for: TH Snipe
2016-01-03 20:49:57 : -*-Barbarians 97
2016-01-03 20:49:57 : -*-Archers 80
2016-01-03 20:49:57 : -*-Clan Castle 
2016-01-03 20:49:57 : -*-Heal Spells 3
2016-01-03 20:49:57 : -*-Rage Spells 1
2016-01-03 20:49:57 : -*-Jump Spells 1
2016-01-03 20:49:57 : -*-Poison Spells 1
2016-01-03 20:49:57 :  ====== Start Attack ====== 
2016-01-03 20:49:59 : Sniping TH with Barch            	 
2016-01-03 20:49:59 : Attacking TH with 1st wave of BARCH   
2016-01-03 20:49:59 : Dropping Only wave of 4 Barbarians
2016-01-03 20:50:00 : Custom Corner deployment THi = 16 ,x = 417 ,y = 554
2016-01-03 20:50:00 : Deployment of 4 Barbarians was Successful!
2016-01-03 20:50:02 :                                       
2016-01-03 20:50:02 : Dropping Only wave of 4 Archers
2016-01-03 20:50:03 : Custom Corner deployment THi = 16 ,x = 417 ,y = 554
2016-01-03 20:50:03 : Deployment of 4 Archers was Successful!
2016-01-03 20:50:05 :                                       
2016-01-03 20:50:06 : Checking if the Gold&Elixir are changing...
2016-01-03 20:50:09 :                                       
2016-01-03 20:50:10 : Checking if the Gold&Elixir are changing...
2016-01-03 20:50:12 :                                       
2016-01-03 20:50:13 : Checking if the Gold&Elixir are changing...
2016-01-03 20:50:15 :                                       
2016-01-03 20:50:15 : Oh Shit! Seems like a trapped TH!     
2016-01-03 20:50:17 : Checking if the Gold&Elixir are changing...
2016-01-03 20:50:19 :                                       
2016-01-03 20:50:19 : Quit wasting troops					 
2016-01-03 20:50:20 : Checking if the Gold&Elixir are changing...
2016-01-03 20:50:22 :                                       
2016-01-03 20:50:22 : ~Finished Attacking, waiting to finish
2016-01-03 20:50:27 : Townhall has been destroyed!
2016-01-03 20:50:28 : Wait few sec before close attack
2016-01-03 20:50:36 : Returning Home
2016-01-03 20:50:40 : Loot: [G]: 13 672 [E]: 20 940 [DE]: 31 [T]: 10
2016-01-03 20:50:40 : Bonus Percentage: 4%
2016-01-03 20:50:40 : Bonus [G]: 104 out of 2 600 [E]: 104 out of 2 600
2016-01-03 20:50:41 : Your league level is: Silver III
2016-01-03 20:50:41 : Stars earned: 1
2016-01-03 20:50:47 : ***[End trying TH snipe while training army]***
2016-01-03 20:50:49 : ====== Waiting for full army ======
2016-01-03 20:51:29 : Training Troops & Spells
2016-01-03 20:51:30 : Checking Army Camp...
2016-01-03 20:51:31 : Total Army Camp capacity: 187/240 (77%)
2016-01-03 20:51:31 :  - No. of Barbarians: 103
2016-01-03 20:51:32 :  - No. of Archers: 84
2016-01-03 20:51:54 : Time Idle: 00:02:09
2016-01-03 20:51:54 : ***[Trying TH snipe while training army]***
2016-01-03 20:51:54 : Going to Attack...
2016-01-03 20:51:59 : ============== Searching For Dead Base ===============
2016-01-03 20:51:59 : ~~~~~~~~~~~~~~~ SEARCH CONDITIONS ~~~~~~~~~~~~~~~~
2016-01-03 20:51:59 : Meet: Gold + Elixir, Trophy
2016-01-03 20:51:59 : ~~~~~~~~~~~~~~ RESOURCE CONDITIONS ~~~~~~~~~~~~~~~
2016-01-03 20:52:00 : Aim: [G+E]: 250000 [D]: 1000 [T]:99 for: Dead Base
2016-01-03 20:52:00 : ~~~~~~~~~~~~~~~ ADVANCED SETTINGS ~~~~~~~~~~~~~~~~
2016-01-03 20:52:00 : THSnipe Combo, 3 Tile(s),  Attack TH Outside custom1
2016-01-03 20:52:00 : Aim: [G]: 120000 [E]: 120000 [D]: 1000
2016-01-03 20:52:00 : ==================================================
2016-01-03 20:52:06 :   1> [G]:  32123 [E]: 191127 [D]: 1988 [T]:38 [TH]:10, In
2016-01-03 20:52:13 :   2> [G]: 186477 [E]:  30452 [D]:   88 [T]:41 [TH]: 9, In
2016-01-03 20:52:20 :   3> [G]: 184007 [E]: 172944 [D]: 2642 [T]:33 [TH]:10, In
2016-01-03 20:52:28 :       TH Outside Found! 
2016-01-03 20:52:28 :       Resource requirement met for TH snipe 
2016-01-03 20:52:28 :   4> [G]: 134381 [E]: 124065 [D]: 1162 [T]:24 [TH]:10, Out
2016-01-03 20:52:29 : ================ Search Complete =================
2016-01-03 20:52:29 : Initiating attack for: TH Snipe
2016-01-03 20:52:31 : -*-Barbarians 105
2016-01-03 20:52:31 : -*-Archers 86
2016-01-03 20:52:31 : -*-Clan Castle 
2016-01-03 20:52:31 : -*-Heal Spells 3
2016-01-03 20:52:31 : -*-Rage Spells 1
2016-01-03 20:52:31 : -*-Jump Spells 1
2016-01-03 20:52:31 : -*-Poison Spells 1
2016-01-03 20:52:31 :  ====== Start Attack ====== 
2016-01-03 20:52:33 : Sniping TH with Barch            	 
2016-01-03 20:52:33 : Attacking TH with 1st wave of BARCH   
2016-01-03 20:52:33 : Dropping Only wave of 4 Barbarians
2016-01-03 20:52:34 : Custom Corner deployment THi = 1 ,x = 718 ,y = 324
2016-01-03 20:52:35 : Deployment of 4 Barbarians was Successful!
2016-01-03 20:52:36 :                                       
2016-01-03 20:52:37 : Dropping Only wave of 4 Archers
2016-01-03 20:52:37 : Custom Corner deployment THi = 1 ,x = 718 ,y = 324
2016-01-03 20:52:38 : Deployment of 4 Archers was Successful!
2016-01-03 20:52:40 :                                       
2016-01-03 20:52:41 : Checking if the Gold&Elixir are changing...
2016-01-03 20:52:43 :                                       
2016-01-03 20:52:44 : Checking if the Gold&Elixir are changing...
2016-01-03 20:52:46 :                                       
2016-01-03 20:52:48 : Checking if the Gold&Elixir are changing...
2016-01-03 20:52:50 : Gold & Elixir change detected, waiting...
2016-01-03 20:52:52 : Gold & Elixir change detected, waiting...
2016-01-03 20:52:54 : Gold & Elixir change detected, waiting...
2016-01-03 20:52:54 :                                       
2016-01-03 20:52:54 : Oh Shit! Seems like a trapped TH!     
2016-01-03 20:52:55 : Checking if the Gold&Elixir are changing...
2016-01-03 20:52:58 : Gold & Elixir change detected, waiting...
2016-01-03 20:53:00 : Gold & Elixir change detected, waiting...
2016-01-03 20:53:02 : Gold & Elixir change detected, waiting...
2016-01-03 20:53:02 :                                       
2016-01-03 20:53:02 : Quit wasting troops					 
2016-01-03 20:53:03 : Checking if the Gold&Elixir are changing...
2016-01-03 20:53:05 : Gold & Elixir change detected, waiting...
2016-01-03 20:53:07 : Gold & Elixir change detected, waiting...
2016-01-03 20:53:10 : Gold & Elixir change detected, waiting...
2016-01-03 20:53:10 :                                       
2016-01-03 20:53:10 : Townhall has been destroyed!
2016-01-03 20:53:11 : Wait few sec before close attack
2016-01-03 20:53:18 : Checking if the battle has finished
2016-01-03 20:53:20 : detected [G]: 98160 [E]: 85878 [DE]: 958 |  Exit in  8 sec.
2016-01-03 20:53:20 : Gold & Elixir & DE change detected, waiting...
2016-01-03 20:53:23 : detected [G]: 85920 [E]: 78838 [DE]: 958 |  Exit in  8 sec.
2016-01-03 20:53:23 : Gold & Elixir & DE change detected, waiting...
2016-01-03 20:53:27 : detected [G]: 83796 [E]: 73055 [DE]: 958 |  Exit in  8 sec.
2016-01-03 20:53:27 : Gold & Elixir & DE change detected, waiting...
2016-01-03 20:53:30 : detected [G]: 78416 [E]: 71324 [DE]: 958 |  Exit in  8 sec.
2016-01-03 20:53:30 : Gold & Elixir & DE change detected, waiting...
2016-01-03 20:53:33 : detected [G]: 70523 [E]: 67100 [DE]: 958 |  Exit in  8 sec.
2016-01-03 20:53:33 : Gold & Elixir & DE change detected, waiting...
2016-01-03 20:53:36 : detected [G]: 62309 [E]: 64132 [DE]: 958 |  Exit in  8 sec.
2016-01-03 20:53:37 : Gold & Elixir & DE change detected, waiting...
2016-01-03 20:53:40 : detected [G]: 57339 [E]: 64132 [DE]: 958 |  Exit in  8 sec.
2016-01-03 20:53:40 : Gold & Elixir & DE change detected, waiting...
2016-01-03 20:53:43 : detected [G]: 55990 [E]: 64132 [DE]: 958 |  Exit in  8 sec.
2016-01-03 20:53:45 : detected [G]: 55990 [E]: 64132 [DE]: 958 |  Exit in  6 sec.
2016-01-03 20:53:46 : detected [G]: 55568 [E]: 63710 [DE]: 958 |  Exit in  5 sec.
2016-01-03 20:53:46 : Gold & Elixir & DE change detected, waiting...
2016-01-03 20:53:50 : detected [G]: 49026 [E]: 59980 [DE]: 958 |  Exit in  8 sec.
2016-01-03 20:53:50 : Gold & Elixir & DE change detected, waiting...
2016-01-03 20:53:53 : detected [G]: 42900 [E]: 55616 [DE]: 958 |  Exit in  8 sec.
2016-01-03 20:53:53 : Gold & Elixir & DE change detected, waiting...
2016-01-03 20:53:56 : detected [G]: 42476 [E]: 52096 [DE]: 958 |  Exit in  8 sec.
2016-01-03 20:53:56 : Gold & Elixir & DE change detected, waiting...
2016-01-03 20:53:59 : detected [G]: 42476 [E]: 50615 [DE]: 958 |  Exit in  8 sec.
2016-01-03 20:53:59 : Gold & Elixir & DE change detected, waiting...
2016-01-03 20:54:03 : detected [G]: 42476 [E]: 50615 [DE]: 958 |  Exit in  8 sec.
2016-01-03 20:54:04 : detected [G]: 42476 [E]: 50615 [DE]: 958 |  Exit in  6 sec.
2016-01-03 20:54:06 : detected [G]: 42476 [E]: 50615 [DE]: 958 |  Exit in  5 sec.
2016-01-03 20:54:08 : detected [G]: 42476 [E]: 50615 [DE]: 958 |  Exit in  3 sec.
2016-01-03 20:54:09 : detected [G]: 42476 [E]: 50615 [DE]: 958 |  Exit in  1 sec.
2016-01-03 20:54:11 : detected [G]: 42476 [E]: 50615 [DE]: 958 |  Exit in  0 sec.
2016-01-03 20:54:11 : Gold & Elixir & DE no change detected, exit
2016-01-03 20:54:11 : Returning Home
2016-01-03 20:54:16 : Loot: [G]: 91 905 [E]: 73 450 [DE]: 204 [T]: 8
2016-01-03 20:54:16 : Bonus Percentage: 33%
2016-01-03 20:54:16 : Bonus [G]: 858 out of 2 600 [E]: 858 out of 2 600
2016-01-03 20:54:17 : Your league level is: Silver III
2016-01-03 20:54:17 : Stars earned: 0
2016-01-03 20:54:23 : ***[End trying TH snipe while training army]***
2016-01-03 20:54:25 : ====== Waiting for full army ======
2016-01-03 20:55:05 : Training Troops & Spells
2016-01-03 20:55:05 : Checking Army Camp...
2016-01-03 20:55:07 : Total Army Camp capacity: 121/240 (50%)
2016-01-03 20:55:07 :  - No. of Barbarians: 64
2016-01-03 20:55:07 :  - No. of Archers: 57
2016-01-03 20:55:08 :  - Archer Queen available
2016-01-03 20:55:30 : Time Idle: 00:03:14
2016-01-03 20:55:30 : ***[Trying TH snipe while training army]***
2016-01-03 20:55:30 : Going to Attack...
2016-01-03 20:55:34 : Attacking disabled, Take-A-Break detected. Exiting CoC
2016-01-03 20:55:34 : Please wait for CoC restart......
