2016-01-04 18:56:26 : Unsupported BlueStacks screen size of 800 x 666 !
2016-01-04 18:56:27 : BlueStacks window resized to 866 x 809
2016-01-04 18:56:27 : Unsupported BlueStacks screen size of 860 x 715 !
2016-01-04 18:56:45 :  My Bot v5.0.2 860x780 (BlueStacks) Powered by MyBot.run ~
2016-01-04 18:56:45 : MyBot.mod.au3 Script running on WIN_81  X64
2016-01-04 18:56:45 : =================== Bot Start ====================
2016-01-04 18:56:45 : -------------------------  Current Profile: 01 --------------------------
2016-01-04 18:56:45 : Trying to locate Main Screen
2016-01-04 18:56:45 : Unsupported BlueStacks screen size of 860 x 715 !
2016-01-04 18:56:48 : Waiting for Main Screen
2016-01-04 18:56:49 : Unsupported BlueStacks screen size of 860 x 715 !
2016-01-04 18:56:53 : Unsupported BlueStacks screen size of 860 x 715 !
2016-01-04 18:56:58 : Unsupported BlueStacks screen size of 860 x 715 !
2016-01-04 18:57:03 : Unsupported BlueStacks screen size of 860 x 715 !
2016-01-04 18:57:08 : Unsupported BlueStacks screen size of 860 x 715 !
2016-01-04 18:57:12 : Unsupported BlueStacks screen size of 860 x 715 !
2016-01-04 18:57:17 : Unsupported BlueStacks screen size of 860 x 715 !
2016-01-04 18:57:22 : Unsupported BlueStacks screen size of 860 x 715 !
2016-01-04 18:57:26 : Unsupported BlueStacks screen size of 860 x 715 !
2016-01-04 18:57:31 : Unsupported BlueStacks screen size of 860 x 715 !
2016-01-04 18:57:33 : Starting BlueStacks and Clash Of Clans
