2016-01-02 10:30:09 : Starting BlueStacks and Clash Of Clans
2016-01-02 10:30:10 : Please wait while BS/CoC starts....
2016-01-02 10:30:21 : BlueStacks Loaded, took 10.46 seconds to begin.
2016-01-02 10:30:21 : Waiting for Main Screen after BS restart
2016-01-02 10:30:36 : CoC main window took 15.16 seconds
2016-01-02 10:30:36 :  My Bot v5.0.2 860x780 (BlueStacks) Powered by MyBot.run ~
2016-01-02 10:30:36 : MyBot.mod.au3 Script running on WIN_81  X64
2016-01-02 10:30:36 : =================== Bot Start ====================
2016-01-02 10:30:36 : -------------------------  Current Profile: 01 --------------------------
2016-01-02 10:30:36 : Trying to locate Main Screen
2016-01-02 10:30:36 : Main Screen Located
2016-01-02 10:30:37 : Detecting your Buildings..
2016-01-02 10:30:38 : Finding your Clan Level, wait..
2016-01-02 10:30:42 : Found Clan Level: 8
2016-01-02 10:30:43 : Detecting your Village Theme
2016-01-02 10:30:43 : Normal Theme detected
2016-01-02 10:30:45 : Language setting is English: Correct.
2016-01-02 10:30:46 : Trying to locate Main Screen
2016-01-02 10:30:46 : Main Screen Located
2016-01-02 10:30:47 : Village Report
2016-01-02 10:30:47 : No. of Free/Total Builders: 1/5
2016-01-02 10:30:47 :  [T]: 1 077
2016-01-02 10:30:47 :  [G]: 3 602 523 [E]: 3 965 407 [D]: 82 327 [GEM]: 3 641
2016-01-02 10:30:49 : Collecting Resources
2016-01-02 10:31:02 : Training Troops & Spells
2016-01-02 10:31:03 : Checking Army Camp...
2016-01-02 10:31:04 : Total Army Camp capacity: 192/240 (80%)
2016-01-02 10:31:07 :  - No. of Barbarians: 108
2016-01-02 10:31:07 :  - No. of Archers: 84
2016-01-02 10:31:07 : Barracks and Spell factory status: 
2016-01-02 10:31:07 : - Barracks detected: 4 | Available: 4 | Upgrading: 0
2016-01-02 10:31:07 : - Dark Barracks detected: 2 | Available: 2 | Upgrading: 0
2016-01-02 10:31:07 : - Spell factory detected: 1 | Available: 1 | Upgrading: 0
2016-01-02 10:31:07 : - Dark Spell factory detected: 1 | Available: 1 | Upgrading: 0
2016-01-02 10:31:40 : ====== Waiting for full army ======
2016-01-02 10:32:20 : Training Troops & Spells
2016-01-02 10:32:21 : Checking Army Camp...
2016-01-02 10:32:22 : Total Army Camp capacity: 205/240 (85%)
2016-01-02 10:32:23 :  - No. of Barbarians: 115
2016-01-02 10:32:23 :  - No. of Archers: 90
2016-01-02 10:32:35 : Bot was Paused!
2016-01-02 10:33:54 : Bot was Resumed.
2016-01-02 10:34:05 : Time Idle: 00:02:24
2016-01-02 10:34:05 : ***[Trying TH snipe while training army]***
2016-01-02 10:34:05 : Going to Attack...
2016-01-02 10:34:11 : ============== Searching For Dead Base ===============
2016-01-02 10:34:11 : ~~~~~~~~~~~~~~~ SEARCH CONDITIONS ~~~~~~~~~~~~~~~~
2016-01-02 10:34:11 : Meet: Gold + Elixir, Trophy
2016-01-02 10:34:11 : ~~~~~~~~~~~~~~ RESOURCE CONDITIONS ~~~~~~~~~~~~~~~
2016-01-02 10:34:11 : Aim: [G+E]: 300000 [D]: 1000 [T]:99 for: Dead Base
2016-01-02 10:34:11 : ~~~~~~~~~~~~~~~ ADVANCED SETTINGS ~~~~~~~~~~~~~~~~
2016-01-02 10:34:11 : THSnipe Combo, 3 Tile(s),  Attack TH Outside custom1
2016-01-02 10:34:11 : Aim: [G]: 120000 [E]: 120000 [D]: 1000
2016-01-02 10:34:11 : ==================================================
2016-01-02 10:34:17 :   1> [G]: 190675 [E]: 207397 [D]:  156 [T]:21 [TH]: 9, Out
2016-01-02 10:34:17 :       TH Outside Found! 
2016-01-02 10:34:17 :       Resource requirement met for TH snipe 
2016-01-02 10:34:19 : ================ Search Complete =================
2016-01-02 10:34:19 : Initiating attack for: TH Snipe
2016-01-02 10:34:21 : -*-Barbarians 124
2016-01-02 10:34:21 : -*-Archers 97
2016-01-02 10:34:21 : -*-Clan Castle 
2016-01-02 10:34:21 : -*-Heal Spells 3
2016-01-02 10:34:21 : -*-Rage Spells 1
2016-01-02 10:34:21 : -*-Jump Spells 1
2016-01-02 10:34:21 : -*-Poison Spells 1
2016-01-02 10:34:21 :  ====== Start Attack ====== 
2016-01-02 10:34:23 : Sniping TH with Barch            	 
2016-01-02 10:34:23 : Attacking TH with 1st wave of BARCH   
2016-01-02 10:34:23 : Dropping Only wave of 4 Barbarians
2016-01-02 10:34:24 : Custom Corner deployment THi = 4 ,x = 189 ,y = 296
2016-01-02 10:34:24 : Deployment of 4 Barbarians was Successful!
2016-01-02 10:34:26 :                                       
2016-01-02 10:34:26 : Dropping Only wave of 4 Archers
2016-01-02 10:34:27 : Custom Corner deployment THi = 4 ,x = 189 ,y = 296
2016-01-02 10:34:27 : Deployment of 4 Archers was Successful!
2016-01-02 10:34:29 :                                       
2016-01-02 10:34:30 : Checking if the Gold&Elixir are changing...
2016-01-02 10:34:33 :                                       
2016-01-02 10:34:34 : Checking if the Gold&Elixir are changing...
2016-01-02 10:34:36 :                                       
2016-01-02 10:34:37 : Checking if the Gold&Elixir are changing...
2016-01-02 10:34:40 : Gold & Elixir change detected, waiting...
2016-01-02 10:34:42 : Gold & Elixir change detected, waiting...
2016-01-02 10:34:42 :                                       
2016-01-02 10:34:42 : Oh Shit! Seems like a trapped TH!     
2016-01-02 10:34:43 : Checking if the Gold&Elixir are changing...
2016-01-02 10:34:45 : Gold & Elixir change detected, waiting...
2016-01-02 10:34:48 : Gold & Elixir change detected, waiting...
2016-01-02 10:34:48 :                                       
2016-01-02 10:34:48 : Quit wasting troops					 
2016-01-02 10:34:49 : Checking if the Gold&Elixir are changing...
2016-01-02 10:34:51 : Gold & Elixir change detected, waiting...
2016-01-02 10:34:54 : Gold & Elixir change detected, waiting...
2016-01-02 10:34:54 :                                       
2016-01-02 10:34:54 : ~Finished Attacking, waiting to finish
2016-01-02 10:35:05 : Checking if the Gold&Elixir are changing...
2016-01-02 10:35:07 : 										 
2016-01-02 10:35:07 : Wait few sec before close attack
2016-01-02 10:35:10 : Bot was Paused!
2016-01-02 10:36:00 : Bot was Resumed.
2016-01-02 10:36:04 : Returning Home
2016-01-02 10:36:08 : Loot: [G]: 157 915 [E]: 172 661 [DE]: 12 [T]: 7
2016-01-02 10:36:08 : Bonus Percentage: 49%
2016-01-02 10:36:09 : Bonus [G]: 1 813 out of 3 700 [E]: 1 813 out of 3 700
2016-01-02 10:36:10 : Your league level is: Silver II
2016-01-02 10:36:10 : Stars earned: 1
2016-01-02 10:36:16 : ***[End trying TH snipe while training army]***
2016-01-02 10:36:18 : ====== Waiting for full army ======
2016-01-02 10:36:58 : Training Troops & Spells
2016-01-02 10:36:59 : Checking Army Camp...
2016-01-02 10:37:00 : Total Army Camp capacity: 133/240 (55%)
2016-01-02 10:37:01 :  - No. of Barbarians: 75
2016-01-02 10:37:01 :  - No. of Archers: 58
2016-01-02 10:37:25 : Time Idle: 00:03:31
2016-01-02 10:37:25 : ***[Trying TH snipe while training army]***
2016-01-02 10:37:25 : Going to Attack...
2016-01-02 10:37:31 : ============== Searching For Dead Base ===============
2016-01-02 10:37:31 : ~~~~~~~~~~~~~~~ SEARCH CONDITIONS ~~~~~~~~~~~~~~~~
2016-01-02 10:37:31 : Meet: Gold + Elixir, Trophy
2016-01-02 10:37:31 : ~~~~~~~~~~~~~~ RESOURCE CONDITIONS ~~~~~~~~~~~~~~~
2016-01-02 10:37:31 : Aim: [G+E]: 300000 [D]: 1000 [T]:99 for: Dead Base
2016-01-02 10:37:31 : ~~~~~~~~~~~~~~~ ADVANCED SETTINGS ~~~~~~~~~~~~~~~~
2016-01-02 10:37:31 : THSnipe Combo, 3 Tile(s),  Attack TH Outside custom1
2016-01-02 10:37:31 : Aim: [G]: 120000 [E]: 120000 [D]: 1000
2016-01-02 10:37:31 : ==================================================
2016-01-02 10:37:37 :   1> [G]:  62630 [E]:  58540 [D]:  960 [T]:33 [TH]: 9, In
2016-01-02 10:37:45 :   2> [G]:  49310 [E]:  32077 [D]:  392 [T]:35 [TH]: 9, Out
2016-01-02 10:37:45 :       TH Outside Found! 
2016-01-02 10:37:45 :       Resource requirement not met for TH snipe 
2016-01-02 10:37:45 :   2> [G]:  49310 [E]:  32077 [D]:  392 [T]:35 [TH]: 9, Out
2016-01-02 10:37:52 :   3> [G]: 113881 [E]: 110038 [D]:  427 [T]:33 [TH]:10, In
2016-01-02 10:38:00 :   4> [G]:  37347 [E]:  56563 [D]: 1848 [T]:35 [TH]: 9, In
2016-01-02 10:38:07 :   5> [G]:  77612 [E]:  43830 [D]:  700 [T]:41 [TH]: 9, In
2016-01-02 10:38:16 :   6> [G]: 104157 [E]: 409137 [D]: 3158 [T]:40 [TH]:10, In
2016-01-02 10:38:23 :   7> [G]:  40833 [E]: 160176 [D]: 1769 [T]:40 [TH]: 9, In
2016-01-02 10:38:32 :   8> [G]:  52544 [E]: 300969 [D]:  507 [T]:41 [TH]:10, In
2016-01-02 10:38:39 :   9> [G]:  59768 [E]: 133624 [D]:  642 [T]:41 [TH]: 9, In
2016-01-02 10:38:47 :  10> [G]:  49402 [E]:  18149 [D]: 3054 [T]:39 [TH]:10, In
2016-01-02 10:38:50 : ***[End trying TH snipe while training army]***
2016-01-02 10:38:52 : ====== Waiting for full army ======
2016-01-02 10:39:32 : Training Troops & Spells
2016-01-02 10:39:33 : Checking Army Camp...
2016-01-02 10:39:34 : Total Army Camp capacity: 158/240 (65%)
2016-01-02 10:39:35 :  - No. of Barbarians: 89
2016-01-02 10:39:35 :  - No. of Archers: 69
2016-01-02 10:39:58 : Time Idle: 00:04:37
2016-01-02 10:39:58 : ***[Trying TH snipe while training army]***
2016-01-02 10:39:58 : Going to Attack...
2016-01-02 10:40:04 : ============== Searching For Dead Base ===============
2016-01-02 10:40:04 : ~~~~~~~~~~~~~~~ SEARCH CONDITIONS ~~~~~~~~~~~~~~~~
2016-01-02 10:40:04 : Meet: Gold + Elixir, Trophy
2016-01-02 10:40:04 : ~~~~~~~~~~~~~~ RESOURCE CONDITIONS ~~~~~~~~~~~~~~~
2016-01-02 10:40:04 : Aim: [G+E]: 300000 [D]: 1000 [T]:99 for: Dead Base
2016-01-02 10:40:04 : ~~~~~~~~~~~~~~~ ADVANCED SETTINGS ~~~~~~~~~~~~~~~~
2016-01-02 10:40:04 : THSnipe Combo, 3 Tile(s),  Attack TH Outside custom1
2016-01-02 10:40:04 : Aim: [G]: 120000 [E]: 120000 [D]: 1000
2016-01-02 10:40:04 : ==================================================
2016-01-02 10:40:10 :   1> [G]:  10891 [E]:  59514 [D]:  134 [T]:37 [TH]: 9, In
2016-01-02 10:40:18 :   2> [G]: 408319 [E]: 351726 [D]: 2601 [T]:35 [TH]:10, In
2016-01-02 10:40:25 :   3> [G]:  26673 [E]:  43337 [D]:  422 [T]:34 [TH]: 9, Out
2016-01-02 10:40:25 :       TH Outside Found! 
2016-01-02 10:40:25 :       Resource requirement not met for TH snipe 
2016-01-02 10:40:25 :   3> [G]:  26673 [E]:  43337 [D]:  422 [T]:34 [TH]: 9, Out
2016-01-02 10:40:33 :   4> [G]:  52885 [E]:  99192 [D]: 1154 [T]:37 [TH]: 9, Out
2016-01-02 10:40:33 :       TH Outside Found! 
2016-01-02 10:40:33 :       Resource requirement met for TH snipe 
2016-01-02 10:40:34 : ================ Search Complete =================
2016-01-02 10:40:34 : Initiating attack for: TH Snipe
2016-01-02 10:40:36 : -*-Barbarians 91
2016-01-02 10:40:36 : -*-Archers 71
2016-01-02 10:40:36 : -*-Clan Castle 
2016-01-02 10:40:36 : -*-Heal Spells 3
2016-01-02 10:40:36 : -*-Rage Spells 1
2016-01-02 10:40:36 : -*-Jump Spells 1
2016-01-02 10:40:36 : -*-Poison Spells 1
2016-01-02 10:40:37 :  ====== Start Attack ====== 
2016-01-02 10:40:39 : Sniping TH with Barch            	 
2016-01-02 10:40:39 : Attacking TH with 1st wave of BARCH   
2016-01-02 10:40:39 : Dropping Only wave of 4 Barbarians
2016-01-02 10:40:40 : Deployment of 4 Barbarians was Successful!
2016-01-02 10:40:42 :                                       
2016-01-02 10:40:42 : Dropping Only wave of 4 Archers
2016-01-02 10:40:43 : Deployment of 4 Archers was Successful!
2016-01-02 10:40:45 :                                       
2016-01-02 10:40:46 : Checking if the Gold&Elixir are changing...
2016-01-02 10:40:48 :                                       
2016-01-02 10:40:50 : Checking if the Gold&Elixir are changing...
2016-01-02 10:40:52 :                                       
2016-01-02 10:40:53 : Checking if the Gold&Elixir are changing...
2016-01-02 10:40:55 :                                       
2016-01-02 10:40:55 : Oh Shit! Seems like a trapped TH!     
2016-01-02 10:40:57 : Checking if the Gold&Elixir are changing...
2016-01-02 10:40:59 :                                       
2016-01-02 10:40:59 : Quit wasting troops					 
2016-01-02 10:41:00 : Checking if the Gold&Elixir are changing...
2016-01-02 10:41:03 :                                       
2016-01-02 10:41:03 : ~Finished Attacking, waiting to finish
2016-01-02 10:41:14 : Checking if the Gold&Elixir are changing...
2016-01-02 10:41:16 : 										 
2016-01-02 10:41:16 : Wait few sec before close attack
2016-01-02 10:41:55 : Returning Home
2016-01-02 10:41:59 : Loot: [G]: 0 [E]: 0 [DE]:  [T]: -14
2016-01-02 10:41:59 : Stars earned: 0
2016-01-02 10:42:05 : ***[End trying TH snipe while training army]***
2016-01-02 10:42:07 : ====== Waiting for full army ======
2016-01-02 10:42:47 : Training Troops & Spells
2016-01-02 10:42:48 : Checking Army Camp...
2016-01-02 10:42:49 : Total Army Camp capacity: 182/240 (75%)
2016-01-02 10:42:50 :  - No. of Barbarians: 103
2016-01-02 10:42:50 :  - No. of Archers: 79
2016-01-02 10:43:13 : Time Idle: 00:05:43
2016-01-02 10:43:13 : ***[Trying TH snipe while training army]***
2016-01-02 10:43:13 : Going to Attack...
2016-01-02 10:43:19 : ============== Searching For Dead Base ===============
2016-01-02 10:43:19 : ~~~~~~~~~~~~~~~ SEARCH CONDITIONS ~~~~~~~~~~~~~~~~
2016-01-02 10:43:19 : Meet: Gold + Elixir, Trophy
2016-01-02 10:43:19 : ~~~~~~~~~~~~~~ RESOURCE CONDITIONS ~~~~~~~~~~~~~~~
2016-01-02 10:43:19 : Aim: [G+E]: 300000 [D]: 1000 [T]:99 for: Dead Base
2016-01-02 10:43:19 : ~~~~~~~~~~~~~~~ ADVANCED SETTINGS ~~~~~~~~~~~~~~~~
2016-01-02 10:43:19 : THSnipe Combo, 3 Tile(s),  Attack TH Outside custom1
2016-01-02 10:43:19 : Aim: [G]: 120000 [E]: 120000 [D]: 1000
2016-01-02 10:43:19 : ==================================================
2016-01-02 10:43:26 :   1> [G]:  53041 [E]: 451981 [D]: 3518 [T]:22 [TH]:11, In
2016-01-02 10:43:33 :   2> [G]: 253967 [E]:  66564 [D]:  418 [T]:33 [TH]: 9, In
2016-01-02 10:43:40 :   3> [G]:  29794 [E]: 197387 [D]:  422 [T]:36 [TH]: 9, In
2016-01-02 10:43:48 :   4> [G]:  64862 [E]:  53180 [D]: 3041 [T]:35 [TH]:10, In
2016-01-02 10:43:56 :   5> [G]: 426194 [E]: 400689 [D]: 3015 [T]:18 [TH]:10, In
2016-01-02 10:44:03 :   6> [G]: 199897 [E]:  45141 [D]:  983 [T]:26 [TH]: 9, In
2016-01-02 10:44:11 :   7> [G]: 175636 [E]: 239351 [D]:  430 [T]:34 [TH]:10, In
2016-01-02 10:44:18 :   8> [G]:  90349 [E]: 454510 [D]: 1026 [T]:35 [TH]:11, In
2016-01-02 10:44:26 :   9> [G]:  79638 [E]:  44565 [D]: 1037 [T]:30 [TH]: 9, In
2016-01-02 10:44:33 :  10> [G]: 291640 [E]: 296425 [D]: 1456 [T]:31 [TH]: 9, In
2016-01-02 10:44:37 : ***[End trying TH snipe while training army]***
2016-01-02 10:44:39 : ====== Waiting for full army ======
2016-01-02 10:45:19 : Training Troops & Spells
2016-01-02 10:45:20 : Checking Army Camp...
2016-01-02 10:45:21 : Total Army Camp capacity: 206/240 (85%)
2016-01-02 10:45:22 :  - No. of Barbarians: 117
2016-01-02 10:45:22 :  - No. of Archers: 90
2016-01-02 10:45:45 : Time Idle: 00:06:49
2016-01-02 10:45:45 : ***[Trying TH snipe while training army]***
2016-01-02 10:45:45 : Going to Attack...
2016-01-02 10:45:51 : ============== Searching For Dead Base ===============
2016-01-02 10:45:51 : ~~~~~~~~~~~~~~~ SEARCH CONDITIONS ~~~~~~~~~~~~~~~~
2016-01-02 10:45:51 : Meet: Gold + Elixir, Trophy
2016-01-02 10:45:51 : ~~~~~~~~~~~~~~ RESOURCE CONDITIONS ~~~~~~~~~~~~~~~
2016-01-02 10:45:51 : Aim: [G+E]: 300000 [D]: 1000 [T]:99 for: Dead Base
2016-01-02 10:45:51 : ~~~~~~~~~~~~~~~ ADVANCED SETTINGS ~~~~~~~~~~~~~~~~
2016-01-02 10:45:51 : THSnipe Combo, 3 Tile(s),  Attack TH Outside custom1
2016-01-02 10:45:51 : Aim: [G]: 120000 [E]: 120000 [D]: 1000
2016-01-02 10:45:51 : ==================================================
2016-01-02 10:45:57 :   1> [G]:  47287 [E]: 113112 [D]: 3322 [T]:33 [TH]:10, In
2016-01-02 10:46:05 :   2> [G]: 172904 [E]: 247293 [D]:  886 [T]:33 [TH]: 9, In
2016-01-02 10:46:12 :   3> [G]: 176368 [E]: 179062 [D]:  313 [T]:32 [TH]: 9, Out
2016-01-02 10:46:12 :       TH Outside Found! 
2016-01-02 10:46:12 :       Resource requirement met for TH snipe 
2016-01-02 10:46:14 : ================ Search Complete =================
2016-01-02 10:46:14 : Initiating attack for: TH Snipe
2016-01-02 10:46:16 : -*-Barbarians 119
2016-01-02 10:46:16 : -*-Archers 92
2016-01-02 10:46:16 : -*-Clan Castle 
2016-01-02 10:46:16 : -*-Heal Spells 3
2016-01-02 10:46:16 : -*-Rage Spells 1
2016-01-02 10:46:16 : -*-Jump Spells 1
2016-01-02 10:46:16 : -*-Poison Spells 1
2016-01-02 10:46:16 :  ====== Start Attack ====== 
2016-01-02 10:46:18 : Sniping TH with Barch            	 
2016-01-02 10:46:18 : Attacking TH with 1st wave of BARCH   
2016-01-02 10:46:18 : Dropping Only wave of 4 Barbarians
2016-01-02 10:46:19 : Custom Corner deployment THi = 3 ,x = 693 ,y = 335
2016-01-02 10:46:19 : Deployment of 4 Barbarians was Successful!
2016-01-02 10:46:21 :                                       
2016-01-02 10:46:22 : Dropping Only wave of 4 Archers
2016-01-02 10:46:22 : Custom Corner deployment THi = 3 ,x = 693 ,y = 335
2016-01-02 10:46:23 : Deployment of 4 Archers was Successful!
2016-01-02 10:46:25 :                                       
2016-01-02 10:46:26 : Checking if the Gold&Elixir are changing...
2016-01-02 10:46:28 :                                       
2016-01-02 10:46:29 : Checking if the Gold&Elixir are changing...
2016-01-02 10:46:32 :                                       
2016-01-02 10:46:33 : Checking if the Gold&Elixir are changing...
2016-01-02 10:46:35 :                                       
2016-01-02 10:46:35 : Oh Shit! Seems like a trapped TH!     
2016-01-02 10:46:37 : Checking if the Gold&Elixir are changing...
2016-01-02 10:46:39 :                                       
2016-01-02 10:46:39 : Quit wasting troops					 
2016-01-02 10:46:40 : Checking if the Gold&Elixir are changing...
2016-01-02 10:46:42 :                                       
2016-01-02 10:46:43 : ~Finished Attacking, waiting to finish
2016-01-02 10:46:47 : Townhall has been destroyed!
2016-01-02 10:46:49 : Wait few sec before close attack
2016-01-02 10:46:50 : Bot was Paused!
2016-01-02 10:48:29 : Bot was Resumed.
2016-01-02 10:48:33 : Returning Home
2016-01-02 10:48:37 : Loot: [G]: 134 259 [E]: 179 062 [DE]: 148 [T]: 10
2016-01-02 10:48:37 : Bonus Percentage: 52%
2016-01-02 10:48:38 : Bonus [G]: 1 924 out of 3 700 [E]: 1 924 out of 3 700
2016-01-02 10:48:38 : Your league level is: Silver II
2016-01-02 10:48:38 : Stars earned: 1
2016-01-02 10:48:45 : ***[End trying TH snipe while training army]***
2016-01-02 10:48:47 : ====== Waiting for full army ======
2016-01-02 10:49:27 : Training Troops & Spells
2016-01-02 10:49:28 : Checking Army Camp...
2016-01-02 10:49:29 : Total Army Camp capacity: 136/240 (56%)
2016-01-02 10:49:30 :  - No. of Barbarians: 74
2016-01-02 10:49:30 :  - No. of Archers: 62
2016-01-02 10:49:53 : Time Idle: 00:07:56
2016-01-02 10:49:53 : ***[Trying TH snipe while training army]***
2016-01-02 10:49:53 : Going to Attack...
2016-01-02 10:49:59 : ============== Searching For Dead Base ===============
2016-01-02 10:49:59 : ~~~~~~~~~~~~~~~ SEARCH CONDITIONS ~~~~~~~~~~~~~~~~
2016-01-02 10:49:59 : Meet: Gold + Elixir, Trophy
2016-01-02 10:49:59 : ~~~~~~~~~~~~~~ RESOURCE CONDITIONS ~~~~~~~~~~~~~~~
2016-01-02 10:49:59 : Aim: [G+E]: 300000 [D]: 1000 [T]:99 for: Dead Base
2016-01-02 10:49:59 : ~~~~~~~~~~~~~~~ ADVANCED SETTINGS ~~~~~~~~~~~~~~~~
2016-01-02 10:49:59 : THSnipe Combo, 3 Tile(s),  Attack TH Outside custom1
2016-01-02 10:49:59 : Aim: [G]: 120000 [E]: 120000 [D]: 1000
2016-01-02 10:49:59 : ==================================================
2016-01-02 10:50:06 :   1> [G]: 133646 [E]: 423010 [D]:  468 [T]:34 [TH]:10, In
2016-01-02 10:50:15 :   2> [G]: 406624 [E]:  40645 [D]: 2735 [T]:34 [TH]:10, In
2016-01-02 10:50:22 :   3> [G]: 167325 [E]: 401599 [D]: 2550 [T]:27 [TH]:10, In
2016-01-02 10:50:30 :   4> [G]:  98323 [E]: 161756 [D]:  565 [T]:34 [TH]: 9, In
2016-01-02 10:50:37 :   5> [G]:  55031 [E]:  34049 [D]:  534 [T]:38 [TH]: 9, In
2016-01-02 10:50:44 :   6> [G]:  32159 [E]:  55655 [D]: 3114 [T]:39 [TH]:10, In
2016-01-02 10:50:52 :   7> [G]: 421317 [E]: 420477 [D]: 2564 [T]:11 [TH]:10, In
2016-01-02 10:50:59 :   8> [G]: 217025 [E]: 121829 [D]: 3749 [T]:39 [TH]:11, In
2016-01-02 10:51:07 :   9> [G]:  85802 [E]: 166104 [D]: 1287 [T]:16 [TH]:10, In
2016-01-02 10:51:14 :  10> [G]:  43078 [E]:  35233 [D]:   28 [T]:39 [TH]: 9, Out
2016-01-02 10:51:14 :       TH Outside Found! 
2016-01-02 10:51:14 :       Resource requirement not met for TH snipe 
2016-01-02 10:51:15 :  10> [G]:  43078 [E]:  35233 [D]:   28 [T]:39 [TH]: 9, Out
2016-01-02 10:51:18 : ***[End trying TH snipe while training army]***
2016-01-02 10:51:20 : ====== Waiting for full army ======
2016-01-02 10:52:00 : Training Troops & Spells
2016-01-02 10:52:01 : Checking Army Camp...
2016-01-02 10:52:02 : Total Army Camp capacity: 161/240 (67%)
2016-01-02 10:52:03 :  - No. of Barbarians: 87
2016-01-02 10:52:03 :  - No. of Archers: 74
2016-01-02 10:52:22 : Bot was Paused!
2016-01-02 10:52:31 : Bot was Resumed.
2016-01-02 10:52:34 : Time Idle: 00:09:10
2016-01-02 10:52:34 : ***[Trying TH snipe while training army]***
2016-01-02 10:52:34 : Going to Attack...
2016-01-02 10:52:40 : ============== Searching For Dead Base ===============
2016-01-02 10:52:40 : ~~~~~~~~~~~~~~~ SEARCH CONDITIONS ~~~~~~~~~~~~~~~~
2016-01-02 10:52:40 : Meet: Gold + Elixir, Trophy
2016-01-02 10:52:40 : ~~~~~~~~~~~~~~ RESOURCE CONDITIONS ~~~~~~~~~~~~~~~
2016-01-02 10:52:40 : Aim: [G+E]: 300000 [D]: 1000 [T]:99 for: Dead Base
2016-01-02 10:52:40 : ~~~~~~~~~~~~~~~ ADVANCED SETTINGS ~~~~~~~~~~~~~~~~
2016-01-02 10:52:40 : THSnipe Combo, 3 Tile(s),  Attack TH Outside custom1
2016-01-02 10:52:40 : Aim: [G]: 120000 [E]: 120000 [D]: 1000
2016-01-02 10:52:40 : ==================================================
2016-01-02 10:52:46 :   1> [G]: 111703 [E]:  85062 [D]:  239 [T]:32 [TH]: 9, In
2016-01-02 10:52:54 :   2> [G]:  88102 [E]:  49619 [D]:  462 [T]:34 [TH]: 9, In
2016-01-02 10:53:01 :   3> [G]:  47269 [E]:  20000 [D]:    6 [T]:31 [TH]: 8, Out
2016-01-02 10:53:01 :       TH Outside Found! 
2016-01-02 10:53:01 :       Resource requirement not met for TH snipe 
2016-01-02 10:53:01 :   3> [G]:  47269 [E]:  20000 [D]:    6 [T]:31 [TH]: 8, Out
2016-01-02 10:53:09 :   4> [G]: 172421 [E]: 225687 [D]: 3458 [T]:13 [TH]:10, Out
2016-01-02 10:53:09 :       TH Outside Found! 
2016-01-02 10:53:09 :       Resource requirement met for TH snipe 
2016-01-02 10:53:11 : ================ Search Complete =================
2016-01-02 10:53:11 : Initiating attack for: TH Snipe
2016-01-02 10:53:13 : -*-Barbarians 90
2016-01-02 10:53:13 : -*-Archers 76
2016-01-02 10:53:13 : -*-Clan Castle 
2016-01-02 10:53:13 : -*-Heal Spells 3
2016-01-02 10:53:13 : -*-Rage Spells 1
2016-01-02 10:53:13 : -*-Jump Spells 1
2016-01-02 10:53:13 : -*-Poison Spells 1
2016-01-02 10:53:13 :  ====== Start Attack ====== 
2016-01-02 10:53:15 : Sniping TH with Barch            	 
2016-01-02 10:53:15 : Attacking TH with 1st wave of BARCH   
2016-01-02 10:53:15 : Dropping Only wave of 4 Barbarians
2016-01-02 10:53:16 : Custom Corner deployment THi = 1 ,x = 144 ,y = 326
2016-01-02 10:53:16 : Deployment of 4 Barbarians was Successful!
2016-01-02 10:53:18 :                                       
2016-01-02 10:53:18 : Dropping Only wave of 4 Archers
2016-01-02 10:53:19 : Custom Corner deployment THi = 1 ,x = 144 ,y = 326
2016-01-02 10:53:20 : Deployment of 4 Archers was Successful!
2016-01-02 10:53:21 :                                       
2016-01-02 10:53:23 : Checking if the Gold&Elixir are changing...
2016-01-02 10:53:25 :                                       
2016-01-02 10:53:26 : Checking if the Gold&Elixir are changing...
2016-01-02 10:53:29 :                                       
2016-01-02 10:53:30 : Checking if the Gold&Elixir are changing...
2016-01-02 10:53:32 : Gold & Elixir change detected, waiting...
2016-01-02 10:53:34 : Gold & Elixir change detected, waiting...
2016-01-02 10:53:34 :                                       
2016-01-02 10:53:34 : Oh Shit! Seems like a trapped TH!     
2016-01-02 10:53:36 : Checking if the Gold&Elixir are changing...
2016-01-02 10:53:38 : Gold & Elixir change detected, waiting...
2016-01-02 10:53:40 : Gold & Elixir change detected, waiting...
2016-01-02 10:53:40 :                                       
2016-01-02 10:53:40 : Quit wasting troops					 
2016-01-02 10:53:42 : Checking if the Gold&Elixir are changing...
2016-01-02 10:53:44 : Gold & Elixir change detected, waiting...
2016-01-02 10:53:46 : Gold & Elixir change detected, waiting...
2016-01-02 10:53:46 :                                       
2016-01-02 10:53:46 : ~Finished Attacking, waiting to finish
2016-01-02 10:53:47 : Bot was Paused!
2016-01-02 10:54:44 : Bot was Resumed.
2016-01-02 10:54:45 : Townhall has been destroyed!
2016-01-02 10:54:46 : Wait few sec before close attack
2016-01-02 10:54:53 : Returning Home
2016-01-02 10:54:57 : Loot: [G]: 202 [E]: 82 701 [DE]: 172 [T]: 4
2016-01-02 10:54:57 : Bonus Percentage: 20%
2016-01-02 10:54:58 : Bonus [G]: 740 out of 3 700 [E]: 740 out of 3 700
2016-01-02 10:54:58 : Your league level is: Silver II
2016-01-02 10:54:58 : Stars earned: 1
2016-01-02 10:55:05 : ***[End trying TH snipe while training army]***
2016-01-02 10:55:07 : ====== Waiting for full army ======
2016-01-02 10:55:47 : Training Troops & Spells
2016-01-02 10:55:48 : Checking Army Camp...
2016-01-02 10:55:49 : Total Army Camp capacity: 155/240 (64%)
2016-01-02 10:55:50 :  - No. of Barbarians: 87
2016-01-02 10:55:50 :  - No. of Archers: 68
2016-01-02 10:56:13 : Time Idle: 00:10:17
2016-01-02 10:56:13 : ***[Trying TH snipe while training army]***
2016-01-02 10:56:13 : Going to Attack...
2016-01-02 10:56:19 : ============== Searching For Dead Base ===============
2016-01-02 10:56:19 : ~~~~~~~~~~~~~~~ SEARCH CONDITIONS ~~~~~~~~~~~~~~~~
2016-01-02 10:56:19 : Meet: Gold + Elixir, Trophy
2016-01-02 10:56:19 : ~~~~~~~~~~~~~~ RESOURCE CONDITIONS ~~~~~~~~~~~~~~~
2016-01-02 10:56:19 : Aim: [G+E]: 300000 [D]: 1000 [T]:99 for: Dead Base
2016-01-02 10:56:19 : ~~~~~~~~~~~~~~~ ADVANCED SETTINGS ~~~~~~~~~~~~~~~~
2016-01-02 10:56:19 : THSnipe Combo, 3 Tile(s),  Attack TH Outside custom1
2016-01-02 10:56:19 : Aim: [G]: 120000 [E]: 120000 [D]: 1000
2016-01-02 10:56:19 : ==================================================
2016-01-02 10:56:26 :   1> [G]:  62581 [E]: 413806 [D]: 1931 [T]:32 [TH]:10, In
2016-01-02 10:56:33 :   2> [G]:  56117 [E]: 353483 [D]:   96 [T]:32 [TH]:10, In
2016-01-02 10:56:41 :   3> [G]: 309711 [E]: 242099 [D]: 3455 [T]:26 [TH]:11, In
2016-01-02 10:56:50 :   4> [G]: 156364 [E]:  77599 [D]:  299 [T]:29 [TH]: 9, In
2016-01-02 10:56:57 :   5> [G]: 362548 [E]: 229629 [D]: 2033 [T]:18 [TH]:10, In
2016-01-02 10:57:05 :   6> [G]: 409322 [E]: 153960 [D]: 2761 [T]:36 [TH]:11, In
2016-01-02 10:57:13 :   7> [G]:  64923 [E]: 242660 [D]: 3093 [T]:30 [TH]:10, In
2016-01-02 10:57:20 :   8> [G]: 224318 [E]:  64762 [D]: 2189 [T]:33 [TH]:10, In
2016-01-02 10:57:28 :   9> [G]:  70899 [E]: 103244 [D]: 1447 [T]:33 [TH]: 9, In
2016-01-02 10:57:35 : Trying to locate Main Screen
2016-01-02 10:57:36 : Connection lost, Reloading CoC...
2016-01-02 10:57:41 : Waiting for Main Screen
2016-01-02 10:57:41 : Main Screen Located
2016-01-02 10:57:41 : Connection Lost While Searching
2016-01-02 10:57:41 : ***[End trying TH snipe while training army]***
2016-01-02 10:57:43 : ====== Waiting for full army ======
2016-01-02 10:58:24 : Training Troops & Spells
2016-01-02 10:58:24 : Checking Army Camp...
2016-01-02 10:58:26 : Total Army Camp capacity: 180/240 (75%)
2016-01-02 10:58:26 :  - No. of Barbarians: 100
2016-01-02 10:58:27 :  - No. of Archers: 80
2016-01-02 10:58:49 : Time Idle: 00:11:23
2016-01-02 10:58:50 : ***[Trying TH snipe while training army]***
2016-01-02 10:58:50 : Going to Attack...
2016-01-02 10:58:55 : ============== Searching For Dead Base ===============
2016-01-02 10:58:55 : ~~~~~~~~~~~~~~~ SEARCH CONDITIONS ~~~~~~~~~~~~~~~~
2016-01-02 10:58:55 : Meet: Gold + Elixir, Trophy
2016-01-02 10:58:55 : ~~~~~~~~~~~~~~ RESOURCE CONDITIONS ~~~~~~~~~~~~~~~
2016-01-02 10:58:55 : Aim: [G+E]: 300000 [D]: 1000 [T]:99 for: Dead Base
2016-01-02 10:58:55 : ~~~~~~~~~~~~~~~ ADVANCED SETTINGS ~~~~~~~~~~~~~~~~
2016-01-02 10:58:55 : THSnipe Combo, 3 Tile(s),  Attack TH Outside custom1
2016-01-02 10:58:55 : Aim: [G]: 120000 [E]: 120000 [D]: 1000
2016-01-02 10:58:55 : ==================================================
2016-01-02 10:59:02 :   1> [G]:  50977 [E]: 147168 [D]: 1227 [T]:36 [TH]: 9, In
2016-01-02 10:59:09 :   2> [G]:  61780 [E]:  60705 [D]:  525 [T]:30 [TH]: 9, Out
2016-01-02 10:59:09 :       TH Outside Found! 
2016-01-02 10:59:09 :       Resource requirement not met for TH snipe 
2016-01-02 10:59:09 :   2> [G]:  61780 [E]:  60705 [D]:  525 [T]:30 [TH]: 9, Out
2016-01-02 10:59:16 :   3> [G]:  64451 [E]: 297572 [D]:  728 [T]:25 [TH]: 9, In
2016-01-02 10:59:24 :   4> [G]:  78254 [E]:  73692 [D]:  253 [T]:35 [TH]: 9, In
2016-01-02 10:59:32 :   5> [G]:   4285 [E]:  54483 [D]:  638 [T]:36 [TH]: 9, In
2016-01-02 10:59:39 :   6> [G]: 432122 [E]: 109801 [D]: 1407 [T]:40 [TH]:10, In
2016-01-02 10:59:47 :   7> [G]:  22902 [E]: 169745 [D]:  152 [T]:27 [TH]: 9, In
2016-01-02 10:59:55 :   8> [G]: 412211 [E]: 146098 [D]: 2707 [T]:30 [TH]:10, In
2016-01-02 11:00:02 :   9> [G]: 342875 [E]: 392158 [D]: 3682 [T]:34 [TH]:11, In
2016-01-02 11:00:09 :  10> [G]: 439601 [E]: 433481 [D]: 3271 [T]:31 [TH]:10, In
2016-01-02 11:00:12 : ***[End trying TH snipe while training army]***
2016-01-02 11:00:15 : ====== Waiting for full army ======
2016-01-02 11:00:55 : Training Troops & Spells
2016-01-02 11:00:56 : Checking Army Camp...
2016-01-02 11:00:57 : Total Army Camp capacity: 204/240 (85%)
2016-01-02 11:00:58 :  - No. of Barbarians: 114
2016-01-02 11:00:58 :  - No. of Archers: 90
2016-01-02 11:01:21 : Time Idle: 00:12:29
2016-01-02 11:01:21 : ***[Trying TH snipe while training army]***
2016-01-02 11:01:21 : Going to Attack...
2016-01-02 11:01:27 : ============== Searching For Dead Base ===============
2016-01-02 11:01:27 : ~~~~~~~~~~~~~~~ SEARCH CONDITIONS ~~~~~~~~~~~~~~~~
2016-01-02 11:01:27 : Meet: Gold + Elixir, Trophy
2016-01-02 11:01:27 : ~~~~~~~~~~~~~~ RESOURCE CONDITIONS ~~~~~~~~~~~~~~~
2016-01-02 11:01:27 : Aim: [G+E]: 300000 [D]: 1000 [T]:99 for: Dead Base
2016-01-02 11:01:27 : ~~~~~~~~~~~~~~~ ADVANCED SETTINGS ~~~~~~~~~~~~~~~~
2016-01-02 11:01:27 : THSnipe Combo, 3 Tile(s),  Attack TH Outside custom1
2016-01-02 11:01:27 : Aim: [G]: 120000 [E]: 120000 [D]: 1000
2016-01-02 11:01:27 : ==================================================
2016-01-02 11:01:33 :   1> [G]: 114164 [E]: 160951 [D]: 1695 [T]:36 [TH]: 9, In
2016-01-02 11:01:41 :   2> [G]:  30671 [E]: 148719 [D]:  562 [T]:27 [TH]:10, In
2016-01-02 11:01:49 :   3> [G]:  52413 [E]:  30018 [D]:  367 [T]:36 [TH]:10, Out
2016-01-02 11:01:49 :       TH Outside Found! 
2016-01-02 11:01:49 :       Resource requirement not met for TH snipe 
2016-01-02 11:01:49 :   3> [G]:  52413 [E]:  30018 [D]:  367 [T]:36 [TH]:10, Out
2016-01-02 11:01:56 :   4> [G]: 402683 [E]:  74033 [D]: 1076 [T]:36 [TH]:10, In
2016-01-02 11:02:04 :   5> [G]:  32694 [E]:  14252 [D]:  672 [T]:35 [TH]: 9, Out
2016-01-02 11:02:04 :       TH Outside Found! 
2016-01-02 11:02:04 :       Resource requirement not met for TH snipe 
2016-01-02 11:02:04 :   5> [G]:  32694 [E]:  14252 [D]:  672 [T]:35 [TH]: 9, Out
2016-01-02 11:02:13 :   6> [G]: 238253 [E]:  68360 [D]: 2349 [T]:37 [TH]:11, In
2016-01-02 11:02:22 :   7> [G]: 280719 [E]:  91643 [D]: 1595 [T]:39 [TH]: 9, In
2016-01-02 11:02:30 :   8> [G]: 408429 [E]: 337643 [D]:  722 [T]:38 [TH]:10, In
2016-01-02 11:02:39 :   9> [G]:  70417 [E]: 292226 [D]: 2202 [T]:29 [TH]: 9, In
2016-01-02 11:02:46 :  10> [G]: 360755 [E]: 329984 [D]: 3053 [T]:19 [TH]:10, In
2016-01-02 11:02:50 : ***[End trying TH snipe while training army]***
2016-01-02 11:02:52 : ====== Waiting for full army ======
2016-01-02 11:03:32 : Training Troops & Spells
2016-01-02 11:03:32 : Checking Army Camp...
2016-01-02 11:03:34 : Total Army Camp capacity: 230/240 (95%)
2016-01-02 11:03:35 :  - No. of Barbarians: 128
2016-01-02 11:03:35 :  - No. of Archers: 102
2016-01-02 11:03:36 : Your Army Camps are now Full
2016-01-02 11:03:36 : Calculating Troops before Training new Army.
2016-01-02 11:03:54 : Going to Attack...
2016-01-02 11:04:00 : ============== Searching For Dead Base ===============
2016-01-02 11:04:00 : ~~~~~~~~~~~~~~~ SEARCH CONDITIONS ~~~~~~~~~~~~~~~~
2016-01-02 11:04:00 : Meet: Gold + Elixir
2016-01-02 11:04:00 : ~~~~~~~~~~~~~~ RESOURCE CONDITIONS ~~~~~~~~~~~~~~~
2016-01-02 11:04:00 : Aim: [G+E]: 300000 [D]: 1000 [T]: 0 for: Dead Base
2016-01-02 11:04:00 : ~~~~~~~~~~~~~~~ ADVANCED SETTINGS ~~~~~~~~~~~~~~~~
2016-01-02 11:04:00 : THSnipe Combo, 3 Tile(s),  Attack TH Outside custom1
2016-01-02 11:04:00 : Aim: [G]: 140000 [E]: 140000 [D]: 1200
2016-01-02 11:04:00 : ==================================================
2016-01-02 11:04:06 :   1> [G]:  86711 [E]:  93343 [D]:  356 [T]:32 [TH]: 9, In
2016-01-02 11:04:14 :   2> [G]:  50890 [E]: 193591 [D]:  677 [T]:36 [TH]: 9, Out
2016-01-02 11:04:14 :       TH Outside Found! 
2016-01-02 11:04:14 :       Resource requirement met for TH snipe 
2016-01-02 11:04:15 : ================ Search Complete =================
2016-01-02 11:04:15 : Initiating attack for: TH Snipe
2016-01-02 11:04:17 : -*-Barbarians 130
2016-01-02 11:04:17 : -*-Archers 104
2016-01-02 11:04:17 : -*-Clan Castle 
2016-01-02 11:04:17 : -*-Heal Spells 3
2016-01-02 11:04:17 : -*-Rage Spells 1
2016-01-02 11:04:17 : -*-Jump Spells 1
2016-01-02 11:04:17 : -*-Poison Spells 1
2016-01-02 11:04:17 :  ====== Start Attack ====== 
2016-01-02 11:04:19 : Sniping TH with Barch            	 
2016-01-02 11:04:19 : Attacking TH with 1st wave of BARCH   
2016-01-02 11:04:20 : Dropping Only wave of 4 Barbarians
2016-01-02 11:04:21 : Deployment of 4 Barbarians was Successful!
2016-01-02 11:04:22 :                                       
2016-01-02 11:04:23 : Dropping Only wave of 4 Archers
2016-01-02 11:04:24 : Deployment of 4 Archers was Successful!
2016-01-02 11:04:26 :                                       
2016-01-02 11:04:27 : Checking if the Gold&Elixir are changing...
2016-01-02 11:04:29 :                                       
2016-01-02 11:04:31 : Checking if the Gold&Elixir are changing...
2016-01-02 11:04:33 :                                       
2016-01-02 11:04:34 : Checking if the Gold&Elixir are changing...
2016-01-02 11:04:37 :                                       
2016-01-02 11:04:37 : Oh Shit! Seems like a trapped TH!     
2016-01-02 11:04:38 : Checking if the Gold&Elixir are changing...
2016-01-02 11:04:40 :                                       
2016-01-02 11:04:40 : Quit wasting troops					 
2016-01-02 11:04:41 : Checking if the Gold&Elixir are changing...
2016-01-02 11:04:44 :                                       
2016-01-02 11:04:44 : ~Finished Attacking, waiting to finish
2016-01-02 11:04:55 : Checking if the Gold&Elixir are changing...
2016-01-02 11:04:58 : 										 
2016-01-02 11:04:58 : Wait few sec before close attack
2016-01-02 11:05:38 : Returning Home
2016-01-02 11:05:42 : Loot: [G]: 50 [E]: 0 [DE]:  [T]: -15
2016-01-02 11:05:42 : Stars earned: 0
2016-01-02 11:05:50 : Trying to locate Main Screen
2016-01-02 11:05:50 : Main Screen Located
2016-01-02 11:05:52 : Village Report
2016-01-02 11:05:52 : No. of Free/Total Builders: 1/5
2016-01-02 11:05:52 :  [T]: 1 069
2016-01-02 11:05:52 :  [G]: 3 839 566 [E]: 282 434 [D]: 82 717 [GEM]: 3 644
2016-01-02 11:05:54 : Collecting Resources
2016-01-02 11:06:07 : Training Troops & Spells
2016-01-02 11:06:08 : Checking Army Camp...
2016-01-02 11:06:10 : Total Army Camp capacity: 240/240 (100%)
2016-01-02 11:06:10 :  - No. of Barbarians: 134
2016-01-02 11:06:10 :  - No. of Archers: 106
2016-01-02 11:06:12 : Your Army Camps are now Full
2016-01-02 11:06:12 : Calculating Troops before Training new Army.
2016-01-02 11:06:28 : Going to Attack...
2016-01-02 11:06:34 : ============== Searching For Dead Base ===============
2016-01-02 11:06:34 : ~~~~~~~~~~~~~~~ SEARCH CONDITIONS ~~~~~~~~~~~~~~~~
2016-01-02 11:06:34 : Meet: Gold + Elixir
2016-01-02 11:06:34 : ~~~~~~~~~~~~~~ RESOURCE CONDITIONS ~~~~~~~~~~~~~~~
2016-01-02 11:06:34 : Aim: [G+E]: 300000 [D]: 1000 [T]: 0 for: Dead Base
2016-01-02 11:06:34 : ~~~~~~~~~~~~~~~ ADVANCED SETTINGS ~~~~~~~~~~~~~~~~
2016-01-02 11:06:34 : THSnipe Combo, 3 Tile(s),  Attack TH Outside custom1
2016-01-02 11:06:34 : Aim: [G]: 140000 [E]: 140000 [D]: 1200
2016-01-02 11:06:34 : ==================================================
2016-01-02 11:06:40 :   1> [G]:  58857 [E]:  42824 [D]:  182 [T]:35 [TH]: 9, Out
2016-01-02 11:06:40 :       TH Outside Found! 
2016-01-02 11:06:40 :       Resource requirement not met for TH snipe 
2016-01-02 11:06:40 :   1> [G]:  58857 [E]:  42824 [D]:  182 [T]:35 [TH]: 9, Out
2016-01-02 11:06:49 :   2> [G]: 235650 [E]: 207150 [D]:  814 [T]:32 [TH]: 9, In
2016-01-02 11:06:49 :       Not a Dead Base
2016-01-02 11:06:57 :   3> [G]: 141326 [E]: 219825 [D]: 3515 [T]:37 [TH]:10, In
2016-01-02 11:06:57 :       Not a Dead Base
2016-01-02 11:07:04 :   4> [G]:  29210 [E]:  25135 [D]:  679 [T]:32 [TH]: 9, Out
2016-01-02 11:07:04 :       TH Outside Found! 
2016-01-02 11:07:04 :       Resource requirement not met for TH snipe 
2016-01-02 11:07:04 :   4> [G]:  29210 [E]:  25135 [D]:  679 [T]:32 [TH]: 9, Out
2016-01-02 11:07:13 :   5> [G]: 135547 [E]: 191261 [D]: 1992 [T]:38 [TH]:11, In
2016-01-02 11:07:13 :       Not a Dead Base
2016-01-02 11:07:20 :   6> [G]:  26188 [E]:  21897 [D]:  108 [T]:39 [TH]: 9, Out
2016-01-02 11:07:20 :       TH Outside Found! 
2016-01-02 11:07:20 :       Resource requirement not met for TH snipe 
2016-01-02 11:07:20 :   6> [G]:  26188 [E]:  21897 [D]:  108 [T]:39 [TH]: 9, Out
2016-01-02 11:07:28 :   7> [G]:  24879 [E]: 182701 [D]: 2669 [T]:24 [TH]:10, In
2016-01-02 11:07:37 :   8> [G]:  98506 [E]:  56000 [D]:  197 [T]:33 [TH]: 9, Out
2016-01-02 11:07:37 :       TH Outside Found! 
2016-01-02 11:07:37 :       Resource requirement not met for TH snipe 
2016-01-02 11:07:37 :   8> [G]:  98506 [E]:  56000 [D]:  197 [T]:33 [TH]: 9, Out
2016-01-02 11:07:46 :   9> [G]:  36530 [E]:  61797 [D]:  575 [T]:22 [TH]: 9, In
2016-01-02 11:07:54 :  10> [G]: 153696 [E]: 154446 [D]: 2109 [T]:13 [TH]:10, Out
2016-01-02 11:07:54 :       TH Outside Found! 
2016-01-02 11:07:54 :       Resource requirement met for TH snipe 
2016-01-02 11:07:56 : ================ Search Complete =================
2016-01-02 11:07:56 : Initiating attack for: TH Snipe
2016-01-02 11:07:57 : -*-Barbarians 134
2016-01-02 11:07:57 : -*-Archers 106
2016-01-02 11:07:57 : -*-Clan Castle 
2016-01-02 11:07:57 : -*-Heal Spells 3
2016-01-02 11:07:57 : -*-Rage Spells 1
2016-01-02 11:07:57 : -*-Jump Spells 1
2016-01-02 11:07:57 : -*-Poison Spells 1
2016-01-02 11:07:57 :  ====== Start Attack ====== 
2016-01-02 11:08:00 : Sniping TH with Barch            	 
2016-01-02 11:08:00 : Attacking TH with 1st wave of BARCH   
2016-01-02 11:08:00 : Dropping Only wave of 4 Barbarians
2016-01-02 11:08:01 : Deployment of 4 Barbarians was Successful!
2016-01-02 11:08:03 :                                       
2016-01-02 11:08:03 : Dropping Only wave of 4 Archers
2016-01-02 11:08:04 : Deployment of 4 Archers was Successful!
2016-01-02 11:08:06 :                                       
2016-01-02 11:08:07 : Checking if the Gold&Elixir are changing...
2016-01-02 11:08:10 :                                       
2016-01-02 11:08:11 : Checking if the Gold&Elixir are changing...
2016-01-02 11:08:13 :                                       
2016-01-02 11:08:14 : Checking if the Gold&Elixir are changing...
2016-01-02 11:08:17 : Gold & Elixir change detected, waiting...
2016-01-02 11:08:19 : Gold & Elixir change detected, waiting...
2016-01-02 11:08:19 :                                       
2016-01-02 11:08:19 : Oh Shit! Seems like a trapped TH!     
2016-01-02 11:08:20 : Checking if the Gold&Elixir are changing...
2016-01-02 11:08:22 : Gold & Elixir change detected, waiting...
2016-01-02 11:08:25 : Gold & Elixir change detected, waiting...
2016-01-02 11:08:25 :                                       
2016-01-02 11:08:25 : Quit wasting troops					 
2016-01-02 11:08:26 : Checking if the Gold&Elixir are changing...
2016-01-02 11:08:28 : Gold & Elixir change detected, waiting...
2016-01-02 11:08:31 : Gold & Elixir change detected, waiting...
2016-01-02 11:08:31 :                                       
2016-01-02 11:08:31 : ~Finished Attacking, waiting to finish
2016-01-02 11:08:41 : Bot was Paused!
2016-01-02 11:09:08 : Bot was Resumed.
2016-01-02 11:09:09 : Townhall has been destroyed!
2016-01-02 11:09:10 : Wait few sec before close attack
2016-01-02 11:09:17 : Returning Home
2016-01-02 11:09:21 : Loot: [G]: 27 495 [E]: 35 674 [DE]: 102 [T]: 4
2016-01-02 11:09:21 : Bonus Percentage: 16%
2016-01-02 11:09:22 : Bonus [G]: 592 out of 3 700 [E]: 592 out of 3 700
2016-01-02 11:09:22 : Your league level is: Silver II
2016-01-02 11:09:22 : Stars earned: 1
2016-01-02 11:09:31 : Trying to locate Main Screen
2016-01-02 11:09:31 : Main Screen Located
2016-01-02 11:09:33 : Village Report
2016-01-02 11:09:33 : No. of Free/Total Builders: 1/5
2016-01-02 11:09:33 :  [T]: 1 073
2016-01-02 11:09:33 :  [G]: 3 870 640 [E]: 323 303 [D]: 82 921 [GEM]: 3 644
2016-01-02 11:09:34 : Collecting Resources
2016-01-02 11:09:48 : Training Troops & Spells
2016-01-02 11:09:49 : Checking Army Camp...
2016-01-02 11:09:50 : Total Army Camp capacity: 217/240 (90%)
2016-01-02 11:09:51 :  - No. of Barbarians: 119
2016-01-02 11:09:51 :  - No. of Archers: 98
2016-01-02 11:09:52 : Your Army Camps are now Full
2016-01-02 11:09:52 : Calculating Troops before Training new Army.
2016-01-02 11:10:09 : Going to Attack...
2016-01-02 11:10:15 : ============== Searching For Dead Base ===============
2016-01-02 11:10:15 : ~~~~~~~~~~~~~~~ SEARCH CONDITIONS ~~~~~~~~~~~~~~~~
2016-01-02 11:10:15 : Meet: Gold + Elixir
2016-01-02 11:10:15 : ~~~~~~~~~~~~~~ RESOURCE CONDITIONS ~~~~~~~~~~~~~~~
2016-01-02 11:10:15 : Aim: [G+E]: 300000 [D]: 1000 [T]: 0 for: Dead Base
2016-01-02 11:10:15 : ~~~~~~~~~~~~~~~ ADVANCED SETTINGS ~~~~~~~~~~~~~~~~
2016-01-02 11:10:15 : THSnipe Combo, 3 Tile(s),  Attack TH Outside custom1
2016-01-02 11:10:15 : Aim: [G]: 140000 [E]: 140000 [D]: 1200
2016-01-02 11:10:15 : ==================================================
2016-01-02 11:10:22 :   1> [G]: 298151 [E]: 176657 [D]: 1056 [T]:27 [TH]: 9, In
2016-01-02 11:10:22 :       Not a Dead Base
2016-01-02 11:10:30 :   2> [G]:  81369 [E]:  42326 [D]:  175 [T]:36 [TH]: 9, Out
2016-01-02 11:10:30 :       TH Outside Found! 
2016-01-02 11:10:30 :       Resource requirement not met for TH snipe 
2016-01-02 11:10:30 :   2> [G]:  81369 [E]:  42326 [D]:  175 [T]:36 [TH]: 9, Out
2016-01-02 11:10:37 :   3> [G]: 188049 [E]: 107801 [D]: 1245 [T]:40 [TH]: 9, In
2016-01-02 11:10:45 :   4> [G]:  47620 [E]:  30115 [D]:  212 [T]:38 [TH]: 9, Out
2016-01-02 11:10:45 :       TH Outside Found! 
2016-01-02 11:10:45 :       Resource requirement not met for TH snipe 
2016-01-02 11:10:45 :   4> [G]:  47620 [E]:  30115 [D]:  212 [T]:38 [TH]: 9, Out
2016-01-02 11:10:52 :   5> [G]:  31991 [E]:  37250 [D]:  143 [T]:32 [TH]: 9, Out
2016-01-02 11:10:52 :       TH Outside Found! 
2016-01-02 11:10:52 :       Resource requirement not met for TH snipe 
2016-01-02 11:10:52 :   5> [G]:  31991 [E]:  37250 [D]:  143 [T]:32 [TH]: 9, Out
2016-01-02 11:11:00 :   6> [G]:  50229 [E]:  70744 [D]: 1363 [T]:23 [TH]: 9, Out
2016-01-02 11:11:00 :       TH Outside Found! 
2016-01-02 11:11:00 :       Resource requirement met for TH snipe 
2016-01-02 11:11:01 : ================ Search Complete =================
2016-01-02 11:11:01 : Initiating attack for: TH Snipe
2016-01-02 11:11:03 : -*-Barbarians 121
2016-01-02 11:11:03 : -*-Archers 100
2016-01-02 11:11:03 : -*-Clan Castle 
2016-01-02 11:11:03 : -*-Heal Spells 3
2016-01-02 11:11:03 : -*-Rage Spells 1
2016-01-02 11:11:03 : -*-Jump Spells 1
2016-01-02 11:11:03 : -*-Poison Spells 1
2016-01-02 11:11:03 :  ====== Start Attack ====== 
2016-01-02 11:11:05 : Sniping TH with Barch            	 
2016-01-02 11:11:05 : Attacking TH with 1st wave of BARCH   
2016-01-02 11:11:06 : Dropping Only wave of 4 Barbarians
2016-01-02 11:11:06 : Custom Corner deployment THi = 16 ,x = 430 ,y = 531
2016-01-02 11:11:07 : Deployment of 4 Barbarians was Successful!
2016-01-02 11:11:09 :                                       
2016-01-02 11:11:09 : Dropping Only wave of 4 Archers
2016-01-02 11:11:09 : Custom Corner deployment THi = 16 ,x = 430 ,y = 531
2016-01-02 11:11:10 : Deployment of 4 Archers was Successful!
2016-01-02 11:11:12 :                                       
2016-01-02 11:11:13 : Checking if the Gold&Elixir are changing...
2016-01-02 11:11:15 :                                       
2016-01-02 11:11:17 : Checking if the Gold&Elixir are changing...
2016-01-02 11:11:19 :                                       
2016-01-02 11:11:20 : Checking if the Gold&Elixir are changing...
2016-01-02 11:11:23 :                                       
2016-01-02 11:11:23 : Oh Shit! Seems like a trapped TH!     
2016-01-02 11:11:24 : Checking if the Gold&Elixir are changing...
2016-01-02 11:11:26 :                                       
2016-01-02 11:11:26 : Quit wasting troops					 
2016-01-02 11:11:27 : Checking if the Gold&Elixir are changing...
2016-01-02 11:11:30 :                                       
2016-01-02 11:11:30 : ~Finished Attacking, waiting to finish
2016-01-02 11:11:35 : Townhall has been destroyed!
2016-01-02 11:11:36 : Wait few sec before close attack
2016-01-02 11:11:42 : Returning Home
2016-01-02 11:11:46 : Loot: [G]: 7 796 [E]: 11 796 [DE]: 243 [T]: 7
2016-01-02 11:11:46 : Bonus Percentage: 3%
2016-01-02 11:11:46 : Bonus [G]: 111 out of 3 700 [E]: 111 out of 3 700
2016-01-02 11:11:47 : Your league level is: Silver II
2016-01-02 11:11:47 : Stars earned: 1
2016-01-02 11:11:56 : Trying to locate Main Screen
2016-01-02 11:11:56 : Main Screen Located
2016-01-02 11:11:57 : Village Report
2016-01-02 11:11:57 : No. of Free/Total Builders: 1/5
2016-01-02 11:11:57 :  [T]: 1 080
2016-01-02 11:11:58 :  [G]: 3 873 147 [E]: 321 210 [D]: 83 174 [GEM]: 3 644
2016-01-02 11:11:59 : Collecting Resources
2016-01-02 11:12:11 : Chat Request: hogs thx
2016-01-02 11:12:11 : Castle Capacity : 0/35
2016-01-02 11:12:14 : Training Troops & Spells
2016-01-02 11:12:15 : Checking Army Camp...
2016-01-02 11:12:16 : Total Army Camp capacity: 232/240 (96%)
2016-01-02 11:12:17 :  - No. of Barbarians: 127
2016-01-02 11:12:17 :  - No. of Archers: 105
2016-01-02 11:12:18 : Your Army Camps are now Full
2016-01-02 11:12:18 : Calculating Troops before Training new Army.
2016-01-02 11:12:35 : Going to Attack...
2016-01-02 11:12:41 : ============== Searching For Dead Base ===============
2016-01-02 11:12:41 : ~~~~~~~~~~~~~~~ SEARCH CONDITIONS ~~~~~~~~~~~~~~~~
2016-01-02 11:12:41 : Meet: Gold + Elixir
2016-01-02 11:12:41 : ~~~~~~~~~~~~~~ RESOURCE CONDITIONS ~~~~~~~~~~~~~~~
2016-01-02 11:12:41 : Aim: [G+E]: 300000 [D]: 1000 [T]: 0 for: Dead Base
2016-01-02 11:12:41 : ~~~~~~~~~~~~~~~ ADVANCED SETTINGS ~~~~~~~~~~~~~~~~
2016-01-02 11:12:41 : THSnipe Combo, 3 Tile(s),  Attack TH Outside custom1
2016-01-02 11:12:41 : Aim: [G]: 140000 [E]: 140000 [D]: 1200
2016-01-02 11:12:41 : ==================================================
2016-01-02 11:12:47 :   1> [G]:  19607 [E]:   5295 [D]:  326 [T]:38 [TH]:10, In
2016-01-02 11:12:55 :   2> [G]:  65150 [E]: 112699 [D]: 3040 [T]:30 [TH]:10, In
2016-01-02 11:13:04 :   3> [G]: 205681 [E]: 176284 [D]: 3102 [T]:40 [TH]:10, In
2016-01-02 11:13:04 :       Not a Dead Base
2016-01-02 11:13:12 :   4> [G]:  98486 [E]: 425952 [D]: 2746 [T]:38 [TH]:10, In
2016-01-02 11:13:12 :       Not a Dead Base
2016-01-02 11:13:21 :   5> [G]: 144484 [E]: 301888 [D]: 2603 [T]:41 [TH]:10, In
2016-01-02 11:13:21 :       Not a Dead Base
2016-01-02 11:13:30 :   6> [G]:  23303 [E]:   7846 [D]: 2031 [T]:37 [TH]: 9, In
2016-01-02 11:13:38 :   7> [G]:  27174 [E]: 132972 [D]:  611 [T]:41 [TH]:10, In
2016-01-02 11:13:46 :   8> [G]: 174094 [E]:  98519 [D]: 1580 [T]:31 [TH]: 9, In
2016-01-02 11:13:53 : Trying to locate Main Screen
2016-01-02 11:13:54 : Connection lost, Reloading CoC...
2016-01-02 11:13:59 : Waiting for Main Screen
2016-01-02 11:13:59 : Main Screen Located
2016-01-02 11:13:59 : Disconnected At Search Clouds
2016-01-02 11:14:01 : Trying to locate Main Screen
2016-01-02 11:14:01 : Main Screen Located
2016-01-02 11:14:01 : Restarted after Out of Sync Error: Attack Now
2016-01-02 11:14:02 : Trying to locate Main Screen
2016-01-02 11:14:02 : Main Screen Located
2016-01-02 11:14:02 : Going to Attack...
2016-01-02 11:14:08 : ============== Searching For Dead Base ===============
2016-01-02 11:14:08 : ~~~~~~~~~~~~~~~ SEARCH CONDITIONS ~~~~~~~~~~~~~~~~
2016-01-02 11:14:08 : Meet: Gold + Elixir
2016-01-02 11:14:08 : ~~~~~~~~~~~~~~ RESOURCE CONDITIONS ~~~~~~~~~~~~~~~
2016-01-02 11:14:08 : Aim: [G+E]: 300000 [D]: 1000 [T]: 0 for: Dead Base
2016-01-02 11:14:08 : ~~~~~~~~~~~~~~~ ADVANCED SETTINGS ~~~~~~~~~~~~~~~~
2016-01-02 11:14:08 : THSnipe Combo, 3 Tile(s),  Attack TH Outside custom1
2016-01-02 11:14:08 : Aim: [G]: 140000 [E]: 140000 [D]: 1200
2016-01-02 11:14:08 : ==================================================
2016-01-02 11:14:14 :   9> [G]:  14741 [E]:  44742 [D]:  228 [T]:31 [TH]: 9, In
2016-01-02 11:14:22 :  10> [G]:  62705 [E]:  51716 [D]:  358 [T]:37 [TH]: 9, Out
2016-01-02 11:14:22 :       TH Outside Found! 
2016-01-02 11:14:22 :       Resource requirement not met for TH snipe 
2016-01-02 11:14:22 :  10> [G]:  62705 [E]:  51716 [D]:  358 [T]:37 [TH]: 9, Out
2016-01-02 11:14:31 :  11> [G]:  52973 [E]: 383465 [D]: 3043 [T]:31 [TH]:10, In
2016-01-02 11:14:31 :       Not a Dead Base
2016-01-02 11:14:40 :  12> [G]: 285775 [E]: 211746 [D]: 3003 [T]:38 [TH]:10, In
2016-01-02 11:14:40 :       Not a Dead Base
2016-01-02 11:14:47 :  13> [G]:   5300 [E]: 282754 [D]: 1363 [T]:33 [TH]: 9, In
2016-01-02 11:14:56 :  14> [G]: 342955 [E]: 346578 [D]: 3016 [T]:28 [TH]:10, In
2016-01-02 11:14:56 :       Not a Dead Base
2016-01-02 11:15:04 :  15> [G]: 290390 [E]: 401899 [D]:   28 [T]:29 [TH]:10, In
2016-01-02 11:15:04 :       Not a Dead Base
2016-01-02 11:15:11 :  16> [G]:  19780 [E]:  63529 [D]:  293 [T]:40 [TH]: 9, Out
2016-01-02 11:15:11 :       TH Outside Found! 
2016-01-02 11:15:11 :       Resource requirement not met for TH snipe 
2016-01-02 11:15:11 :  16> [G]:  19780 [E]:  63529 [D]:  293 [T]:40 [TH]: 9, Out
2016-01-02 11:15:19 :  17> [G]:  13424 [E]:  70315 [D]:  318 [T]:39 [TH]: 9, In
2016-01-02 11:15:27 :  18> [G]:    145 [E]:    144 [D]:    0 [T]:35 [TH]:10, In
2016-01-02 11:15:35 :  19> [G]: 215617 [E]: 251945 [D]: 3747 [T]:37 [TH]:11, In
2016-01-02 11:15:35 :       Not a Dead Base
2016-01-02 11:15:42 :  20> [G]:  68291 [E]:  87235 [D]:  357 [T]:43 [TH]:10, In
2016-01-02 11:15:50 :  21> [G]:  11934 [E]:  75094 [D]:  289 [T]:21 [TH]: 9, Out
2016-01-02 11:15:50 :       TH Outside Found! 
2016-01-02 11:15:50 :       Resource requirement not met for TH snipe 
2016-01-02 11:15:50 :  21> [G]:  11934 [E]:  75094 [D]:  289 [T]:21 [TH]: 9, Out
2016-01-02 11:15:57 :  22> [G]:  21664 [E]:  21934 [D]:  785 [T]:41 [TH]: 9, In
2016-01-02 11:16:05 :  23> [G]:   9268 [E]: 137267 [D]:  923 [T]:39 [TH]:10, In
2016-01-02 11:16:14 :  24> [G]: 281084 [E]:  93952 [D]:  629 [T]:35 [TH]: 9, In
2016-01-02 11:16:14 :       Not a Dead Base
2016-01-02 11:16:22 :  25> [G]: 151622 [E]: 437509 [D]: 3636 [T]:44 [TH]:10, In
2016-01-02 11:16:22 :       Not a Dead Base
2016-01-02 11:16:30 :  26> [G]: 123065 [E]: 137906 [D]: 2012 [T]:41 [TH]:10, In
2016-01-02 11:16:38 :  27> [G]:  42092 [E]: 405945 [D]: 1436 [T]:29 [TH]:10, In
2016-01-02 11:16:38 :       Not a Dead Base
2016-01-02 11:16:46 :  28> [G]: 232622 [E]: 263847 [D]: 1639 [T]:42 [TH]:11, In
2016-01-02 11:16:46 :       Not a Dead Base
2016-01-02 11:16:54 :  29> [G]: 156249 [E]: 121214 [D]: 2620 [T]:42 [TH]: 9, In
2016-01-02 11:17:03 :  30> [G]: 305265 [E]:  70175 [D]: 2816 [T]:45 [TH]:10, In
2016-01-02 11:17:03 :       Not a Dead Base
2016-01-02 11:17:10 :  31> [G]:  57088 [E]:  44004 [D]:  259 [T]:35 [TH]: 9, In
2016-01-02 11:17:18 :  32> [G]: 114655 [E]: 172193 [D]: 1380 [T]:46 [TH]:10, In
2016-01-02 11:17:27 :  33> [G]:  49092 [E]: 146866 [D]:  436 [T]:42 [TH]: 9, In
2016-01-02 11:17:34 :  34> [G]:  77841 [E]:  30216 [D]:  995 [T]:26 [TH]: 9, In
2016-01-02 11:17:41 :  35> [G]:  42477 [E]:  51396 [D]:  331 [T]:32 [TH]: 9, Out
2016-01-02 11:17:41 :       TH Outside Found! 
2016-01-02 11:17:41 :       Resource requirement not met for TH snipe 
2016-01-02 11:17:41 :  35> [G]:  42477 [E]:  51396 [D]:  331 [T]:32 [TH]: 9, Out
2016-01-02 11:17:49 :  36> [G]:  15045 [E]:  81635 [D]: 1969 [T]:43 [TH]: 9, In
2016-01-02 11:17:59 :  37> [G]:  31204 [E]:  37949 [D]: 1456 [T]:42 [TH]: 9, In
2016-01-02 11:18:06 :  38> [G]:  70008 [E]:  96010 [D]: 3387 [T]:48 [TH]:10, In
2016-01-02 11:18:14 :  39> [G]:  49785 [E]:  36872 [D]: 1399 [T]:41 [TH]: 9, In
2016-01-02 11:18:22 :  40> [G]: 311517 [E]: 118843 [D]: 1659 [T]:31 [TH]:10, In
2016-01-02 11:18:22 :       Not a Dead Base
2016-01-02 11:18:30 :  41> [G]: 422491 [E]: 422069 [D]: 3209 [T]:34 [TH]:10, In
2016-01-02 11:18:30 :       Not a Dead Base
2016-01-02 11:18:38 :  42> [G]:  31098 [E]:  18349 [D]: 1177 [T]:41 [TH]: 9, In
2016-01-02 11:18:49 : 2nd attempt to detect the TownHall!
2016-01-02 11:18:50 :  43> [G]: 110830 [E]:  98499 [D]: 3643 [T]:37 [TH]:11, In
2016-01-02 11:18:58 :  44> [G]: 438297 [E]: 239162 [D]: 3048 [T]:44 [TH]:10, In
2016-01-02 11:18:58 :       Not a Dead Base
2016-01-02 11:19:06 :  45> [G]: 472879 [E]: 239517 [D]: 1597 [T]:44 [TH]:10, In
2016-01-02 11:19:06 :       Not a Dead Base
2016-01-02 11:19:13 :  46> [G]:  92501 [E]:  77269 [D]:  173 [T]:28 [TH]: 9, Out
2016-01-02 11:19:13 :       TH Outside Found! 
2016-01-02 11:19:13 :       Resource requirement not met for TH snipe 
2016-01-02 11:19:14 :  46> [G]:  92501 [E]:  77269 [D]:  173 [T]:28 [TH]: 9, Out
2016-01-02 11:19:21 :  47> [G]:  62111 [E]:  73602 [D]:  503 [T]:24 [TH]:10, Out
2016-01-02 11:19:21 :       TH Outside Found! 
2016-01-02 11:19:21 :       Resource requirement not met for TH snipe 
2016-01-02 11:19:21 :  47> [G]:  62111 [E]:  73602 [D]:  503 [T]:24 [TH]:10, Out
2016-01-02 11:19:29 :  48> [G]:  70748 [E]:  53419 [D]:  532 [T]:43 [TH]: 9, In
2016-01-02 11:19:36 :  49> [G]:  45003 [E]: 188151 [D]: 1324 [T]:42 [TH]: 9, In
2016-01-02 11:19:44 :  50> [G]:  21501 [E]: 159923 [D]:  570 [T]:22 [TH]: 9, Out
2016-01-02 11:19:44 :       TH Outside Found! 
2016-01-02 11:19:44 :       Resource requirement met for TH snipe 
2016-01-02 11:19:45 : ================ Search Complete =================
2016-01-02 11:19:45 : Initiating attack for: TH Snipe
2016-01-02 11:19:47 : -*-Barbarians 133
2016-01-02 11:19:47 : -*-Archers 107
2016-01-02 11:19:47 : -*-Clan Castle 
2016-01-02 11:19:47 : -*-Heal Spells 3
2016-01-02 11:19:47 : -*-Rage Spells 1
2016-01-02 11:19:47 : -*-Jump Spells 1
2016-01-02 11:19:47 : -*-Poison Spells 1
2016-01-02 11:19:47 :  ====== Start Attack ====== 
2016-01-02 11:19:49 : Sniping TH with Barch            	 
2016-01-02 11:19:49 : Attacking TH with 1st wave of BARCH   
2016-01-02 11:19:50 : Dropping Only wave of 4 Barbarians
2016-01-02 11:19:50 : Custom Corner deployment THi = 16 ,x = 422 ,y = 537
2016-01-02 11:19:51 : Deployment of 4 Barbarians was Successful!
2016-01-02 11:19:53 :                                       
2016-01-02 11:19:53 : Dropping Only wave of 4 Archers
2016-01-02 11:19:53 : Custom Corner deployment THi = 16 ,x = 422 ,y = 537
2016-01-02 11:19:54 : Deployment of 4 Archers was Successful!
2016-01-02 11:19:56 :                                       
2016-01-02 11:19:57 : Checking if the Gold&Elixir are changing...
2016-01-02 11:19:59 :                                       
2016-01-02 11:20:00 : Checking if the Gold&Elixir are changing...
2016-01-02 11:20:03 :                                       
2016-01-02 11:20:04 : Checking if the Gold&Elixir are changing...
2016-01-02 11:20:06 :                                       
2016-01-02 11:20:06 : Oh Shit! Seems like a trapped TH!     
2016-01-02 11:20:08 : Checking if the Gold&Elixir are changing...
2016-01-02 11:20:10 :                                       
2016-01-02 11:20:10 : Quit wasting troops					 
2016-01-02 11:20:11 : Checking if the Gold&Elixir are changing...
2016-01-02 11:20:14 :                                       
2016-01-02 11:20:14 : ~Finished Attacking, waiting to finish
2016-01-02 11:20:17 : Townhall has been destroyed!
2016-01-02 11:20:19 : Wait few sec before close attack
2016-01-02 11:20:23 : Bot was Paused!
2016-01-02 11:21:21 : Bot was Resumed.
2016-01-02 11:21:24 : Checking if the battle has finished
2016-01-02 11:21:26 : detected [G]: 19656 [E]: 120315 [DE]: 399 |  Exit in  8 sec.
2016-01-02 11:21:28 : detected [G]: 19656 [E]: 120315 [DE]: 399 |  Exit in  6 sec.
2016-01-02 11:21:30 : detected [G]: 19656 [E]: 120233 [DE]: 399 |  Exit in  4 sec.
2016-01-02 11:21:30 : Gold & Elixir & DE change detected, waiting...
2016-01-02 11:21:33 : detected [G]: 19656 [E]: 119905 [DE]: 399 |  Exit in  8 sec.
2016-01-02 11:21:33 : Gold & Elixir & DE change detected, waiting...
2016-01-02 11:21:37 : detected [G]: 19656 [E]: 119659 [DE]: 399 |  Exit in  8 sec.
2016-01-02 11:21:37 : Gold & Elixir & DE change detected, waiting...
2016-01-02 11:21:40 : detected [G]: 19656 [E]: 119331 [DE]: 399 |  Exit in  8 sec.
2016-01-02 11:21:40 : Gold & Elixir & DE change detected, waiting...
2016-01-02 11:21:44 : detected [G]: 19656 [E]: 119085 [DE]: 399 |  Exit in  8 sec.
2016-01-02 11:21:44 : Gold & Elixir & DE change detected, waiting...
2016-01-02 11:21:47 : detected [G]: 19656 [E]: 118757 [DE]: 399 |  Exit in  8 sec.
2016-01-02 11:21:47 : Gold & Elixir & DE change detected, waiting...
2016-01-02 11:21:51 : detected [G]: 19656 [E]: 118511 [DE]: 399 |  Exit in  8 sec.
2016-01-02 11:21:51 : Gold & Elixir & DE change detected, waiting...
2016-01-02 11:21:54 : detected [G]: 19656 [E]: 118183 [DE]: 399 |  Exit in  8 sec.
2016-01-02 11:21:54 : Gold & Elixir & DE change detected, waiting...
2016-01-02 11:21:58 : detected [G]: 19656 [E]: 117935 [DE]: 399 |  Exit in  8 sec.
2016-01-02 11:21:58 : Gold & Elixir & DE change detected, waiting...
2016-01-02 11:22:01 : detected [G]: 19656 [E]: 117603 [DE]: 399 |  Exit in  8 sec.
2016-01-02 11:22:01 : Gold & Elixir & DE change detected, waiting...
2016-01-02 11:22:05 : detected [G]: 19656 [E]: 117354 [DE]: 399 |  Exit in  8 sec.
2016-01-02 11:22:05 : Gold & Elixir & DE change detected, waiting...
2016-01-02 11:22:08 : detected [G]: 19656 [E]: 117154 [DE]: 399 |  Exit in  8 sec.
2016-01-02 11:22:08 : Gold & Elixir & DE change detected, waiting...
2016-01-02 11:22:12 : detected [G]: 19656 [E]: 117154 [DE]: 399 |  Exit in  8 sec.
2016-01-02 11:22:13 : detected [G]: 19656 [E]: 117154 [DE]: 399 |  Exit in  6 sec.
2016-01-02 11:22:15 : detected [G]: 19656 [E]: 117154 [DE]: 399 |  Exit in  4 sec.
2016-01-02 11:22:17 : detected [G]: 19656 [E]: 117154 [DE]: 399 |  Exit in  3 sec.
2016-01-02 11:22:18 : detected [G]: 19656 [E]: 117154 [DE]: 399 |  Exit in  1 sec.
2016-01-02 11:22:20 : detected [G]: 19656 [E]: 117154 [DE]: 399 |  Exit in  0 sec.
2016-01-02 11:22:20 : Gold & Elixir & DE no change detected, exit
2016-01-02 11:22:20 : Returning Home
2016-01-02 11:22:25 : Loot: [G]: 1 845 [E]: 42 769 [DE]: 171 [T]: 7
2016-01-02 11:22:25 : Bonus Percentage: 27%
2016-01-02 11:22:25 : Bonus [G]: 999 out of 3 700 [E]: 999 out of 3 700
2016-01-02 11:22:29 : Stars earned: 1
2016-01-02 11:22:37 : Trying to locate Main Screen
2016-01-02 11:22:37 : Main Screen Located
2016-01-02 11:22:39 : Village Report
2016-01-02 11:22:39 : No. of Free/Total Builders: 1/5
2016-01-02 11:22:39 :  [T]: 1 087
2016-01-02 11:22:39 :  [G]: 3 830 091 [E]: 356 478 [D]: 83 351 [GEM]: 3 644
2016-01-02 11:22:41 : Collecting Resources
2016-01-02 11:22:53 : Chat Request: gol
2016-01-02 11:22:53 : Castle Capacity : 0/30
2016-01-02 11:22:54 : Chat Request: hogs
2016-01-02 11:22:54 : Castle Capacity : 0/30
2016-01-02 11:22:56 : Chat Request: hogs thx
2016-01-02 11:22:56 : Castle Capacity : 35/35
2016-01-02 11:22:59 : Training Troops & Spells
2016-01-02 11:22:59 : Checking Army Camp...
2016-01-02 11:23:01 : Total Army Camp capacity: 240/240 (100%)
2016-01-02 11:23:01 :  - No. of Barbarians: 136
2016-01-02 11:23:02 :  - No. of Archers: 104
2016-01-02 11:23:03 : Your Army Camps are now Full
2016-01-02 11:23:03 : Calculating Troops before Training new Army.
2016-01-02 11:23:19 : Going to Attack...
2016-01-02 11:23:25 : ============== Searching For Dead Base ===============
2016-01-02 11:23:25 : ~~~~~~~~~~~~~~~ SEARCH CONDITIONS ~~~~~~~~~~~~~~~~
2016-01-02 11:23:25 : Meet: Gold + Elixir
2016-01-02 11:23:25 : ~~~~~~~~~~~~~~ RESOURCE CONDITIONS ~~~~~~~~~~~~~~~
2016-01-02 11:23:25 : Aim: [G+E]: 300000 [D]: 1000 [T]: 0 for: Dead Base
2016-01-02 11:23:25 : ~~~~~~~~~~~~~~~ ADVANCED SETTINGS ~~~~~~~~~~~~~~~~
2016-01-02 11:23:25 : THSnipe Combo, 3 Tile(s),  Attack TH Outside custom1
2016-01-02 11:23:25 : Aim: [G]: 140000 [E]: 140000 [D]: 1200
2016-01-02 11:23:25 : ==================================================
2016-01-02 11:23:33 :   1> [G]: 387215 [E]: 407312 [D]: 2611 [T]:18 [TH]:10, In
2016-01-02 11:23:33 :       Not a Dead Base
2016-01-02 11:23:40 :   2> [G]: 109921 [E]: 106583 [D]:  701 [T]:31 [TH]: 9, Out
2016-01-02 11:23:40 :       TH Outside Found! 
2016-01-02 11:23:40 :       Resource requirement not met for TH snipe 
2016-01-02 11:23:40 :   2> [G]: 109921 [E]: 106583 [D]:  701 [T]:31 [TH]: 9, Out
2016-01-02 11:23:48 :   3> [G]:  96878 [E]: 103968 [D]:  433 [T]:38 [TH]: 9, In
2016-01-02 11:23:56 :   4> [G]:  52666 [E]: 232245 [D]: 1192 [T]:39 [TH]: 9, In
2016-01-02 11:24:03 :   5> [G]: 108335 [E]:  75318 [D]:   40 [T]:40 [TH]: 9, In
2016-01-02 11:24:11 :   6> [G]:  41878 [E]:  38698 [D]:  331 [T]:33 [TH]: 9, Out
2016-01-02 11:24:11 :       TH Outside Found! 
2016-01-02 11:24:11 :       Resource requirement not met for TH snipe 
2016-01-02 11:24:11 :   6> [G]:  41878 [E]:  38698 [D]:  331 [T]:33 [TH]: 9, Out
2016-01-02 11:24:18 :   7> [G]:  11803 [E]: 284122 [D]: 1290 [T]:38 [TH]: 9, In
2016-01-02 11:24:26 :   8> [G]: 250645 [E]: 239989 [D]: 2132 [T]:17 [TH]:10, Out
2016-01-02 11:24:26 :       TH Outside Found! 
2016-01-02 11:24:26 :       Resource requirement met for TH snipe 
2016-01-02 11:24:28 : ================ Search Complete =================
2016-01-02 11:24:28 : Initiating attack for: TH Snipe
2016-01-02 11:24:30 : -*-Barbarians 136
2016-01-02 11:24:30 : -*-Archers 104
2016-01-02 11:24:30 : -*-Clan Castle 
2016-01-02 11:24:30 : -*-Heal Spells 3
2016-01-02 11:24:30 : -*-Rage Spells 1
2016-01-02 11:24:30 : -*-Jump Spells 1
2016-01-02 11:24:30 : -*-Poison Spells 1
2016-01-02 11:24:30 :  ====== Start Attack ====== 
2016-01-02 11:24:32 : Sniping TH with Barch            	 
2016-01-02 11:24:32 : Attacking TH with 1st wave of BARCH   
2016-01-02 11:24:32 : Dropping Only wave of 4 Barbarians
2016-01-02 11:24:34 : Deployment of 4 Barbarians was Successful!
2016-01-02 11:24:35 :                                       
2016-01-02 11:24:36 : Dropping Only wave of 4 Archers
2016-01-02 11:24:37 : Deployment of 4 Archers was Successful!
2016-01-02 11:24:38 :                                       
2016-01-02 11:24:40 : Checking if the Gold&Elixir are changing...
2016-01-02 11:24:42 :                                       
2016-01-02 11:24:43 : Checking if the Gold&Elixir are changing...
2016-01-02 11:24:45 : Gold & Elixir change detected, waiting...
2016-01-02 11:24:48 : Gold & Elixir change detected, waiting...
2016-01-02 11:24:48 :                                       
2016-01-02 11:24:49 : Checking if the Gold&Elixir are changing...
2016-01-02 11:24:51 :                                       
2016-01-02 11:24:51 : Oh Shit! Seems like a trapped TH!     
2016-01-02 11:24:53 : Checking if the Gold&Elixir are changing...
2016-01-02 11:24:55 : Gold & Elixir change detected, waiting...
2016-01-02 11:24:57 : Gold & Elixir change detected, waiting...
2016-01-02 11:24:57 :                                       
2016-01-02 11:24:57 : Quit wasting troops					 
2016-01-02 11:24:58 : Checking if the Gold&Elixir are changing...
2016-01-02 11:25:01 : Gold & Elixir change detected, waiting...
2016-01-02 11:25:03 : Gold & Elixir change detected, waiting...
2016-01-02 11:25:03 :                                       
2016-01-02 11:25:03 : ~Finished Attacking, waiting to finish
2016-01-02 11:25:14 : Checking if the Gold&Elixir are changing...
2016-01-02 11:25:17 : Gold & Elixir change detected, waiting...
2016-01-02 11:25:19 : Gold & Elixir change detected, waiting...
2016-01-02 11:25:21 : Gold & Elixir change detected, waiting...
2016-01-02 11:25:24 : Gold & Elixir change detected, waiting...
2016-01-02 11:25:26 : Gold & Elixir change detected, waiting...
2016-01-02 11:25:28 : Gold & Elixir change detected, waiting...
2016-01-02 11:25:30 : Gold & Elixir change detected, waiting...
2016-01-02 11:25:33 : 										 
2016-01-02 11:25:33 : Townhall has been destroyed!
2016-01-02 11:25:34 : Wait few sec before close attack
2016-01-02 11:25:40 : Bot was Paused!
2016-01-02 11:25:53 : Bot was Resumed.
2016-01-02 11:25:56 : Checking if the battle has finished
2016-01-02 11:25:58 : detected [G]: 193257 [E]: 165696 [DE]: 1969 |  Exit in  8 sec.
2016-01-02 11:26:00 : detected [G]: 193257 [E]: 165696 [DE]: 1969 |  Exit in  6 sec.
2016-01-02 11:26:02 : detected [G]: 193257 [E]: 165696 [DE]: 1969 |  Exit in  4 sec.
2016-01-02 11:26:04 : detected [G]:  [E]:  [DE]:  |  Exit now 
2016-01-02 11:26:04 : Gold & Elixir & DE = 0, end battle 
2016-01-02 11:26:05 : Battle has finished
2016-01-02 11:26:05 : Returning Home
2016-01-02 11:26:12 : Loot: [G]: 57 388 [E]: 74 293 [DE]: 163 [T]: 5
2016-01-02 11:26:12 : Bonus Percentage: 22%
2016-01-02 11:26:13 : Bonus [G]: 814 out of 3 700 [E]: 814 out of 3 700
2016-01-02 11:26:13 : Your league level is: Silver II
2016-01-02 11:26:13 : Stars earned: 1
2016-01-02 11:26:22 : Trying to locate Main Screen
2016-01-02 11:26:22 : Main Screen Located
2016-01-02 11:26:24 : Village Report
2016-01-02 11:26:24 : No. of Free/Total Builders: 1/5
2016-01-02 11:26:24 :  [T]: 1 092
2016-01-02 11:26:24 :  [G]: 3 887 181 [E]: 430 923 [D]: 83 546 [GEM]: 3 644
2016-01-02 11:26:25 : Collecting Resources
2016-01-02 11:26:39 : Training Troops & Spells
2016-01-02 11:26:40 : Checking Army Camp...
2016-01-02 11:26:41 : Total Army Camp capacity: 179/240 (74%)
2016-01-02 11:26:42 :  - No. of Barbarians: 99
2016-01-02 11:26:42 :  - No. of Archers: 80
