2016-01-01 12:14:15 :  My Bot v5.0.2 860x780 (BlueStacks) Powered by MyBot.run ~
2016-01-01 12:14:15 : MyBot.mod.au3 Script running on WIN_81  X64
2016-01-01 12:14:15 : =================== Bot Start ====================
2016-01-01 12:14:15 : -------------------------  Current Profile: 01 --------------------------
2016-01-01 12:14:15 : Trying to locate Main Screen
2016-01-01 12:14:16 : Main Screen Located
2016-01-01 12:14:17 : Detecting your Buildings..
2016-01-01 12:14:18 : Finding your Clan Level, wait..
2016-01-01 12:14:20 : Found Clan Level: 8
2016-01-01 12:14:22 : Detecting your Village Theme
2016-01-01 12:14:22 : Normal Theme detected
2016-01-01 12:14:23 : Language setting is English: Correct.
2016-01-01 12:14:24 : Trying to locate Main Screen
2016-01-01 12:14:24 : Main Screen Located
2016-01-01 12:14:25 : Village Report
2016-01-01 12:14:25 : No. of Free/Total Builders: 1/5
2016-01-01 12:14:25 :  [T]: 1 120
2016-01-01 12:14:26 :  [G]: 1 834 783 [E]: 1 327 140 [D]: 29 209 [GEM]: 3 642
2016-01-01 12:14:27 : Collecting Resources
2016-01-01 12:14:39 : Training Troops & Spells
2016-01-01 12:14:40 : Checking Army Camp...
2016-01-01 12:14:41 : Total Army Camp capacity: 80/240 (33%)
2016-01-01 12:14:43 :  - No. of Barbarians: 44
2016-01-01 12:14:44 :  - No. of Archers: 36
2016-01-01 12:14:44 :  - Archer Queen available
2016-01-01 12:14:44 : Barracks and Spell factory status: 
2016-01-01 12:14:44 : - Barracks detected: 4 | Available: 4 | Upgrading: 0
2016-01-01 12:14:44 : - Dark Barracks detected: 2 | Available: 2 | Upgrading: 0
2016-01-01 12:14:44 : - Spell factory detected: 1 | Available: 1 | Upgrading: 0
2016-01-01 12:14:44 : - Dark Spell factory detected: 1 | Available: 1 | Upgrading: 0
2016-01-01 12:15:11 : Requesting Clan Castle Troops
2016-01-01 12:15:21 : ====== Waiting for full army ======
2016-01-01 12:16:01 : Training Troops & Spells
2016-01-01 12:16:02 : Checking Army Camp...
2016-01-01 12:16:03 : Total Army Camp capacity: 91/240 (37%)
2016-01-01 12:16:04 :  - No. of Barbarians: 50
2016-01-01 12:16:04 :  - No. of Archers: 41
2016-01-01 12:16:04 :  - Archer Queen available
2016-01-01 12:16:26 : Time Idle: 00:01:04
