2016-01-03 19:06:58 :  My Bot v5.0.2 860x780 (BlueStacks) Powered by MyBot.run ~
2016-01-03 19:06:58 : MyBot.mod.au3 Script running on WIN_81  X64
2016-01-03 19:06:58 : =================== Bot Start ====================
2016-01-03 19:06:58 : -------------------------  Current Profile: 01 --------------------------
2016-01-03 19:06:58 : Trying to locate Main Screen
2016-01-03 19:06:59 : Main Screen Located
2016-01-03 19:07:00 : Detecting your Buildings..
2016-01-03 19:07:01 : Finding your Clan Level, wait..
2016-01-03 19:07:03 : Found Clan Level: 8
2016-01-03 19:07:05 : Detecting your Village Theme
2016-01-03 19:07:05 : Normal Theme detected
2016-01-03 19:07:06 : Language setting is English: Correct.
2016-01-03 19:07:07 : Trying to locate Main Screen
2016-01-03 19:07:07 : Main Screen Located
2016-01-03 19:07:09 : Village Report
2016-01-03 19:07:09 : No. of Free/Total Builders: 1/5
2016-01-03 19:07:09 :  [T]: 1 093
2016-01-03 19:07:09 :  [G]: 1 579 099 [E]: 2 270 445 [D]: 160 736 [GEM]: 3 638
2016-01-03 19:07:10 : Collecting Resources
2016-01-03 19:07:23 : Training Troops & Spells
2016-01-03 19:07:25 : Checking Army Camp...
2016-01-03 19:07:26 : Total Army Camp capacity: 240/240 (100%)
2016-01-03 19:07:28 :  - No. of Barbarians: 140
2016-01-03 19:07:28 :  - No. of Archers: 100
2016-01-03 19:07:28 :  - Archer Queen available
2016-01-03 19:07:28 : Barracks and Spell factory status: 
2016-01-03 19:07:28 : - Barracks detected: 4 | Available: 4 | Upgrading: 0
2016-01-03 19:07:28 : - Dark Barracks detected: 2 | Available: 2 | Upgrading: 0
2016-01-03 19:07:28 : - Spell factory detected: 1 | Available: 1 | Upgrading: 0
2016-01-03 19:07:28 : - Dark Spell factory detected: 1 | Available: 1 | Upgrading: 0
2016-01-03 19:07:29 : Your Army Camps are now Full
2016-01-03 19:07:29 : Calculating Troops before Training new Army.
2016-01-03 19:08:01 : Going to Attack...
2016-01-03 19:08:06 : ============== Searching For Dead Base ===============
2016-01-03 19:08:06 : ~~~~~~~~~~~~~~~ SEARCH CONDITIONS ~~~~~~~~~~~~~~~~
2016-01-03 19:08:06 : Meet: Gold + Elixir
2016-01-03 19:08:06 : ~~~~~~~~~~~~~~ RESOURCE CONDITIONS ~~~~~~~~~~~~~~~
2016-01-03 19:08:06 : Aim: [G+E]: 250000 [D]: 1000 [T]: 0 for: Dead Base
2016-01-03 19:08:06 : ~~~~~~~~~~~~~~~ ADVANCED SETTINGS ~~~~~~~~~~~~~~~~
2016-01-03 19:08:06 : THSnipe Combo, 3 Tile(s),  Attack TH Outside custom1
2016-01-03 19:08:06 : Aim: [G]: 130000 [E]: 130000 [D]: 1100
2016-01-03 19:08:06 : ==================================================
2016-01-03 19:08:13 :   1> [G]: 452947 [E]:  10556 [D]: 1948 [T]:23 [TH]:11, In
2016-01-03 19:08:13 :       Not a Dead Base
2016-01-03 19:08:21 :       TH Outside Found! 
2016-01-03 19:08:21 :       Resource requirement not met for TH snipe 
2016-01-03 19:08:21 :   2> [G]:  58226 [E]:  43276 [D]:  151 [T]:33 [TH]: 9, Out
2016-01-03 19:08:29 :       TH Outside Found! 
2016-01-03 19:08:29 :       Resource requirement met for TH snipe 
2016-01-03 19:08:29 :   3> [G]: 239708 [E]: 154912 [D]:  729 [T]:25 [TH]: 8, Out
2016-01-03 19:08:30 : ================ Search Complete =================
2016-01-03 19:08:30 : Initiating attack for: TH Snipe
2016-01-03 19:08:32 : -*-Barbarians 140
2016-01-03 19:08:32 : -*-Archers 100
2016-01-03 19:08:32 : -*-Clan Castle 
2016-01-03 19:08:32 : -*-Queen 
2016-01-03 19:08:32 : -*-Heal Spells 3
2016-01-03 19:08:32 : -*-Rage Spells 1
2016-01-03 19:08:32 : -*-Jump Spells 1
2016-01-03 19:08:32 : -*-Poison Spells 1
2016-01-03 19:08:32 :  ====== Start Attack ====== 
2016-01-03 19:08:34 : Sniping TH with Barch            	 
2016-01-03 19:08:34 : Attacking TH with 1st wave of BARCH   
2016-01-03 19:08:35 : Dropping Only wave of 4 Barbarians
2016-01-03 19:08:35 : Custom Corner deployment THi = 2 ,x = 153 ,y = 311
2016-01-03 19:08:36 : Deployment of 4 Barbarians was Successful!
2016-01-03 19:08:38 :                                       
2016-01-03 19:08:38 : Dropping Only wave of 4 Archers
2016-01-03 19:08:38 : Custom Corner deployment THi = 2 ,x = 153 ,y = 311
2016-01-03 19:08:39 : Deployment of 4 Archers was Successful!
2016-01-03 19:08:41 :                                       
2016-01-03 19:08:42 : Checking if the Gold&Elixir are changing...
2016-01-03 19:08:44 :                                       
2016-01-03 19:08:45 : Checking if the Gold&Elixir are changing...
2016-01-03 19:08:47 :                                       
2016-01-03 19:08:49 : Checking if the Gold&Elixir are changing...
2016-01-03 19:08:51 :                                       
2016-01-03 19:08:51 : Oh Shit! Seems like a trapped TH!     
2016-01-03 19:08:52 : Checking if the Gold&Elixir are changing...
2016-01-03 19:08:54 :                                       
2016-01-03 19:08:54 : Quit wasting troops					 
2016-01-03 19:08:55 : Checking if the Gold&Elixir are changing...
2016-01-03 19:08:58 :                                       
2016-01-03 19:08:58 : ~Finished Attacking, waiting to finish
2016-01-03 19:09:09 : Checking if the Gold&Elixir are changing...
2016-01-03 19:09:11 : Gold & Elixir change detected, waiting...
2016-01-03 19:09:13 : Gold & Elixir change detected, waiting...
2016-01-03 19:09:15 : Gold & Elixir change detected, waiting...
2016-01-03 19:09:17 : Gold & Elixir change detected, waiting...
2016-01-03 19:09:19 : Gold & Elixir change detected, waiting...
2016-01-03 19:09:22 : Gold & Elixir change detected, waiting...
2016-01-03 19:09:24 : Gold & Elixir change detected, waiting...
2016-01-03 19:09:26 : Gold & Elixir change detected, waiting...
2016-01-03 19:09:28 : Gold & Elixir change detected, waiting...
2016-01-03 19:09:30 : Gold & Elixir change detected, waiting...
2016-01-03 19:09:32 : 										 
2016-01-03 19:09:32 : Wait few sec before close attack
2016-01-03 19:10:11 : Bot was Paused!
2016-01-03 19:11:11 : Bot was Resumed.
2016-01-03 19:11:11 : Zooming Out
2016-01-03 19:11:14 : Checking if the battle has finished
2016-01-03 19:11:16 : detected [G]:  [E]:  [DE]:  |  Exit now 
2016-01-03 19:11:16 : Gold & Elixir & DE = 0, end battle 
2016-01-03 19:11:17 : Battle has finished
2016-01-03 19:11:17 : Returning Home
2016-01-03 19:11:21 : Loot: [G]: 136 770 [E]: 111 796 [DE]: 464 [T]: 17
2016-01-03 19:11:21 : Bonus Percentage: 98%
2016-01-03 19:11:22 : Bonus [G]: 3 626 out of 3 700 [E]: 3 626 out of 3 700
2016-01-03 19:11:22 : Your league level is: Silver II
2016-01-03 19:11:22 : Stars earned: 2
2016-01-03 19:11:31 : Trying to locate Main Screen
2016-01-03 19:11:31 : Main Screen Located
2016-01-03 19:11:32 : Village Report
2016-01-03 19:11:32 : No. of Free/Total Builders: 1/5
2016-01-03 19:11:32 :  [T]: 1 110
2016-01-03 19:11:32 :  [G]: 1 720 751 [E]: 2 388 322 [D]: 161 206 [GEM]: 3 638
2016-01-03 19:11:34 : Collecting Resources
2016-01-03 19:11:45 : Chat Request: any
2016-01-03 19:11:45 : Castle Capacity : 0/30
2016-01-03 19:11:45 : Custom Donation Keyword found: any
2016-01-03 19:11:45 : Donating 4 Barbarians
2016-01-03 19:11:46 : Donating 4 Archers
2016-01-03 19:11:49 : Training Troops & Spells
2016-01-03 19:11:51 : Checking Army Camp...
2016-01-03 19:11:52 : Total Army Camp capacity: 31/240 (12%)
2016-01-03 19:11:53 :  - No. of Barbarians: 18
2016-01-03 19:11:53 :  - No. of Archers: 13
2016-01-03 19:11:53 :  - Archer Queen available
2016-01-03 19:12:12 : ====== Waiting for full army ======
2016-01-03 19:12:52 : Training Troops & Spells
2016-01-03 19:12:53 : Checking Army Camp...
2016-01-03 19:12:54 : Total Army Camp capacity: 42/240 (17%)
2016-01-03 19:12:54 :  - No. of Barbarians: 24
2016-01-03 19:12:55 :  - No. of Archers: 18
2016-01-03 19:12:55 :  - Archer Queen available
2016-01-03 19:13:16 : Time Idle: 00:01:04
2016-01-03 19:13:16 : ***[Trying TH snipe while training army]***
2016-01-03 19:13:16 : Going to Attack...
2016-01-03 19:13:22 : ============== Searching For Dead Base ===============
2016-01-03 19:13:22 : ~~~~~~~~~~~~~~~ SEARCH CONDITIONS ~~~~~~~~~~~~~~~~
2016-01-03 19:13:22 : Meet: Gold + Elixir, Trophy
2016-01-03 19:13:22 : ~~~~~~~~~~~~~~ RESOURCE CONDITIONS ~~~~~~~~~~~~~~~
2016-01-03 19:13:22 : Aim: [G+E]: 250000 [D]: 1000 [T]:99 for: Dead Base
2016-01-03 19:13:22 : ~~~~~~~~~~~~~~~ ADVANCED SETTINGS ~~~~~~~~~~~~~~~~
2016-01-03 19:13:22 : THSnipe Combo, 3 Tile(s),  Attack TH Outside custom1
2016-01-03 19:13:22 : Aim: [G]: 120000 [E]: 120000 [D]: 1000
2016-01-03 19:13:22 : ==================================================
2016-01-03 19:13:28 :       TH Outside Found! 
2016-01-03 19:13:28 :       Resource requirement not met for TH snipe 
2016-01-03 19:13:28 :   1> [G]:  34502 [E]:  25740 [D]:  396 [T]:31 [TH]: 9, Out
2016-01-03 19:13:36 :   2> [G]: 194316 [E]:  19047 [D]: 2038 [T]:21 [TH]: 9, In
2016-01-03 19:13:43 :       TH Outside Found! 
2016-01-03 19:13:43 :       Resource requirement not met for TH snipe 
2016-01-03 19:13:43 :   3> [G]:  53922 [E]:  27740 [D]:  961 [T]:30 [TH]: 9, Out
2016-01-03 19:13:51 :   4> [G]:  46042 [E]: 211964 [D]: 1595 [T]:34 [TH]:10, In
2016-01-03 19:13:58 :       TH Outside Found! 
2016-01-03 19:13:58 :       Resource requirement not met for TH snipe 
2016-01-03 19:13:58 :   5> [G]:  41179 [E]:  51853 [D]:  629 [T]:34 [TH]: 9, Out
2016-01-03 19:14:06 :   6> [G]:  34455 [E]:  28933 [D]: 1146 [T]:33 [TH]: 9, In
2016-01-03 19:14:13 :       TH Outside Found! 
2016-01-03 19:14:13 :       Resource requirement not met for TH snipe 
2016-01-03 19:14:13 :   7> [G]:  56382 [E]:  55166 [D]:  360 [T]:34 [TH]: 9, Out
2016-01-03 19:14:21 :   8> [G]: 180726 [E]: 403561 [D]:   48 [T]:34 [TH]:10, In
2016-01-03 19:14:28 :       TH Outside Found! 
2016-01-03 19:14:28 :       Resource requirement not met for TH snipe 
2016-01-03 19:14:28 :   9> [G]:  80018 [E]:  65139 [D]:  383 [T]:23 [TH]: 9, Out
2016-01-03 19:14:36 :  10> [G]:  12841 [E]:  18084 [D]:  321 [T]:29 [TH]: 9, In
2016-01-03 19:14:39 : ***[End trying TH snipe while training army]***
2016-01-03 19:14:41 : ====== Waiting for full army ======
2016-01-03 19:15:21 : Training Troops & Spells
2016-01-03 19:15:21 : Checking Army Camp...
2016-01-03 19:15:23 : Total Army Camp capacity: 67/240 (27%)
2016-01-03 19:15:23 :  - No. of Barbarians: 38
2016-01-03 19:15:23 :  - No. of Archers: 29
2016-01-03 19:15:23 :  - Archer Queen available
2016-01-03 19:15:46 : Time Idle: 00:02:09
2016-01-03 19:15:46 : ***[Trying TH snipe while training army]***
2016-01-03 19:15:46 : Going to Attack...
2016-01-03 19:15:51 : ============== Searching For Dead Base ===============
2016-01-03 19:15:51 : ~~~~~~~~~~~~~~~ SEARCH CONDITIONS ~~~~~~~~~~~~~~~~
2016-01-03 19:15:51 : Meet: Gold + Elixir, Trophy
2016-01-03 19:15:51 : ~~~~~~~~~~~~~~ RESOURCE CONDITIONS ~~~~~~~~~~~~~~~
2016-01-03 19:15:51 : Aim: [G+E]: 250000 [D]: 1000 [T]:99 for: Dead Base
2016-01-03 19:15:51 : ~~~~~~~~~~~~~~~ ADVANCED SETTINGS ~~~~~~~~~~~~~~~~
2016-01-03 19:15:51 : THSnipe Combo, 3 Tile(s),  Attack TH Outside custom1
2016-01-03 19:15:51 : Aim: [G]: 120000 [E]: 120000 [D]: 1000
2016-01-03 19:15:51 : ==================================================
2016-01-03 19:15:58 :   1> [G]:  55144 [E]:  44730 [D]:  615 [T]:33 [TH]: 9, In
2016-01-03 19:16:06 :   2> [G]:  13945 [E]: 293980 [D]:  736 [T]:24 [TH]: 9, In
2016-01-03 19:16:14 :       TH Outside Found! 
2016-01-03 19:16:14 :       Resource requirement not met for TH snipe 
2016-01-03 19:16:14 :   3> [G]:  39096 [E]:  91505 [D]:  401 [T]:31 [TH]: 9, Out
2016-01-03 19:16:21 :   4> [G]:  26252 [E]:  41676 [D]:  284 [T]:37 [TH]:10, In
2016-01-03 19:16:29 :   5> [G]:  39256 [E]: 293816 [D]:  419 [T]:35 [TH]: 9, In
2016-01-03 19:16:36 :       TH Outside Found! 
2016-01-03 19:16:36 :       Resource requirement met for TH snipe 
2016-01-03 19:16:36 :   6> [G]: 141578 [E]:  67919 [D]:  949 [T]:39 [TH]:10, Out
2016-01-03 19:16:37 : ================ Search Complete =================
2016-01-03 19:16:38 : Initiating attack for: TH Snipe
2016-01-03 19:16:39 : -*-Barbarians 40
2016-01-03 19:16:39 : -*-Archers 31
2016-01-03 19:16:39 : -*-Clan Castle 
2016-01-03 19:16:39 : -*-Queen 
2016-01-03 19:16:39 : -*-Heal Spells 3
2016-01-03 19:16:39 : -*-Rage Spells 1
2016-01-03 19:16:39 : -*-Jump Spells 1
2016-01-03 19:16:40 : -*-Poison Spells 1
2016-01-03 19:16:40 :  ====== Start Attack ====== 
2016-01-03 19:16:42 : Sniping TH with Barch            	 
2016-01-03 19:16:42 : Attacking TH with 1st wave of BARCH   
2016-01-03 19:16:42 : Dropping Only wave of 4 Barbarians
2016-01-03 19:16:42 : Custom Corner deployment THi = 16 ,x = 425 ,y = 495
2016-01-03 19:16:43 : Deployment of 4 Barbarians was Successful!
2016-01-03 19:16:45 :                                       
2016-01-03 19:16:45 : Dropping Only wave of 4 Archers
2016-01-03 19:16:46 : Custom Corner deployment THi = 16 ,x = 425 ,y = 495
2016-01-03 19:16:46 : Deployment of 4 Archers was Successful!
2016-01-03 19:16:48 :                                       
2016-01-03 19:16:49 : Checking if the Gold&Elixir are changing...
2016-01-03 19:16:51 :                                       
2016-01-03 19:16:53 : Checking if the Gold&Elixir are changing...
2016-01-03 19:16:55 :                                       
2016-01-03 19:16:56 : Checking if the Gold&Elixir are changing...
2016-01-03 19:16:58 :                                       
2016-01-03 19:16:58 : Oh Shit! Seems like a trapped TH!     
2016-01-03 19:16:59 : Checking if the Gold&Elixir are changing...
2016-01-03 19:17:02 :                                       
2016-01-03 19:17:02 : Quit wasting troops					 
2016-01-03 19:17:03 : Checking if the Gold&Elixir are changing...
2016-01-03 19:17:05 :                                       
2016-01-03 19:17:05 : ~Finished Attacking, waiting to finish
2016-01-03 19:17:16 : Checking if the Gold&Elixir are changing...
2016-01-03 19:17:18 : 										 
2016-01-03 19:17:18 : Wait few sec before close attack
2016-01-03 19:17:41 : Returning Home
2016-01-03 19:17:45 : Loot: [G]: 19 808 [E]: 8 865 [DE]: 111 [T]: 13
2016-01-03 19:17:45 : Bonus Percentage: 3%
2016-01-03 19:17:46 : Bonus [G]: 111 out of 3 700 [E]: 111 out of 3 700
2016-01-03 19:17:46 : Your league level is: Silver II
2016-01-03 19:17:46 : Stars earned: 1
2016-01-03 19:17:53 : ***[End trying TH snipe while training army]***
2016-01-03 19:17:55 : ====== Waiting for full army ======
2016-01-03 19:18:35 : Training Troops & Spells
2016-01-03 19:18:35 : Checking Army Camp...
2016-01-03 19:18:37 : Total Army Camp capacity: 90/240 (37%)
2016-01-03 19:18:37 :  - No. of Barbarians: 50
2016-01-03 19:18:37 :  - No. of Archers: 40
2016-01-03 19:18:37 :  - Archer Queen available
2016-01-03 19:19:00 : Time Idle: 00:03:14
2016-01-03 19:19:00 : ***[Trying TH snipe while training army]***
2016-01-03 19:19:00 : Going to Attack...
2016-01-03 19:19:06 : ============== Searching For Dead Base ===============
2016-01-03 19:19:06 : ~~~~~~~~~~~~~~~ SEARCH CONDITIONS ~~~~~~~~~~~~~~~~
2016-01-03 19:19:06 : Meet: Gold + Elixir, Trophy
2016-01-03 19:19:06 : ~~~~~~~~~~~~~~ RESOURCE CONDITIONS ~~~~~~~~~~~~~~~
2016-01-03 19:19:06 : Aim: [G+E]: 250000 [D]: 1000 [T]:99 for: Dead Base
2016-01-03 19:19:06 : ~~~~~~~~~~~~~~~ ADVANCED SETTINGS ~~~~~~~~~~~~~~~~
2016-01-03 19:19:06 : THSnipe Combo, 3 Tile(s),  Attack TH Outside custom1
2016-01-03 19:19:06 : Aim: [G]: 120000 [E]: 120000 [D]: 1000
2016-01-03 19:19:06 : ==================================================
2016-01-03 19:19:12 :   1> [G]:  66456 [E]: 168313 [D]:  472 [T]:31 [TH]: 9, In
2016-01-03 19:19:19 :       TH Outside Found! 
2016-01-03 19:19:19 :       Resource requirement met for TH snipe 
2016-01-03 19:19:19 :   2> [G]: 105042 [E]: 461795 [D]: 1640 [T]:15 [TH]:10, Out
2016-01-03 19:19:21 : ================ Search Complete =================
2016-01-03 19:19:21 : Initiating attack for: TH Snipe
2016-01-03 19:19:23 : -*-Barbarians 54
2016-01-03 19:19:23 : -*-Archers 42
2016-01-03 19:19:23 : -*-Clan Castle 
2016-01-03 19:19:23 : -*-Queen 
2016-01-03 19:19:23 : -*-Heal Spells 3
2016-01-03 19:19:23 : -*-Rage Spells 1
2016-01-03 19:19:23 : -*-Jump Spells 1
2016-01-03 19:19:23 : -*-Poison Spells 1
2016-01-03 19:19:23 :  ====== Start Attack ====== 
2016-01-03 19:19:25 : Sniping TH with Barch            	 
2016-01-03 19:19:25 : Attacking TH with 1st wave of BARCH   
2016-01-03 19:19:25 : Dropping Only wave of 4 Barbarians
2016-01-03 19:19:26 : Custom Corner deployment THi = 16 ,x = 425 ,y = 80
2016-01-03 19:19:26 : Deployment of 4 Barbarians was Successful!
2016-01-03 19:19:28 :                                       
2016-01-03 19:19:28 : Dropping Only wave of 4 Archers
2016-01-03 19:19:29 : Custom Corner deployment THi = 16 ,x = 425 ,y = 80
2016-01-03 19:19:30 : Deployment of 4 Archers was Successful!
2016-01-03 19:19:31 :                                       
2016-01-03 19:19:32 : Checking if the Gold&Elixir are changing...
2016-01-03 19:19:35 :                                       
2016-01-03 19:19:36 : Checking if the Gold&Elixir are changing...
2016-01-03 19:19:38 :                                       
2016-01-03 19:19:39 : Checking if the Gold&Elixir are changing...
2016-01-03 19:19:41 :                                       
2016-01-03 19:19:42 : Oh Shit! Seems like a trapped TH!     
2016-01-03 19:19:43 : Checking if the Gold&Elixir are changing...
2016-01-03 19:19:45 :                                       
2016-01-03 19:19:45 : Quit wasting troops					 
2016-01-03 19:19:46 : Checking if the Gold&Elixir are changing...
2016-01-03 19:19:48 :                                       
2016-01-03 19:19:48 : ~Finished Attacking, waiting to finish
2016-01-03 19:19:56 : Townhall has been destroyed!
2016-01-03 19:19:58 : Wait few sec before close attack
2016-01-03 19:20:06 : Returning Home
2016-01-03 19:20:10 : Loot: [G]: 5 974 [E]: 77 322 [DE]: 89 [T]: 5
2016-01-03 19:20:10 : Bonus Percentage: 3%
2016-01-03 19:20:11 : Bonus [G]: 111 out of 3 700 [E]: 111 out of 3 700
2016-01-03 19:20:11 : Your league level is: Silver II
2016-01-03 19:20:11 : Stars earned: 1
2016-01-03 19:20:18 : ***[End trying TH snipe while training army]***
2016-01-03 19:20:20 : ====== Waiting for full army ======
2016-01-03 19:21:00 : Training Troops & Spells
2016-01-03 19:21:00 : Checking Army Camp...
2016-01-03 19:21:01 : Total Army Camp capacity: 106/240 (44%)
2016-01-03 19:21:02 :  - No. of Barbarians: 60
2016-01-03 19:21:02 :  - No. of Archers: 46
2016-01-03 19:21:02 :  - Archer Queen available
2016-01-03 19:21:25 : Time Idle: 00:04:19
2016-01-03 19:21:25 : ***[Trying TH snipe while training army]***
2016-01-03 19:21:25 : Going to Attack...
2016-01-03 19:21:30 : ============== Searching For Dead Base ===============
2016-01-03 19:21:30 : ~~~~~~~~~~~~~~~ SEARCH CONDITIONS ~~~~~~~~~~~~~~~~
2016-01-03 19:21:30 : Meet: Gold + Elixir, Trophy
2016-01-03 19:21:30 : ~~~~~~~~~~~~~~ RESOURCE CONDITIONS ~~~~~~~~~~~~~~~
2016-01-03 19:21:30 : Aim: [G+E]: 250000 [D]: 1000 [T]:99 for: Dead Base
2016-01-03 19:21:30 : ~~~~~~~~~~~~~~~ ADVANCED SETTINGS ~~~~~~~~~~~~~~~~
2016-01-03 19:21:30 : THSnipe Combo, 3 Tile(s),  Attack TH Outside custom1
2016-01-03 19:21:30 : Aim: [G]: 120000 [E]: 120000 [D]: 1000
2016-01-03 19:21:30 : ==================================================
2016-01-03 19:21:37 :       TH Outside Found! 
2016-01-03 19:21:37 :       Resource requirement not met for TH snipe 
2016-01-03 19:21:37 :   1> [G]:  39551 [E]:  35962 [D]:  667 [T]:35 [TH]: 9, Out
2016-01-03 19:21:44 :   2> [G]:  29354 [E]: 370904 [D]: 1575 [T]:39 [TH]:10, In
2016-01-03 19:21:51 :   3> [G]:  85376 [E]: 168713 [D]:  582 [T]:21 [TH]:11, In
2016-01-03 19:21:59 :       TH Outside Found! 
2016-01-03 19:21:59 :       Resource requirement not met for TH snipe 
2016-01-03 19:21:59 :   4> [G]:  41952 [E]:  41879 [D]:  504 [T]:33 [TH]: 9, Out
2016-01-03 19:22:07 :   5> [G]: 422458 [E]: 291089 [D]: 3375 [T]:32 [TH]:10, In
2016-01-03 19:22:14 :   6> [G]:  16830 [E]: 131094 [D]: 3735 [T]:35 [TH]:11, In
2016-01-03 19:22:22 :   7> [G]:  46100 [E]:  78240 [D]:  766 [T]:26 [TH]: 9, In
2016-01-03 19:22:28 : Trying to locate Main Screen
2016-01-03 19:22:29 : Out of Sync Error, Reloading CoC...
2016-01-03 19:22:34 : Waiting for Main Screen
2016-01-03 19:22:34 : Main Screen Located
2016-01-03 19:22:34 : Disconnected At Search Clouds
2016-01-03 19:22:34 : ***[End trying TH snipe while training army]***
2016-01-03 19:22:37 : ====== Waiting for full army ======
2016-01-03 19:23:16 : Training Troops & Spells
2016-01-03 19:23:17 : Checking Army Camp...
2016-01-03 19:23:18 : Total Army Camp capacity: 128/240 (53%)
2016-01-03 19:23:19 :  - No. of Barbarians: 72
2016-01-03 19:23:19 :  - No. of Archers: 56
2016-01-03 19:23:19 :  - Archer Queen available
2016-01-03 19:23:41 : Time Idle: 00:05:24
2016-01-03 19:23:42 : ***[Trying TH snipe while training army]***
2016-01-03 19:23:42 : Going to Attack...
2016-01-03 19:23:47 : ============== Searching For Dead Base ===============
2016-01-03 19:23:47 : ~~~~~~~~~~~~~~~ SEARCH CONDITIONS ~~~~~~~~~~~~~~~~
2016-01-03 19:23:47 : Meet: Gold + Elixir, Trophy
2016-01-03 19:23:47 : ~~~~~~~~~~~~~~ RESOURCE CONDITIONS ~~~~~~~~~~~~~~~
2016-01-03 19:23:47 : Aim: [G+E]: 250000 [D]: 1000 [T]:99 for: Dead Base
2016-01-03 19:23:47 : ~~~~~~~~~~~~~~~ ADVANCED SETTINGS ~~~~~~~~~~~~~~~~
2016-01-03 19:23:47 : THSnipe Combo, 3 Tile(s),  Attack TH Outside custom1
2016-01-03 19:23:47 : Aim: [G]: 120000 [E]: 120000 [D]: 1000
2016-01-03 19:23:47 : ==================================================
2016-01-03 19:23:53 :       TH Outside Found! 
2016-01-03 19:23:53 :       Resource requirement not met for TH snipe 
2016-01-03 19:23:54 :   1> [G]:  34878 [E]:  41450 [D]:  671 [T]:33 [TH]: 9, Out
2016-01-03 19:24:01 :   2> [G]: 275856 [E]: 126977 [D]: 1189 [T]:34 [TH]: 9, In
2016-01-03 19:24:08 :       TH Outside Found! 
2016-01-03 19:24:09 :       Resource requirement met for TH snipe 
2016-01-03 19:24:09 :   3> [G]:  70626 [E]: 145789 [D]: 1523 [T]:23 [TH]: 9, Out
2016-01-03 19:24:10 : ================ Search Complete =================
2016-01-03 19:24:10 : Initiating attack for: TH Snipe
2016-01-03 19:24:12 : -*-Barbarians 76
2016-01-03 19:24:12 : -*-Archers 58
2016-01-03 19:24:12 : -*-Clan Castle 
2016-01-03 19:24:12 : -*-Queen 
2016-01-03 19:24:12 : -*-Heal Spells 3
2016-01-03 19:24:12 : -*-Rage Spells 1
2016-01-03 19:24:12 : -*-Jump Spells 1
2016-01-03 19:24:12 : -*-Poison Spells 1
2016-01-03 19:24:12 :  ====== Start Attack ====== 
2016-01-03 19:24:14 : Sniping TH with Barch            	 
2016-01-03 19:24:14 : Attacking TH with 1st wave of BARCH   
2016-01-03 19:24:14 : Dropping Only wave of 4 Barbarians
2016-01-03 19:24:16 : Deployment of 4 Barbarians was Successful!
2016-01-03 19:24:17 :                                       
2016-01-03 19:24:18 : Dropping Only wave of 4 Archers
2016-01-03 19:24:19 : Deployment of 4 Archers was Successful!
2016-01-03 19:24:20 :                                       
2016-01-03 19:24:22 : Checking if the Gold&Elixir are changing...
2016-01-03 19:24:24 :                                       
2016-01-03 19:24:25 : Checking if the Gold&Elixir are changing...
2016-01-03 19:24:27 :                                       
2016-01-03 19:24:28 : Checking if the Gold&Elixir are changing...
2016-01-03 19:24:31 :                                       
2016-01-03 19:24:31 : Oh Shit! Seems like a trapped TH!     
2016-01-03 19:24:32 : Checking if the Gold&Elixir are changing...
2016-01-03 19:24:34 :                                       
2016-01-03 19:24:34 : Quit wasting troops					 
2016-01-03 19:24:35 : Checking if the Gold&Elixir are changing...
2016-01-03 19:24:38 :                                       
2016-01-03 19:24:38 : ~Finished Attacking, waiting to finish
2016-01-03 19:24:49 : Checking if the Gold&Elixir are changing...
2016-01-03 19:24:51 : 										 
2016-01-03 19:24:51 : Wait few sec before close attack
2016-01-03 19:25:29 : Returning Home
2016-01-03 19:25:33 : Loot: [G]: 0 [E]: 0 [DE]:  [T]: -24
2016-01-03 19:25:33 : Stars earned: 0
2016-01-03 19:25:39 : ***[End trying TH snipe while training army]***
2016-01-03 19:25:41 : ====== Waiting for full army ======
2016-01-03 19:26:21 : Training Troops & Spells
2016-01-03 19:26:22 : Checking Army Camp...
2016-01-03 19:26:23 : Total Army Camp capacity: 152/240 (63%)
2016-01-03 19:26:24 :  - No. of Barbarians: 86
2016-01-03 19:26:24 :  - No. of Archers: 66
2016-01-03 19:26:24 :  - Archer Queen available
2016-01-03 19:26:46 : Time Idle: 00:06:29
2016-01-03 19:26:46 : ***[Trying TH snipe while training army]***
2016-01-03 19:26:46 : Going to Attack...
2016-01-03 19:26:52 : ============== Searching For Dead Base ===============
2016-01-03 19:26:52 : ~~~~~~~~~~~~~~~ SEARCH CONDITIONS ~~~~~~~~~~~~~~~~
2016-01-03 19:26:52 : Meet: Gold + Elixir, Trophy
2016-01-03 19:26:52 : ~~~~~~~~~~~~~~ RESOURCE CONDITIONS ~~~~~~~~~~~~~~~
2016-01-03 19:26:52 : Aim: [G+E]: 250000 [D]: 1000 [T]:99 for: Dead Base
2016-01-03 19:26:52 : ~~~~~~~~~~~~~~~ ADVANCED SETTINGS ~~~~~~~~~~~~~~~~
2016-01-03 19:26:52 : THSnipe Combo, 3 Tile(s),  Attack TH Outside custom1
2016-01-03 19:26:52 : Aim: [G]: 120000 [E]: 120000 [D]: 1000
2016-01-03 19:26:52 : ==================================================
2016-01-03 19:26:58 :   1> [G]: 165420 [E]:  36901 [D]: 3046 [T]:34 [TH]:11, In
2016-01-03 19:27:05 :   2> [G]: 298024 [E]: 270725 [D]: 2360 [T]:35 [TH]:11, In
2016-01-03 19:27:12 :   3> [G]: 294213 [E]: 193010 [D]: 2073 [T]:15 [TH]: 9, In
2016-01-03 19:27:20 :   4> [G]:  68946 [E]:  80063 [D]: 1515 [T]:30 [TH]: 9, In
2016-01-03 19:27:27 :   5> [G]:   5977 [E]:  30571 [D]:  815 [T]:31 [TH]:10, In
2016-01-03 19:27:34 :   6> [G]: 319800 [E]: 192929 [D]: 3343 [T]:34 [TH]:10, In
2016-01-03 19:27:42 :   7> [G]: 376440 [E]: 151857 [D]: 4031 [T]:36 [TH]:11, In
2016-01-03 19:27:49 :   8> [G]:  25901 [E]:  93309 [D]:  316 [T]:27 [TH]:10, In
2016-01-03 19:27:56 :   9> [G]: 214404 [E]: 359068 [D]: 1202 [T]:28 [TH]:10, In
2016-01-03 19:28:04 :  10> [G]: 185392 [E]: 257890 [D]: 2075 [T]:31 [TH]:10, In
2016-01-03 19:28:08 : ***[End trying TH snipe while training army]***
2016-01-03 19:28:10 : ====== Waiting for full army ======
2016-01-03 19:28:12 : Chat Request: any
2016-01-03 19:28:12 : Castle Capacity : 16/30
2016-01-03 19:28:12 : Custom Donation Keyword found: any
2016-01-03 19:28:12 : Donating 4 Barbarians
2016-01-03 19:28:14 : Donating 4 Archers
2016-01-03 19:28:55 : Training Troops & Spells
2016-01-03 19:28:55 : Checking Army Camp...
2016-01-03 19:28:57 : Total Army Camp capacity: 170/240 (70%)
2016-01-03 19:28:57 :  - No. of Barbarians: 96
2016-01-03 19:28:58 :  - No. of Archers: 74
2016-01-03 19:28:58 :  - Archer Queen available
2016-01-03 19:29:20 : Time Idle: 00:07:40
2016-01-03 19:29:20 : ***[Trying TH snipe while training army]***
2016-01-03 19:29:20 : Going to Attack...
2016-01-03 19:29:26 : ============== Searching For Dead Base ===============
2016-01-03 19:29:26 : ~~~~~~~~~~~~~~~ SEARCH CONDITIONS ~~~~~~~~~~~~~~~~
2016-01-03 19:29:26 : Meet: Gold + Elixir, Trophy
2016-01-03 19:29:26 : ~~~~~~~~~~~~~~ RESOURCE CONDITIONS ~~~~~~~~~~~~~~~
2016-01-03 19:29:26 : Aim: [G+E]: 250000 [D]: 1000 [T]:99 for: Dead Base
2016-01-03 19:29:26 : ~~~~~~~~~~~~~~~ ADVANCED SETTINGS ~~~~~~~~~~~~~~~~
2016-01-03 19:29:26 : THSnipe Combo, 3 Tile(s),  Attack TH Outside custom1
2016-01-03 19:29:26 : Aim: [G]: 120000 [E]: 120000 [D]: 1000
2016-01-03 19:29:26 : ==================================================
2016-01-03 19:29:32 :   1> [G]:  11087 [E]:  74510 [D]: 1126 [T]:24 [TH]:10, In
2016-01-03 19:29:39 :   2> [G]: 117132 [E]: 220308 [D]: 3610 [T]:34 [TH]:10, In
2016-01-03 19:29:47 :   3> [G]:   5791 [E]:   5806 [D]:  392 [T]:31 [TH]: 9, In
2016-01-03 19:29:54 :       TH Outside Found! 
2016-01-03 19:29:54 :       Resource requirement met for TH snipe 
2016-01-03 19:29:54 :   4> [G]: 192648 [E]: 427989 [D]: 1539 [T]:31 [TH]:10, Out
2016-01-03 19:29:56 : ================ Search Complete =================
2016-01-03 19:29:56 : Initiating attack for: TH Snipe
2016-01-03 19:29:58 : -*-Barbarians 98
2016-01-03 19:29:58 : -*-Archers 76
2016-01-03 19:29:58 : -*-Clan Castle 
2016-01-03 19:29:58 : -*-Queen 
2016-01-03 19:29:58 : -*-Heal Spells 3
2016-01-03 19:29:58 : -*-Rage Spells 1
2016-01-03 19:29:58 : -*-Jump Spells 1
2016-01-03 19:29:58 : -*-Poison Spells 1
2016-01-03 19:29:58 :  ====== Start Attack ====== 
2016-01-03 19:30:00 : Sniping TH with Barch            	 
2016-01-03 19:30:00 : Attacking TH with 1st wave of BARCH   
2016-01-03 19:30:00 : Dropping Only wave of 4 Barbarians
2016-01-03 19:30:01 : Custom Corner deployment THi = 1 ,x = 718 ,y = 324
2016-01-03 19:30:01 : Deployment of 4 Barbarians was Successful!
2016-01-03 19:30:03 :                                       
2016-01-03 19:30:03 : Dropping Only wave of 4 Archers
2016-01-03 19:30:03 : Custom Corner deployment THi = 1 ,x = 718 ,y = 324
2016-01-03 19:30:04 : Deployment of 4 Archers was Successful!
2016-01-03 19:30:06 :                                       
2016-01-03 19:30:07 : Checking if the Gold&Elixir are changing...
2016-01-03 19:30:09 :                                       
2016-01-03 19:30:10 : Checking if the Gold&Elixir are changing...
2016-01-03 19:30:13 :                                       
2016-01-03 19:30:14 : Checking if the Gold&Elixir are changing...
2016-01-03 19:30:16 :                                       
2016-01-03 19:30:16 : Oh Shit! Seems like a trapped TH!     
2016-01-03 19:30:17 : Checking if the Gold&Elixir are changing...
2016-01-03 19:30:19 :                                       
2016-01-03 19:30:19 : Quit wasting troops					 
2016-01-03 19:30:21 : Checking if the Gold&Elixir are changing...
2016-01-03 19:30:23 :                                       
2016-01-03 19:30:23 : ~Finished Attacking, waiting to finish
2016-01-03 19:30:32 : Townhall has been destroyed!
2016-01-03 19:30:33 : Wait few sec before close attack
2016-01-03 19:30:42 : Returning Home
2016-01-03 19:30:46 : Loot: [G]: 32 934 [E]: 80 000 [DE]: 205 [T]: 10
2016-01-03 19:30:46 : Bonus Percentage: 4%
2016-01-03 19:30:46 : Bonus [G]: 148 out of 3 700 [E]: 148 out of 3 700
2016-01-03 19:30:47 : Your league level is: Silver II
2016-01-03 19:30:47 : Stars earned: 1
2016-01-03 19:30:53 : ***[End trying TH snipe while training army]***
2016-01-03 19:30:55 : ====== Waiting for full army ======
2016-01-03 19:31:35 : Training Troops & Spells
2016-01-03 19:31:36 : Checking Army Camp...
2016-01-03 19:31:37 : Total Army Camp capacity: 188/240 (78%)
2016-01-03 19:31:38 :  - No. of Barbarians: 106
2016-01-03 19:31:38 :  - No. of Archers: 82
2016-01-03 19:31:38 :  - Archer Queen available
2016-01-03 19:32:00 : Time Idle: 00:08:45
2016-01-03 19:32:00 : ***[Trying TH snipe while training army]***
2016-01-03 19:32:00 : Going to Attack...
2016-01-03 19:32:06 : ============== Searching For Dead Base ===============
2016-01-03 19:32:06 : ~~~~~~~~~~~~~~~ SEARCH CONDITIONS ~~~~~~~~~~~~~~~~
2016-01-03 19:32:06 : Meet: Gold + Elixir, Trophy
2016-01-03 19:32:06 : ~~~~~~~~~~~~~~ RESOURCE CONDITIONS ~~~~~~~~~~~~~~~
2016-01-03 19:32:06 : Aim: [G+E]: 250000 [D]: 1000 [T]:99 for: Dead Base
2016-01-03 19:32:06 : ~~~~~~~~~~~~~~~ ADVANCED SETTINGS ~~~~~~~~~~~~~~~~
2016-01-03 19:32:06 : THSnipe Combo, 3 Tile(s),  Attack TH Outside custom1
2016-01-03 19:32:06 : Aim: [G]: 120000 [E]: 120000 [D]: 1000
2016-01-03 19:32:06 : ==================================================
2016-01-03 19:32:12 :       TH Outside Found! 
2016-01-03 19:32:12 :       Resource requirement not met for TH snipe 
2016-01-03 19:32:12 :   1> [G]:  67937 [E]:  55187 [D]:  180 [T]:28 [TH]: 9, Out
2016-01-03 19:32:19 :   2> [G]:  46453 [E]:  52150 [D]:   32 [T]:37 [TH]: 9, In
2016-01-03 19:32:27 :       TH Outside Found! 
2016-01-03 19:32:27 :       Resource requirement not met for TH snipe 
2016-01-03 19:32:27 :   3> [G]:  59275 [E]:  53345 [D]:  367 [T]:33 [TH]: 9, Out
2016-01-03 19:32:34 :   4> [G]: 299167 [E]: 175659 [D]: 2152 [T]:21 [TH]:11, In
2016-01-03 19:32:42 :       TH Outside Found! 
2016-01-03 19:32:42 :       Resource requirement not met for TH snipe 
2016-01-03 19:32:42 :   5> [G]:  56377 [E]:  64238 [D]:  271 [T]:35 [TH]:10, Out
2016-01-03 19:32:50 :   6> [G]: 157897 [E]:  56404 [D]:  448 [T]:32 [TH]: 9, In
2016-01-03 19:32:58 :   7> [G]:  56956 [E]: 183717 [D]: 3521 [T]:36 [TH]:11, In
2016-01-03 19:33:05 :   8> [G]: 452323 [E]: 320721 [D]: 3095 [T]:34 [TH]:11, In
2016-01-03 19:33:12 :   9> [G]: 406858 [E]: 267157 [D]:  521 [T]:40 [TH]:10, In
2016-01-03 19:33:19 :       TH Outside Found! 
2016-01-03 19:33:19 :       Resource requirement not met for TH snipe 
2016-01-03 19:33:19 :  10> [G]:  55213 [E]:  75289 [D]:  806 [T]:31 [TH]: 9, Out
2016-01-03 19:33:22 : ***[End trying TH snipe while training army]***
2016-01-03 19:33:25 : ====== Waiting for full army ======
2016-01-03 19:33:27 : Chat Request: any
2016-01-03 19:33:27 : Castle Capacity : 24/30
2016-01-03 19:33:27 : Custom Donation Keyword found: any
2016-01-03 19:33:33 : Could not Find the Donation Window!!
2016-01-03 19:34:14 : Training Troops & Spells
2016-01-03 19:34:14 : Checking Army Camp...
2016-01-03 19:34:16 : Total Army Camp capacity: 216/240 (90%)
2016-01-03 19:34:16 :  - No. of Barbarians: 122
2016-01-03 19:34:17 :  - No. of Archers: 94
2016-01-03 19:34:17 :  - Archer Queen available
2016-01-03 19:34:18 : Your Army Camps are now Full
2016-01-03 19:34:18 : Calculating Troops before Training new Army.
2016-01-03 19:34:35 : Going to Attack...
2016-01-03 19:34:41 : ============== Searching For Dead Base ===============
2016-01-03 19:34:41 : ~~~~~~~~~~~~~~~ SEARCH CONDITIONS ~~~~~~~~~~~~~~~~
2016-01-03 19:34:41 : Meet: Gold + Elixir
2016-01-03 19:34:41 : ~~~~~~~~~~~~~~ RESOURCE CONDITIONS ~~~~~~~~~~~~~~~
2016-01-03 19:34:41 : Aim: [G+E]: 250000 [D]: 1000 [T]: 0 for: Dead Base
2016-01-03 19:34:41 : ~~~~~~~~~~~~~~~ ADVANCED SETTINGS ~~~~~~~~~~~~~~~~
2016-01-03 19:34:41 : THSnipe Combo, 3 Tile(s),  Attack TH Outside custom1
2016-01-03 19:34:41 : Aim: [G]: 130000 [E]: 130000 [D]: 1100
2016-01-03 19:34:41 : ==================================================
2016-01-03 19:34:48 :   1> [G]: 162542 [E]: 206494 [D]: 2031 [T]:23 [TH]: 9, In
2016-01-03 19:34:48 :       Not a Dead Base
2016-01-03 19:34:56 :   2> [G]: 325259 [E]: 238382 [D]:  706 [T]:26 [TH]: 9, Out
2016-01-03 19:34:56 :       Dead Base Found! 
2016-01-03 19:34:58 : ================ Search Complete =================
2016-01-03 19:34:58 : Initiating attack for: Dead Base
2016-01-03 19:35:00 : -*-Barbarians 124
2016-01-03 19:35:00 : -*-Archers 96
2016-01-03 19:35:00 : -*-Clan Castle 
2016-01-03 19:35:00 : -*-Queen 
2016-01-03 19:35:00 : -*-Heal Spells 3
2016-01-03 19:35:00 : -*-Rage Spells 1
2016-01-03 19:35:00 : -*-Jump Spells 1
2016-01-03 19:35:00 : -*-Poison Spells 1
2016-01-03 19:35:00 :  ====== Start Attack ====== 
2016-01-03 19:35:02 : Attacking four finger fight style
2016-01-03 19:35:03 : Dropping only wave of 124 Barbarians
2016-01-03 19:35:05 : Dropping only wave of 96 Archers
2016-01-03 19:35:08 : Dropping Queen
2016-01-03 19:35:09 : Dropping left over troops
2016-01-03 19:35:09 : Checking remaining unused troops for: Dead Base
2016-01-03 19:35:11 : -*-Barbarians 11
2016-01-03 19:35:11 : -*-Clan Castle 
2016-01-03 19:35:11 : -*-Heal Spells 3
2016-01-03 19:35:11 : -*-Rage Spells 1
2016-01-03 19:35:11 : -*-Jump Spells 1
2016-01-03 19:35:11 : -*-Poison Spells 1
2016-01-03 19:35:11 : Dropping last wave of 11 Barbarians
2016-01-03 19:35:20 : Checking remaining unused troops for: Dead Base
2016-01-03 19:35:22 : -*-Barbarians 1
2016-01-03 19:35:22 : -*-Clan Castle 
2016-01-03 19:35:22 : -*-Heal Spells 3
2016-01-03 19:35:22 : -*-Rage Spells 1
2016-01-03 19:35:22 : -*-Jump Spells 1
2016-01-03 19:35:22 : -*-Poison Spells 1
2016-01-03 19:35:22 : Dropping last wave of 1 Barbarians
2016-01-03 19:35:31 : Finished Attacking, waiting for the battle to end
2016-01-03 19:35:31 : Checking if the battle has finished
2016-01-03 19:35:33 : detected [G]: 69585 [E]: 0 [DE]: 47 |  Exit in  8 sec.
2016-01-03 19:35:33 : Gold & Elixir & DE change detected, waiting...
2016-01-03 19:35:36 : detected [G]: 67502 [E]: 0 [DE]: 47 |  Exit in  8 sec.
2016-01-03 19:35:36 : Gold & Elixir & DE change detected, waiting...
2016-01-03 19:35:39 : detected [G]: 55004 [E]: 0 [DE]: 47 |  Exit in  8 sec.
2016-01-03 19:35:39 : Gold & Elixir & DE change detected, waiting...
2016-01-03 19:35:42 : detected [G]: 42506 [E]: 0 [DE]: 47 |  Exit in  8 sec.
2016-01-03 19:35:42 : Gold & Elixir & DE change detected, waiting...
2016-01-03 19:35:45 : detected [G]: 30008 [E]: 0 [DE]: 47 |  Exit in  8 sec.
2016-01-03 19:35:45 : Gold & Elixir & DE change detected, waiting...
2016-01-03 19:35:47 : detected [G]: 21674 [E]: 0 [DE]: 47 |  Exit in  8 sec.
2016-01-03 19:35:47 : Gold & Elixir & DE change detected, waiting...
2016-01-03 19:35:50 : detected [G]: 9170 [E]: 0 [DE]: 47 |  Exit in  8 sec.
2016-01-03 19:35:50 : Gold & Elixir & DE change detected, waiting...
2016-01-03 19:35:53 : detected [G]: 0 [E]: 0 [DE]: 47 |  Exit in  8 sec.
2016-01-03 19:35:53 : Gold & Elixir & DE change detected, waiting...
2016-01-03 19:35:56 : detected [G]: 0 [E]: 0 [DE]: 47 |  Exit in  8 sec.
2016-01-03 19:35:57 : detected [G]: 0 [E]: 0 [DE]: 47 |  Exit in  7 sec.
2016-01-03 19:35:58 : detected [G]: 0 [E]: 0 [DE]: 47 |  Exit in  6 sec.
2016-01-03 19:35:59 : detected [G]: 0 [E]: 0 [DE]: 47 |  Exit in  5 sec.
2016-01-03 19:36:01 : detected [G]: 0 [E]: 0 [DE]: 47 |  Exit in  4 sec.
2016-01-03 19:36:02 : detected [G]: 0 [E]: 0 [DE]: 47 |  Exit in  2 sec.
2016-01-03 19:36:03 : detected [G]: 0 [E]: 0 [DE]: 47 |  Exit in  1 sec.
2016-01-03 19:36:04 : detected [G]: 0 [E]: 0 [DE]: 47 |  Exit in  0 sec.
2016-01-03 19:36:05 : detected [G]: 0 [E]: 0 [DE]: 47 |  Exit in  0 sec.
2016-01-03 19:36:05 : Gold & Elixir & DE no change detected, exit
2016-01-03 19:36:05 : Activating Queen's power to restore some health before EndBattle
2016-01-03 19:36:05 : Returning Home
2016-01-03 19:36:10 : Loot: [G]: 325 259 [E]: 238 382 [DE]: 659 [T]: 17
2016-01-03 19:36:10 : Bonus Percentage: 100%
2016-01-03 19:36:11 : Bonus [G]: 3 700 [E]: 3 700
2016-01-03 19:36:11 : Your league level is: Silver II
2016-01-03 19:36:11 : Stars earned: 2
2016-01-03 19:36:19 : Trying to locate Main Screen
2016-01-03 19:36:19 : Main Screen Located
2016-01-03 19:36:21 : Village Report
2016-01-03 19:36:21 : No. of Free/Total Builders: 1/5
2016-01-03 19:36:21 :  [T]: 1 131
2016-01-03 19:36:21 :  [G]: 2 059 296 [E]: 2 703 557 [D]: 162 282 [GEM]: 3 638
2016-01-03 19:36:23 : Collecting Resources
2016-01-03 19:36:34 : Chat Request: any
2016-01-03 19:36:34 : Castle Capacity : 24/30
2016-01-03 19:36:34 : Custom Donation Keyword found: any
2016-01-03 19:36:40 : Could not Find the Donation Window!!
2016-01-03 19:36:43 : Training Troops & Spells
2016-01-03 19:36:43 : Checking Army Camp...
2016-01-03 19:36:44 : Total Army Camp capacity: 19/240 (7%)
2016-01-03 19:36:45 :  - No. of Barbarians: 10
2016-01-03 19:36:45 :  - No. of Archers: 9
2016-01-03 19:36:45 :  - Archer Queen available
2016-01-03 19:37:04 : ====== Waiting for full army ======
2016-01-03 19:37:44 : Training Troops & Spells
2016-01-03 19:37:45 : Checking Army Camp...
2016-01-03 19:37:46 : Total Army Camp capacity: 30/240 (12%)
2016-01-03 19:37:47 :  - No. of Barbarians: 16
2016-01-03 19:37:47 :  - No. of Archers: 14
2016-01-03 19:37:47 :  - Archer Queen available
2016-01-03 19:38:09 : Time Idle: 00:01:04
2016-01-03 19:38:09 : ***[Trying TH snipe while training army]***
2016-01-03 19:38:09 : Going to Attack...
2016-01-03 19:38:14 : ============== Searching For Dead Base ===============
2016-01-03 19:38:14 : ~~~~~~~~~~~~~~~ SEARCH CONDITIONS ~~~~~~~~~~~~~~~~
2016-01-03 19:38:14 : Meet: Gold + Elixir, Trophy
2016-01-03 19:38:14 : ~~~~~~~~~~~~~~ RESOURCE CONDITIONS ~~~~~~~~~~~~~~~
2016-01-03 19:38:14 : Aim: [G+E]: 250000 [D]: 1000 [T]:99 for: Dead Base
2016-01-03 19:38:14 : ~~~~~~~~~~~~~~~ ADVANCED SETTINGS ~~~~~~~~~~~~~~~~
2016-01-03 19:38:14 : THSnipe Combo, 3 Tile(s),  Attack TH Outside custom1
2016-01-03 19:38:14 : Aim: [G]: 120000 [E]: 120000 [D]: 1000
2016-01-03 19:38:14 : ==================================================
2016-01-03 19:38:20 :   1> [G]: 100322 [E]:  93347 [D]: 2026 [T]:34 [TH]: 9, In
2016-01-03 19:38:28 :   2> [G]: 182402 [E]: 142231 [D]:  967 [T]:27 [TH]: 9, In
2016-01-03 19:38:35 :       TH Outside Found! 
2016-01-03 19:38:35 :       Resource requirement not met for TH snipe 
2016-01-03 19:38:35 :   3> [G]:  23819 [E]:  28244 [D]:  531 [T]:33 [TH]: 9, Out
2016-01-03 19:38:42 :   4> [G]: 428090 [E]: 159228 [D]: 1108 [T]:33 [TH]:10, In
2016-01-03 19:38:50 :       TH Outside Found! 
2016-01-03 19:38:50 :       Resource requirement met for TH snipe 
2016-01-03 19:38:50 :   5> [G]: 105051 [E]: 320095 [D]:  241 [T]:34 [TH]:10, Out
2016-01-03 19:38:51 : ================ Search Complete =================
2016-01-03 19:38:51 : Initiating attack for: TH Snipe
2016-01-03 19:38:53 : -*-Barbarians 20
2016-01-03 19:38:53 : -*-Archers 16
2016-01-03 19:38:53 : -*-Clan Castle 
2016-01-03 19:38:53 : -*-Queen 
2016-01-03 19:38:53 : -*-Heal Spells 3
2016-01-03 19:38:53 : -*-Rage Spells 1
2016-01-03 19:38:53 : -*-Jump Spells 1
2016-01-03 19:38:53 : -*-Poison Spells 1
2016-01-03 19:38:53 :  ====== Start Attack ====== 
2016-01-03 19:38:55 : Sniping TH with Barch            	 
2016-01-03 19:38:55 : Attacking TH with 1st wave of BARCH   
2016-01-03 19:38:56 : Dropping Only wave of 4 Barbarians
2016-01-03 19:38:57 : Deployment of 4 Barbarians was Successful!
2016-01-03 19:38:58 :                                       
2016-01-03 19:38:58 : Dropping Only wave of 4 Archers
2016-01-03 19:39:00 : Deployment of 4 Archers was Successful!
2016-01-03 19:39:01 :                                       
2016-01-03 19:39:03 : Checking if the Gold&Elixir are changing...
2016-01-03 19:39:05 :                                       
2016-01-03 19:39:06 : Checking if the Gold&Elixir are changing...
2016-01-03 19:39:08 :                                       
2016-01-03 19:39:09 : Checking if the Gold&Elixir are changing...
2016-01-03 19:39:11 :                                       
2016-01-03 19:39:12 : Oh Shit! Seems like a trapped TH!     
2016-01-03 19:39:13 : Checking if the Gold&Elixir are changing...
2016-01-03 19:39:15 :                                       
2016-01-03 19:39:15 : Quit wasting troops					 
2016-01-03 19:39:16 : Checking if the Gold&Elixir are changing...
2016-01-03 19:39:18 :                                       
2016-01-03 19:39:18 : ~Finished Attacking, waiting to finish
2016-01-03 19:39:29 : Checking if the Gold&Elixir are changing...
2016-01-03 19:39:31 : 										 
2016-01-03 19:39:32 : Wait few sec before close attack
2016-01-03 19:40:10 : Returning Home
2016-01-03 19:40:13 : Loot: [G]: 0 [E]: 0 [DE]:  [T]: 16
2016-01-03 19:40:13 : No Bonus
2016-01-03 19:40:13 : Stars earned: 0
2016-01-03 19:40:20 : ***[End trying TH snipe while training army]***
2016-01-03 19:40:22 : ====== Waiting for full army ======
2016-01-03 19:40:24 : Chat Request: any
2016-01-03 19:40:24 : Castle Capacity : 30/30
2016-01-03 19:40:24 : Custom Donation Keyword found: any
2016-01-03 19:41:05 : Training Troops & Spells
2016-01-03 19:41:06 : Checking Army Camp...
2016-01-03 19:41:07 : Total Army Camp capacity: 57/240 (23%)
2016-01-03 19:41:07 :  - No. of Barbarians: 32
2016-01-03 19:41:08 :  - No. of Archers: 25
2016-01-03 19:41:08 :  - Archer Queen available
2016-01-03 19:41:30 : Time Idle: 00:02:13
2016-01-03 19:41:30 : ***[Trying TH snipe while training army]***
2016-01-03 19:41:30 : Going to Attack...
2016-01-03 19:41:34 : Attacking disabled, Take-A-Break detected. Exiting CoC
2016-01-03 19:41:34 : Please wait for CoC restart......
2016-01-03 19:42:08 : Can not find Okay button to exit CoC, Forcefully Closing CoC
2016-01-03 19:42:08 : Please wait for CoC restart......
2016-01-03 19:42:12 : Waiting 20 seconds before starting CoC
2016-01-03 19:42:34 : Trying to locate Main Screen
2016-01-03 19:42:35 : Village must take a break, wait ...
2016-01-03 19:44:35 : Waiting for Main Screen
2016-01-03 19:44:37 : Village must take a break, wait ...
2016-01-03 19:46:47 : Main Screen Located
2016-01-03 19:46:47 : ***[End trying TH snipe while training army]***
2016-01-03 19:46:49 : ====== Waiting for full army ======
2016-01-03 19:46:51 : Chat Request: any
2016-01-03 19:46:51 : Castle Capacity : 30/30
2016-01-03 19:46:51 : Custom Donation Keyword found: any
2016-01-03 19:47:32 : Collecting Resources
2016-01-03 19:47:43 : Chat Request: any
2016-01-03 19:47:43 : Castle Capacity : 30/30
2016-01-03 19:47:43 : Custom Donation Keyword found: any
2016-01-03 19:47:47 : Training Troops & Spells
2016-01-03 19:47:47 : Checking Army Camp...
2016-01-03 19:47:49 : Total Army Camp capacity: 112/240 (46%)
2016-01-03 19:47:49 :  - No. of Barbarians: 62
2016-01-03 19:47:50 :  - No. of Archers: 50
2016-01-03 19:47:50 :  - Archer Queen available
2016-01-03 19:48:13 : Time Idle: 00:03:36
2016-01-03 19:48:13 : ***[Trying TH snipe while training army]***
2016-01-03 19:48:13 : Going to Attack...
2016-01-03 19:48:18 : ============== Searching For Dead Base ===============
2016-01-03 19:48:18 : ~~~~~~~~~~~~~~~ SEARCH CONDITIONS ~~~~~~~~~~~~~~~~
2016-01-03 19:48:18 : Meet: Gold + Elixir, Trophy
2016-01-03 19:48:18 : ~~~~~~~~~~~~~~ RESOURCE CONDITIONS ~~~~~~~~~~~~~~~
2016-01-03 19:48:18 : Aim: [G+E]: 250000 [D]: 1000 [T]:99 for: Dead Base
2016-01-03 19:48:18 : ~~~~~~~~~~~~~~~ ADVANCED SETTINGS ~~~~~~~~~~~~~~~~
2016-01-03 19:48:19 : THSnipe Combo, 3 Tile(s),  Attack TH Outside custom1
2016-01-03 19:48:19 : Aim: [G]: 120000 [E]: 120000 [D]: 1000
2016-01-03 19:48:19 : ==================================================
2016-01-03 19:48:25 :       TH Outside Found! 
2016-01-03 19:48:25 :       Resource requirement not met for TH snipe 
2016-01-03 19:48:25 :   1> [G]:  53306 [E]:  34050 [D]:  636 [T]:31 [TH]: 9, Out
2016-01-03 19:48:32 :   2> [G]: 360124 [E]: 190455 [D]: 2376 [T]:34 [TH]:10, In
2016-01-03 19:48:40 :       TH Outside Found! 
2016-01-03 19:48:40 :       Resource requirement met for TH snipe 
2016-01-03 19:48:40 :   3> [G]: 120384 [E]:  88668 [D]:  276 [T]:20 [TH]: 9, Out
2016-01-03 19:48:41 : ================ Search Complete =================
2016-01-03 19:48:41 : Initiating attack for: TH Snipe
2016-01-03 19:48:43 : -*-Barbarians 66
2016-01-03 19:48:43 : -*-Archers 52
2016-01-03 19:48:43 : -*-Clan Castle 
2016-01-03 19:48:43 : -*-Queen 
2016-01-03 19:48:43 : -*-Heal Spells 3
2016-01-03 19:48:43 : -*-Rage Spells 1
2016-01-03 19:48:43 : -*-Jump Spells 1
2016-01-03 19:48:43 : -*-Poison Spells 1
2016-01-03 19:48:43 :  ====== Start Attack ====== 
2016-01-03 19:48:45 : Sniping TH with Barch            	 
2016-01-03 19:48:45 : Attacking TH with 1st wave of BARCH   
2016-01-03 19:48:46 : Dropping Only wave of 4 Barbarians
2016-01-03 19:48:46 : Custom Corner deployment THi = 15 ,x = 394 ,y = 539
2016-01-03 19:48:47 : Deployment of 4 Barbarians was Successful!
2016-01-03 19:48:49 :                                       
2016-01-03 19:48:49 : Dropping Only wave of 4 Archers
2016-01-03 19:48:50 : Custom Corner deployment THi = 15 ,x = 394 ,y = 539
2016-01-03 19:48:50 : Deployment of 4 Archers was Successful!
2016-01-03 19:48:52 :                                       
2016-01-03 19:48:53 : Checking if the Gold&Elixir are changing...
2016-01-03 19:48:55 :                                       
2016-01-03 19:48:57 : Checking if the Gold&Elixir are changing...
2016-01-03 19:48:59 :                                       
2016-01-03 19:49:00 : Checking if the Gold&Elixir are changing...
2016-01-03 19:49:02 :                                       
2016-01-03 19:49:02 : Oh Shit! Seems like a trapped TH!     
2016-01-03 19:49:04 : Checking if the Gold&Elixir are changing...
2016-01-03 19:49:06 :                                       
2016-01-03 19:49:06 : Quit wasting troops					 
2016-01-03 19:49:07 : Checking if the Gold&Elixir are changing...
2016-01-03 19:49:09 :                                       
2016-01-03 19:49:09 : ~Finished Attacking, waiting to finish
2016-01-03 19:49:19 : Townhall has been destroyed!
2016-01-03 19:49:21 : Wait few sec before close attack
2016-01-03 19:49:27 : Returning Home
2016-01-03 19:49:31 : Loot: [G]: 4 458 [E]: 4 584 [DE]: 16 [T]: 6
2016-01-03 19:49:31 : Bonus Percentage: 9%
2016-01-03 19:49:32 : Bonus [G]: 333 out of 3 700 [E]: 333 out of 3 700
2016-01-03 19:49:32 : Your league level is: Silver II
2016-01-03 19:49:32 : Stars earned: 1
2016-01-03 19:49:39 : ***[End trying TH snipe while training army]***
2016-01-03 19:49:41 : ====== Waiting for full army ======
2016-01-03 19:50:21 : Training Troops & Spells
2016-01-03 19:50:21 : Bot was Paused!
2016-01-03 19:53:24 : Bot was Resumed.
2016-01-03 19:53:28 : Cannot find train Window.
2016-01-03 19:53:28 : Checking Army Camp...
2016-01-03 19:53:56 : Army size read error, Troop numbers may not train correctly
2016-01-03 19:54:01 : Army Camp User input = 240
2016-01-03 19:54:02 : Total Army Camp capacity: 0/240 (0%)
2016-01-03 19:54:04 : No barrack avaiable, cannot start train
2016-01-03 19:54:14 : Time Idle: 00:08:10
2016-01-03 19:54:14 : army Capacity below 10%, not enough for Snipe While Train
2016-01-03 19:54:16 : ====== Waiting for full army ======
2016-01-03 19:54:56 : Training Troops & Spells
2016-01-03 19:54:57 : Checking Army Camp...
2016-01-03 19:54:58 : Total Army Camp capacity: 176/240 (73%)
2016-01-03 19:54:59 :  - No. of Barbarians: 98
2016-01-03 19:54:59 :  - No. of Archers: 78
2016-01-03 19:54:59 :  - Archer Queen available
2016-01-03 19:55:23 : Time Idle: 00:09:17
2016-01-03 19:55:23 : ***[Trying TH snipe while training army]***
2016-01-03 19:55:23 : Going to Attack...
2016-01-03 19:55:29 : ============== Searching For Dead Base ===============
2016-01-03 19:55:29 : ~~~~~~~~~~~~~~~ SEARCH CONDITIONS ~~~~~~~~~~~~~~~~
2016-01-03 19:55:29 : Meet: Gold + Elixir, Trophy
2016-01-03 19:55:29 : ~~~~~~~~~~~~~~ RESOURCE CONDITIONS ~~~~~~~~~~~~~~~
2016-01-03 19:55:29 : Aim: [G+E]: 250000 [D]: 1000 [T]:99 for: Dead Base
2016-01-03 19:55:29 : ~~~~~~~~~~~~~~~ ADVANCED SETTINGS ~~~~~~~~~~~~~~~~
2016-01-03 19:55:29 : THSnipe Combo, 3 Tile(s),  Attack TH Outside custom1
2016-01-03 19:55:29 : Aim: [G]: 120000 [E]: 120000 [D]: 1000
2016-01-03 19:55:29 : ==================================================
2016-01-03 19:55:35 :       TH Outside Found! 
2016-01-03 19:55:35 :       Resource requirement not met for TH snipe 
2016-01-03 19:55:35 :   1> [G]:  34236 [E]:  28264 [D]:  484 [T]:32 [TH]: 9, Out
2016-01-03 19:55:42 :   2> [G]: 202365 [E]: 283293 [D]:  534 [T]:24 [TH]: 9, In
2016-01-03 19:55:49 :   3> [G]:  23087 [E]:  84848 [D]:  190 [T]:28 [TH]: 8, In
2016-01-03 19:55:57 :   4> [G]: 190197 [E]: 305228 [D]: 3661 [T]:30 [TH]:11, In
2016-01-03 19:56:04 :   5> [G]:  46616 [E]: 128626 [D]: 1631 [T]:35 [TH]: 9, In
2016-01-03 19:56:11 :   6> [G]:  41146 [E]: 151832 [D]: 2705 [T]:31 [TH]:11, In
2016-01-03 19:56:19 :   7> [G]:  39887 [E]:  73908 [D]: 1997 [T]:35 [TH]:10, In
2016-01-03 19:56:26 :   8> [G]:  57924 [E]: 125034 [D]:  783 [T]:24 [TH]:10, In
2016-01-03 19:56:33 :   9> [G]: 164245 [E]:  58807 [D]:  728 [T]:32 [TH]:10, In
2016-01-03 19:56:41 :  10> [G]: 158195 [E]: 404227 [D]: 3107 [T]:28 [TH]:10, In
2016-01-03 19:56:44 : ***[End trying TH snipe while training army]***
2016-01-03 19:56:46 : ====== Waiting for full army ======
2016-01-03 19:56:48 : Chat Request: any
2016-01-03 19:56:48 : Castle Capacity : 8/35
2016-01-03 19:56:48 : Custom Donation Keyword found: any
2016-01-03 19:56:49 : Donating 4 Barbarians
2016-01-03 19:56:50 : Donating 4 Archers
2016-01-03 19:56:52 : Chat Request: Air
2016-01-03 19:56:52 : Castle Capacity : 16/30
2016-01-03 19:56:52 : King Blacklist Keyword found: air
2016-01-03 19:56:52 : Barbarians Blacklist Keyword found: air
2016-01-03 19:56:52 : Archers Blacklist Keyword found: air
2016-01-03 19:57:33 : Training Troops & Spells
2016-01-03 19:57:33 : Checking Army Camp...
2016-01-03 19:57:34 : Total Army Camp capacity: 194/240 (80%)
2016-01-03 19:57:35 :  - No. of Barbarians: 108
2016-01-03 19:57:35 :  - No. of Archers: 86
2016-01-03 19:57:35 :  - Archer Queen available
2016-01-03 19:57:58 : Time Idle: 00:10:28
2016-01-03 19:57:58 : ***[Trying TH snipe while training army]***
2016-01-03 19:57:58 : Going to Attack...
2016-01-03 19:58:03 : ============== Searching For Dead Base ===============
2016-01-03 19:58:03 : ~~~~~~~~~~~~~~~ SEARCH CONDITIONS ~~~~~~~~~~~~~~~~
2016-01-03 19:58:03 : Meet: Gold + Elixir, Trophy
2016-01-03 19:58:03 : ~~~~~~~~~~~~~~ RESOURCE CONDITIONS ~~~~~~~~~~~~~~~
2016-01-03 19:58:03 : Aim: [G+E]: 250000 [D]: 1000 [T]:99 for: Dead Base
2016-01-03 19:58:03 : ~~~~~~~~~~~~~~~ ADVANCED SETTINGS ~~~~~~~~~~~~~~~~
2016-01-03 19:58:03 : THSnipe Combo, 3 Tile(s),  Attack TH Outside custom1
2016-01-03 19:58:03 : Aim: [G]: 120000 [E]: 120000 [D]: 1000
2016-01-03 19:58:03 : ==================================================
2016-01-03 19:58:10 :   1> [G]: 253617 [E]:  75544 [D]:  866 [T]:31 [TH]:11, In
2016-01-03 19:58:17 :       TH Outside Found! 
2016-01-03 19:58:17 :       Resource requirement met for TH snipe 
2016-01-03 19:58:17 :   2> [G]:  67311 [E]: 169133 [D]: 1166 [T]:20 [TH]: 9, Out
2016-01-03 19:58:18 : ================ Search Complete =================
2016-01-03 19:58:18 : Initiating attack for: TH Snipe
2016-01-03 19:58:20 : -*-Barbarians 110
2016-01-03 19:58:20 : -*-Archers 88
2016-01-03 19:58:20 : -*-Clan Castle 
2016-01-03 19:58:20 : -*-Queen 
2016-01-03 19:58:20 : -*-Heal Spells 3
2016-01-03 19:58:20 : -*-Rage Spells 1
2016-01-03 19:58:20 : -*-Jump Spells 1
2016-01-03 19:58:20 : -*-Poison Spells 1
2016-01-03 19:58:20 :  ====== Start Attack ====== 
2016-01-03 19:58:22 : Sniping TH with Barch            	 
2016-01-03 19:58:22 : Attacking TH with 1st wave of BARCH   
2016-01-03 19:58:23 : Dropping Only wave of 4 Barbarians
2016-01-03 19:58:23 : Custom Corner deployment THi = 16 ,x = 430 ,y = 580
2016-01-03 19:58:24 : Deployment of 4 Barbarians was Successful!
2016-01-03 19:58:26 :                                       
2016-01-03 19:58:26 : Dropping Only wave of 4 Archers
2016-01-03 19:58:27 : Custom Corner deployment THi = 16 ,x = 430 ,y = 580
2016-01-03 19:58:27 : Deployment of 4 Archers was Successful!
2016-01-03 19:58:29 :                                       
2016-01-03 19:58:30 : Checking if the Gold&Elixir are changing...
2016-01-03 19:58:33 : Gold & Elixir change detected, waiting...
2016-01-03 19:58:35 : Gold & Elixir change detected, waiting...
2016-01-03 19:58:37 : Gold & Elixir change detected, waiting...
2016-01-03 19:58:37 :                                       
2016-01-03 19:58:38 : Checking if the Gold&Elixir are changing...
2016-01-03 19:58:40 : Gold & Elixir change detected, waiting...
2016-01-03 19:58:42 : Gold & Elixir change detected, waiting...
2016-01-03 19:58:45 : Gold & Elixir change detected, waiting...
2016-01-03 19:58:45 :                                       
2016-01-03 19:58:46 : Checking if the Gold&Elixir are changing...
2016-01-03 19:58:48 : Gold & Elixir change detected, waiting...
2016-01-03 19:58:50 : Gold & Elixir change detected, waiting...
2016-01-03 19:58:52 : Gold & Elixir change detected, waiting...
2016-01-03 19:58:52 :                                       
2016-01-03 19:58:52 : Townhall has been destroyed!
2016-01-03 19:58:54 : Wait few sec before close attack
2016-01-03 19:59:01 : Checking if the battle has finished
2016-01-03 19:59:03 : detected [G]: 39268 [E]: 122310 [DE]: 876 |  Exit in  8 sec.
2016-01-03 19:59:03 : Gold & Elixir & DE change detected, waiting...
2016-01-03 19:59:06 : detected [G]: 35787 [E]: 120172 [DE]: 876 |  Exit in  8 sec.
2016-01-03 19:59:06 : Gold & Elixir & DE change detected, waiting...
2016-01-03 19:59:09 : detected [G]: 33967 [E]: 117606 [DE]: 876 |  Exit in  8 sec.
2016-01-03 19:59:09 : Gold & Elixir & DE change detected, waiting...
2016-01-03 19:59:13 : detected [G]: 31107 [E]: 115680 [DE]: 876 |  Exit in  8 sec.
2016-01-03 19:59:13 : Gold & Elixir & DE change detected, waiting...
2016-01-03 19:59:16 : detected [G]: 28663 [E]: 114828 [DE]: 876 |  Exit in  8 sec.
2016-01-03 19:59:16 : Gold & Elixir & DE change detected, waiting...
2016-01-03 19:59:20 : detected [G]: 26583 [E]: 113716 [DE]: 876 |  Exit in  8 sec.
2016-01-03 19:59:20 : Gold & Elixir & DE change detected, waiting...
2016-01-03 19:59:23 : detected [G]: 24246 [E]: 112882 [DE]: 876 |  Exit in  8 sec.
2016-01-03 19:59:23 : Gold & Elixir & DE change detected, waiting...
2016-01-03 19:59:26 : detected [G]: 21805 [E]: 111909 [DE]: 874 |  Exit in  8 sec.
2016-01-03 19:59:26 : Gold & Elixir & DE change detected, waiting...
2016-01-03 19:59:29 : detected [G]: 20245 [E]: 110932 [DE]: 874 |  Exit in  8 sec.
2016-01-03 19:59:30 : Gold & Elixir & DE change detected, waiting...
2016-01-03 19:59:33 : detected [G]: 18164 [E]: 110596 [DE]: 872 |  Exit in  8 sec.
2016-01-03 19:59:33 : Gold & Elixir & DE change detected, waiting...
2016-01-03 19:59:36 : detected [G]: 17798 [E]: 110596 [DE]: 872 |  Exit in  8 sec.
2016-01-03 19:59:38 : detected [G]: 17798 [E]: 110596 [DE]: 860 |  Exit in  6 sec.
2016-01-03 19:59:38 : Gold & Elixir & DE change detected, waiting...
2016-01-03 19:59:41 : detected [G]: 17798 [E]: 110596 [DE]: 818 |  Exit in  8 sec.
2016-01-03 19:59:41 : Gold & Elixir & DE change detected, waiting...
2016-01-03 19:59:44 : detected [G]: 9703 [E]: 110596 [DE]: 777 |  Exit in  8 sec.
2016-01-03 19:59:45 : Gold & Elixir & DE change detected, waiting...
2016-01-03 19:59:48 : detected [G]: 9703 [E]: 110596 [DE]: 777 |  Exit in  8 sec.
2016-01-03 19:59:49 : detected [G]:  [E]:  [DE]:  |  Exit now 
2016-01-03 19:59:49 : Gold & Elixir & DE = 0, end battle 
2016-01-03 19:59:50 : Battle has finished
2016-01-03 19:59:50 : Returning Home
2016-01-03 19:59:54 : Loot: [G]: 57 608 [E]: 58 537 [DE]: 389 [T]: 6
2016-01-03 19:59:54 : Bonus Percentage: 54%
2016-01-03 19:59:55 : Bonus [G]: 1 998 out of 3 700 [E]: 1 998 out of 3 700
2016-01-03 19:59:58 : Stars earned: 1
2016-01-03 20:00:04 : ***[End trying TH snipe while training army]***
2016-01-03 20:00:06 : ====== Waiting for full army ======
2016-01-03 20:00:47 : Training Troops & Spells
2016-01-03 20:00:47 : Checking Army Camp...
2016-01-03 20:00:48 : Total Army Camp capacity: 191/240 (79%)
2016-01-03 20:00:49 :  - No. of Barbarians: 115
2016-01-03 20:00:49 :  - No. of Archers: 76
2016-01-03 20:01:08 : Trophy Count : 1155
2016-01-03 20:01:08 : Dropping Trophies to 750
2016-01-03 20:01:10 : Going to Attack...
2016-01-03 20:01:16 : Identification of your troops:
2016-01-03 20:01:16 : Initiating attack for: Drop Trophy
2016-01-03 20:01:18 : -*-Barbarians 117
2016-01-03 20:01:18 : -*-Archers 78
2016-01-03 20:01:18 : -*-Clan Castle 
2016-01-03 20:01:18 : -*-Heal Spells 3
2016-01-03 20:01:18 : -*-Rage Spells 1
2016-01-03 20:01:18 : -*-Jump Spells 1
2016-01-03 20:01:18 : -*-Poison Spells 1
2016-01-03 20:01:18 : Deploying 1 Barbarian
2016-01-03 20:01:18 :  Trophy loss = 17
2016-01-03 20:01:19 : Returning Home
2016-01-03 20:01:26 : Trophy Count : 1138
2016-01-03 20:01:26 : Dropping Trophies to 750
2016-01-03 20:01:28 : Going to Attack...
2016-01-03 20:01:34 : Identification of your troops:
2016-01-03 20:01:34 : Initiating attack for: Drop Trophy
2016-01-03 20:01:36 : -*-Barbarians 118
2016-01-03 20:01:36 : -*-Archers 80
2016-01-03 20:01:36 : -*-Clan Castle 
2016-01-03 20:01:36 : -*-Heal Spells 3
2016-01-03 20:01:36 : -*-Rage Spells 1
2016-01-03 20:01:36 : -*-Jump Spells 1
2016-01-03 20:01:36 : -*-Poison Spells 1
2016-01-03 20:01:36 : Deploying 1 Barbarian
2016-01-03 20:01:36 :  Trophy loss = 18
2016-01-03 20:01:37 : Returning Home
2016-01-03 20:01:44 : Trophy Count : 1120
2016-01-03 20:01:44 : Dropping Trophies to 750
2016-01-03 20:01:46 : Going to Attack...
2016-01-03 20:01:53 : Identification of your troops:
2016-01-03 20:01:53 : Initiating attack for: Drop Trophy
2016-01-03 20:01:55 : -*-Barbarians 117
2016-01-03 20:01:55 : -*-Archers 80
2016-01-03 20:01:55 : -*-Clan Castle 
2016-01-03 20:01:55 : -*-Heal Spells 3
2016-01-03 20:01:55 : -*-Rage Spells 1
2016-01-03 20:01:55 : -*-Jump Spells 1
2016-01-03 20:01:55 : -*-Poison Spells 1
2016-01-03 20:01:55 : Deploying 1 Barbarian
2016-01-03 20:01:55 :  Trophy loss = 19
2016-01-03 20:01:56 : Returning Home
2016-01-03 20:02:03 : Trophy Count : 1101
2016-01-03 20:02:03 : Dropping Trophies to 750
2016-01-03 20:02:05 : Going to Attack...
2016-01-03 20:02:11 : Identification of your troops:
2016-01-03 20:02:11 : Initiating attack for: Drop Trophy
2016-01-03 20:02:13 : -*-Clan Castle 
2016-01-03 20:02:13 : -*-Heal Spells 3
2016-01-03 20:02:13 : -*-Rage Spells 1
2016-01-03 20:02:13 : -*-Jump Spells 1
2016-01-03 20:02:13 : -*-Poison Spells 1
2016-01-03 20:02:13 : You dont have Tier 1/2 Troops, exit of dropping Trophies
2016-01-03 20:02:14 : Returning Home
2016-01-03 20:02:23 : Trophy Count : 1101
2016-01-03 20:02:23 : Dropping Trophies to 750
2016-01-03 20:02:25 : Going to Attack...
2016-01-03 20:02:31 : Identification of your troops:
2016-01-03 20:02:31 : Initiating attack for: Drop Trophy
2016-01-03 20:02:33 : -*-Barbarians 120
2016-01-03 20:02:33 : -*-Archers 83
2016-01-03 20:02:33 : -*-Clan Castle 
2016-01-03 20:02:33 : -*-Heal Spells 3
2016-01-03 20:02:33 : -*-Rage Spells 1
2016-01-03 20:02:33 : -*-Jump Spells 1
2016-01-03 20:02:33 : -*-Poison Spells 1
2016-01-03 20:02:33 : Deploying 1 Barbarian
2016-01-03 20:02:33 :  Trophy loss = 15
2016-01-03 20:02:34 : Returning Home
2016-01-03 20:02:41 : Trophy Count : 1086
2016-01-03 20:02:41 : Dropping Trophies to 750
2016-01-03 20:02:43 : Going to Attack...
2016-01-03 20:02:49 : Identification of your troops:
2016-01-03 20:02:49 : Initiating attack for: Drop Trophy
2016-01-03 20:02:51 : -*-Barbarians 119
2016-01-03 20:02:51 : -*-Archers 84
2016-01-03 20:02:51 : -*-Clan Castle 
2016-01-03 20:02:51 : -*-Heal Spells 3
2016-01-03 20:02:51 : -*-Rage Spells 1
2016-01-03 20:02:51 : -*-Jump Spells 1
2016-01-03 20:02:51 : -*-Poison Spells 1
2016-01-03 20:02:51 : Deploying 1 Barbarian
2016-01-03 20:02:51 :  Trophy loss = 18
2016-01-03 20:02:52 : Returning Home
2016-01-03 20:02:59 : Trophy Count : 1068
2016-01-03 20:02:59 : Dropping Trophies to 750
2016-01-03 20:03:01 : Going to Attack...
2016-01-03 20:03:07 : Identification of your troops:
2016-01-03 20:03:07 : Initiating attack for: Drop Trophy
2016-01-03 20:03:09 : -*-Barbarians 120
2016-01-03 20:03:09 : -*-Archers 85
2016-01-03 20:03:09 : -*-Clan Castle 
2016-01-03 20:03:09 : -*-Heal Spells 3
2016-01-03 20:03:09 : -*-Rage Spells 1
2016-01-03 20:03:09 : -*-Jump Spells 1
2016-01-03 20:03:09 : -*-Poison Spells 1
2016-01-03 20:03:09 : Deploying 1 Barbarian
2016-01-03 20:03:09 :  Trophy loss = 19
2016-01-03 20:03:10 : Returning Home
2016-01-03 20:03:17 : Trophy Count : 1049
2016-01-03 20:03:17 : Dropping Trophies to 750
2016-01-03 20:03:19 : Going to Attack...
2016-01-03 20:03:26 : Identification of your troops:
2016-01-03 20:03:26 : Initiating attack for: Drop Trophy
2016-01-03 20:03:28 : -*-Barbarians 121
2016-01-03 20:03:28 : -*-Archers 86
2016-01-03 20:03:28 : -*-Clan Castle 
2016-01-03 20:03:28 : -*-Heal Spells 3
2016-01-03 20:03:28 : -*-Rage Spells 1
2016-01-03 20:03:28 : -*-Jump Spells 1
2016-01-03 20:03:28 : -*-Poison Spells 1
2016-01-03 20:03:28 : Deploying 1 Barbarian
2016-01-03 20:03:28 :  Trophy loss = 27
2016-01-03 20:03:29 : Returning Home
2016-01-03 20:03:36 : Trophy Count : 1022
2016-01-03 20:03:36 : Dropping Trophies to 750
2016-01-03 20:03:38 : Going to Attack...
2016-01-03 20:03:44 : Identification of your troops:
2016-01-03 20:03:44 : Initiating attack for: Drop Trophy
2016-01-03 20:03:46 : -*-Barbarians 120
2016-01-03 20:03:46 : -*-Archers 87
2016-01-03 20:03:46 : -*-Clan Castle 
2016-01-03 20:03:46 : -*-Heal Spells 3
2016-01-03 20:03:46 : -*-Rage Spells 1
2016-01-03 20:03:46 : -*-Jump Spells 1
2016-01-03 20:03:46 : -*-Poison Spells 1
2016-01-03 20:03:46 : Deploying 1 Barbarian
2016-01-03 20:03:46 :  Trophy loss = 19
2016-01-03 20:03:47 : Returning Home
2016-01-03 20:03:54 : Trophy Count : 1003
2016-01-03 20:03:54 : Dropping Trophies to 750
2016-01-03 20:03:56 : Going to Attack...
2016-01-03 20:04:02 : Identification of your troops:
2016-01-03 20:04:02 : Initiating attack for: Drop Trophy
2016-01-03 20:04:04 : -*-Barbarians 121
2016-01-03 20:04:04 : -*-Archers 88
2016-01-03 20:04:04 : -*-Clan Castle 
2016-01-03 20:04:04 : -*-Heal Spells 3
2016-01-03 20:04:04 : -*-Rage Spells 1
2016-01-03 20:04:04 : -*-Jump Spells 1
2016-01-03 20:04:04 : -*-Poison Spells 1
2016-01-03 20:04:04 : Deploying 1 Barbarian
2016-01-03 20:04:04 :  Trophy loss = 20
2016-01-03 20:04:05 : Returning Home
2016-01-03 20:04:12 : Trophy Count : 983
2016-01-03 20:04:12 : Dropping Trophies to 750
2016-01-03 20:04:14 : Going to Attack...
2016-01-03 20:04:21 : Identification of your troops:
2016-01-03 20:04:21 : Initiating attack for: Drop Trophy
2016-01-03 20:04:23 : -*-Barbarians 122
2016-01-03 20:04:23 : -*-Archers 89
2016-01-03 20:04:23 : -*-Clan Castle 
2016-01-03 20:04:23 : -*-Heal Spells 3
2016-01-03 20:04:23 : -*-Rage Spells 1
2016-01-03 20:04:23 : -*-Jump Spells 1
2016-01-03 20:04:23 : -*-Poison Spells 1
2016-01-03 20:04:23 : Deploying 1 Barbarian
2016-01-03 20:04:23 :  Trophy loss = 18
2016-01-03 20:04:25 : Returning Home
2016-01-03 20:04:32 : Trophy Count : 965
2016-01-03 20:04:32 : Dropping Trophies to 750
2016-01-03 20:04:34 : Going to Attack...
2016-01-03 20:04:42 : Identification of your troops:
2016-01-03 20:04:42 : Initiating attack for: Drop Trophy
2016-01-03 20:04:44 : -*-Barbarians 121
2016-01-03 20:04:44 : -*-Archers 90
2016-01-03 20:04:44 : -*-Clan Castle 
2016-01-03 20:04:44 : -*-Heal Spells 3
2016-01-03 20:04:44 : -*-Rage Spells 1
2016-01-03 20:04:44 : -*-Jump Spells 1
2016-01-03 20:04:44 : -*-Poison Spells 1
2016-01-03 20:04:44 : Deploying 1 Barbarian
2016-01-03 20:04:44 :  Trophy loss = 13
2016-01-03 20:04:45 : Returning Home
2016-01-03 20:04:52 : Trophy Count : 952
2016-01-03 20:04:52 : Dropping Trophies to 750
2016-01-03 20:04:54 : Going to Attack...
2016-01-03 20:05:00 : Identification of your troops:
2016-01-03 20:05:00 : Initiating attack for: Drop Trophy
2016-01-03 20:05:02 : -*-Clan Castle 
2016-01-03 20:05:02 : -*-Heal Spells 3
2016-01-03 20:05:02 : -*-Rage Spells 1
2016-01-03 20:05:02 : -*-Jump Spells 1
2016-01-03 20:05:02 : -*-Poison Spells 1
2016-01-03 20:05:02 : You dont have Tier 1/2 Troops, exit of dropping Trophies
2016-01-03 20:05:03 : Returning Home
2016-01-03 20:05:12 : Trophy Count : 952
2016-01-03 20:05:12 : Dropping Trophies to 750
2016-01-03 20:05:14 : Going to Attack...
2016-01-03 20:05:21 : Identification of your troops:
2016-01-03 20:05:21 : Initiating attack for: Drop Trophy
2016-01-03 20:05:23 : -*-Barbarians 124
2016-01-03 20:05:23 : -*-Archers 92
2016-01-03 20:05:23 : -*-Clan Castle 
2016-01-03 20:05:23 : -*-Heal Spells 3
2016-01-03 20:05:23 : -*-Rage Spells 1
2016-01-03 20:05:23 : -*-Jump Spells 1
2016-01-03 20:05:23 : -*-Poison Spells 1
2016-01-03 20:05:23 : Deploying 1 Barbarian
2016-01-03 20:05:23 :  Trophy loss = 15
2016-01-03 20:05:24 : Returning Home
2016-01-03 20:05:31 : Trophy Count : 937
2016-01-03 20:05:31 : Dropping Trophies to 750
2016-01-03 20:05:34 : Going to Attack...
2016-01-03 20:05:41 : Identification of your troops:
2016-01-03 20:05:41 : Initiating attack for: Drop Trophy
2016-01-03 20:05:43 : -*-Barbarians 125
2016-01-03 20:05:43 : -*-Archers 94
2016-01-03 20:05:43 : -*-Clan Castle 
2016-01-03 20:05:43 : -*-Heal Spells 3
2016-01-03 20:05:43 : -*-Rage Spells 1
2016-01-03 20:05:43 : -*-Jump Spells 1
2016-01-03 20:05:43 : -*-Poison Spells 1
2016-01-03 20:05:43 : Deploying 1 Barbarian
2016-01-03 20:05:43 :  Trophy loss = 18
2016-01-03 20:05:44 : Returning Home
2016-01-03 20:05:51 : Trophy Count : 919
2016-01-03 20:05:51 : Dropping Trophies to 750
2016-01-03 20:05:53 : Going to Attack...
2016-01-03 20:05:59 : Identification of your troops:
2016-01-03 20:05:59 : Initiating attack for: Drop Trophy
2016-01-03 20:06:01 : -*-Barbarians 124
2016-01-03 20:06:01 : -*-Archers 95
2016-01-03 20:06:01 : -*-Clan Castle 
2016-01-03 20:06:01 : -*-Heal Spells 3
2016-01-03 20:06:01 : -*-Rage Spells 1
2016-01-03 20:06:01 : -*-Jump Spells 1
2016-01-03 20:06:01 : -*-Poison Spells 1
2016-01-03 20:06:01 : Deploying 1 Barbarian
2016-01-03 20:06:01 :  Trophy loss = 15
2016-01-03 20:06:02 : Returning Home
2016-01-03 20:06:09 : Trophy Count : 904
2016-01-03 20:06:09 : Dropping Trophies to 750
2016-01-03 20:06:11 : Going to Attack...
2016-01-03 20:06:17 : Identification of your troops:
2016-01-03 20:06:17 : Initiating attack for: Drop Trophy
2016-01-03 20:06:19 : -*-Barbarians 125
2016-01-03 20:06:19 : -*-Archers 96
2016-01-03 20:06:19 : -*-Clan Castle 
2016-01-03 20:06:19 : -*-Heal Spells 3
2016-01-03 20:06:19 : -*-Rage Spells 1
2016-01-03 20:06:19 : -*-Jump Spells 1
2016-01-03 20:06:19 : -*-Poison Spells 1
2016-01-03 20:06:19 : Deploying 1 Barbarian
2016-01-03 20:06:19 :  Trophy loss = 14
2016-01-03 20:06:20 : Returning Home
2016-01-03 20:06:27 : Trophy Count : 890
2016-01-03 20:06:27 : Dropping Trophies to 750
2016-01-03 20:06:29 : Going to Attack...
2016-01-03 20:06:40 : Identification of your troops:
2016-01-03 20:06:40 : Initiating attack for: Drop Trophy
2016-01-03 20:06:42 : -*-Barbarians 124
2016-01-03 20:06:42 : -*-Archers 97
2016-01-03 20:06:42 : -*-Clan Castle 
2016-01-03 20:06:42 : -*-Heal Spells 3
2016-01-03 20:06:42 : -*-Rage Spells 1
2016-01-03 20:06:42 : -*-Jump Spells 1
2016-01-03 20:06:42 : -*-Poison Spells 1
2016-01-03 20:06:42 : Deploying 1 Barbarian
2016-01-03 20:06:42 :  Trophy loss = 9
2016-01-03 20:06:43 : Returning Home
2016-01-03 20:06:50 : Trophy Count : 881
2016-01-03 20:06:50 : Dropping Trophies to 750
2016-01-03 20:06:52 : Going to Attack...
2016-01-03 20:07:03 : Identification of your troops:
2016-01-03 20:07:03 : Initiating attack for: Drop Trophy
2016-01-03 20:07:05 : -*-Clan Castle 
2016-01-03 20:07:05 : -*-Heal Spells 3
2016-01-03 20:07:05 : -*-Rage Spells 1
2016-01-03 20:07:05 : -*-Jump Spells 1
2016-01-03 20:07:05 : -*-Poison Spells 1
2016-01-03 20:07:05 : You dont have Tier 1/2 Troops, exit of dropping Trophies
2016-01-03 20:07:06 : Returning Home
2016-01-03 20:07:15 : Trophy Count : 881
2016-01-03 20:07:15 : Dropping Trophies to 750
2016-01-03 20:07:17 : Going to Attack...
2016-01-03 20:07:24 : Identification of your troops:
2016-01-03 20:07:24 : Initiating attack for: Drop Trophy
2016-01-03 20:07:26 : -*-Barbarians 127
2016-01-03 20:07:26 : -*-Archers 100
2016-01-03 20:07:26 : -*-Clan Castle 
2016-01-03 20:07:26 : -*-Heal Spells 3
2016-01-03 20:07:26 : -*-Rage Spells 1
2016-01-03 20:07:26 : -*-Jump Spells 1
2016-01-03 20:07:26 : -*-Poison Spells 1
2016-01-03 20:07:26 : Deploying 1 Barbarian
2016-01-03 20:07:26 :  Trophy loss = 14
2016-01-03 20:07:27 : Returning Home
2016-01-03 20:07:34 : Trophy Count : 867
2016-01-03 20:07:34 : Dropping Trophies to 750
2016-01-03 20:07:37 : Going to Attack...
2016-01-03 20:07:43 : Identification of your troops:
2016-01-03 20:07:43 : Initiating attack for: Drop Trophy
2016-01-03 20:07:45 : -*-Barbarians 128
2016-01-03 20:07:45 : -*-Archers 101
2016-01-03 20:07:45 : -*-Clan Castle 
2016-01-03 20:07:45 : -*-Heal Spells 3
2016-01-03 20:07:45 : -*-Rage Spells 1
2016-01-03 20:07:45 : -*-Jump Spells 1
2016-01-03 20:07:45 : -*-Poison Spells 1
2016-01-03 20:07:45 : Deploying 1 Barbarian
2016-01-03 20:07:45 :  Trophy loss = 13
2016-01-03 20:07:46 : Returning Home
2016-01-03 20:07:53 : Trophy Count : 854
2016-01-03 20:07:53 : Dropping Trophies to 750
2016-01-03 20:07:55 : Going to Attack...
2016-01-03 20:08:01 : Identification of your troops:
2016-01-03 20:08:01 : Initiating attack for: Drop Trophy
2016-01-03 20:08:03 : -*-Barbarians 129
2016-01-03 20:08:03 : -*-Archers 102
2016-01-03 20:08:03 : -*-Clan Castle 
2016-01-03 20:08:03 : -*-Heal Spells 3
2016-01-03 20:08:03 : -*-Rage Spells 1
2016-01-03 20:08:03 : -*-Jump Spells 1
2016-01-03 20:08:03 : -*-Poison Spells 1
2016-01-03 20:08:03 : Deploying 1 Barbarian
2016-01-03 20:08:03 :  Trophy loss = 16
2016-01-03 20:08:04 : Returning Home
2016-01-03 20:08:11 : Trophy Count : 838
2016-01-03 20:08:11 : Dropping Trophies to 750
2016-01-03 20:08:13 : Going to Attack...
2016-01-03 20:08:27 : Identification of your troops:
2016-01-03 20:08:27 : Initiating attack for: Drop Trophy
2016-01-03 20:08:29 : -*-Barbarians 128
2016-01-03 20:08:29 : -*-Archers 104
2016-01-03 20:08:29 : -*-Clan Castle 
2016-01-03 20:08:29 : -*-Heal Spells 3
2016-01-03 20:08:29 : -*-Rage Spells 1
2016-01-03 20:08:29 : -*-Jump Spells 1
2016-01-03 20:08:29 : -*-Poison Spells 1
2016-01-03 20:08:29 : Deploying 1 Barbarian
2016-01-03 20:08:29 :  Trophy loss = 15
2016-01-03 20:08:30 : Returning Home
2016-01-03 20:08:37 : Trophy Count : 823
2016-01-03 20:08:37 : Dropping Trophies to 750
2016-01-03 20:08:39 : Going to Attack...
2016-01-03 20:08:51 : Identification of your troops:
2016-01-03 20:08:51 : Initiating attack for: Drop Trophy
2016-01-03 20:08:53 : -*-Barbarians 129
2016-01-03 20:08:53 : -*-Archers 105
2016-01-03 20:08:53 : -*-Clan Castle 
2016-01-03 20:08:53 : -*-Heal Spells 3
2016-01-03 20:08:53 : -*-Rage Spells 1
2016-01-03 20:08:53 : -*-Jump Spells 1
2016-01-03 20:08:53 : -*-Poison Spells 1
2016-01-03 20:08:53 : Deploying 1 Barbarian
2016-01-03 20:08:53 :  Trophy loss = 8
2016-01-03 20:08:54 : Returning Home
2016-01-03 20:09:01 : Trophy Count : 815
2016-01-03 20:09:01 : Dropping Trophies to 750
2016-01-03 20:09:03 : Going to Attack...
2016-01-03 20:09:09 : Identification of your troops:
2016-01-03 20:09:09 : Initiating attack for: Drop Trophy
2016-01-03 20:09:11 : -*-Barbarians 130
2016-01-03 20:09:11 : -*-Archers 106
2016-01-03 20:09:11 : -*-Clan Castle 
2016-01-03 20:09:11 : -*-Heal Spells 3
2016-01-03 20:09:11 : -*-Rage Spells 1
2016-01-03 20:09:11 : -*-Jump Spells 1
2016-01-03 20:09:11 : -*-Poison Spells 1
2016-01-03 20:09:11 : Deploying 1 Barbarian
2016-01-03 20:09:11 :  Trophy loss = 12
2016-01-03 20:09:12 : Returning Home
2016-01-03 20:09:19 : Trophy Count : 803
2016-01-03 20:09:19 : Dropping Trophies to 750
2016-01-03 20:09:21 : Going to Attack...
2016-01-03 20:09:30 : Identification of your troops:
2016-01-03 20:09:30 : Initiating attack for: Drop Trophy
2016-01-03 20:09:32 : -*-Heal Spells 3
2016-01-03 20:09:32 : -*-Rage Spells 1
2016-01-03 20:09:32 : -*-Jump Spells 1
2016-01-03 20:09:32 : -*-Poison Spells 1
2016-01-03 20:09:32 : You dont have Tier 1/2 Troops, exit of dropping Trophies
2016-01-03 20:09:33 : Returning Home
2016-01-03 20:09:41 : Trophy Count : 803
2016-01-03 20:09:41 : Dropping Trophies to 750
2016-01-03 20:09:43 : Going to Attack...
2016-01-03 20:09:55 : Identification of your troops:
2016-01-03 20:09:55 : Initiating attack for: Drop Trophy
2016-01-03 20:09:57 : -*-Barbarians 132
2016-01-03 20:09:57 : -*-Archers 108
2016-01-03 20:09:57 : -*-Clan Castle 
2016-01-03 20:09:57 : -*-Heal Spells 3
2016-01-03 20:09:57 : -*-Rage Spells 1
2016-01-03 20:09:57 : -*-Jump Spells 1
2016-01-03 20:09:57 : -*-Poison Spells 1
2016-01-03 20:09:58 : Deploying 1 Barbarian
2016-01-03 20:09:58 :  Trophy loss = 8
2016-01-03 20:09:59 : Returning Home
2016-01-03 20:10:06 : Trophy Count : 795
2016-01-03 20:10:06 : Dropping Trophies to 750
2016-01-03 20:10:08 : Going to Attack...
2016-01-03 20:10:18 : Identification of your troops:
2016-01-03 20:10:18 : Initiating attack for: Drop Trophy
2016-01-03 20:10:20 : -*-Barbarians 132
2016-01-03 20:10:20 : -*-Archers 108
2016-01-03 20:10:20 : -*-Clan Castle 
2016-01-03 20:10:20 : -*-Heal Spells 3
2016-01-03 20:10:20 : -*-Rage Spells 1
2016-01-03 20:10:20 : -*-Jump Spells 1
2016-01-03 20:10:20 : -*-Poison Spells 1
2016-01-03 20:10:20 : Deploying 1 Barbarian
2016-01-03 20:10:20 :  Trophy loss = 7
2016-01-03 20:10:21 : Returning Home
2016-01-03 20:10:28 : Trophy Count : 788
2016-01-03 20:10:28 : Dropping Trophies to 750
2016-01-03 20:10:30 : Going to Attack...
2016-01-03 20:10:40 : Identification of your troops:
2016-01-03 20:10:40 : Initiating attack for: Drop Trophy
2016-01-03 20:10:42 : -*-Barbarians 132
2016-01-03 20:10:42 : -*-Archers 108
2016-01-03 20:10:42 : -*-Clan Castle 
2016-01-03 20:10:42 : -*-Heal Spells 3
2016-01-03 20:10:42 : -*-Rage Spells 1
2016-01-03 20:10:42 : -*-Jump Spells 1
2016-01-03 20:10:42 : -*-Poison Spells 1
2016-01-03 20:10:42 : Deploying 1 Barbarian
2016-01-03 20:10:42 :  Trophy loss = 14
2016-01-03 20:10:43 : Returning Home
2016-01-03 20:10:50 : Trophy Count : 774
2016-01-03 20:10:50 : Dropping Trophies to 750
2016-01-03 20:10:52 : Going to Attack...
2016-01-03 20:11:01 : Identification of your troops:
2016-01-03 20:11:01 : Initiating attack for: Drop Trophy
2016-01-03 20:11:02 : -*-Barbarians 132
2016-01-03 20:11:02 : -*-Archers 108
2016-01-03 20:11:02 : -*-Clan Castle 
2016-01-03 20:11:02 : -*-Heal Spells 3
2016-01-03 20:11:02 : -*-Rage Spells 1
2016-01-03 20:11:02 : -*-Jump Spells 1
2016-01-03 20:11:02 : -*-Poison Spells 1
2016-01-03 20:11:02 : Deploying 1 Barbarian
2016-01-03 20:11:03 :  Trophy loss = 10
2016-01-03 20:11:04 : Returning Home
2016-01-03 20:11:10 : Trophy Count : 764
2016-01-03 20:11:10 : Dropping Trophies to 750
2016-01-03 20:11:12 : Going to Attack...
2016-01-03 20:11:26 : Identification of your troops:
2016-01-03 20:11:26 : Initiating attack for: Drop Trophy
2016-01-03 20:11:28 : -*-Barbarians 132
2016-01-03 20:11:28 : -*-Archers 108
2016-01-03 20:11:28 : -*-Clan Castle 
2016-01-03 20:11:28 : -*-Heal Spells 3
2016-01-03 20:11:28 : -*-Rage Spells 1
2016-01-03 20:11:28 : -*-Jump Spells 1
2016-01-03 20:11:28 : -*-Poison Spells 1
2016-01-03 20:11:28 : Deploying 1 Barbarian
2016-01-03 20:11:28 :  Trophy loss = 8
2016-01-03 20:11:29 : Returning Home
2016-01-03 20:11:36 : Trophy Count : 756
2016-01-03 20:11:36 : Dropping Trophies to 750
2016-01-03 20:11:38 : Going to Attack...
2016-01-03 20:11:51 : Identification of your troops:
2016-01-03 20:11:51 : Initiating attack for: Drop Trophy
2016-01-03 20:11:53 : -*-Barbarians 132
2016-01-03 20:11:53 : -*-Archers 108
2016-01-03 20:11:53 : -*-Clan Castle 
2016-01-03 20:11:53 : -*-Heal Spells 3
2016-01-03 20:11:53 : -*-Rage Spells 1
2016-01-03 20:11:53 : -*-Jump Spells 1
2016-01-03 20:11:53 : -*-Poison Spells 1
2016-01-03 20:11:53 : Deploying 1 Barbarian
2016-01-03 20:11:53 :  Trophy loss = 6
2016-01-03 20:11:54 : Returning Home
2016-01-03 20:12:01 : Trophy Count : 750
2016-01-03 20:12:01 : Trophy Drop Complete
2016-01-03 20:12:05 : Time Idle: 00:22:27
2016-01-03 20:12:05 : ***[Trying TH snipe while training army]***
2016-01-03 20:12:05 : Going to Attack...
2016-01-03 20:12:11 : ============== Searching For Dead Base ===============
2016-01-03 20:12:11 : ~~~~~~~~~~~~~~~ SEARCH CONDITIONS ~~~~~~~~~~~~~~~~
2016-01-03 20:12:11 : Meet: Gold + Elixir, Trophy
2016-01-03 20:12:11 : ~~~~~~~~~~~~~~ RESOURCE CONDITIONS ~~~~~~~~~~~~~~~
2016-01-03 20:12:11 : Aim: [G+E]: 250000 [D]: 1000 [T]:99 for: Dead Base
2016-01-03 20:12:11 : ~~~~~~~~~~~~~~~ ADVANCED SETTINGS ~~~~~~~~~~~~~~~~
2016-01-03 20:12:11 : THSnipe Combo, 3 Tile(s),  Attack TH Outside custom1
2016-01-03 20:12:11 : Aim: [G]: 120000 [E]: 120000 [D]: 1000
2016-01-03 20:12:11 : ==================================================
2016-01-03 20:12:23 :   1> [G]:  45406 [E]:  15490 [D]:  313 [T]:50 [TH]: 8, In
2016-01-03 20:12:30 :       TH Outside Found! 
2016-01-03 20:12:30 :       Resource requirement not met for TH snipe 
2016-01-03 20:12:30 :   2> [G]:  45513 [E]:  41132 [D]:  105 [T]:51 [TH]: 9, Out
2016-01-03 20:12:37 :   3> [G]:  21433 [E]:  61674 [D]:   24 [T]:50 [TH]: 9, In
2016-01-03 20:12:46 :   4> [G]: 418987 [E]: 379824 [D]: 3325 [T]:54 [TH]:10, In
2016-01-03 20:12:55 :       TH Outside Found! 
2016-01-03 20:12:55 :       Resource requirement met for TH snipe 
2016-01-03 20:12:55 :   5> [G]: 149304 [E]:  88409 [D]:  121 [T]:51 [TH]: 9, Out
2016-01-03 20:12:56 : ================ Search Complete =================
2016-01-03 20:12:56 : Initiating attack for: TH Snipe
2016-01-03 20:12:58 : -*-Barbarians 132
2016-01-03 20:12:58 : -*-Archers 108
2016-01-03 20:12:58 : -*-Clan Castle 
2016-01-03 20:12:58 : -*-Heal Spells 3
2016-01-03 20:12:58 : -*-Rage Spells 1
2016-01-03 20:12:58 : -*-Jump Spells 1
2016-01-03 20:12:58 : -*-Poison Spells 1
2016-01-03 20:12:58 :  ====== Start Attack ====== 
2016-01-03 20:13:00 : Sniping TH with Barch            	 
2016-01-03 20:13:00 : Attacking TH with 1st wave of BARCH   
2016-01-03 20:13:00 : Dropping Only wave of 4 Barbarians
2016-01-03 20:13:01 : Custom Corner deployment THi = 5 ,x = 651 ,y = 347
2016-01-03 20:13:02 : Deployment of 4 Barbarians was Successful!
2016-01-03 20:13:03 :                                       
2016-01-03 20:13:03 : Dropping Only wave of 4 Archers
2016-01-03 20:13:04 : Custom Corner deployment THi = 5 ,x = 651 ,y = 347
2016-01-03 20:13:05 : Deployment of 4 Archers was Successful!
2016-01-03 20:13:06 :                                       
2016-01-03 20:13:07 : Checking if the Gold&Elixir are changing...
2016-01-03 20:13:09 :                                       
2016-01-03 20:13:11 : Checking if the Gold&Elixir are changing...
2016-01-03 20:13:13 :                                       
2016-01-03 20:13:14 : Checking if the Gold&Elixir are changing...
2016-01-03 20:13:16 : Gold & Elixir change detected, waiting...
2016-01-03 20:13:18 : Gold & Elixir change detected, waiting...
2016-01-03 20:13:21 : Gold & Elixir change detected, waiting...
2016-01-03 20:13:21 :                                       
2016-01-03 20:13:21 : Oh Shit! Seems like a trapped TH!     
2016-01-03 20:13:22 : Checking if the Gold&Elixir are changing...
2016-01-03 20:13:24 : Gold & Elixir change detected, waiting...
2016-01-03 20:13:26 : Gold & Elixir change detected, waiting...
2016-01-03 20:13:29 : Gold & Elixir change detected, waiting...
2016-01-03 20:13:29 :                                       
2016-01-03 20:13:29 : Quit wasting troops					 
2016-01-03 20:13:30 : Checking if the Gold&Elixir are changing...
2016-01-03 20:13:32 : Gold & Elixir change detected, waiting...
2016-01-03 20:13:34 : Gold & Elixir change detected, waiting...
2016-01-03 20:13:37 : Gold & Elixir change detected, waiting...
2016-01-03 20:13:37 :                                       
2016-01-03 20:13:37 : ~Finished Attacking, waiting to finish
2016-01-03 20:13:47 : Checking if the Gold&Elixir are changing...
2016-01-03 20:13:50 : 										 
2016-01-03 20:13:50 : Wait few sec before close attack
2016-01-03 20:14:28 : Returning Home
2016-01-03 20:14:32 : Loot: [G]: 0 [E]: 2 923 [DE]:  [T]: -3
2016-01-03 20:14:32 : Stars earned: 0
2016-01-03 20:14:38 : ***[End trying TH snipe while training army]***
2016-01-03 20:14:40 : ====== Waiting for full army ======
2016-01-03 20:14:42 : Chat Request: wiz arch min thx
2016-01-03 20:14:42 : Castle Capacity : 0/30
2016-01-03 20:14:42 : Archers Keyword found: arch
2016-01-03 20:14:43 : Donating 8 Archers
2016-01-03 20:15:24 : Training Troops & Spells
2016-01-03 20:15:25 : Checking Army Camp...
2016-01-03 20:15:26 : Total Army Camp capacity: 240/240 (100%)
2016-01-03 20:15:27 :  - No. of Barbarians: 136
2016-01-03 20:15:27 :  - No. of Archers: 104
2016-01-03 20:15:27 :  - Archer Queen available
2016-01-03 20:15:28 : Your Army Camps are now Full
2016-01-03 20:15:28 : Calculating Troops before Training new Army.
2016-01-03 20:15:48 : Going to Attack...
2016-01-03 20:15:52 : Attacking disabled, Take-A-Break detected. Exiting CoC
2016-01-03 20:15:52 : Please wait for CoC restart......
2016-01-03 20:16:26 : Can not find Okay button to exit CoC, Forcefully Closing CoC
2016-01-03 20:16:26 : Please wait for CoC restart......
2016-01-03 20:16:30 : Waiting 20 seconds before starting CoC
2016-01-03 20:16:51 : Trying to locate Main Screen
2016-01-03 20:16:52 : Village must take a break, wait ...
2016-01-03 20:16:54 : Bot was Paused!
2016-01-03 20:32:41 : Bot was Resumed.
2016-01-03 20:32:41 : Waiting for Main Screen
2016-01-03 20:32:41 : Main Screen Located
2016-01-03 20:32:43 : Trying to locate Main Screen
2016-01-03 20:32:43 : Main Screen Located
2016-01-03 20:32:45 : Village Report
2016-01-03 20:32:45 : No. of Free/Total Builders: 1/5
2016-01-03 20:32:45 :  [T]: 888
2016-01-03 20:32:45 :  [G]: 2 074 293 [E]: 2 660 429 [D]: 162 692 [GEM]: 3 638
2016-01-03 20:32:46 : Collecting Resources
2016-01-03 20:32:58 : Chat Request: any
2016-01-03 20:32:58 : Castle Capacity : 0/30
2016-01-03 20:32:58 : Custom Donation Keyword found: any
2016-01-03 20:32:59 : Donating 4 Barbarians
2016-01-03 20:33:00 : Donating 4 Archers
2016-01-03 20:33:01 : Chat Request: Air poison
2016-01-03 20:33:01 : Castle Capacity : 0/30
2016-01-03 20:33:02 : King Blacklist Keyword found: air
2016-01-03 20:33:02 : Barbarians Blacklist Keyword found: air
2016-01-03 20:33:02 : Archers Blacklist Keyword found: air
2016-01-03 20:33:04 : Training Troops & Spells
2016-01-03 20:33:05 : Checking Army Camp...
2016-01-03 20:33:06 : Total Army Camp capacity: 236/240 (98%)
2016-01-03 20:33:07 :  - No. of Barbarians: 134
2016-01-03 20:33:07 :  - No. of Archers: 102
2016-01-03 20:33:07 :  - Archer Queen available
2016-01-03 20:33:08 : Your Army Camps are now Full
2016-01-03 20:33:08 : Calculating Troops before Training new Army.
2016-01-03 20:33:23 : Going to Attack...
2016-01-03 20:33:29 : ============== Searching For Dead Base ===============
2016-01-03 20:33:29 : ~~~~~~~~~~~~~~~ SEARCH CONDITIONS ~~~~~~~~~~~~~~~~
2016-01-03 20:33:29 : Meet: Gold + Elixir
2016-01-03 20:33:29 : ~~~~~~~~~~~~~~ RESOURCE CONDITIONS ~~~~~~~~~~~~~~~
2016-01-03 20:33:29 : Aim: [G+E]: 250000 [D]: 1000 [T]: 0 for: Dead Base
2016-01-03 20:33:29 : ~~~~~~~~~~~~~~~ ADVANCED SETTINGS ~~~~~~~~~~~~~~~~
2016-01-03 20:33:29 : THSnipe Combo, 3 Tile(s),  Attack TH Outside custom1
2016-01-03 20:33:29 : Aim: [G]: 130000 [E]: 130000 [D]: 1100
2016-01-03 20:33:29 : ==================================================
2016-01-03 20:33:36 :   1> [G]: 282095 [E]: 154194 [D]: 2006 [T]:38 [TH]: 9, In
2016-01-03 20:33:36 :       Not a Dead Base
2016-01-03 20:33:44 :       TH Outside Found! 
2016-01-03 20:33:44 :       Resource requirement not met for TH snipe 
2016-01-03 20:33:44 :   2> [G]:  55916 [E]:  40583 [D]:  468 [T]:46 [TH]: 9, Out
2016-01-03 20:33:52 :   3> [G]:  55548 [E]: 175573 [D]: 1365 [T]:47 [TH]: 9, In
2016-01-03 20:34:01 :   4> [G]:  61226 [E]: 227621 [D]: 1220 [T]:42 [TH]:10, In
2016-01-03 20:34:01 :       Not a Dead Base
2016-01-03 20:34:09 :   5> [G]: 477084 [E]: 103631 [D]: 4103 [T]:42 [TH]:11, In
2016-01-03 20:34:09 :       Not a Dead Base
2016-01-03 20:34:17 :   6> [G]: 402859 [E]: 402787 [D]: 2926 [T]:46 [TH]:10, In
2016-01-03 20:34:17 :       Not a Dead Base
2016-01-03 20:34:25 :   7> [G]:  43465 [E]: 253060 [D]:  315 [T]:48 [TH]: 9, In
2016-01-03 20:34:25 :       Not a Dead Base
2016-01-03 20:34:35 :   8> [G]: 407206 [E]: 402868 [D]: 1557 [T]:36 [TH]:10, In
2016-01-03 20:34:35 :       Not a Dead Base
2016-01-03 20:34:42 :   9> [G]: 135794 [E]:  40428 [D]: 1169 [T]:49 [TH]: 9, In
2016-01-03 20:34:51 :  10> [G]:  74620 [E]: 273202 [D]:  752 [T]:44 [TH]: 9, In
2016-01-03 20:34:51 :       Not a Dead Base
2016-01-03 20:35:00 :       TH Outside Found! 
2016-01-03 20:35:00 :       Resource requirement met for TH snipe 
2016-01-03 20:35:00 :  11> [G]: 426721 [E]: 314024 [D]: 1322 [T]:49 [TH]:10, Out
2016-01-03 20:35:01 : ================ Search Complete =================
2016-01-03 20:35:01 : Initiating attack for: TH Snipe
2016-01-03 20:35:03 : -*-Barbarians 136
2016-01-03 20:35:03 : -*-Archers 102
2016-01-03 20:35:03 : -*-Clan Castle 
2016-01-03 20:35:03 : -*-Queen 
2016-01-03 20:35:03 : -*-Heal Spells 3
2016-01-03 20:35:03 : -*-Rage Spells 1
2016-01-03 20:35:03 : -*-Jump Spells 1
2016-01-03 20:35:03 : -*-Poison Spells 1
2016-01-03 20:35:03 :  ====== Start Attack ====== 
2016-01-03 20:35:05 : Sniping TH with Barch            	 
2016-01-03 20:35:05 : Attacking TH with 1st wave of BARCH   
2016-01-03 20:35:06 : Dropping Only wave of 4 Barbarians
2016-01-03 20:35:07 : Deployment of 4 Barbarians was Successful!
2016-01-03 20:35:09 :                                       
2016-01-03 20:35:09 : Dropping Only wave of 4 Archers
2016-01-03 20:35:10 : Deployment of 4 Archers was Successful!
2016-01-03 20:35:12 :                                       
2016-01-03 20:35:13 : Checking if the Gold&Elixir are changing...
2016-01-03 20:35:16 : Battle has finished
2016-01-03 20:35:16 :                                       
2016-01-03 20:35:18 : Checking if the Gold&Elixir are changing...
2016-01-03 20:35:20 : Battle has finished
2016-01-03 20:35:20 :                                       
2016-01-03 20:35:21 : Checking if the Gold&Elixir are changing...
2016-01-03 20:35:23 : Battle has finished
2016-01-03 20:35:23 :                                       
2016-01-03 20:35:23 : Oh Shit! Seems like a trapped TH!     
2016-01-03 20:35:25 : Checking if the Gold&Elixir are changing...
