2016-01-04 18:25:11 : Starting BlueStacks and Clash Of Clans
2016-01-04 18:25:12 : Please wait while BS/CoC starts....
2016-01-04 18:25:23 : BlueStacks Loaded, took 10.95 seconds to begin.
2016-01-04 18:25:23 : Waiting for Main Screen after BS restart
2016-01-04 18:25:39 : CoC main window took 16.3 seconds
2016-01-04 18:25:39 :  My Bot v5.0.2 860x780 (BlueStacks) Powered by MyBot.run ~
2016-01-04 18:25:39 : MyBot.mod.au3 Script running on WIN_81  X64
2016-01-04 18:25:39 : =================== Bot Start ====================
2016-01-04 18:25:39 : -------------------------  Current Profile: 01 --------------------------
2016-01-04 18:25:40 : Trying to locate Main Screen
2016-01-04 18:25:40 : Main Screen Located
2016-01-04 18:25:41 : Detecting your Buildings..
2016-01-04 18:25:42 : Finding your Clan Level, wait..
2016-01-04 18:25:47 : Found Clan Level: 8
2016-01-04 18:25:48 : Detecting your Village Theme
2016-01-04 18:25:48 : Normal Theme detected
2016-01-04 18:25:50 : Language setting is English: Correct.
2016-01-04 18:25:51 : Trying to locate Main Screen
2016-01-04 18:25:51 : Main Screen Located
2016-01-04 18:25:52 : Village Report
2016-01-04 18:25:52 : No. of Free/Total Builders: 0/5
2016-01-04 18:25:52 :  [T]: 1 129
2016-01-04 18:25:52 :  [G]: 4 654 279 [E]: 6 186 476 [D]: 29 091 [GEM]: 3 638
2016-01-04 18:25:54 : Collecting Resources
2016-01-04 18:26:07 : Training Troops & Spells
2016-01-04 18:26:07 : Checking Army Camp...
2016-01-04 18:26:08 : Total Army Camp capacity: 240/240 (100%)
2016-01-04 18:26:11 :  - No. of Barbarians: 142
2016-01-04 18:26:11 :  - No. of Archers: 98
2016-01-04 18:26:11 : Barracks and Spell factory status: 
2016-01-04 18:26:11 : - Barracks detected: 4 | Available: 4 | Upgrading: 0
2016-01-04 18:26:11 : - Dark Barracks detected: 2 | Available: 2 | Upgrading: 0
2016-01-04 18:26:11 : - Spell factory detected: 1 | Available: 1 | Upgrading: 0
2016-01-04 18:26:11 : - Dark Spell factory detected: 1 | Available: 1 | Upgrading: 0
2016-01-04 18:26:12 : Your Army Camps are now Full
2016-01-04 18:26:12 : Calculating Troops before Training new Army.
2016-01-04 18:26:24 : Bot was Paused!
2016-01-04 18:26:31 : Bot was Resumed.
2016-01-04 18:26:50 : Going to Attack...
2016-01-04 18:26:56 : ============== Searching For Dead Base ===============
2016-01-04 18:26:56 : ~~~~~~~~~~~~~~~ SEARCH CONDITIONS ~~~~~~~~~~~~~~~~
2016-01-04 18:26:56 : Meet: Gold + Elixir
2016-01-04 18:26:56 : ~~~~~~~~~~~~~~ RESOURCE CONDITIONS ~~~~~~~~~~~~~~~
2016-01-04 18:26:56 : Aim: [G+E]: 250000 [D]: 1000 [T]: 0 for: Dead Base
2016-01-04 18:26:56 : ~~~~~~~~~~~~~~~ ADVANCED SETTINGS ~~~~~~~~~~~~~~~~
2016-01-04 18:26:56 : THSnipe Combo, 3 Tile(s),  Attack TH Outside custom1
2016-01-04 18:26:56 : Aim: [G]: 140000 [E]: 140000 [D]: 1200
2016-01-04 18:26:56 : ==================================================
2016-01-04 18:27:02 :   1> [G]:  36748 [E]: 122570 [D]:  245 [T]:34 [TH]: 8, In
2016-01-04 18:27:09 :   2> [G]:  60173 [E]:  23363 [D]:  328 [T]:34 [TH]: 9, In
2016-01-04 18:27:19 :   3> [G]: 114770 [E]: 334833 [D]:  661 [T]:34 [TH]:10, In
2016-01-04 18:27:19 :       Not a Dead Base
2016-01-04 18:27:27 :   4> [G]: 312592 [E]: 153789 [D]: 2891 [T]:26 [TH]:11, In
2016-01-04 18:27:27 :       Not a Dead Base
2016-01-04 18:27:35 :   5> [G]:  10948 [E]: 214988 [D]: 1006 [T]:28 [TH]:10, In
2016-01-04 18:27:42 :   6> [G]:  64989 [E]:  21867 [D]:  583 [T]:34 [TH]: 9, In
2016-01-04 18:27:49 :   7> [G]:  27483 [E]: 139957 [D]: 1401 [T]:34 [TH]:10, In
2016-01-04 18:27:58 :   8> [G]:  14429 [E]: 269349 [D]:  630 [T]:31 [TH]: 9, In
2016-01-04 18:27:58 :       Not a Dead Base
2016-01-04 18:28:05 :   9> [G]:  66349 [E]: 102845 [D]: 3208 [T]:39 [TH]:10, In
2016-01-04 18:28:13 :  10> [G]: 501451 [E]: 474362 [D]: 3635 [T]:30 [TH]:11, In
2016-01-04 18:28:13 :       Not a Dead Base
2016-01-04 18:28:21 :  11> [G]: 147133 [E]: 281437 [D]: 1442 [T]:30 [TH]: 9, In
2016-01-04 18:28:21 :       Not a Dead Base
2016-01-04 18:28:31 :  12> [G]: 402215 [E]: 331504 [D]:  949 [T]:37 [TH]:10, In
2016-01-04 18:28:31 :       Not a Dead Base
2016-01-04 18:28:39 :  13> [G]: 176892 [E]: 117941 [D]:  958 [T]:30 [TH]: 9, In
2016-01-04 18:28:39 :       Not a Dead Base
2016-01-04 18:28:46 :  14> [G]:  22372 [E]:   3369 [D]:  686 [T]:25 [TH]: 9, In
2016-01-04 18:28:56 :  15> [G]:  91646 [E]: 393542 [D]: 1207 [T]:39 [TH]:10, In
2016-01-04 18:28:56 :       Not a Dead Base
2016-01-04 18:29:03 :       TH Outside Found! 
2016-01-04 18:29:03 :       Resource requirement not met for TH snipe 
2016-01-04 18:29:03 :  16> [G]:  25847 [E]:  28848 [D]:  378 [T]:33 [TH]: 9, Out
2016-01-04 18:29:12 :  17> [G]: 282420 [E]: 230231 [D]:  777 [T]:27 [TH]:10, In
2016-01-04 18:29:12 :       Not a Dead Base
2016-01-04 18:29:20 :  18> [G]: 423068 [E]:  80627 [D]: 3403 [T]:34 [TH]:10, In
2016-01-04 18:29:20 :       Not a Dead Base
2016-01-04 18:29:28 :  19> [G]:  96203 [E]:   7413 [D]:  492 [T]:43 [TH]:10, In
2016-01-04 18:29:35 :  20> [G]:  45835 [E]:  62625 [D]:  216 [T]:33 [TH]: 9, In
2016-01-04 18:29:42 :  21> [G]:  20828 [E]:  23230 [D]:  439 [T]:36 [TH]: 9, In
2016-01-04 18:29:50 :  22> [G]:  58752 [E]:  26459 [D]:  144 [T]:30 [TH]: 9, In
2016-01-04 18:29:58 :  23> [G]: 123233 [E]: 127159 [D]:  351 [T]:29 [TH]: 9, In
2016-01-04 18:29:58 :       Not a Dead Base
2016-01-04 18:30:07 :  24> [G]: 403025 [E]: 353883 [D]: 1670 [T]:34 [TH]:10, In
2016-01-04 18:30:07 :       Not a Dead Base
2016-01-04 18:30:15 :  25> [G]:  39609 [E]: 382344 [D]: 1536 [T]:33 [TH]:10, In
2016-01-04 18:30:15 :       Not a Dead Base
2016-01-04 18:30:23 :  26> [G]:  64471 [E]: 197607 [D]: 3731 [T]:46 [TH]:10, In
2016-01-04 18:30:23 :       Not a Dead Base
2016-01-04 18:30:31 :       TH Outside Found! 
2016-01-04 18:30:31 :       Resource requirement not met for TH snipe 
2016-01-04 18:30:31 :  27> [G]:  14743 [E]:  14686 [D]:  297 [T]:38 [TH]: 9, Out
2016-01-04 18:30:38 :  28> [G]:  56613 [E]:  54866 [D]: 3102 [T]:48 [TH]:10, In
2016-01-04 18:30:46 :  29> [G]: 318831 [E]: 133802 [D]: 3635 [T]:46 [TH]:10, In
2016-01-04 18:30:47 :       Not a Dead Base
2016-01-04 18:30:55 :  30> [G]: 331326 [E]: 324834 [D]: 3000 [T]:42 [TH]:10, In
2016-01-04 18:30:55 :       Not a Dead Base
2016-01-04 18:31:02 :  31> [G]:  60962 [E]:  75777 [D]:  813 [T]:36 [TH]: 9, In
2016-01-04 18:31:11 :  32> [G]: 105918 [E]: 463976 [D]: 2542 [T]:32 [TH]:10, In
2016-01-04 18:31:11 :       Not a Dead Base
2016-01-04 18:31:19 :  33> [G]: 100631 [E]: 107773 [D]: 1919 [T]:28 [TH]:10, In
2016-01-04 18:31:26 :  34> [G]:  72822 [E]:  30464 [D]:   25 [T]:39 [TH]:10, In
2016-01-04 18:31:34 :  35> [G]: 394726 [E]: 430357 [D]: 3127 [T]:30 [TH]:11, In
2016-01-04 18:31:34 :       Not a Dead Base
2016-01-04 18:31:42 :  36> [G]: 356142 [E]: 280203 [D]: 2573 [T]:28 [TH]:10, In
2016-01-04 18:31:42 :       Not a Dead Base
2016-01-04 18:31:50 :       TH Outside Found! 
2016-01-04 18:31:50 :       Resource requirement not met for TH snipe 
2016-01-04 18:31:50 :  37> [G]:  57072 [E]:  64691 [D]:  141 [T]:15 [TH]: 8, Out
2016-01-04 18:31:58 :  38> [G]: 168543 [E]: 115330 [D]: 2707 [T]:47 [TH]:11, In
2016-01-04 18:31:58 :       Not a Dead Base
2016-01-04 18:32:06 :       TH Outside Found! 
2016-01-04 18:32:06 :       Resource requirement not met for TH snipe 
2016-01-04 18:32:06 :  39> [G]:  47258 [E]:  21151 [D]:   55 [T]:25 [TH]: 8, Out
2016-01-04 18:32:14 :  40> [G]:  39462 [E]: 143902 [D]:  367 [T]:14 [TH]:10, In
2016-01-04 18:32:21 :       TH Outside Found! 
2016-01-04 18:32:21 :       Resource requirement not met for TH snipe 
2016-01-04 18:32:21 :  41> [G]:  36695 [E]:  16366 [D]:  276 [T]:28 [TH]: 8, Out
2016-01-04 18:32:29 :  42> [G]: 437965 [E]: 340806 [D]: 3686 [T]:45 [TH]:11, In
2016-01-04 18:32:29 :       Not a Dead Base
2016-01-04 18:32:37 :       TH Outside Found! 
2016-01-04 18:32:37 :       Resource requirement met for TH snipe 
2016-01-04 18:32:37 :  43> [G]: 242585 [E]: 181344 [D]: 1100 [T]:49 [TH]:10, Out
2016-01-04 18:32:39 : ================ Search Complete =================
2016-01-04 18:32:39 : Initiating attack for: TH Snipe
2016-01-04 18:32:41 : -*-Barbarians 142
2016-01-04 18:32:41 : -*-Archers 98
2016-01-04 18:32:41 : -*-Clan Castle 
2016-01-04 18:32:41 : -*-Heal Spells 3
2016-01-04 18:32:41 : -*-Rage Spells 1
2016-01-04 18:32:41 : -*-Jump Spells 1
2016-01-04 18:32:41 : -*-Poison Spells 1
2016-01-04 18:32:41 :  ====== Start Attack ====== 
2016-01-04 18:32:43 : Sniping TH with Barch            	 
2016-01-04 18:32:43 : Attacking TH with 1st wave of BARCH   
2016-01-04 18:32:43 : Dropping Only wave of 4 Barbarians
2016-01-04 18:32:44 : Custom Corner deployment THi = 16 ,x = 425 ,y = 495
2016-01-04 18:32:44 : Deployment of 4 Barbarians was Successful!
2016-01-04 18:32:46 :                                       
2016-01-04 18:32:46 : Dropping Only wave of 4 Archers
2016-01-04 18:32:47 : Custom Corner deployment THi = 16 ,x = 425 ,y = 495
2016-01-04 18:32:47 : Deployment of 4 Archers was Successful!
2016-01-04 18:32:49 :                                       
2016-01-04 18:32:51 : Checking if the Gold&Elixir are changing...
2016-01-04 18:32:53 :                                       
2016-01-04 18:32:54 : Checking if the Gold&Elixir are changing...
2016-01-04 18:32:56 :                                       
2016-01-04 18:32:57 : Checking if the Gold&Elixir are changing...
2016-01-04 18:32:59 :                                       
2016-01-04 18:33:00 : Oh Shit! Seems like a trapped TH!     
2016-01-04 18:33:01 : Checking if the Gold&Elixir are changing...
2016-01-04 18:33:03 :                                       
2016-01-04 18:33:03 : Quit wasting troops					 
2016-01-04 18:33:04 : Checking if the Gold&Elixir are changing...
2016-01-04 18:33:06 :                                       
2016-01-04 18:33:06 : ~Finished Attacking, waiting to finish
2016-01-04 18:33:17 : Checking if the Gold&Elixir are changing...
2016-01-04 18:33:19 : 										 
2016-01-04 18:33:20 : Wait few sec before close attack
2016-01-04 18:33:58 : Returning Home
2016-01-04 18:34:01 : Loot: [G]: 0 [E]: 0 [DE]:  [T]: -7
2016-01-04 18:34:01 : Stars earned: 0
2016-01-04 18:34:09 : Trying to locate Main Screen
2016-01-04 18:34:09 : Main Screen Located
2016-01-04 18:34:11 : Village Report
2016-01-04 18:34:11 : No. of Free/Total Builders: 0/5
2016-01-04 18:34:11 :  [T]: 1 122
2016-01-04 18:34:11 :  [G]: 4 615 815 [E]: 6 185 712 [D]: 29 091 [GEM]: 3 638
2016-01-04 18:34:12 : Collecting Resources
2016-01-04 18:34:25 : Training Troops & Spells
2016-01-04 18:34:26 : Checking Army Camp...
2016-01-04 18:34:27 : Total Army Camp capacity: 240/240 (100%)
2016-01-04 18:34:28 :  - No. of Barbarians: 142
2016-01-04 18:34:28 :  - No. of Archers: 98
2016-01-04 18:34:29 : Your Army Camps are now Full
2016-01-04 18:34:29 : Calculating Troops before Training new Army.
2016-01-04 18:34:44 : Going to Attack...
2016-01-04 18:34:50 : ============== Searching For Dead Base ===============
2016-01-04 18:34:50 : ~~~~~~~~~~~~~~~ SEARCH CONDITIONS ~~~~~~~~~~~~~~~~
2016-01-04 18:34:50 : Meet: Gold + Elixir
2016-01-04 18:34:50 : ~~~~~~~~~~~~~~ RESOURCE CONDITIONS ~~~~~~~~~~~~~~~
2016-01-04 18:34:50 : Aim: [G+E]: 250000 [D]: 1000 [T]: 0 for: Dead Base
2016-01-04 18:34:50 : ~~~~~~~~~~~~~~~ ADVANCED SETTINGS ~~~~~~~~~~~~~~~~
2016-01-04 18:34:50 : THSnipe Combo, 3 Tile(s),  Attack TH Outside custom1
2016-01-04 18:34:50 : Aim: [G]: 140000 [E]: 140000 [D]: 1200
2016-01-04 18:34:50 : ==================================================
2016-01-04 18:34:56 :   1> [G]:  50657 [E]:   4261 [D]:  328 [T]:32 [TH]: 8, In
2016-01-04 18:35:04 :   2> [G]:   2781 [E]:  69150 [D]:   29 [T]:31 [TH]: 9, In
2016-01-04 18:35:11 :   3> [G]:  50307 [E]: 111735 [D]:  326 [T]:28 [TH]: 9, In
2016-01-04 18:35:19 :   4> [G]:   6160 [E]:   5362 [D]:  235 [T]:33 [TH]: 9, In
2016-01-04 18:35:27 :       TH Outside Found! 
2016-01-04 18:35:27 :       Resource requirement not met for TH snipe 
2016-01-04 18:35:27 :   5> [G]:  75269 [E]:  44493 [D]:  301 [T]:28 [TH]:10, Out
2016-01-04 18:35:36 :   6> [G]:  78690 [E]: 223498 [D]: 1599 [T]:34 [TH]: 9, In
2016-01-04 18:35:36 :       Not a Dead Base
2016-01-04 18:35:44 :   7> [G]: 396809 [E]: 485654 [D]: 3764 [T]:22 [TH]:11, In
2016-01-04 18:35:44 :       Not a Dead Base
2016-01-04 18:35:51 :   8> [G]:  15288 [E]:  33102 [D]:  559 [T]:27 [TH]: 9, In
2016-01-04 18:35:59 :       TH Outside Found! 
2016-01-04 18:35:59 :       Resource requirement met for TH snipe 
2016-01-04 18:35:59 :   9> [G]: 228204 [E]: 211270 [D]: 1262 [T]:18 [TH]:10, Out
2016-01-04 18:36:01 : ================ Search Complete =================
2016-01-04 18:36:01 : Initiating attack for: TH Snipe
2016-01-04 18:36:03 : -*-Barbarians 142
2016-01-04 18:36:03 : -*-Archers 98
2016-01-04 18:36:03 : -*-Clan Castle 
2016-01-04 18:36:03 : -*-Heal Spells 3
2016-01-04 18:36:03 : -*-Rage Spells 1
2016-01-04 18:36:03 : -*-Jump Spells 1
2016-01-04 18:36:03 : -*-Poison Spells 1
2016-01-04 18:36:03 :  ====== Start Attack ====== 
2016-01-04 18:36:05 : Sniping TH with Barch            	 
2016-01-04 18:36:05 : Attacking TH with 1st wave of BARCH   
2016-01-04 18:36:05 : Dropping Only wave of 4 Barbarians
2016-01-04 18:36:06 : Custom Corner deployment THi = 16 ,x = 427 ,y = 106
2016-01-04 18:36:06 : Deployment of 4 Barbarians was Successful!
2016-01-04 18:36:08 :                                       
2016-01-04 18:36:08 : Dropping Only wave of 4 Archers
2016-01-04 18:36:09 : Custom Corner deployment THi = 16 ,x = 427 ,y = 106
2016-01-04 18:36:10 : Deployment of 4 Archers was Successful!
2016-01-04 18:36:11 :                                       
2016-01-04 18:36:13 : Checking if the Gold&Elixir are changing...
2016-01-04 18:36:15 :                                       
2016-01-04 18:36:16 : Checking if the Gold&Elixir are changing...
2016-01-04 18:36:18 :                                       
2016-01-04 18:36:19 : Checking if the Gold&Elixir are changing...
2016-01-04 18:36:22 :                                       
2016-01-04 18:36:22 : Oh Shit! Seems like a trapped TH!     
2016-01-04 18:36:23 : Checking if the Gold&Elixir are changing...
2016-01-04 18:36:25 :                                       
2016-01-04 18:36:25 : Quit wasting troops					 
2016-01-04 18:36:26 : Checking if the Gold&Elixir are changing...
2016-01-04 18:36:28 :                                       
2016-01-04 18:36:28 : ~Finished Attacking, waiting to finish
2016-01-04 18:36:39 : Checking if the Gold&Elixir are changing...
2016-01-04 18:36:41 : 										 
2016-01-04 18:36:41 : Wait few sec before close attack
2016-01-04 18:37:02 : Returning Home
2016-01-04 18:37:06 : Loot: [G]: 28 722 [E]: 26 681 [DE]: 113 [T]: 6
2016-01-04 18:37:06 : Bonus Percentage: 3%
2016-01-04 18:37:07 : Bonus [G]: 111 out of 3 700 [E]: 111 out of 3 700
2016-01-04 18:37:07 : Your league level is: Silver II
2016-01-04 18:37:07 : Stars earned: 1
2016-01-04 18:37:16 : Trying to locate Main Screen
2016-01-04 18:37:16 : Main Screen Located
2016-01-04 18:37:17 : Village Report
2016-01-04 18:37:17 : No. of Free/Total Builders: 0/5
2016-01-04 18:37:17 :  [T]: 1 128
2016-01-04 18:37:17 :  [G]: 4 642 262 [E]: 6 215 218 [D]: 29 236 [GEM]: 3 638
2016-01-04 18:37:19 : Collecting Resources
2016-01-04 18:37:31 : Training Troops & Spells
2016-01-04 18:37:32 : Checking Army Camp...
2016-01-04 18:37:33 : Total Army Camp capacity: 240/240 (100%)
2016-01-04 18:37:34 :  - No. of Barbarians: 142
2016-01-04 18:37:34 :  - No. of Archers: 98
2016-01-04 18:37:35 : Your Army Camps are now Full
2016-01-04 18:37:35 : Calculating Troops before Training new Army.
2016-01-04 18:37:50 : Going to Attack...
2016-01-04 18:37:56 : ============== Searching For Dead Base ===============
2016-01-04 18:37:56 : ~~~~~~~~~~~~~~~ SEARCH CONDITIONS ~~~~~~~~~~~~~~~~
2016-01-04 18:37:56 : Meet: Gold + Elixir
2016-01-04 18:37:56 : ~~~~~~~~~~~~~~ RESOURCE CONDITIONS ~~~~~~~~~~~~~~~
2016-01-04 18:37:56 : Aim: [G+E]: 250000 [D]: 1000 [T]: 0 for: Dead Base
2016-01-04 18:37:56 : ~~~~~~~~~~~~~~~ ADVANCED SETTINGS ~~~~~~~~~~~~~~~~
2016-01-04 18:37:56 : THSnipe Combo, 3 Tile(s),  Attack TH Outside custom1
2016-01-04 18:37:56 : Aim: [G]: 140000 [E]: 140000 [D]: 1200
2016-01-04 18:37:56 : ==================================================
2016-01-04 18:38:03 :   1> [G]: 218703 [E]: 275965 [D]: 1120 [T]:24 [TH]: 9, In
2016-01-04 18:38:03 :       Not a Dead Base
2016-01-04 18:38:12 :   2> [G]: 320114 [E]: 409563 [D]: 1925 [T]:30 [TH]:10, In
2016-01-04 18:38:12 :       Not a Dead Base
2016-01-04 18:38:19 :   3> [G]:   9071 [E]:  10757 [D]:  725 [T]:25 [TH]: 9, In
2016-01-04 18:38:27 :       TH Outside Found! 
2016-01-04 18:38:27 :       Resource requirement met for TH snipe 
2016-01-04 18:38:27 :   4> [G]: 112222 [E]: 146681 [D]:  347 [T]:31 [TH]: 9, Out
2016-01-04 18:38:29 : ================ Search Complete =================
2016-01-04 18:38:29 : Initiating attack for: TH Snipe
2016-01-04 18:38:31 : -*-Barbarians 142
2016-01-04 18:38:31 : -*-Archers 98
2016-01-04 18:38:31 : -*-Clan Castle 
2016-01-04 18:38:31 : -*-Heal Spells 3
2016-01-04 18:38:31 : -*-Rage Spells 1
2016-01-04 18:38:31 : -*-Jump Spells 1
2016-01-04 18:38:31 : -*-Poison Spells 1
2016-01-04 18:38:31 :  ====== Start Attack ====== 
2016-01-04 18:38:33 : Sniping TH with Barch            	 
2016-01-04 18:38:33 : Attacking TH with 1st wave of BARCH   
2016-01-04 18:38:33 : Dropping Only wave of 4 Barbarians
2016-01-04 18:38:34 : Deployment of 4 Barbarians was Successful!
2016-01-04 18:38:36 :                                       
2016-01-04 18:38:36 : Dropping Only wave of 4 Archers
2016-01-04 18:38:37 : Deployment of 4 Archers was Successful!
2016-01-04 18:38:39 :                                       
2016-01-04 18:38:40 : Checking if the Gold&Elixir are changing...
2016-01-04 18:38:42 :                                       
2016-01-04 18:38:44 : Checking if the Gold&Elixir are changing...
2016-01-04 18:38:46 :                                       
2016-01-04 18:38:47 : Checking if the Gold&Elixir are changing...
2016-01-04 18:38:49 : Gold & Elixir change detected, waiting...
2016-01-04 18:38:51 : Gold & Elixir change detected, waiting...
2016-01-04 18:38:54 : Gold & Elixir change detected, waiting...
2016-01-04 18:38:54 :                                       
2016-01-04 18:38:54 : Oh Shit! Seems like a trapped TH!     
2016-01-04 18:38:55 : Checking if the Gold&Elixir are changing...
2016-01-04 18:38:57 : Gold & Elixir change detected, waiting...
2016-01-04 18:38:59 : Gold & Elixir change detected, waiting...
2016-01-04 18:39:02 : Gold & Elixir change detected, waiting...
2016-01-04 18:39:02 :                                       
2016-01-04 18:39:02 : Quit wasting troops					 
2016-01-04 18:39:03 : Checking if the Gold&Elixir are changing...
2016-01-04 18:39:05 : Gold & Elixir change detected, waiting...
2016-01-04 18:39:07 : Gold & Elixir change detected, waiting...
2016-01-04 18:39:09 : Gold & Elixir change detected, waiting...
2016-01-04 18:39:09 :                                       
2016-01-04 18:39:09 : Townhall has been destroyed!
2016-01-04 18:39:11 : Wait few sec before close attack
2016-01-04 18:39:20 : Returning Home
2016-01-04 18:39:24 : Loot: [G]: 25 543 [E]: 28 803 [DE]: 55 [T]: 10
2016-01-04 18:39:24 : Bonus Percentage: 8%
2016-01-04 18:39:24 : Bonus [G]: 296 out of 3 700 [E]: 296 out of 3 700
2016-01-04 18:39:25 : Your league level is: Silver II
2016-01-04 18:39:25 : Stars earned: 1
2016-01-04 18:39:33 : Trying to locate Main Screen
2016-01-04 18:39:33 : Main Screen Located
2016-01-04 18:39:35 : Village Report
2016-01-04 18:39:35 : No. of Free/Total Builders: 0/5
2016-01-04 18:39:35 :  [T]: 1 138
2016-01-04 18:39:35 :  [G]: 4 664 501 [E]: 6 241 317 [D]: 29 299 [GEM]: 3 638
2016-01-04 18:39:36 : Collecting Resources
2016-01-04 18:39:48 : Training Troops & Spells
2016-01-04 18:39:49 : Checking Army Camp...
2016-01-04 18:39:50 : Total Army Camp capacity: 240/240 (100%)
2016-01-04 18:39:51 :  - No. of Barbarians: 146
2016-01-04 18:39:51 :  - No. of Archers: 94
2016-01-04 18:39:52 : Your Army Camps are now Full
2016-01-04 18:39:52 : Calculating Troops before Training new Army.
2016-01-04 18:40:08 : Going to Attack...
2016-01-04 18:40:13 : ============== Searching For Dead Base ===============
2016-01-04 18:40:13 : ~~~~~~~~~~~~~~~ SEARCH CONDITIONS ~~~~~~~~~~~~~~~~
2016-01-04 18:40:13 : Meet: Gold + Elixir
2016-01-04 18:40:13 : ~~~~~~~~~~~~~~ RESOURCE CONDITIONS ~~~~~~~~~~~~~~~
2016-01-04 18:40:13 : Aim: [G+E]: 250000 [D]: 1000 [T]: 0 for: Dead Base
2016-01-04 18:40:13 : ~~~~~~~~~~~~~~~ ADVANCED SETTINGS ~~~~~~~~~~~~~~~~
2016-01-04 18:40:13 : THSnipe Combo, 3 Tile(s),  Attack TH Outside custom1
2016-01-04 18:40:13 : Aim: [G]: 140000 [E]: 140000 [D]: 1200
2016-01-04 18:40:13 : ==================================================
2016-01-04 18:40:20 :       TH Outside Found! 
2016-01-04 18:40:20 :       Resource requirement not met for TH snipe 
2016-01-04 18:40:20 :   1> [G]:  37414 [E]:  58845 [D]:  312 [T]:17 [TH]: 8, Out
2016-01-04 18:40:28 :   2> [G]:  28235 [E]: 241774 [D]: 1114 [T]:34 [TH]: 9, In
2016-01-04 18:40:28 :       Not a Dead Base
2016-01-04 18:40:35 :       TH Outside Found! 
2016-01-04 18:40:35 :       Resource requirement not met for TH snipe 
2016-01-04 18:40:35 :   3> [G]:  13028 [E]:  13042 [D]:  107 [T]:35 [TH]: 9, Out
2016-01-04 18:40:42 :   4> [G]:  90433 [E]:  55752 [D]:  430 [T]:25 [TH]: 9, In
2016-01-04 18:40:51 :   5> [G]: 128969 [E]: 242207 [D]: 2328 [T]:16 [TH]:10, In
2016-01-04 18:40:51 :       Not a Dead Base
2016-01-04 18:40:59 :   6> [G]: 120039 [E]: 402261 [D]: 1565 [T]:35 [TH]:10, In
2016-01-04 18:40:59 :       Not a Dead Base
2016-01-04 18:41:06 :       TH Outside Found! 
2016-01-04 18:41:06 :       Resource requirement not met for TH snipe 
2016-01-04 18:41:06 :   7> [G]:  62045 [E]:  47141 [D]:  905 [T]:32 [TH]: 9, Out
2016-01-04 18:41:13 :       TH Outside Found! 
2016-01-04 18:41:13 :       Resource requirement not met for TH snipe 
2016-01-04 18:41:13 :   8> [G]:  68817 [E]:  11731 [D]: 1137 [T]:36 [TH]: 9, Out
2016-01-04 18:41:22 :   9> [G]: 166963 [E]:  84825 [D]: 4138 [T]:29 [TH]:11, In
2016-01-04 18:41:22 :       Not a Dead Base
2016-01-04 18:41:30 :  10> [G]: 477684 [E]:  62696 [D]: 1955 [T]:39 [TH]:11, In
2016-01-04 18:41:30 :       Not a Dead Base
2016-01-04 18:41:37 :       TH Outside Found! 
2016-01-04 18:41:37 :       Resource requirement not met for TH snipe 
2016-01-04 18:41:37 :  11> [G]:  60211 [E]:  38944 [D]:  121 [T]:26 [TH]: 9, Out
2016-01-04 18:41:46 :  12> [G]: 467724 [E]: 208923 [D]: 1672 [T]:36 [TH]:11, In
2016-01-04 18:41:46 :       Not a Dead Base
2016-01-04 18:41:53 :  13> [G]:  34285 [E]:  80861 [D]:  300 [T]:35 [TH]: 9, In
2016-01-04 18:42:02 :  14> [G]:  31412 [E]: 335472 [D]: 3087 [T]:34 [TH]:10, In
2016-01-04 18:42:02 :       Not a Dead Base
2016-01-04 18:42:09 :  15> [G]:   4662 [E]:   4284 [D]:  839 [T]:40 [TH]:10, In
2016-01-04 18:42:16 :  16> [G]: 129271 [E]:   5186 [D]: 2523 [T]:26 [TH]:10, In
2016-01-04 18:42:23 :       TH Outside Found! 
2016-01-04 18:42:23 :       Resource requirement not met for TH snipe 
2016-01-04 18:42:23 :  17> [G]:  35519 [E]:  37711 [D]:  235 [T]:31 [TH]: 9, Out
2016-01-04 18:42:31 :  18> [G]:  41729 [E]:  48061 [D]:  779 [T]:36 [TH]: 9, In
2016-01-04 18:42:40 :  19> [G]: 553293 [E]: 243124 [D]: 4225 [T]:38 [TH]:11, In
2016-01-04 18:42:40 :       Not a Dead Base
2016-01-04 18:42:48 :       TH Outside Found! 
2016-01-04 18:42:48 :       Resource requirement not met for TH snipe 
2016-01-04 18:42:48 :  20> [G]:  52403 [E]:  28587 [D]:  211 [T]:31 [TH]: 9, Out
2016-01-04 18:42:57 :  21> [G]: 118045 [E]: 165095 [D]: 2326 [T]:19 [TH]:10, In
2016-01-04 18:42:57 :       Not a Dead Base
2016-01-04 18:43:04 :  22> [G]:  10054 [E]: 165060 [D]: 1294 [T]:30 [TH]: 9, In
2016-01-04 18:43:12 :       TH Outside Found! 
2016-01-04 18:43:12 :       Resource requirement not met for TH snipe 
2016-01-04 18:43:12 :  23> [G]:  45195 [E]:  64682 [D]:  537 [T]:26 [TH]: 9, Out
2016-01-04 18:43:20 :       TH Outside Found! 
2016-01-04 18:43:20 :       Resource requirement met for TH snipe 
2016-01-04 18:43:20 :  24> [G]: 226216 [E]: 143944 [D]: 1253 [T]:14 [TH]:10, Out
2016-01-04 18:43:21 : ================ Search Complete =================
2016-01-04 18:43:21 : Initiating attack for: TH Snipe
2016-01-04 18:43:23 : -*-Barbarians 146
2016-01-04 18:43:23 : -*-Archers 94
2016-01-04 18:43:23 : -*-Clan Castle 
2016-01-04 18:43:23 : -*-Heal Spells 3
2016-01-04 18:43:23 : -*-Rage Spells 1
2016-01-04 18:43:23 : -*-Jump Spells 1
2016-01-04 18:43:23 : -*-Poison Spells 1
2016-01-04 18:43:23 :  ====== Start Attack ====== 
2016-01-04 18:43:25 : Sniping TH with Barch            	 
2016-01-04 18:43:25 : Attacking TH with 1st wave of BARCH   
2016-01-04 18:43:26 : Dropping Only wave of 4 Barbarians
2016-01-04 18:43:26 : Custom Corner deployment THi = 0 ,x = 124 ,y = 330
2016-01-04 18:43:27 : Deployment of 4 Barbarians was Successful!
2016-01-04 18:43:29 :                                       
2016-01-04 18:43:29 : Dropping Only wave of 4 Archers
2016-01-04 18:43:29 : Custom Corner deployment THi = 0 ,x = 124 ,y = 330
2016-01-04 18:43:30 : Deployment of 4 Archers was Successful!
2016-01-04 18:43:32 :                                       
2016-01-04 18:43:33 : Checking if the Gold&Elixir are changing...
2016-01-04 18:43:35 :                                       
2016-01-04 18:43:36 : Checking if the Gold&Elixir are changing...
2016-01-04 18:43:39 :                                       
2016-01-04 18:43:40 : Checking if the Gold&Elixir are changing...
2016-01-04 18:43:42 :                                       
2016-01-04 18:43:42 : Oh Shit! Seems like a trapped TH!     
2016-01-04 18:43:43 : Checking if the Gold&Elixir are changing...
2016-01-04 18:43:45 :                                       
2016-01-04 18:43:45 : Quit wasting troops					 
2016-01-04 18:43:47 : Checking if the Gold&Elixir are changing...
2016-01-04 18:43:49 :                                       
2016-01-04 18:43:49 : ~Finished Attacking, waiting to finish
2016-01-04 18:43:58 : Townhall has been destroyed!
2016-01-04 18:43:59 : Wait few sec before close attack
2016-01-04 18:44:07 : Returning Home
2016-01-04 18:44:11 : Loot: [G]: 43 289 [E]: 26 838 [DE]: 230 [T]: 4
2016-01-04 18:44:11 : Bonus Percentage: 3%
2016-01-04 18:44:11 : Bonus [G]: 111 out of 3 700 [E]: 111 out of 3 700
2016-01-04 18:44:12 : Your league level is: Silver II
2016-01-04 18:44:12 : Stars earned: 1
2016-01-04 18:44:20 : Trying to locate Main Screen
2016-01-04 18:44:20 : Main Screen Located
2016-01-04 18:44:22 : Village Report
2016-01-04 18:44:22 : No. of Free/Total Builders: 0/5
2016-01-04 18:44:22 :  [T]: 1 142
2016-01-04 18:44:22 :  [G]: 4 686 301 [E]: 6 262 766 [D]: 29 535 [GEM]: 3 638
2016-01-04 18:44:23 : Collecting Resources
2016-01-04 18:44:36 : Training Troops & Spells
2016-01-04 18:44:36 : Checking Army Camp...
2016-01-04 18:44:37 : Total Army Camp capacity: 240/240 (100%)
2016-01-04 18:44:38 :  - No. of Barbarians: 146
2016-01-04 18:44:38 :  - No. of Archers: 94
2016-01-04 18:44:39 : Your Army Camps are now Full
2016-01-04 18:44:39 : Calculating Troops before Training new Army.
2016-01-04 18:44:55 : Going to Attack...
2016-01-04 18:45:01 : ============== Searching For Dead Base ===============
2016-01-04 18:45:01 : ~~~~~~~~~~~~~~~ SEARCH CONDITIONS ~~~~~~~~~~~~~~~~
2016-01-04 18:45:01 : Meet: Gold + Elixir
2016-01-04 18:45:01 : ~~~~~~~~~~~~~~ RESOURCE CONDITIONS ~~~~~~~~~~~~~~~
2016-01-04 18:45:01 : Aim: [G+E]: 250000 [D]: 1000 [T]: 0 for: Dead Base
2016-01-04 18:45:01 : ~~~~~~~~~~~~~~~ ADVANCED SETTINGS ~~~~~~~~~~~~~~~~
2016-01-04 18:45:01 : THSnipe Combo, 3 Tile(s),  Attack TH Outside custom1
2016-01-04 18:45:01 : Aim: [G]: 140000 [E]: 140000 [D]: 1200
2016-01-04 18:45:01 : ==================================================
2016-01-04 18:45:07 :       TH Outside Found! 
2016-01-04 18:45:07 :       Resource requirement not met for TH snipe 
2016-01-04 18:45:07 :   1> [G]:  31403 [E]:  34534 [D]:  187 [T]:28 [TH]: 9, Out
2016-01-04 18:45:15 :       TH Outside Found! 
2016-01-04 18:45:15 :       Resource requirement not met for TH snipe 
2016-01-04 18:45:15 :   2> [G]:  98291 [E]: 122234 [D]:  301 [T]:22 [TH]: 9, Out
2016-01-04 18:45:23 :   3> [G]: 428591 [E]:  50107 [D]: 2176 [T]:35 [TH]:10, In
2016-01-04 18:45:23 :       Not a Dead Base
2016-01-04 18:45:30 :   4> [G]:  32155 [E]:  25064 [D]:   36 [T]:31 [TH]: 9, In
2016-01-04 18:45:37 : Trying to locate Main Screen
2016-01-04 18:45:38 : Connection lost, Reloading CoC...
2016-01-04 18:45:43 : Waiting for Main Screen
2016-01-04 18:45:43 : Main Screen Located
2016-01-04 18:45:43 : Connection Lost While Searching
2016-01-04 18:45:45 : Trying to locate Main Screen
2016-01-04 18:45:46 : Main Screen Located
2016-01-04 18:45:46 : Restarted after Out of Sync Error: Attack Now
2016-01-04 18:45:46 : Trying to locate Main Screen
2016-01-04 18:45:46 : Main Screen Located
2016-01-04 18:45:46 : Going to Attack...
2016-01-04 18:45:52 : ============== Searching For Dead Base ===============
2016-01-04 18:45:52 : ~~~~~~~~~~~~~~~ SEARCH CONDITIONS ~~~~~~~~~~~~~~~~
2016-01-04 18:45:52 : Meet: Gold + Elixir
2016-01-04 18:45:52 : ~~~~~~~~~~~~~~ RESOURCE CONDITIONS ~~~~~~~~~~~~~~~
2016-01-04 18:45:52 : Aim: [G+E]: 250000 [D]: 1000 [T]: 0 for: Dead Base
2016-01-04 18:45:52 : ~~~~~~~~~~~~~~~ ADVANCED SETTINGS ~~~~~~~~~~~~~~~~
2016-01-04 18:45:52 : THSnipe Combo, 3 Tile(s),  Attack TH Outside custom1
2016-01-04 18:45:52 : Aim: [G]: 140000 [E]: 140000 [D]: 1200
2016-01-04 18:45:52 : ==================================================
2016-01-04 18:46:00 :   5> [G]: 409030 [E]: 391558 [D]: 1493 [T]:25 [TH]:10, In
2016-01-04 18:46:00 :       Not a Dead Base
2016-01-04 18:46:07 :   6> [G]:  47708 [E]:  40672 [D]:  118 [T]:30 [TH]: 8, In
2016-01-04 18:46:15 :   7> [G]: 358441 [E]:  19029 [D]: 2150 [T]:36 [TH]:10, In
2016-01-04 18:46:15 :       Not a Dead Base
2016-01-04 18:46:23 :   8> [G]: 154308 [E]:  94352 [D]:  403 [T]:25 [TH]: 9, In
2016-01-04 18:46:31 :   9> [G]:  13728 [E]: 237180 [D]: 2847 [T]:23 [TH]:10, In
2016-01-04 18:46:31 :       Not a Dead Base
2016-01-04 18:46:38 :  10> [G]:  15148 [E]:   6488 [D]:  194 [T]:34 [TH]: 9, In
2016-01-04 18:46:46 :  11> [G]:  15408 [E]:  25611 [D]:  101 [T]:32 [TH]: 8, In
2016-01-04 18:46:54 :  12> [G]: 180833 [E]: 271122 [D]: 3271 [T]:26 [TH]:10, In
2016-01-04 18:46:54 :       Not a Dead Base
2016-01-04 18:47:02 :  13> [G]: 496614 [E]: 567193 [D]: 2175 [T]:27 [TH]:10, In
2016-01-04 18:47:02 :       Dead Base Found! 
2016-01-04 18:47:04 : ================ Search Complete =================
2016-01-04 18:47:04 : Initiating attack for: Dead Base
2016-01-04 18:47:06 : -*-Barbarians 146
2016-01-04 18:47:06 : -*-Archers 94
2016-01-04 18:47:06 : -*-Clan Castle 
2016-01-04 18:47:06 : -*-Heal Spells 3
2016-01-04 18:47:06 : -*-Rage Spells 1
2016-01-04 18:47:06 : -*-Jump Spells 1
2016-01-04 18:47:06 : -*-Poison Spells 1
2016-01-04 18:47:06 :  ====== Start Attack ====== 
2016-01-04 18:47:08 : Attacking four finger fight style
2016-01-04 18:47:09 : Dropping only wave of 146 Barbarians
2016-01-04 18:47:12 : Dropping only wave of 94 Archers
2016-01-04 18:47:15 : Dropping left over troops
2016-01-04 18:47:15 : Checking remaining unused troops for: Dead Base
2016-01-04 18:47:17 : -*-Barbarians 9
2016-01-04 18:47:17 : -*-Clan Castle 
2016-01-04 18:47:17 : -*-Heal Spells 3
2016-01-04 18:47:17 : -*-Rage Spells 1
2016-01-04 18:47:17 : -*-Jump Spells 1
2016-01-04 18:47:17 : -*-Poison Spells 1
2016-01-04 18:47:17 : Dropping last wave of 9 Barbarians
2016-01-04 18:47:26 : Checking remaining unused troops for: Dead Base
2016-01-04 18:47:28 : -*-Barbarians 3
2016-01-04 18:47:28 : -*-Clan Castle 
2016-01-04 18:47:28 : -*-Heal Spells 3
2016-01-04 18:47:28 : -*-Rage Spells 1
2016-01-04 18:47:28 : -*-Jump Spells 1
2016-01-04 18:47:28 : -*-Poison Spells 1
2016-01-04 18:47:28 : Dropping last wave of 3 Barbarians
2016-01-04 18:47:38 : Finished Attacking, waiting for the battle to end
2016-01-04 18:47:38 : Checking if the battle has finished
2016-01-04 18:47:40 : detected [G]: 214601 [E]: 300308 [DE]: 689 |  Exit in  8 sec.
2016-01-04 18:47:40 : Gold & Elixir & DE change detected, waiting...
2016-01-04 18:47:43 : detected [G]: 187352 [E]: 279948 [DE]: 625 |  Exit in  8 sec.
2016-01-04 18:47:43 : Gold & Elixir & DE change detected, waiting...
2016-01-04 18:47:46 : detected [G]: 185732 [E]: 273840 [DE]: 561 |  Exit in  8 sec.
2016-01-04 18:47:47 : Gold & Elixir & DE change detected, waiting...
2016-01-04 18:47:50 : detected [G]: 185732 [E]: 273840 [DE]: 449 |  Exit in  8 sec.
2016-01-04 18:47:50 : Gold & Elixir & DE change detected, waiting...
2016-01-04 18:47:53 : detected [G]: 170986 [E]: 273840 [DE]: 433 |  Exit in  8 sec.
2016-01-04 18:47:53 : Gold & Elixir & DE change detected, waiting...
2016-01-04 18:47:56 : detected [G]: 151700 [E]: 264321 [DE]: 431 |  Exit in  8 sec.
2016-01-04 18:47:56 : Gold & Elixir & DE change detected, waiting...
2016-01-04 18:48:00 : detected [G]: 128863 [E]: 252882 [DE]: 405 |  Exit in  8 sec.
2016-01-04 18:48:00 : Gold & Elixir & DE change detected, waiting...
2016-01-04 18:48:03 : detected [G]: 126317 [E]: 235836 [DE]: 377 |  Exit in  8 sec.
2016-01-04 18:48:03 : Gold & Elixir & DE change detected, waiting...
2016-01-04 18:48:06 : detected [G]: 123905 [E]: 225238 [DE]: 353 |  Exit in  8 sec.
2016-01-04 18:48:06 : Gold & Elixir & DE change detected, waiting...
2016-01-04 18:48:10 : detected [G]: 121476 [E]: 217546 [DE]: 329 |  Exit in  8 sec.
2016-01-04 18:48:10 : Gold & Elixir & DE change detected, waiting...
2016-01-04 18:48:13 : detected [G]: 119856 [E]: 211389 [DE]: 311 |  Exit in  8 sec.
2016-01-04 18:48:13 : Gold & Elixir & DE change detected, waiting...
2016-01-04 18:48:16 : detected [G]: 119856 [E]: 201007 [DE]: 273 |  Exit in  8 sec.
2016-01-04 18:48:16 : Gold & Elixir & DE change detected, waiting...
2016-01-04 18:48:20 : detected [G]: 119856 [E]: 198703 [DE]: 208 |  Exit in  8 sec.
2016-01-04 18:48:20 : Gold & Elixir & DE change detected, waiting...
2016-01-04 18:48:23 : detected [G]: 119856 [E]: 196399 [DE]: 205 |  Exit in  8 sec.
2016-01-04 18:48:23 : Gold & Elixir & DE change detected, waiting...
2016-01-04 18:48:26 : detected [G]: 119856 [E]: 193319 [DE]: 205 |  Exit in  8 sec.
2016-01-04 18:48:26 : Gold & Elixir & DE change detected, waiting...
2016-01-04 18:48:30 : detected [G]: 119856 [E]: 191009 [DE]: 205 |  Exit in  8 sec.
2016-01-04 18:48:30 : Gold & Elixir & DE change detected, waiting...
2016-01-04 18:48:33 : detected [G]: 119856 [E]: 188699 [DE]: 205 |  Exit in  8 sec.
2016-01-04 18:48:33 : Gold & Elixir & DE change detected, waiting...
2016-01-04 18:48:36 : detected [G]: 119856 [E]: 185619 [DE]: 205 |  Exit in  8 sec.
2016-01-04 18:48:36 : Gold & Elixir & DE change detected, waiting...
2016-01-04 18:48:40 : detected [G]: 119856 [E]: 183309 [DE]: 205 |  Exit in  8 sec.
2016-01-04 18:48:40 : Gold & Elixir & DE change detected, waiting...
2016-01-04 18:48:43 : detected [G]: 119856 [E]: 181384 [DE]: 205 |  Exit in  8 sec.
2016-01-04 18:48:43 : Gold & Elixir & DE change detected, waiting...
2016-01-04 18:48:46 : detected [G]: 119856 [E]: 181384 [DE]: 205 |  Exit in  8 sec.
2016-01-04 18:48:48 : detected [G]: 119856 [E]: 181384 [DE]: 205 |  Exit in  6 sec.
2016-01-04 18:48:50 : detected [G]: 119856 [E]: 181384 [DE]: 205 |  Exit in  5 sec.
2016-01-04 18:48:51 : detected [G]: 119856 [E]: 181384 [DE]: 205 |  Exit in  3 sec.
2016-01-04 18:48:53 : detected [G]: 119856 [E]: 181384 [DE]: 205 |  Exit in  1 sec.
2016-01-04 18:48:55 : detected [G]: 119856 [E]: 181384 [DE]: 205 |  Exit in  0 sec.
2016-01-04 18:48:55 : Gold & Elixir & DE no change detected, exit
2016-01-04 18:48:55 : Returning Home
2016-01-04 18:48:59 : Loot: [G]: 376 758 [E]: 385 809 [DE]: 1 970 [T]: 9
2016-01-04 18:48:59 : Bonus Percentage: 100%
2016-01-04 18:49:00 : Bonus [G]: 3 700 [E]: 3 700
2016-01-04 18:49:00 : Your league level is: Silver II
2016-01-04 18:49:00 : Stars earned: 1
2016-01-04 18:49:08 : Trying to locate Main Screen
2016-01-04 18:49:08 : Main Screen Located
2016-01-04 18:49:10 : Village Report
2016-01-04 18:49:10 : No. of Free/Total Builders: 0/5
2016-01-04 18:49:10 :  [T]: 1 151
2016-01-04 18:49:10 :  [G]: 5 054 465 [E]: 6 649 582 [D]: 31 519 [GEM]: 3 638
2016-01-04 18:49:11 : Collecting Resources
2016-01-04 18:49:24 : Training Troops & Spells
2016-01-04 18:49:25 : Checking Army Camp...
2016-01-04 18:49:30 : Bot was Paused!
