2016-01-01 11:40:22 : ============================= ATTACK LOG ==============================
2016-01-01 11:40:22 :                    --------  LOOT --------       ----- BONUS ------
2016-01-01 11:40:22 :  TIME|TROP.|SEARCH|   GOLD| ELIXIR|DARK EL|TR.|S|  GOLD|ELIXIR|  DE|L.
2016-01-01 11:49:00 : 11:49| 1087|     2|   7810|  20730|     78| 12|1|   333|   333|   0|S2||101/240|
2016-01-01 12:10:50 : 12:10| 1099|    52|  77166| 229849|    771| 21|3|  3700|  3700|   0|S2||216/240|
2016-01-01 12:12:32 : ============================= ATTACK LOG ==============================
2016-01-01 12:12:32 :                    --------  LOOT --------       ----- BONUS ------
2016-01-01 12:12:32 :  TIME|TROP.|SEARCH|   GOLD| ELIXIR|DARK EL|TR.|S|  GOLD|ELIXIR|  DE|L.
2016-01-01 12:19:36 : ============================= ATTACK LOG ==============================
2016-01-01 12:19:36 :                    --------  LOOT --------       ----- BONUS ------
2016-01-01 12:19:36 :  TIME|TROP.|SEARCH|   GOLD| ELIXIR|DARK EL|TR.|S|  GOLD|ELIXIR|  DE|L.
2016-01-01 12:29:10 : 12:29| 1120|     4|  97054|  80677|   1054|  4|1|  2479|  2479|   0|S2||196/240|
2016-01-01 12:33:40 : 12:33| 1124|     4|  80541| 161752|   1164|  8|1|  1036|  1036|   0|--||32/240|
2016-01-01 12:39:30 : 12:39| 1132|     5|      0|      0|      0|-13|0|     0|     0|   0|--||63/240|
2016-01-01 12:46:15 : 12:46| 1119|     8| 221474| 154606|   1856| 10|1|  1702|  1702|   0|S2||103/240|
2016-01-01 12:54:41 : 12:54| 1129|     5|      0|      0|      0|-14|0|     0|     0|   0|--||93/240|
2016-01-01 12:58:15 : 12:58| 1115|     5|      0|      0|      0|-20|0|     0|     0|   0|--||121/240|
2016-01-01 13:02:57 : 13:02| 1095|     1|   4395|  39503|     88|  5|1|   148|   148|   0|S2||170/240|
2016-01-01 13:05:26 : 13:05| 1100|     3|   2028|    675|     23| 10|1|   111|   111|   0|S2||177/240|
2016-01-01 13:08:16 : 13:08| 1110|     1|      0|      0|      0|-18|0|     0|     0|   0|--||192/240|
2016-01-01 13:11:34 : 13:11| 1092|     9|  17946|  30139|     36| 11|1|   111|   111|   0|S2||212/240|
2016-01-01 13:15:02 : 13:15| 1103|    10|  10805|  51714|     86|  4|1|   111|   111|   0|S2||228/240|
2016-01-01 13:21:31 : 13:21| 1107|    35| 155605| 155272|    983| 28|2|  3700|  3700|   0|S2||240/240|
2016-01-01 13:30:44 : 13:30| 1135|    10|  17015|  27090|    155|  4|1|   148|   148|   0|S2||128/240|
2016-01-01 13:34:04 : 13:34| 1139|     4|  23051|  75524|    128| 13|1|   703|   703|   0|S2||154/240|
2016-01-01 13:47:35 : 13:47| 1152|     6|  39346|  28241|    184| 17|1|   234|   234|   0|S3||144/240|
2016-01-01 13:51:53 : 13:51|  766|    17|   3639|   5772|    167| 17|1|    78|    78|   0|S3||240/240|
2016-01-01 13:57:16 : 13:57|  783|    24|  35499|  39510|    226| 18|1|   234|   234|   0|S3||240/240|
2016-01-01 14:02:57 : 14:02|  801|    21| 163836| 173508|   1341| 13|1|  1612|  1612|   0|S3||240/240|
2016-01-01 14:06:09 : 14:06|  814|     3|   5024|  14808|    101| 14|1|   104|   104|   0|S3||99/240|
2016-01-01 14:09:15 : 14:09|  828|     3|  87022|  87852|    590| 16|1|  1404|  1404|   0|S3||117/240|
2016-01-01 14:15:25 : 14:15|  844|     5|  55456| 104138|    249| 15|1|   988|   988|   0|S3||119/240|
2016-01-01 14:18:39 : 14:18|  859|     8|  10843|   9996|     17| 13|1|   104|   104|   0|S3||78/240|
2016-01-01 14:21:58 : 14:21|  872|     6|    780|  27074|    188| 16|1|    78|    78|   0|S3||104/240|
2016-01-01 14:25:22 : 14:25|  888|     2|   4683|      0|      0| -7|0|     0|     0|   0|--||118/240|
2016-01-01 14:27:49 : 14:27|  881|     2|  13754|  25129|    116| 14|1|   156|   156|   0|S3||143/240|
2016-01-01 14:33:03 : 14:33|  895|     2|  24962|  10289|    157| 10|1|   286|   286|   0|S3||182/240|
2016-01-01 14:36:16 : 14:36|  905|     7|  12148|   8623|     81| 15|1|    78|    78|   0|S3||167/240|
2016-01-01 14:42:17 : 14:42|  920|     5|     16|    112|      0| -7|0|     0|     0|   0|--||214/240|
2016-01-01 14:45:57 : 14:45|  913|     4|  12918|  47566|    537| 10|0|     0|     0|   0|--||240/240|
2016-01-01 15:34:22 : ============================= ATTACK LOG ==============================
2016-01-01 15:34:22 :                    --------  LOOT --------       ----- BONUS ------
2016-01-01 15:34:22 :  TIME|TROP.|SEARCH|   GOLD| ELIXIR|DARK EL|TR.|S|  GOLD|ELIXIR|  DE|L.
2016-01-01 15:38:37 : 15:38| 1018|     7| 364460| 326618|      4| 21|2|  3700|  3700|   0|S2||240/240|
2016-01-01 15:44:08 : 15:44| 1039|     2|  13928|  14885|    158|  5|1|   148|   148|   0|S2||65/240|
2016-01-01 15:54:07 : 15:54| 1044|     5|    107|   1561|     29|  7|1|   111|   111|   0|S2||152/240|
2016-01-01 16:00:01 : 16:00| 1051|     6|  18604|  25370|    190|  7|1|   111|   111|   0|S2||198/240|
2016-01-01 16:03:55 : 16:03| 1058|    11|   5990|  28527|    151| 14|1|   111|   111|   0|S2||223/240|
2016-01-01 16:08:59 : 16:08| 1072|    19|  38577|  17141|    182|  8|1|   592|   592|   0|S2||236/240|
2016-01-01 16:15:34 : 16:15| 1080|    34|      0|      0|      0|-12|0|     0|     0|   0|--||240/240|
2016-01-01 16:28:04 : 16:28| 1068|    81| 345472| 326226|   3865|  6|1|  2405|  2405|   0|S2||240/240|
2016-01-01 16:32:26 : 16:32| 1074|    10|   2633|  45121|    123|  6|1|   148|   148|   0|S2||132/240|
2016-01-01 16:48:40 : 16:48| 1090|     6|   3789|  24077|     35| 13|1|   296|   296|   0|S2||129/240|
2016-01-01 16:55:27 : 16:55| 1103|     1| 355502| 338700|   1069|  6|1|  2109|  2109|   0|--||174/240|
2016-01-01 16:59:11 : 16:59| 1109|    10|  18704|  43702|    374| 14|1|   148|   148|   0|S2||29/240|
2016-01-01 17:02:07 : 17:02| 1123|     2|      0|      0|      0|-16|0|     0|     0|   0|--||55/240|
2016-01-01 17:09:36 : 17:09| 1107|     1|  18867|  15870|    134|  8|1|   148|   148|   0|S2||119/240|
2016-01-01 17:19:57 : 17:19| 1115|     4|   5066|  33386|    104|  8|1|   111|   111|   0|S2||210/240|
2016-01-01 17:23:16 : 17:23| 1123|     5| 217213| 342461|    332|  7|2|  3700|  3700|   0|S2||227/240|
2016-01-01 17:30:19 : 17:30| 1130|     3|   1035|    544|      5|  9|1|   111|   111|   0|S2||73/240|
2016-01-01 17:38:33 : 17:38| 1139|     7|  43526|  32633|     88|  6|1|   444|   444|   0|S2||134/240|
2016-01-01 17:42:04 : 17:42| 1145|     5|  89385| 112531|     37|  6|1|   740|   740|   0|S2||103/240|
2016-01-01 18:02:31 : 18:02|  744|     3|  21624|  56691|    767| 17|1|   624|   624|   0|S3||179/240|
2016-01-01 18:05:21 : 18:05|  761|     3|   3031|  48803|    236| 14|1|   312|   312|   0|S3||155/240|
2016-01-01 18:11:28 : 18:11|  775|     9|   3146|  13086|    283| 18|1|    78|    78|   0|S3||195/240|
2016-01-01 18:17:13 : 18:17|  793|    26| 108500| 198332|    847| 35|2|  2132|  2132|   0|S3||216/240|
2016-01-01 18:21:25 : 18:21|  828|     9|    200|    282|      8| 14|1|    78|    78|   0|S3||52/240|
2016-01-01 18:33:56 : 18:33|  842|     1|   3804|  57649|     38| 12|1|   156|   156|   0|S3||169/240|
2016-01-01 18:36:37 : 18:36|  854|     2|  20149|  27937|    350| 11|1|    78|    78|   0|S3||186/240|
2016-01-01 18:39:51 : 18:39|  865|     9|   7996|  30509|     20| 13|1|   104|   104|   0|S3||202/240|
2016-01-01 18:43:28 : 18:43|  878|    12|   3643|   2120|     64| 11|1|    78|    78|   0|S3||226/240|
2016-01-01 18:46:36 : 18:46|  889|     8|  46750|   9470|    142| 12|1|    78|    78|   0|S3||240/240|
2016-01-01 18:51:41 : 18:51|  901|    23|  56000|  45997|    316| 17|1|   156|   156|   0|S3||240/240|
2016-01-01 18:55:24 : 18:55|  918|     5|  64077|  57480|    642| 11|1|  1196|  1196|   0|S3||240/240|
2016-01-01 18:58:26 : 18:58|  929|     3|      0|     20|     10| 10|1|   156|   156|   0|S3||147/240|
2016-01-01 19:00:43 : 19:00|  939|     2|  56000|  41725|    208| 13|1|    78|    78|   0|S3||161/240|
2016-01-01 19:04:41 : 19:04|  952|     7|  18976|  50767|     53| 14|1|   650|   650|   0|S3||171/240|
2016-01-01 19:08:43 : 19:08|  966|     2| 164361| 136235|   1392|  7|1|  2028|  2028|   0|S3||185/240|
2016-01-01 19:12:16 : 19:12|  973|     4| 133029| 126680|    209| 10|1|   624|   624|   0|S3||38/240|
2016-01-01 19:14:45 : 19:14|  983|     3|  35864|  26321|    104| 10|1|    78|    78|   0|S3||30/240|
2016-01-01 19:23:11 : 19:23|  993|     7|  32000|  40000|    240|  6|1|    78|    78|   0|S3||98/240|
2016-01-01 19:25:30 : 19:25|  999|     1|   9474|   5095|     29|  9|1|   104|   104|   0|S3||118/240|
2016-01-01 19:28:32 : 19:28| 1008|     8|  27362|  21444|    143|  9|1|   148|   148|   0|S2||132/240|
2016-01-01 19:32:14 : 19:32| 1017|     8|      0|      0|      0|-10|0|     0|     0|   0|--||154/240|
2016-01-01 19:34:38 : 19:34| 1007|     2|   2813|  24538|    110|  9|1|   148|   148|   0|S2||186/240|
2016-01-01 19:42:52 : 19:42| 1016|    14|  68016| 120809|    535| 12|1|  1036|  1036|   0|--||226/240|
2016-01-01 19:51:31 : 19:51| 1028|    26|   1697|   4740|    117|  9|1|   111|   111|   0|S2||220/240|
2016-01-01 19:54:25 : 19:54| 1037|     4|   8873|  30258|    295|  9|0|   148|   148|   0|S2||240/240|
2016-01-01 20:15:57 : 20:15| 1087|    36|  38239|  27487|    180|  8|1|   740|   740|   0|S2||240/240|
2016-01-01 20:18:52 : 20:18| 1095|     5|  12071|  63798|    672|  3|1|   111|   111|   0|S2||236/240|
2016-01-01 20:21:57 : 20:21| 1098|    11|  30170|  15693|    293|  9|1|   111|   111|   0|S2||236/240|
2016-01-01 20:25:01 : 20:25| 1107|    11|  44817|  34684|     76|  8|1|   222|   222|   0|S2||240/240|
2016-01-01 20:26:46 : 20:26| 1115|     1|   2583|  28220|     93| 10|1|   148|   148|   0|S2||240/240|
2016-01-01 20:42:34 : 20:42| 1174|    19|  15704|  54870|    214|  3|1|   148|   148|   0|S2||236/240|
2016-01-01 20:47:46 : 20:47| 1177|    27| 194303| 209758|     30| 24|2|  2960|  2960|   0|S2||240/240|
2016-01-01 21:02:12 : 21:02| 1201|     6|  41020|  25460|    259| 14|1|   234|   234|   0|S3||62/240|
2016-01-01 21:05:24 : 21:05|  764|     4|  15173|  17177|   1266| 15|1|   364|   364|   0|--||141/240|
2016-01-01 21:08:42 : 21:08|  779|     6|  49728|  28759|    134| 16|0|    78|    78|   0|S3||103/240|
2016-01-02 10:29:27 : ============================= ATTACK LOG ==============================
2016-01-02 10:29:27 :                    --------  LOOT --------       ----- BONUS ------
2016-01-02 10:29:27 :  TIME|TROP.|SEARCH|   GOLD| ELIXIR|DARK EL|TR.|S|  GOLD|ELIXIR|  DE|L.
2016-01-02 10:36:10 : 10:36| 1077|     1| 157915| 172661|     12|  7|1|  1813|  1813|   0|S2||205/240|
2016-01-02 10:41:59 : 10:41| 1084|     4|      0|      0|      0|-14|0|     0|     0|   0|--||158/240|
2016-01-02 10:48:38 : 10:48| 1070|     3| 134259| 179062|    148| 10|1|  1924|  1924|   0|S2||206/240|
2016-01-02 10:54:58 : 10:54| 1080|     4|    202|  82701|    172|  4|1|   740|   740|   0|S2||161/240|
2016-01-02 11:05:42 : 11:05| 1084|     2|     50|      0|      0|-15|0|     0|     0|   0|--||230/240|
2016-01-02 11:09:22 : 11:09| 1069|    10|  27495|  35674|    102|  4|1|   592|   592|   0|S2||240/240|
2016-01-02 11:11:47 : 11:11| 1073|     6|   7796|  11796|    243|  7|1|   111|   111|   0|S2||217/240|
2016-01-02 11:22:29 : 11:22| 1080|    50|   1845|  42769|    171|  7|1|   999|   999|   0|--||232/240|
2016-01-02 11:26:13 : 11:26| 1087|     8|  57388|  74293|    163|  5|1|   814|   814|   0|S2||240/240|
2016-01-02 11:33:02 : 11:33| 1092|    10|  66810|  88099|     71|  6|1|   814|   814|   0|S2||204/240|
2016-01-02 11:37:51 : 11:37| 1098|     4|   6291|  34979|    138|  5|1|   148|   148|   0|S2||149/240|
2016-01-02 11:47:01 : 11:47| 1103|    10|  13761|  91096|    115|  4|1|   888|   888|   0|S2||217/240|
2016-01-02 11:48:56 : 11:48| 1107|     1|   2823|   1183|    149|  8|1|   111|   111|   0|S2||229/240|
2016-01-02 12:04:54 : 12:04| 1162|     3|   4663|  39246|    104|  6|1|   148|   148|   0|S2||229/240|
2016-01-02 12:10:58 : 12:10| 1168|    27|  68602|  49468|    193|  7|1|   925|   925|   0|S2||240/240|
2016-01-02 12:14:32 : 12:14| 1175|     8|  16581|  47645|     72| 12|1|   592|   592|   0|S2||240/240|
2016-01-02 12:22:13 : 12:22| 1187|    40|  25502|  20756|    278| 14|1|   518|   518|   0|--||240/240|
2016-01-02 12:27:16 : 12:27| 1201|    25|   5361|  22553|    172|  9|1|   144|   144|   0|S1||240/240|
2016-01-02 13:01:00 : 13:01| 1129|    27|  41102|  35378|    302|-11|0|     0|     0|   0|--||240/240|
2016-01-02 13:06:55 : 13:06| 1118|    10| 209137| 279596|   1513|  6|1|  2405|  2405|   0|S2||164/240|
2016-01-02 13:09:15 : 13:09| 1124|     2|  21920|  24081|     88|  9|1|   111|   111|   0|S2||45/240|
2016-01-02 13:14:56 : 13:14| 1133|     7|  50838|  53127|    235| 13|0|   111|   111|   0|S2||84/240|
2016-01-02 13:40:34 : 13:40|  750|     1|  37948|  24585|    108| 15|1|   104|   104|   0|S3||240/240|
2016-01-02 13:45:03 : 13:45|  765|    19| 363762| 260213|   1170| 36|2|  2600|  2600|   0|S3||240/240|
2016-01-02 13:48:06 : 13:48|  801|     1|  30211|  26004|    139| 12|1|   156|   156|   0|S3||56/240|
2016-01-02 13:53:57 : 13:53|  813|     6|   2392|  29504|    118| 17|1|   208|   208|   0|S3||98/240|
2016-01-02 13:56:40 : 13:56|  830|     4|   1036|  39007|     74| 12|1|   156|   156|   0|S3||112/240|
2016-01-02 13:59:54 : 13:59|  842|     2| 217618| 183420|    659| 16|1|  1742|  1742|   0|S3||130/240|
2016-01-02 14:04:53 : 14:04|  858|     3|  15201|  11646|     40| 10|1|   104|   104|   0|S3||54/240|
2016-01-02 14:08:04 : 14:08|  868|     3|      0|   6480|      0|-13|0|     0|     0|   0|--||70/240|
2016-01-02 14:10:39 : 14:10|  855|     3|   4456|  17335|    202| 14|1|   104|   104|   0|S3||94/240|
2016-01-02 16:14:11 : 16:14|  944|     1|  21498|  18128|     46| 10|1|   104|   104|   0|S3||240/240|
2016-01-02 16:16:21 : 16:16|  954|     4|   4646|  11387|    167|  9|1|    78|    78|   0|S3||240/240|
2016-01-02 16:25:50 : 16:25|  963|    58|   1389|  56558|     91|  8|1|   104|   104|   0|S3||240/240|
2016-01-02 16:27:58 : 16:27|  971|     1| 437781| 361844|    764| 37|3|  2600|  2600|   0|S3||240/240|
2016-01-02 16:31:02 : 16:31| 1008|     2|      0|      0|     12|  9|1|   148|   148|   0|S2||32/240|
2016-01-02 16:33:53 : 16:33| 1017|     5|  55307|  26187|    197|  6|1|   148|   148|   0|S2||42/240|
2016-01-02 16:39:45 : 16:39| 1023|     8|  19078|   9740|     50|  9|1|   148|   148|   0|S2||82/240|
2016-01-02 16:45:33 : 16:45| 1032|     7|   8500|  14970|     84|  7|1|   148|   148|   0|S2||126/240|
2016-01-02 16:49:01 : 16:49| 1039|    10|   1506|   2582|     59|  8|1|   222|   222|   0|S2||148/240|
2016-01-02 16:51:53 : 16:51| 1047|     6|  36476|  32174|     50|  7|1|   111|   111|   0|S2||176/240|
2016-01-02 16:54:34 : 16:54| 1054|     3|   5450|  30650|    193|  5|1|   148|   148|   0|S2||198/240|
2016-01-02 16:59:01 : 16:59| 1059|    16|  14661|  17975|    201|  4|1|   148|   148|   0|S2||218/240|
2016-01-02 17:04:25 : 17:04| 1063|    21| 159709| 156751|   1044| 37|3|  3700|  3700|   0|S2||240/240|
2016-01-02 17:13:03 : 17:13| 1100|     2|  19254|  11055|     99|  5|1|   148|   148|   0|S2||90/240|
2016-01-02 17:30:21 : 17:30| 1123|    22|    191|      0|      0|-22|0|     0|     0|   0|--||218/240|
2016-01-02 17:32:12 : 17:32| 1101|     1| 143651| 140682|    234| 21|2|  3700|  3700|   0|S2||236/240|
2016-01-02 17:38:31 : 17:38| 1122|     3|      0|      0|      0|-22|0|     0|     0|   0|--||52/240|
2016-01-02 17:44:07 : 17:44| 1100|     3|  17005|  14998|    201|  7|1|   111|   111|   0|S2||106/240|
2016-01-02 17:56:17 : 17:56| 1147|     8|  20653|  25909|    115|  7|1|   111|   111|   0|S2||196/240|
2016-01-02 18:00:36 : 18:00| 1154|     3| 280141| 190866|    780| 16|3|  3700|  3700|   0|S2||216/240|
2016-01-02 18:11:59 : 18:11| 1170|    10|    465|  57084|    112| 12|1|   518|   518|   0|--||98/240|
2016-01-02 18:19:20 : 18:19| 1182|     7|  14390|  24926|     17| 11|1|   407|   407|   0|S2||106/240|
2016-01-02 18:33:36 : 18:33| 1193|     2|  11181|      0|      0|-16|0|     0|     0|   0|--||213/240|
2016-01-02 18:40:37 : 18:40| 1177|    32|  34978|  25259|    100|  9|1|   592|   592|   0|S2||231/240|
2016-01-02 18:45:36 : 18:45| 1186|    18|  11693|  50279|    203|  6|1|   518|   518|   0|--||240/240|
2016-01-02 18:49:14 : 18:49| 1192|     4| 114047|  87005|    165|  6|1|  2812|  2812|   0|S2||240/240|
2016-01-02 19:06:03 : 19:06| 1198|    15|  16723|  23783|    140|  7|1|   111|   111|   0|S2||225/240|
2016-01-02 19:08:53 : 19:08| 1205|     4| 183259| 126893|   1049| 19|2|  4800|  4800|   0|S1||240/240|
2016-01-02 19:12:30 : 19:12| 1224|     1|   5884|  16399|    167|  6|1|   288|   288|   0|S1||33/240|
2016-01-02 19:17:48 : 19:17| 1230|     8|  16091|  13361|    133|  4|1|   144|   144|   0|S1||75/240|
2016-01-02 19:21:05 : 19:21| 1234|     8|   5332|  13967|    109| 11|1|   192|   192|   0|S1||97/240|
2016-01-02 19:29:18 : 19:29| 1245|     7|   5066|   3588|     88| 10|1|   432|   432|   0|S1||173/240|
2016-01-02 19:32:40 : 19:32| 1255|     8|  12763|  16660|    184|  8|1|   144|   144|   0|S1||178/240|
2016-01-02 19:40:02 : 19:40| 1263|    14| 177437| 169564|     61| 19|3|  4800|  4800|   0|S1||220/240|
2016-01-02 19:45:44 : 19:45| 1282|     2|   2353|  48308|    242| 10|1|   192|   192|   0|S1||72/240|
2016-01-02 20:08:17 : 20:08| 1292|    42| 202410| 286314|    209|  8|1|  3600|  3600|   0|S1||220/240|
2016-01-02 20:13:32 : 20:13| 1300|    10|  32841|  31272|    231| 10|1|  2064|  2064|   0|S1||102/240|
2016-01-02 20:32:31 : 20:32| 1310|     2|   7741|   1565|    100| 17|1|   208|   208|   0|S3||118/240|
2016-01-02 20:35:15 : 20:35|  759|     4|   7897|  32134|    132| 14|1|   104|   104|   0|S3||218/240|
2016-01-02 20:40:43 : 20:40|  773|    24|  27965|  25756|     84| 16|1|   156|   156|   0|S3||232/240|
2016-01-02 22:22:41 : 22:22|  851|    14|   7144|   4341|     97| 12|0|   104|   104|   0|S3||240/240|
2016-01-02 22:30:23 : 22:30|  932|     1|  30881|   5248|    110| 13|1|    78|    78|   0|S3||240/240|
2016-01-02 22:32:46 : 22:32|  945|     6|   3459|  19239|    208| 12|1|    78|    78|   0|S3||240/240|
2016-01-02 22:36:28 : 22:36|  957|    16|   1854|    224|     27| 12|1|   104|   104|   0|S3||240/240|
2016-01-02 22:38:45 : 22:38|  969|     3|  22460|  26837|    110| 12|1|    78|    78|   0|S3||240/240|
2016-01-02 22:43:42 : 22:43|  981|    21| 200735| 257471|    645| 25|3|  2600|  2600|   0|S3||240/240|
2016-01-02 22:52:10 : 22:52| 1006|     4|   2685|   5054|     69| 11|1|   148|   148|   0|S2||84/240|
2016-01-02 22:54:43 : 22:54| 1017|     4|    139|    425|     11| 10|1|   111|   111|   0|S2||104/240|
2016-01-02 23:07:56 : 23:07| 1044|     7|    509|  32602|    241| 16|1|   703|   703|   0|S2||200/240|
2016-01-02 23:11:42 : 23:11| 1060|     3|  87627| 118015|    995| 10|1|  1702|  1702|   0|S2||225/240|
2016-01-02 23:15:31 : 23:15| 1070|     7|   5632|  28395|     45|  6|1|   222|   222|   0|S2||153/240|
2016-01-02 23:23:09 : 23:23| 1076|     3|  49835|  22606|    111|  8|1|   148|   148|   0|S2||224/240|
2016-01-02 23:25:16 : 23:25| 1084|     2|  15195|  41498|    238| 10|1|   111|   111|   0|S2||238/240|
2016-01-02 23:29:29 : 23:29| 1094|    15|  27646|  12234|    343| 11|1|   333|   333|   0|S2||240/240|
2016-01-02 23:31:15 : 23:31| 1105|     1|  16842|  12510|    112|  6|1|   111|   111|   0|S2||240/240|
2016-01-02 23:33:48 : 23:33| 1111|     2|  31818|  30050|    229|  6|0|   444|   444|   0|S2||240/240|
2016-01-02 23:50:04 : 23:50| 1156|    48|   1190|    831|     29| 13|1|   111|   111|   0|S2||240/240|
2016-01-02 23:54:04 : 23:54| 1169|    12|   7004|   4363|    135|  9|1|   111|   111|   0|S2||240/240|
2016-01-02 23:58:40 : 23:58| 1178|    19| 233861| 345579|   2746| 15|2|  3404|  3404|   0|S2||240/240|
2016-01-03 00:02:56 : 00:02| 1193|     1|  22289|  35889|     20|  9|1|  1184|  1184|   0|S2||58/240|
2016-01-03 00:14:10 : 00:14| 1202|     6|    325|    112|     24|  5|1|   192|   192|   0|S1||116/240|
2016-01-03 00:17:04 : 00:17| 1207|     3|   6238|   5272|     56|  9|1|   192|   192|   0|S1||142/240|
2016-01-03 00:21:17 : 00:21| 1216|     8|  39532|  39351|     20|  5|1|  1200|  1200|   0|S1||166/240|
2016-01-03 00:24:53 : 00:24| 1221|     8|  10607|  13641|    104| 11|1|   144|   144|   0|S1||180/240|
2016-01-03 00:30:49 : 00:30| 1232|     5|      0|      0|      0|-22|0|     0|     0|   0|--||230/240|
2016-01-03 00:46:04 : 00:46| 1210|    96|   5363|   2653|    389|  9|1|   288|   288|   0|S1||240/240|
2016-01-03 00:49:02 : 00:49| 1219|     7|   2760|  42934|    111|  6|1|   144|   144|   0|S1||240/240|
2016-01-03 00:52:02 : 00:52| 1225|     9| 245455| 192838|    240| 19|2|  4800|  4800|   0|S1||240/240|
2016-01-03 11:10:55 : ============================= ATTACK LOG ==============================
2016-01-03 11:10:55 :                    --------  LOOT --------       ----- BONUS ------
2016-01-03 11:10:55 :  TIME|TROP.|SEARCH|   GOLD| ELIXIR|DARK EL|TR.|S|  GOLD|ELIXIR|  DE|L.
2016-01-03 11:14:35 : 11:14| 1148|     3|  33071|  78385|    112|  9|1|   111|   111|   0|S2||240/240|
2016-01-03 11:16:55 : 11:16| 1157|     4|   3858|  15400|     12| 11|1|   148|   148|   0|S2||240/240|
2016-01-03 11:21:44 : 11:21| 1168|     2|  17994|  12602|    172|  5|1|   111|   111|   0|S2||240/240|
2016-01-03 11:29:55 : 11:29| 1173|    43|      0|      0|      0|-16|0|     0|     0|   0|--||240/240|
2016-01-03 11:32:35 : 11:32| 1157|     2|    829|      0|      0|-15|0|     0|     0|   0|--||240/240|
2016-01-03 11:39:15 : 11:39| 1142|    34|    263|   1185|     22|  6|1|   148|   148|   0|S2||240/240|
2016-01-03 11:45:55 : 11:45| 1148|    34|   2616|   1292|    116| 12|1|   111|   111|   0|S2||240/240|
2016-01-03 11:48:25 : 11:48| 1160|     1|  56246|  60215|    863|  9|1|  1887|  1887|   0|S2||240/240|
2016-01-03 12:03:31 : 12:03| 1169|    10|  12675|  14662|    135| 15|1|    78|    78|   0|S3||216/240|
2016-01-03 12:05:37 : 12:05|  763|     2|  12995|   8876|     84| 14|1|   104|   104|   0|S3||240/240|
2016-01-03 12:08:05 : 12:08|  777|     6|   4491|  17928|    248| 17|1|   104|   104|   0|S3||240/240|
2016-01-03 12:10:39 : 12:10|  794|     1|  18038|    719|      1| 14|1|   364|   364|   0|--||240/240|
2016-01-03 12:14:12 : 12:14|  808|     9|  59068|  77134|    414| 15|1|   936|   936|   0|S3||240/240|
2016-01-03 12:21:45 : 12:21|  823|    11| 412714| 214783|    241| 14|1|  2600|  2600|   0|S3||222/240|
2016-01-03 12:28:22 : 12:28|  837|     4| 106119|  82008|    226| 16|1|  1248|  1248|   0|S3||74/240|
2016-01-03 12:31:03 : 12:31|  853|     2|  14989|   3315|    179| 13|1|    78|    78|   0|S3||28/240|
2016-01-03 12:34:01 : 12:34|  866|     7|   3054|   1200|     34| 16|1|   104|   104|   0|S3||48/240|
2016-01-03 12:40:15 : 12:40|  882|     6|  55081|  42931|    309|  9|1|   572|   572|   0|S3||87/240|
2016-01-03 12:43:18 : 12:43|  891|     4|  25828|  53423|    260| 13|1|   156|   156|   0|S3||72/240|
2016-01-03 12:45:33 : 12:45|  904|     1|   3570|  16335|     72| 10|1|    78|    78|   0|S3||95/240|
2016-01-03 12:52:20 : 12:52|  914|    10|      0|      0|      0| -6|0|     0|     0|   0|--||139/240|
2016-01-03 12:54:36 : 12:54|  908|     1|    407|  12783|    275| 13|1|    78|    78|   0|S3||171/240|
2016-01-03 12:57:03 : 12:57|  921|     3|      0|      0|     26| 15|1|    78|    78|   0|S3||185/240|
2016-01-03 13:04:30 : 13:04|  936|    20|  30902|  24512|    344| 12|1|   104|   104|   0|S3||218/240|
2016-01-03 13:12:00 : 13:12|  948|    44|  24735|  20435|     50| 10|1|    78|    78|   0|S3||240/240|
2016-01-03 13:14:25 : 13:14|  958|     5|  22403|  39762|    109|  7|1|    78|    78|   0|S3||240/240|
2016-01-03 13:20:37 : 13:20|  965|    30|      0|      0|      0| -8|0|     0|     0|   0|--||240/240|
2016-01-03 13:23:16 : 13:23|  957|     8|  26062|  15379|    189|  9|1|    78|    78|   0|S3||240/240|
2016-01-03 13:31:30 : 13:31|  966|    45|      0|      0|      0| -7|0|     0|     0|   0|--||240/240|
2016-01-03 13:33:52 : 13:33|  959|     5| 185429| 190103|   1224| 31|2|  2392|  2392|   0|S3||240/240|
2016-01-03 13:41:50 : 13:41|  990|     1|   1652|     32|     12| 10|1|   104|   104|   0|S3||87/240|
2016-01-03 13:46:49 : 13:46| 1000|     2|  16601|  57181|    108| 13|1|   111|   111|   0|S2||127/240|
2016-01-03 13:50:06 : 13:50| 1013|     6|   9046|  10921|    181|  7|1|   111|   111|   0|S2||145/240|
2016-01-03 13:57:42 : 13:57| 1020|     1|  10216|  11208|    132| 10|1|   111|   111|   0|S2||221/240|
2016-01-03 14:02:52 : 14:02| 1030|    22|      0|      0|      0|-11|0|     0|     0|   0|--||235/240|
2016-01-03 14:07:33 : 14:07| 1019|    22|   6593|  76992|    460| 17|1|   222|   222|   0|S2||240/240|
2016-01-03 14:12:47 : 14:12| 1036|    25|   3616|    400|    457|  9|1|   111|   111|   0|S2||240/240|
2016-01-03 14:15:26 : 14:15| 1045|     2|    720|  30240|      6| 11|1|   592|   592|   0|S2||240/240|
2016-01-03 14:19:12 : 14:19| 1056|    13|    906|   8116|     42| 13|1|   222|   222|   0|S2||240/240|
2016-01-03 14:25:48 : 14:25| 1069|    32|      0|      0|      0|-10|0|     0|     0|   0|--||236/240|
2016-01-03 14:38:56 : 14:38| 1091|    28|      0|      0|      0|-17|0|     0|     0|   0|--||240/240|
2016-01-03 14:57:11 : 14:57| 1074|   116|      0|      0|      0|-11|0|     0|     0|   0|--||240/240|
2016-01-03 15:00:23 : 15:00| 1063|     8|      0|      0|      0|-10|0|     0|     0|   0|--||240/240|
2016-01-03 15:20:25 : 15:20| 1146|    29| 309261| 327874|   3960| 18|2|  3330|  3330|   0|S2||240/240|
2016-01-03 15:33:16 : 15:33| 1164|     9|  37731|  28460|     48| 10|1|  1702|  1702|   0|S2||104/240|
2016-01-03 15:35:33 : 15:35| 1174|     1|   5979|   2814|     60|  5|1|   111|   111|   0|S2||110/240|
2016-01-03 15:58:58 : 15:58| 1193|    16|      0|      0|      0|-22|0|     0|     0|   0|--||240/240|
2016-01-03 16:01:12 : 16:01| 1171|     1|   5617|  14294|     91|  8|1|   111|   111|   0|S2||240/240|
2016-01-03 16:04:01 : 16:04| 1179|     9|  17235|  36629|    216| 13|1|   148|   148|   0|S2||240/240|
2016-01-03 16:06:50 : 16:06| 1192|     4|   1590|  25091|    192| 11|1|   148|   148|   0|S2||236/240|
2016-01-03 16:09:04 : 16:09| 1203|     5|   4449|   5447|     44|  7|1|   288|   288|   0|S1||240/240|
2016-01-03 16:14:48 : 16:14| 1210|    30|    512|  14854|    546|  5|1|   192|   192|   0|S1||240/240|
2016-01-03 16:27:10 : 16:27| 1215|    71| 110285|  97347|    262|  6|1|   912|   912|   0|S1||240/240|
2016-01-03 16:30:47 : 16:30| 1221|     2|      0|      0|      0|-18|0|     0|     0|   0|--||217/240|
2016-01-03 16:35:06 : 16:35| 1203|    13|  32633|  37011|    349| 10|1|  1728|  1728|   0|S1||233/240|
2016-01-03 16:51:29 : 16:51| 1213|    64|   5430|  74333|    113|  3|1|   144|   144|   0|S1||217/240|
2016-01-03 16:56:52 : 16:56| 1216|    21|    408|      0|      0|-19|0|     0|     0|   0|--||240/240|
2016-01-03 17:00:12 : 17:00| 1197|     6|      0|      0|      0|-19|0|     0|     0|   0|--||240/240|
2016-01-03 17:02:56 : 17:02| 1178|     3|     93|   3439|      0|-18|0|     0|     0|   0|--||240/240|
2016-01-03 17:07:56 : 17:07| 1160|    22|      0|      0|      0|-13|0|     0|     0|   0|--||240/240|
2016-01-03 17:18:03 : 17:18| 1147|    61|  19938|  26618|     80|  9|1|   144|   144|   0|S1||240/240|
2016-01-03 17:29:39 : 17:29| 1156|    69|      0|      0|      0|-15|0|     0|     0|   0|--||236/240|
2016-01-03 17:33:10 : 17:33| 1141|     9|      0|      0|      0|-18|0|     0|     0|   0|--||240/240|
2016-01-03 17:35:37 : 17:35| 1123|     7| 287194| 363793|    570|  8|1|  4368|  4368|   0|S1||240/240|
2016-01-03 17:38:57 : 17:38| 1131|     2|  23702|  31529|     38|  4|1|   288|   288|   0|S1||34/240|
2016-01-03 17:44:03 : 17:44| 1135|     4|      0|      1|     32| 11|1|   144|   144|   0|S1||78/240|
2016-01-03 17:52:32 : 17:52| 1146|     7|      0|      0|      0|-16|0|     0|     0|   0|--||146/240|
2016-01-03 17:55:35 : 17:55| 1130|     4|   4198|   5457|    102|  6|1|   192|   192|   0|S1||170/240|
2016-01-03 17:59:08 : 17:59| 1136|     1|   7063|  48304|   1124|  8|1|  1536|  1536|   0|S1||188/240|
2016-01-03 18:02:16 : 18:02| 1144|     7|  23028|  13661|    230|  6|1|   192|   192|   0|S1||171/240|
2016-01-03 18:15:15 : 18:15| 1150|    25|   7297|   1200|    337| 11|1|   144|   144|   0|S1||217/240|
2016-01-03 18:18:33 : 18:18| 1161|    10|   2199|  28115|    119|  8|1|   192|   192|   0|S1||240/240|
2016-01-03 18:22:17 : 18:22| 1169|    11|      0|      0|      0|-18|0|     0|     0|   0|--||240/240|
2016-01-03 18:25:35 : 18:25| 1151|     8|      0|      0|      0|-14|0|     0|     0|   0|--||240/240|
2016-01-03 18:29:02 : 18:29| 1137|    14|   2407|   8754|    163| 11|1|   144|   144|   0|S1||240/240|
2016-01-03 18:31:38 : 18:31| 1148|     7|  29122|   8757|     48|  6|1|   192|   192|   0|S1||240/240|
2016-01-03 18:34:09 : 18:34| 1154|     2|      0|      0|      0|-16|0|     0|     0|   0|--||240/240|
2016-01-03 18:42:19 : 18:42| 1138|    45|      0|      0|      0|-20|0|     0|     0|   0|--||240/240|
2016-01-03 18:48:08 : 18:48| 1118|    32|   1918|  20280|    231|  7|1|   144|   144|   0|S1||240/240|
2016-01-03 18:51:37 : 18:51| 1125|     7|      0|      0|      0|-18|0|     0|     0|   0|--||240/240|
2016-01-03 18:55:49 : 18:55| 1107|    15|      0|      0|      0|-17|0|     0|     0|   0|--||240/240|
2016-01-03 18:59:20 : 18:59| 1090|    10|      0|      0|      0|-11|0|     0|     0|   0|--||240/240|
2016-01-03 19:01:25 : 19:01| 1079|     3|   4381|   3128|     84|  8|1|   148|   148|   0|S2||240/240|
2016-01-03 19:04:56 : 19:04| 1087|    11|     21|    836|    150|  6|1|   148|   148|   0|S2||236/240|
2016-01-03 19:06:25 : ============================= ATTACK LOG ==============================
2016-01-03 19:06:25 :                    --------  LOOT --------       ----- BONUS ------
2016-01-03 19:06:25 :  TIME|TROP.|SEARCH|   GOLD| ELIXIR|DARK EL|TR.|S|  GOLD|ELIXIR|  DE|L.
2016-01-03 19:11:22 : 19:11| 1093|     3| 136770| 111796|    464| 17|2|  3626|  3626|   0|S2||240/240|
2016-01-03 19:17:46 : 19:17| 1110|     6|  19808|   8865|    111| 13|1|   111|   111|   0|S2||67/240|
2016-01-03 19:20:11 : 19:20| 1123|     2|   5974|  77322|     89|  5|1|   111|   111|   0|S2||90/240|
2016-01-03 19:25:33 : 19:25| 1128|     3|      0|      0|      0|-24|0|     0|     0|   0|--||128/240|
2016-01-03 19:30:47 : 19:30| 1104|     4|  32934|  80000|    205| 10|1|   148|   148|   0|S2||170/240|
2016-01-03 19:36:11 : 19:36| 1114|     2| 325259| 238382|    659| 17|2|  3700|  3700|   0|S2||216/240|
2016-01-03 19:40:13 : 19:40| 1131|     5|      0|      0|      0| 16|0|  3700|  3700|   0|--||30/240|
2016-01-03 19:49:32 : 19:49| 1143|     3|   4458|   4584|     16|  6|1|   333|   333|   0|S2||112/240|
2016-01-03 19:59:58 : 19:59| 1149|     2|  57608|  58537|    389|  6|1|  1998|  1998|   0|--||194/240|
2016-01-03 20:14:32 : 20:14| 1155|     5|      0|   2923|      0| -3|0|     0|     0|   0|--||191/240|
2016-01-03 20:38:47 : 20:38|  882|     6|  51642|  31484|     82|  8|1|   104|   104|   0|S3||240/240|
2016-01-03 20:41:49 : 20:41|  890|     6|      0|      0|      0| -6|0|     0|     0|   0|--||240/240|
2016-01-03 20:44:38 : 20:44|  884|     1|  39458|  27731|    409| 12|1|  1196|  1196|   0|S3||240/240|
2016-01-03 20:47:50 : 20:47|  896|     2|  75663| 125871|    580| 14|1|  1326|  1326|   0|S3||234/240|
2016-01-03 20:50:41 : 20:50|  910|     1|  13672|  20940|     31| 10|1|   104|   104|   0|S3||173/240|
2016-01-03 20:54:17 : 20:54|  920|     4|  91905|  73450|    204|  8|0|   858|   858|   0|S3||187/240|
2016-01-03 21:12:34 : 21:12|  958|    18|   2136|  34158|    245| 10|1|   364|   364|   0|--||229/240|
2016-01-03 21:14:50 : 21:14|  968|     4|   4186|  14995|    260| 11|1|   208|   208|   0|S3||240/240|
2016-01-03 21:17:23 : 21:17|  979|     5|   5348|  11737|    166| 14|1|   234|   234|   0|S3||240/240|
2016-01-03 21:21:24 : 21:21|  993|    14| 255248| 276460|   2101| 16|2|  2470|  2470|   0|S3||240/240|
2016-01-03 21:24:13 : 21:24| 1009|     1|  17058|  19138|    104|  8|1|   111|   111|   0|S2||50/240|
2016-01-03 21:28:05 : 21:28| 1017|     6| 101893| 100255|    140| 10|1|  1295|  1295|   0|--||60/240|
2016-01-03 21:30:33 : 21:30| 1027|     3|  23424|  19276|     64|  8|1|   148|   148|   0|S2||33/240|
2016-01-03 21:33:23 : 21:33| 1035|     5|  23708|   1300|     98| 11|1|   111|   111|   0|S2||51/240|
2016-01-03 21:36:27 : 21:36| 1046|     2|   1808|    975|     66| 11|1|   222|   222|   0|S2||71/240|
2016-01-03 21:43:13 : 21:43| 1057|    10|  23057|  13026|    546|  9|1|   592|   592|   0|S2||118/240|
2016-01-03 21:46:08 : 21:46| 1066|     1|      0|      0|      0|-17|0|     0|     0|   0|--||110/240|
2016-01-03 21:49:28 : 21:49| 1049|     4|   8190|  31378|    344|  8|1|   814|   814|   0|S2||132/240|
2016-01-03 21:52:05 : 21:52| 1057|     4|     36|    320|     27|  8|1|   148|   148|   0|S2||106/240|
2016-01-03 21:57:24 : 21:57| 1065|     4|   2971|  12660|    197|  6|1|   148|   148|   0|S2||152/240|
2016-01-03 22:00:26 : 22:00| 1071|     5|   2383|  30217|      8|  5|1|   148|   148|   0|S2||174/240|
2016-01-03 22:03:39 : 22:03| 1076|     7|   3028|  22536|    128| 11|1|   111|   111|   0|S2||186/240|
2016-01-03 22:10:15 : 22:10| 1087|     3|  37967|  37670|    964|  7|1|  1332|  1332|   0|S2||240/240|
2016-01-03 22:13:23 : 22:13| 1094|     2|   8071|   8621|    121|  8|1|   111|   111|   0|S2||133/240|
2016-01-03 22:18:44 : 22:18| 1102|     3|  29547|  35895|    106|  7|1|   111|   111|   0|S2||177/240|
2016-01-03 22:22:04 : 22:22| 1109|     8|   3144|  14015|    317|  7|1|   111|   111|   0|S2||197/240|
2016-01-03 22:25:42 : 22:25| 1116|    10|  40762|   3787|    449|  6|1|   111|   111|   0|S2||215/240|
2016-01-03 22:28:28 : 22:28| 1122|     5|  10284|   4310|    112|  8|1|   148|   148|   0|S2||240/240|
2016-01-03 22:30:42 : 22:30| 1130|     3|     68|    280|     15|  9|1|   111|   111|   0|S2||240/240|
2016-01-03 22:35:13 : 22:35| 1139|    21|     78|     70|     61|  4|1|   148|   148|   0|S2||240/240|
2016-01-03 22:37:50 : 22:37| 1143|     3|      0|      0|      0|-15|0|     0|     0|   0|--||240/240|
2016-01-03 22:39:56 : 22:39| 1128|     1|   7051|  29550|    108| 11|1|   111|   111|   0|S2||240/240|
2016-01-04 18:24:49 : ============================= ATTACK LOG ==============================
2016-01-04 18:24:49 :                    --------  LOOT --------       ----- BONUS ------
2016-01-04 18:24:49 :  TIME|TROP.|SEARCH|   GOLD| ELIXIR|DARK EL|TR.|S|  GOLD|ELIXIR|  DE|L.
2016-01-04 18:34:01 : 18:34| 1129|    43|      0|      0|      0| -7|0|     0|     0|   0|--||240/240|
2016-01-04 18:37:07 : 18:37| 1122|     9|  28722|  26681|    113|  6|1|   111|   111|   0|S2||240/240|
2016-01-04 18:39:25 : 18:39| 1128|     4|  25543|  28803|     55| 10|1|   296|   296|   0|S2||240/240|
2016-01-04 18:44:12 : 18:44| 1138|    24|  43289|  26838|    230|  4|1|   111|   111|   0|S2||240/240|
2016-01-04 18:49:00 : 18:49| 1142|    13| 376758| 385809|   1970|  9|1|  3700|  3700|   0|S2||240/240|
2016-01-04 19:16:03 : 19:16|  748|     8|   3062|  21877|     64| 16|1|    78|    78|   0|S3||227/240|
2016-01-04 19:25:10 : 19:25|  764|     6|   8774|   9053|    110| -3|0|     0|     0|   0|--||240/240|
2016-01-04 19:28:38 : 19:28|  761|     1|  41524|  26418|     42| 13|1|   624|   624|   0|S3||172/240|
2016-01-04 19:31:56 : 19:31|  774|     1|  11644|  16159|    342| 14|1|   104|   104|   0|S3||198/240|
2016-01-04 19:35:31 : 19:35|  788|     7|      0|      0|      0| -8|0|     0|     0|   0|--||212/240|
2016-01-04 19:39:49 : 19:39|  780|    16|      0|      0|      0| -3|0|     0|     0|   0|--||240/240|
2016-01-04 19:43:04 : 19:43|  777|     8|      0|      0|      0|-15|0|     0|     0|   0|--||240/240|
2016-01-04 19:49:12 : 19:49|  762|    28| 141831| 138757|    424| 46|3|  2600|  2600|   0|S3||240/240|
2016-01-04 19:53:06 : 19:53|  808|     6|  33003|  56294|     68| 13|1|    78|    78|   0|S3||66/240|
2016-01-04 19:55:23 : 19:55|  821|     1|  25853|  33259|     77| 13|1|    78|    78|   0|S3||90/240|
2016-01-04 20:00:21 : 20:00|  834|     1| 100009|  23438|    106| 14|1|   156|   156|   0|S3||132/240|
2016-01-04 20:02:41 : 20:02|  848|     2|  12699|  10705|     79| 13|1|    78|    78|   0|S3||146/240|
2016-01-04 20:05:31 : 20:05|  861|     2|  34340|  28131|    200| 13|1|   104|   104|   0|S3||160/240|
2016-01-04 20:13:52 : 20:13|  874|     3|  87290|  97757|     86| 22|2|  2392|  2392|   0|S3||220/240|
2016-01-04 20:20:32 : 20:20|  896|     7|   3666|   2558|    233| 13|1|    78|    78|   0|S3||60/240|
2016-01-04 20:24:36 : 20:24|  909|     6|   3230|  68259|    305| 16|1|   156|   156|   0|S3||88/240|
2016-01-04 20:27:16 : 20:27|  925|     2|   2142|  16671|     64| 12|1|    78|    78|   0|S3||106/240|
2016-01-04 20:31:19 : 20:31|  937|     7|  12416|   4949|    746| 14|1|   442|   442|   0|S3||120/240|
2016-01-04 20:33:56 : 20:33|  951|     1|  22079|  22702|    214|  8|1|    78|    78|   0|S3||123/240|
2016-01-04 20:37:00 : 20:37|  959|     6|  24913|  12750|    101| 13|1|   234|   234|   0|S3||141/240|
2016-01-04 20:39:58 : 20:39|  972|     3|    492|      0|      9| 10|1|    78|    78|   0|S3||169/240|
2016-01-04 20:49:24 : 20:49|  982|    15|  32713|  33293|    321| 14|1|    78|    78|   0|S3||240/240|
2016-01-04 20:53:22 : 20:53|  996|    16|   2918|  40000|     66|  8|1|   156|   156|   0|S3||240/240|
2016-01-04 20:56:29 : 20:56| 1004|     5|      0|      0|      0|-12|0|     0|     0|   0|--||240/240|
2016-01-04 21:04:23 : 21:04|  992|    28| 214100| 234669|   1665|  7|1|  2664|  2664|   0|S2||240/240|
2016-01-04 21:09:08 : 21:09|  999|     3|   2559|  29414|     75| 11|1|   111|   111|   0|S2||102/240|
2016-01-04 21:13:59 : 21:13| 1010|     1|   3920|   7381|     31|  9|1|   148|   148|   0|S2||148/240|
2016-01-04 21:17:55 : 21:17| 1019|    10|      0|      0|      0|-24|0|     0|     0|   0|--||162/240|
2016-01-04 21:20:49 : 21:20|  995|     2|  28516|  42734|    238| 12|1|   703|   703|   0|S2||195/240|
2016-01-04 21:24:11 : ============================= ATTACK LOG ==============================
2016-01-04 21:24:11 :                    --------  LOOT --------       ----- BONUS ------
2016-01-04 21:24:11 :  TIME|TROP.|SEARCH|   GOLD| ELIXIR|DARK EL|TR.|S|  GOLD|ELIXIR|  DE|L.
2016-01-04 21:28:57 : 21:28| 1019|     8|   5588|  39539|    609|  5|1|   111|   111|   0|S2||216/240|
2016-01-04 21:50:51 : 21:50| 1024|     7|   2542|  22118|    140| 13|1|   111|   111|   0|S2||240/240|
2016-01-04 21:53:39 : 21:53| 1037|     9|  29708|  25063|    137|  6|1|   148|   148|   0|S2||240/240|
2016-01-04 21:55:31 : 21:55| 1043|     2|      0|      0|     29|  9|1|   148|   148|   0|S2||240/240|
2016-01-04 21:57:19 : 21:57| 1052|     1|   6825|   4506|    310|  6|1|   148|   148|   0|S2||240/240|
2016-01-04 21:59:50 : 21:59| 1058|     2|      0|      0|      0|-17|0|     0|     0|   0|--||240/240|
2016-01-04 22:02:09 : 22:02| 1041|     4|    707|   3793|    136|  7|1|   222|   222|   0|S2||240/240|
2016-01-04 22:04:05 : 22:04| 1048|     2|   1310|  17450|     90|  9|1|   148|   148|   0|S2||240/240|
2016-01-04 22:07:44 : 22:07| 1057|     6|  66740|  56881|     86| 10|1|  2109|  2109|   0|--||240/240|
2016-01-04 22:25:46 : 22:25| 1097|    20|      0|      0|      0|-11|0|     0|     0|   0|--||219/240|
2016-01-04 22:28:03 : 22:28| 1086|     4|   1060|  37142|     88|  9|1|   111|   111|   0|S2||240/240|
2016-01-04 22:30:13 : 22:30| 1095|     3|   7079|  20881|     51| 10|1|   111|   111|   0|S2||240/240|
2016-01-04 22:33:59 : 22:33| 1105|    10|      0|      0|      0|-15|0|     0|     0|   0|--||240/240|
2016-01-04 22:36:01 : 22:36| 1090|     3|  22318|  10854|     53| 10|1|   148|   148|   0|S2||236/240|
2016-01-04 22:38:31 : 22:38| 1100|     6| 217383| 270010|    170|  8|1|  2886|  2886|   0|S2||240/240|
2016-01-04 22:44:36 : 22:44| 1108|     3|  71793|  25351|    160|  6|1|   518|   518|   0|--||62/240|
2016-01-04 22:47:27 : 22:47| 1114|     1|      0|      0|      0|-20|0|     0|     0|   0|--||26/240|
2016-01-05 19:07:34 : ============================= ATTACK LOG ==============================
2016-01-05 19:07:34 :                    --------  LOOT --------       ----- BONUS ------
2016-01-05 19:07:34 :  TIME|TROP.|SEARCH|   GOLD| ELIXIR|DARK EL|TR.|S|  GOLD|ELIXIR|  DE|L.
2016-01-05 20:01:44 : ============================= ATTACK LOG ==============================
2016-01-05 20:01:44 :                    --------  LOOT --------       ----- BONUS ------
2016-01-05 20:01:44 :  TIME|TROP.|SEARCH|   GOLD| ELIXIR|DARK EL|TR.|S|  GOLD|ELIXIR|  DE|L.
2016-01-05 20:28:02 : ============================= ATTACK LOG ==============================
2016-01-05 20:28:02 :                    --------  LOOT --------       ----- BONUS ------
2016-01-05 20:28:02 :  TIME|TROP.|SEARCH|   GOLD| ELIXIR|DARK EL|TR.|S|  GOLD|ELIXIR|  DE|L.
2016-01-05 20:44:28 : 20:44| 1214|     4|  30128|  30286|    139| 14|1|    78|    78|   0|S3||75/240|
2016-01-05 20:47:02 : 20:47|  762|     1|   1131|  43337|     88| 13|1|    78|    78|   0|S3||130/240|
2016-01-05 20:49:59 : 20:49|  775|    10|      0|      0|      0|-12|0|     0|     0|   0|--||142/240|
2016-01-05 20:53:27 : 20:53|  763|     2|   7849|  26178|     61| 14|1|    78|    78|   0|S3||71/240|
2016-01-05 20:56:22 : 20:56|  777|     3|   3383|    385|    292| 11|1|    78|    78|   0|S3||86/240|
2016-01-05 21:01:56 : 21:01|  788|    20|  62621|  80018|    433| 16|1|    78|    78|   0|S3||104/240|
2016-01-05 21:04:26 : 21:04|  804|     6|  23059|  34010|      0| -4|0|     0|     0|   0|--||136/240|
2016-01-05 21:11:06 : 21:11|  800|     3|  43114|  59805|     45| 13|1|   650|   650|   0|S3||99/240|
2016-01-05 21:14:39 : 21:14|  813|     2|   1422|   6252|    388| 13|1|    78|    78|   0|S3||37/240|
2016-01-05 21:23:23 : 21:23|  826|     3|  22007|  50395|     57| 15|1|   286|   286|   0|S3||91/240|
2016-01-05 21:28:14 : 21:28|  841|     1|  21784|  10350|      0|-11|0|     0|     0|   0|--||100/240|
2016-01-05 21:32:45 : 21:32|  830|    10|   3076|  10566|    108| 13|1|    78|    78|   0|S3||35/240|
2016-01-05 21:38:49 : 21:38|  843|     6|    909|   6284|     21| 13|1|   104|   104|   0|S3||79/240|
2016-01-05 21:41:44 : 21:41|  856|     4|  55456|  22826|      0| 15|1|   702|   702|   0|S3||99/240|
2016-01-05 21:43:37 : ============================= ATTACK LOG ==============================
2016-01-05 21:43:37 :                    --------  LOOT --------       ----- BONUS ------
2016-01-05 21:43:37 :  TIME|TROP.|SEARCH|   GOLD| ELIXIR|DARK EL|TR.|S|  GOLD|ELIXIR|  DE|L.
2016-01-05 21:48:49 : 21:48|  871|     5|   2260|  16729|    174| 14|1|    78|    78|   0|S3||56/240|
2016-01-05 21:53:58 : 21:53|  896|     3|  12242|   4290|     77| 13|1|    78|    78|   0|S3||181/240|
2016-01-05 21:57:13 : 21:57|  909|     8| 154908|  97638|   1035|-14|0|     0|     0|   0|--||240/240|
2016-01-05 22:00:27 : 22:00|  895|     4|  11955|  13779|    285| -8|0|     0|     0|   0|--||147/240|
2016-01-05 22:04:20 : 22:04|  887|     5|  19089|  31282|     54| 15|1|    78|    78|   0|S3||92/240|
2016-01-05 22:07:54 : 22:07|  902|     7|    368|  30659|     34| 11|1|    78|    78|   0|S3||184/240|
2016-01-05 22:10:56 : 22:10|  913|     2|  10987|   9003|    109| 12|1|   104|   104|   0|S3||240/240|
2016-01-05 22:13:26 : 22:13|  925|     2|      0|      0|      0|-12|0|     0|     0|   0|--||240/240|
2016-01-05 22:17:13 : 22:17|  913|     4|      0|      0|      0|  0|0|     0|     0|   0|--||240/240|
2016-01-05 22:19:51 : ============================= ATTACK LOG ==============================
2016-01-05 22:19:51 :                    --------  LOOT --------       ----- BONUS ------
2016-01-05 22:19:51 :  TIME|TROP.|SEARCH|   GOLD| ELIXIR|DARK EL|TR.|S|  GOLD|ELIXIR|  DE|L.
2016-01-05 22:25:32 : 22:25|  924|     8|      0|      0|      0|  0|0|     0|     0|   0|--||240/240|
2016-01-05 22:28:14 : 22:28|  924|     6|  12914|  67534|    150|  7|1|   780|   780|   0|S3||240/240|
2016-01-05 22:30:17 : 22:30|  931|     2|  39343|  72489|    150| 13|1|   442|   442|   0|S3||136/240|
2016-01-05 22:35:24 : 22:35|  944|     1|  16476|  40000|    219| 10|0|    78|    78|   0|S3||136/240|
2016-01-05 22:42:22 : ============================= ATTACK LOG ==============================
2016-01-05 22:42:22 :                    --------  LOOT --------       ----- BONUS ------
2016-01-05 22:42:22 :  TIME|TROP.|SEARCH|   GOLD| ELIXIR|DARK EL|TR.|S|  GOLD|ELIXIR|  DE|L.
2016-01-05 22:46:38 : 22:46|  969|     5| 332252| 325449|    504| -8|0|     0|     0|   0|--||240/240|
2016-01-05 22:48:26 : 22:48|  961|     1|  37625|  36723|     96| 11|1|   208|   208|   0|S3||148/240|
2016-01-05 22:52:58 : 22:52|  972|     9|   4012|  12109|     84| 11|1|    78|    78|   0|S3||136/240|
2016-01-05 22:56:25 : 22:56|  983|    11| 285827| 216290|    720| 10|1|   832|   832|   0|S3||226/240|
2016-01-05 22:58:35 : 22:58|  993|     4|  26325|  39963|      0|-19|0|     0|     0|   0|--||158/240|
2016-01-05 23:04:50 : 23:04|  974|     3|    204|   5112|     71| 10|1|    78|    78|   0|S3||122/240|
2016-01-05 23:07:54 : 23:07|  984|    11|  11023|   5957|      0| -8|0|     0|     0|   0|--||192/240|
2016-01-05 23:10:06 : 23:10|  976|     1|  28569|  33148|     46|  7|1|    78|    78|   0|S3||130/240|
2016-01-05 23:11:41 : 23:11|  983|     1|  19942|  33798|      0|-15|0|     0|     0|   0|--||192/240|
2016-01-05 23:14:58 : ============================= ATTACK LOG ==============================
2016-01-05 23:14:58 :                    --------  LOOT --------       ----- BONUS ------
2016-01-05 23:14:58 :  TIME|TROP.|SEARCH|   GOLD| ELIXIR|DARK EL|TR.|S|  GOLD|ELIXIR|  DE|L.
2016-01-05 23:24:31 : ============================= ATTACK LOG ==============================
2016-01-05 23:24:31 :                    --------  LOOT --------       ----- BONUS ------
2016-01-05 23:24:31 :  TIME|TROP.|SEARCH|   GOLD| ELIXIR|DARK EL|TR.|S|  GOLD|ELIXIR|  DE|L.
2016-01-05 23:36:22 : ============================= ATTACK LOG ==============================
2016-01-05 23:36:22 :                    --------  LOOT --------       ----- BONUS ------
2016-01-05 23:36:22 :  TIME|TROP.|SEARCH|   GOLD| ELIXIR|DARK EL|TR.|S|  GOLD|ELIXIR|  DE|L.
2016-01-05 23:40:51 : 23:40| 1005|     9|  13055|  30159|    113| 11|1|   222|   222|   0|S2||240/240|
2016-01-05 23:43:16 : 23:43| 1016|     1|      0|     66|      0|-19|0|     0|     0|   0|--||240/240|
2016-01-05 23:45:29 : 23:45|  997|     4| 242625| 162341|    199| 12|1|  1591|  1591|   0|S2||240/240|
2016-01-06 00:08:41 : ============================= ATTACK LOG ==============================
2016-01-06 00:08:41 :                    --------  LOOT --------       ----- BONUS ------
2016-01-06 00:08:41 :  TIME|TROP.|SEARCH|   GOLD| ELIXIR|DARK EL|TR.|S|  GOLD|ELIXIR|  DE|L.
2016-01-06 00:15:10 : 00:15| 1052|     1|  10718|  17805|    303|  8|1|   333|   333|   0|S2||240/240|
2016-01-06 00:17:46 : 00:17| 1060|     1|   3196|   6169|     40|  7|1|   111|   111|   0|S2||240/240|
2016-01-06 00:21:20 : 00:21| 1067|     8|  73376|  56444|    406|  5|1|   148|   148|   0|S2||240/240|
2016-01-06 00:27:44 : 00:27| 1072|    34|  72260|  41199|      0|-11|0|     0|     0|   0|--||240/240|
2016-01-06 00:33:49 : 00:33| 1061|    24|  68155|  68230|    286|  8|1|  1295|  1295|   0|--||240/240|
2016-01-06 00:36:21 : 00:36| 1069|     3|   7012|  18499|     63|  9|1|   111|   111|   0|S2||240/240|
2016-01-06 00:41:16 : 00:41| 1078|    23| 259623| 218165|     68|  7|1|   925|   925|   0|S2||240/240|
2016-01-06 00:44:17 : 00:44| 1085|     6|  85999| 130118|     14|  8|1|   925|   925|   0|S2||212/240|
2016-01-06 00:47:13 : 00:47| 1093|     4|      0|      0|      0|-23|0|     0|     0|   0|--||232/240|
2016-01-06 00:51:23 : 00:51| 1070|    13|      0|      0|      0|-16|0|     0|     0|   0|--||240/240|
2016-01-06 00:57:04 : 00:57| 1054|    22|  51281|  52735|     49|  7|1|   518|   518|   0|--||240/240|
2016-01-06 01:01:05 : 01:01| 1061|    11|  41396|  46132|    232|  9|1|   814|   814|   0|S2||240/240|
2016-01-06 01:08:32 : 01:08| 1070|    36|  32754|  30516|    132|  7|1|   148|   148|   0|S2||240/240|
2016-01-06 01:12:51 : 01:12| 1077|    10|      0|      0|      0|-12|0|     0|     0|   0|--||240/240|
2016-01-06 01:19:55 : 01:19| 1065|    32|  96367| 104400|    664| 11|1|  1110|  1110|   0|S2||240/240|
2016-01-06 01:24:27 : 01:24| 1076|    18|   1412|  32940|     43| 10|1|   111|   111|   0|S2||240/240|
2016-01-06 01:26:49 : 01:26| 1086|     2|   5280|  15160|    223|  8|1|   111|   111|   0|S2||240/240|
2016-01-06 01:29:05 : 01:29| 1094|     2|      0|      0|      0| 12|1|   111|   111|   0|S2||240/240|
2016-01-06 01:33:41 : 01:33| 1106|     8|      0|      0|      0|-17|0|     0|     0|   0|--||240/240|
2016-01-06 01:37:06 : 01:37| 1089|     9|  26478|      0|      0|-24|0|     0|     0|   0|--||240/240|
2016-01-06 01:39:45 : 01:39| 1065|     4|   8157|   8260|    166|  8|1|   111|   111|   0|S2||240/240|
2016-01-06 01:43:05 : 01:43| 1073|     8|      0|      0|      0|-18|0|     0|     0|   0|--||240/240|
2016-01-06 01:47:57 : 01:47| 1055|    22|   3506|  24195|    116|  8|1|   111|   111|   0|S2||240/240|
2016-01-06 02:09:05 : 02:09|  985|    19|    911|  24378|    189|  9|1|   148|   148|   0|S2||240/240|
2016-01-06 02:12:57 : 02:12|  994|    11|    428|  46963|    116|  9|1|   148|   148|   0|S2||230/240|
2016-01-06 02:15:30 : 02:15| 1003|     2|   8787|   7584|     67| 10|1|   222|   222|   0|S2||240/240|
2016-01-06 02:18:00 : 02:18| 1013|     1|  13065|   8394|    413| 12|1|   148|   148|   0|S2||240/240|
2016-01-06 02:21:24 : 02:21| 1025|     6|     17|  10374|     25|  8|1|   148|   148|   0|S2||240/240|
2016-01-06 02:24:49 : 02:24| 1033|     1|      0|      0|      0|-16|0|     0|     0|   0|--||240/240|
2016-01-06 02:39:28 : 02:39| 1017|    84|  21939|  20154|    126| 16|1|   111|   111|   0|S2||240/240|
2016-01-06 02:44:15 : 02:44| 1033|    15|      3|   5955|      3| 11|1|   592|   592|   0|S2||236/240|
