2015-12-27 12:37:33 : ============================= ATTACK LOG ==============================
2015-12-27 12:37:34 :                    --------  LOOT --------       ----- BONUS ------
2015-12-27 12:37:34 :  TIME|TROP.|SEARCH|   GOLD| ELIXIR|DARK EL|TR.|S|  GOLD|ELIXIR|  DE|L.
2015-12-27 14:43:16 : ============================= ATTACK LOG ==============================
2015-12-27 14:43:16 :                    --------  LOOT --------       ----- BONUS ------
2015-12-27 14:43:16 :  TIME|TROP.|SEARCH|   GOLD| ELIXIR|DARK EL|TR.|S|  GOLD|ELIXIR|  DE|L.
2015-12-27 14:47:05 : 14:47| 1129|     1|  14385|  15869|     40|  9|1|   111|   111|   0|--||240/240|
2015-12-27 14:49:47 : 14:49| 1138|     7|   3956|  17674|    221| 12|1|   111|   111|   0|--||240/240|
2015-12-27 14:54:52 : 14:54| 1150|    20|      0|      0|      6|-17|0|     0|     0|   0|--||240/240|
2015-12-27 15:02:29 : 15:02| 1133|    36| 151225| 164605|    764| 15|2|  3700|  3700|   0|S2||240/240|
2015-12-27 15:06:49 : 15:06| 1148|     7|    510|      0|      0|-16|0|     0|     0|   0|--||88/240|
2015-12-27 15:10:46 : 15:10| 1132|     3|      0|      0|      0|  0|0|     0|     0|   0|--||114/240|
2015-12-27 15:13:43 : 15:13| 1132|     2|   2734|  75222|    600| 10|1|   111|   111|   0|--||154/240|
2015-12-27 15:19:17 : 15:19| 1142|     6|      0|      0|     10| 11|1|   148|   148|   0|--||202/240|
2015-12-27 15:27:13 : 15:27| 1153|     1|     56|      0|      0|-22|0|     0|     0|   0|--||222/240|
2015-12-27 15:29:46 : 15:29|  878|     1|  51413|  41160|     96| 10|1|    78|    78|   0|--||240/240|
2015-12-27 15:34:34 : 15:34|  888|    14|  10041|   9807|     87| 16|1|    78|    78|   0|--||240/240|
2015-12-27 15:37:31 : 15:37|  904|     5|     48|      0|      0| -9|0|     0|     0|   0|--||240/240|
2015-12-27 15:41:58 : 15:41|  895|    17|      0|      0|      0| -5|0|     0|     0|   0|--||240/240|
2015-12-27 15:43:47 : 15:43|  890|     1|  45978|  17059|    130|  8|1|   104|   104|   0|--||240/240|
2015-12-27 15:48:12 : 15:48|  898|    16|      0|      0|      0| -4|0|     0|     0|   0|--||240/240|
2015-12-27 15:50:30 : 15:50|  894|     4|   5609|   7609|     23| 11|1|   104|   104|   0|--||240/240|
2015-12-27 15:52:42 : 15:52|  905|     3|   4643|  10884|    139| 13|1|    78|    78|   0|--||240/240|
2015-12-27 15:55:19 : 15:55|  918|     3|   5112|  21668|    146| 11|1|    78|    78|   0|--||240/240|
2015-12-27 15:57:58 : 15:57|  929|     2| 309957| 263974|   2040| 22|2|  2600|  2600|   0|S3||240/240|
2015-12-27 16:03:53 : 16:03|  951|     3|   4181|   2198|     16| 13|1|    78|    78|   0|--||62/240|
2015-12-27 16:07:31 : 16:07|  964|     7|  38794|  33239|    126| 12|1|   442|   442|   0|--||80/240|
2015-12-27 16:10:39 : 16:10|  976|     1|  31415|  34079|    266|  9|1|  1066|  1066|   0|--||100/240|
2015-12-27 16:13:57 : 16:13|  985|     2|  24593|  25901|    329|  8|1|   494|   494|   0|--||49/240|
2015-12-27 16:17:48 : 16:17|  993|     6|  12746|  15619|    270| 10|1|   442|   442|   0|--||66/240|
2015-12-27 16:24:12 : 16:24| 1003|     2|  47383|  27086|     90| 11|1|  1591|  1591|   0|--||117/240|
2015-12-27 16:27:44 : 16:27| 1014|     9|  36889|  35699|     89|  5|1|   296|   296|   0|--||126/240|
2015-12-27 16:32:03 : 16:32| 1019|    10|  75123|   5599|    192|  9|1|   518|   518|   0|--||150/240|
2015-12-27 16:40:02 : 16:40| 1028|     2|  15336|    867|     87| 10|1|   111|   111|   0|--||105/240|
2015-12-27 16:45:33 : ============================= ATTACK LOG ==============================
2015-12-27 16:45:33 :                    --------  LOOT --------       ----- BONUS ------
2015-12-27 16:45:33 :  TIME|TROP.|SEARCH|   GOLD| ELIXIR|DARK EL|TR.|S|  GOLD|ELIXIR|  DE|L.
2015-12-27 16:52:27 : 16:52| 1038|     2|      0|      0|      0|-13|0|     0|     0|   0|--||185/240|
2015-12-27 16:55:58 : 16:55| 1025|     4|  32278|  28440|     80| 13|1|   814|   814|   0|--||203/240|
2015-12-27 16:57:09 : ============================= ATTACK LOG ==============================
2015-12-27 16:57:09 :                    --------  LOOT --------       ----- BONUS ------
2015-12-27 16:57:09 :  TIME|TROP.|SEARCH|   GOLD| ELIXIR|DARK EL|TR.|S|  GOLD|ELIXIR|  DE|L.
2015-12-27 17:03:13 : ============================= ATTACK LOG ==============================
2015-12-27 17:03:13 :                    --------  LOOT --------       ----- BONUS ------
2015-12-27 17:03:13 :  TIME|TROP.|SEARCH|   GOLD| ELIXIR|DARK EL|TR.|S|  GOLD|ELIXIR|  DE|L.
2015-12-27 17:04:18 : ============================= ATTACK LOG ==============================
2015-12-27 17:04:18 :                    --------  LOOT --------       ----- BONUS ------
2015-12-27 17:04:18 :  TIME|TROP.|SEARCH|   GOLD| ELIXIR|DARK EL|TR.|S|  GOLD|ELIXIR|  DE|L.
2015-12-27 17:06:56 : 17:06| 1038|     1|   6378|  10402|    143| 10|1|   407|   407|   0|S2||240/240|
2015-12-27 17:10:15 : 17:10| 1048|     2|  54134|  63613|    109| 11|1|   111|   111|   0|S2||240/240|
2015-12-27 17:13:56 : 17:13| 1059|     4|  64853|  45002|    481| 12|1|   703|   703|   0|S2||240/240|
2015-12-27 17:20:13 : 17:20| 1071|    20|  26834|  37551|     60|  7|1|   703|   703|   0|S2||240/240|
2015-12-27 17:20:49 : ============================= ATTACK LOG ==============================
2015-12-27 17:20:49 :                    --------  LOOT --------       ----- BONUS ------
2015-12-27 17:20:49 :  TIME|TROP.|SEARCH|   GOLD| ELIXIR|DARK EL|TR.|S|  GOLD|ELIXIR|  DE|L.
2015-12-27 17:26:04 : 17:26| 1078|    13|  70576|  74997|    665| 15|1|  2072|  2072|   0|--||240/240|
2015-12-27 17:30:09 : 17:30| 1093|     2|  34602|  49591|    368| 12|1|  1924|  1924|   0|S2||212/240|
2015-12-27 17:34:01 : 17:34| 1105|     4|  49801|  84053|    130| 11|1|   629|   629|   0|--||154/240|
2015-12-27 17:36:25 : ============================= ATTACK LOG ==============================
2015-12-27 17:36:25 :                    --------  LOOT --------       ----- BONUS ------
2015-12-27 17:36:25 :  TIME|TROP.|SEARCH|   GOLD| ELIXIR|DARK EL|TR.|S|  GOLD|ELIXIR|  DE|L.
2015-12-27 17:42:33 : 17:42| 1116|     1|  36945|  54566|    846| 10|1|  1332|  1332|   0|S2||99/240|
2015-12-27 17:46:13 : 17:46| 1126|     1|   6349|   9463|     31|  6|1|   222|   222|   0|S2||55/240|
2015-12-27 17:48:40 : 17:48| 1132|     2|   6489|  57944|    166|  7|1|   111|   111|   0|S2||66/240|
2015-12-27 17:51:06 : 17:51| 1139|     1|   4461|   4425|     91|  8|1|   111|   111|   0|S2||66/240|
2015-12-27 17:54:20 : 17:54| 1147|     5|   6379|  20829|     84|  5|1|   444|   444|   0|S2||79/240|
2015-12-27 18:02:57 : 18:02| 1152|    10|      0|      0|      0|-12|0|     0|     0|   0|--||87/240|
2015-12-27 18:05:47 : 18:05|  887|     2|      0|      0|      0|-12|0|     0|     0|   0|--||150/240|
2015-12-27 18:07:59 : 18:07|  875|     1|   6683|   8072|     84| 13|1|   104|   104|   0|S3||167/240|
2015-12-27 18:11:03 : 18:11|  888|     3|      0|   4512|      0|  9|0|   104|   104|   0|--||179/240|
2015-12-27 18:21:36 : 18:21|  902|    11|   7766|   4459|     68| 10|1|   156|   156|   0|S3||240/240|
2015-12-27 18:24:30 : 18:24|  912|     4|  26133|      0|      0|-16|0|     0|     0|   0|--||240/240|
2015-12-27 18:27:48 : 18:27|  896|    11|   5754|     13|      2| 13|1|   104|   104|   0|S3||240/240|
2015-12-27 18:36:29 : ============================= ATTACK LOG ==============================
2015-12-27 18:36:29 :                    --------  LOOT --------       ----- BONUS ------
2015-12-27 18:36:29 :  TIME|TROP.|SEARCH|   GOLD| ELIXIR|DARK EL|TR.|S|  GOLD|ELIXIR|  DE|L.
2015-12-27 18:40:31 : 18:40|  881|     4| 147306|  81498|    137| 39|3|  2600|  2600|   0|S3||240/240|
2015-12-27 18:43:29 : 18:43|  920|     1|  72555|  76986|    425|  7|1|    78|    78|   0|S3||164/240|
2015-12-27 18:46:14 : 18:46|  927|     1|   3532|  43255|    182| 12|1|   494|   494|   0|S3||178/240|
2015-12-27 18:48:31 : 18:48|  939|     1|  10792|   6826|    247| 11|1|    78|    78|   0|S3||170/240|
2015-12-27 18:52:03 : 18:52|  950|     3|  49409|  57573|    674| 10|1|  1196|  1196|   0|S3||175/240|
2015-12-27 18:56:10 : 18:56|  960|     1|  53613|  81003|   1410| 10|1|  1144|  1144|   0|S3||92/240|
2015-12-27 19:00:07 : 19:00|  970|     4|  42598|  30455|    125| 11|1|   208|   208|   0|S3||51/240|
2015-12-27 19:02:44 : 19:02|  981|     1|  17236|   5616|    207| 12|1|   572|   572|   0|S3||60/240|
2015-12-27 19:05:07 : 19:05|  993|     2|     90|  14933|    341|  9|1|   104|   104|   0|S3||59/240|
2015-12-27 19:08:48 : 19:08| 1002|     9|  44708|  44170|    171| 13|1|   518|   518|   0|--||72/240|
2015-12-27 19:11:33 : 19:11| 1015|     4|   9724|  24554|    119| 13|1|   148|   148|   0|S2||74/240|
2015-12-27 19:15:35 : 19:15| 1028|     5|  13930|   6137|    141| 13|1|   518|   518|   0|--||91/240|
2015-12-27 19:21:10 : 19:21| 1041|     7|   3460|   7112|      5| 10|1|   148|   148|   0|S2||132/240|
2015-12-27 19:26:11 : 19:26| 1051|     2|  80000|  80000|    451| 11|1|   111|   111|   0|S2||171/240|
2015-12-27 19:28:23 : 19:28| 1062|     1|  22940|  27692|    120|  6|1|   111|   111|   0|S2||184/240|
2015-12-27 19:34:36 : 19:34| 1068|     5|  66605|  48240|    325|  9|1|   222|   222|   0|S2||221/240|
2015-12-27 19:38:04 : 19:38| 1077|     9|      0|   3807|     61| 11|1|   148|   148|   0|S2||240/240|
2015-12-27 19:40:44 : 19:40| 1088|     1|   3442|    911|    227|  9|1|   592|   592|   0|S2||240/240|
2015-12-27 19:44:14 : 19:44| 1097|     3|    594|  22693|    249|  4|1|   222|   222|   0|S2||240/240|
2015-12-27 19:47:26 : 19:47| 1101|     7|  30325|  27391|    965| 11|1|  1295|  1295|   0|--||240/240|
2015-12-27 19:51:45 : 19:51| 1112|    11|   2732|   2015|      8|  7|1|   148|   148|   0|S2||240/240|
2015-12-27 19:55:35 : 19:55| 1119|    12|  14811|  23843|    118|  6|1|   111|   111|   0|S2||240/240|
2015-12-27 20:00:25 : 20:00| 1125|    11|   3075|  23974|    352| 11|1|   111|   111|   0|S2||240/240|
2015-12-27 20:02:43 : 20:02| 1136|     2|   5538|  24046|    236|  6|1|   222|   222|   0|S2||240/240|
2015-12-27 20:05:56 : 20:05| 1142|     3|      0|   1066|     20|  8|1|   148|   148|   0|S2||236/240|
2015-12-27 20:10:06 : 20:10| 1150|     4|  20826|  14839|    648|  9|1|   407|   407|   0|S2||240/240|
2015-12-27 20:13:04 : 20:13| 1159|     4|  29306|    956|      5|  5|1|   703|   703|   0|S2||240/240|
2015-12-27 20:26:00 : 20:26|  893|     1|  21010|  19481|     78| 12|1|   286|   286|   0|S3||240/240|
2015-12-27 20:29:15 : 20:29|  905|     4| 180601| 287444|   1259| 38|3|  2600|  2600|   0|S3||240/240|
2015-12-27 20:34:34 : 20:34|  943|    10|   2314|  12901|    176| 11|1|    78|    78|   0|S3||56/240|
2015-12-27 20:37:38 : 20:37|  954|     7|   1129|  27620|     16| 11|1|    78|    78|   0|S3||72/240|
2015-12-27 20:40:37 : 20:40|  965|     2|  19489|  29016|    144| 10|1|   156|   156|   0|S3||92/240|
2015-12-27 20:42:49 : 20:42|  975|     1|  27501|  14853|     39|  9|1|    78|    78|   0|S3||116/240|
2015-12-27 20:48:02 : 20:48|  984|     4|  36533|  19962|    109|  9|1|    78|    78|   0|S3||153/240|
2015-12-27 20:53:10 : 20:53|  993|     1|      1|  11136|     12|  7|1|   104|   104|   0|S3||198/240|
2015-12-27 20:55:47 : 20:55| 1000|     5|   1855|  15852|     48| 11|1|   111|   111|   0|S2||213/240|
2015-12-27 21:00:35 : 21:00| 1011|     2|  28770|  31872|    136| 11|1|   111|   111|   0|S2||240/240|
2015-12-27 21:04:44 : 21:04| 1022|     6|  41353|  40032|    158|  7|1|   814|   814|   0|S2||240/240|
2015-12-27 21:51:02 : 21:51| 1006|     2|  15449|  20425|    158|  7|1|   148|   148|   0|S2||221/240|
2015-12-27 21:53:28 : 21:53| 1013|     2|   3408|  18879|    224| 10|1|   296|   296|   0|S2||237/240|
2015-12-27 21:58:08 : 21:58| 1023|    15|  13218|  35252|     72| 10|1|   148|   148|   0|S2||240/240|
2015-12-27 22:00:07 : 22:00| 1033|     1|    991|   1319|     21| 10|1|   111|   111|   0|S2||240/240|
2015-12-27 22:03:42 : 22:03| 1043|    10|      0|      0|      0|-18|0|     0|     0|   0|--||240/240|
2015-12-27 22:07:21 : 22:07| 1025|    10| 139512| 123199|   1577| 12|1|  2775|  2775|   0|S2||240/240|
2015-12-27 22:11:33 : 22:11| 1037|     1|   4551|      0|      4|  9|1|   111|   111|   0|S2||62/240|
2015-12-27 22:14:13 : 22:14| 1046|     1|      0|      0|     27|-16|0|     0|     0|   0|--||76/240|
2015-12-27 22:16:52 : 22:16| 1030|     4|    603|   4080|     39| 11|1|   111|   111|   0|S2||94/240|
2015-12-27 22:19:48 : 22:19| 1041|     4|   7894|   5044|     35|  6|1|   111|   111|   0|S2||110/240|
2015-12-27 22:22:04 : 22:22| 1047|     1|   6219|  20855|    177|  4|1|   111|   111|   0|S2||128/240|
2015-12-27 22:26:09 : 22:26| 1051|     2|  62527|  39113|   1169|  8|1|  1887|  1887|   0|S2||136/240|
2015-12-27 22:40:41 : 22:40| 1099|     3|  58513|  58063|     36|  5|1|   888|   888|   0|S2||193/240|
2015-12-27 22:44:33 : 22:44| 1104|     1|  43206|  31164|    576| 11|1|  1628|  1628|   0|S2||176/240|
2015-12-27 22:50:35 : 22:50| 1115|     3|  18766|  22746|    271| 10|1|   592|   592|   0|S2||164/240|
2015-12-27 22:53:03 : 22:53| 1125|     2|     28|     20|     40|  7|1|   111|   111|   0|S2||180/240|
2015-12-27 22:55:48 : 22:55| 1132|     1|    228|      0|      0|-27|0|     0|     0|   0|--||194/240|
2015-12-27 22:59:50 : 22:59| 1105|     8|  17193|  30503|    166| 10|1|   592|   592|   0|S2||216/240|
2015-12-27 23:02:04 : 23:02| 1115|     1|  12020|  13396|     44|  6|1|   111|   111|   0|S2||231/240|
2015-12-28 17:56:20 : ============================= ATTACK LOG ==============================
2015-12-28 17:56:20 :                    --------  LOOT --------       ----- BONUS ------
2015-12-28 17:56:20 :  TIME|TROP.|SEARCH|   GOLD| ELIXIR|DARK EL|TR.|S|  GOLD|ELIXIR|  DE|L.
2015-12-28 18:07:56 : 18:07| 1102|    28|   9728|   7596|     61| 13|1|   111|   111|   0|S2||240/240|
2015-12-28 18:10:11 : 18:10| 1115|     4|  21197|   5126|    113|  8|1|   111|   111|   0|S2||240/240|
2015-12-28 18:12:28 : 18:12| 1123|     2|   2584|  19054|    274| 10|1|   111|   111|   0|S2||240/240|
2015-12-28 18:22:52 : 18:22| 1168|     4|      0|      0|      0|-17|0|     0|     0|   0|--||240/240|
2015-12-28 18:25:55 : 18:25| 1151|     6|  10996|  11956|      4|  7|1|   518|   518|   0|--||240/240|
2015-12-28 18:30:18 : 18:30| 1158|    12|  26639|  52300|     99|  5|1|   111|   111|   0|S2||240/240|
2015-12-28 18:33:25 : 18:33| 1163|     8|      0|      0|     61|-15|0|     0|     0|   0|--||240/240|
2015-12-28 18:40:01 : 18:40| 1148|    25|      0|      0|      0|-10|0|     0|     0|   0|--||240/240|
2015-12-28 18:45:05 : 18:45| 1138|    20| 303562| 306123|   3264| 19|2|  3367|  3367|   0|S2||240/240|
2015-12-28 18:51:15 : 18:51| 1157|     7|  42140|  37547|    348| 10|1|   629|   629|   0|--||62/240|
2015-12-28 18:53:50 : 18:53| 1126|     4|      0|      0|     32|  6|1|   111|   111|   0|S2||75/240|
2015-12-28 18:57:01 : 18:57| 1132|     4|      0|      0|      0|-16|0|     0|     0|   0|--||95/240|
2015-12-28 19:00:45 : 19:00| 1116|     7|    183|      0|      0|-21|0|     0|     0|   0|--||111/240|
2015-12-28 19:03:28 : 19:03| 1095|     5|  11762|  13278|     43| 11|1|   111|   111|   0|S2||141/240|
2015-12-28 19:07:01 : 19:07| 1106|    10|      0|   4302|      4|  9|1|   518|   518|   0|--||159/240|
2015-12-28 19:12:19 : 19:12| 1115|     3|  26439|  23445|     57| 10|1|   111|   111|   0|S2||211/240|
2015-12-28 19:15:11 : 19:15| 1125|     2|      0|     42|      0|-22|0|     0|     0|   0|--||229/240|
2015-12-28 19:18:05 : 19:18| 1103|     5|  18226|  14032|    191|  6|1|   111|   111|   0|S2||240/240|
2015-12-28 19:20:22 : 19:20| 1109|     5|   6142|   5844|     77|  8|1|   111|   111|   0|S2||240/240|
2015-12-28 19:26:07 : 19:26| 1117|    27|  71235|  68856|    252|  5|1|   222|   222|   0|S2||240/240|
2015-12-28 19:28:53 : ============================= ATTACK LOG ==============================
2015-12-28 19:28:53 :                    --------  LOOT --------       ----- BONUS ------
2015-12-28 19:28:53 :  TIME|TROP.|SEARCH|   GOLD| ELIXIR|DARK EL|TR.|S|  GOLD|ELIXIR|  DE|L.
2015-12-28 19:50:03 : ============================= ATTACK LOG ==============================
2015-12-28 19:50:03 :                    --------  LOOT --------       ----- BONUS ------
2015-12-28 19:50:03 :  TIME|TROP.|SEARCH|   GOLD| ELIXIR|DARK EL|TR.|S|  GOLD|ELIXIR|  DE|L.
2015-12-28 19:59:03 : ============================= ATTACK LOG ==============================
2015-12-28 19:59:03 :                    --------  LOOT --------       ----- BONUS ------
2015-12-28 19:59:03 :  TIME|TROP.|SEARCH|   GOLD| ELIXIR|DARK EL|TR.|S|  GOLD|ELIXIR|  DE|L.
2015-12-28 20:04:15 : 20:04| 1144|     5| 102205|  79501|    725| 11|1|  1924|  1924|   0|S2||240/240|
2015-12-28 20:15:23 : 20:15|  887|    17|  14174|  34138|    210| 10|1|   104|   104|   0|S3||240/240|
2015-12-28 20:17:12 : 20:17|  897|     1|  56000|  59634|    199| 10|1|   104|   104|   0|S3||240/240|
2015-12-28 20:20:39 : 20:20|  907|    11|  18144|  20299|     58| 14|1|    78|    78|   0|S3||240/240|
2015-12-28 20:22:43 : 20:22|  921|     2| 321729| 245724|    394| 45|3|  2600|  2600|   0|S3||240/240|
2015-12-28 20:29:29 : 20:29|  966|     1|  85972|  57918|   2188| 11|1|   988|   988|   0|S3||55/240|
2015-12-28 20:32:55 : 20:32|  977|    10|  16071|  21347|     64| 11|1|    78|    78|   0|S3||61/240|
2015-12-28 20:35:20 : 20:35|  988|     2|   5686|   6386|    153| 13|1|   104|   104|   0|S3||87/240|
2015-12-28 20:38:18 : 20:38| 1001|     2|  27996|  16267|    160|  9|1|   407|   407|   0|S2||103/240|
2015-12-28 20:41:26 : 20:41| 1010|     3|      0|      0|      0|-17|0|     0|     0|   0|--||110/240|
2015-12-28 20:43:55 : 20:43|  993|     3|  12128|  13254|     72|  9|1|   111|   111|   0|S2||132/240|
2015-12-28 20:46:09 : 20:46| 1002|     1|  17427|  24463|     72| 11|1|   111|   111|   0|S2||150/240|
2015-12-28 20:49:17 : 20:49| 1013|     7|   7484|  29093|    145| 11|1|   111|   111|   0|S2||168/240|
2015-12-28 20:51:48 : 20:51| 1024|     1|  40156|  35421|    130|  8|1|   814|   814|   0|S2||188/240|
2015-12-28 21:03:32 : 21:03| 1032|    30|   1453|  16829|    159| 15|1|   518|   518|   0|--||230/240|
2015-12-28 21:06:08 : 21:06| 1047|     3| 274190| 170907|    184|  7|1|  2775|  2775|   0|S2||240/240|
2015-12-28 21:11:22 : 21:11| 1054|     6|   3500|  17155|    129|  6|1|   111|   111|   0|S2||50/240|
2015-12-28 21:18:56 : 21:18| 1060|     1|  29768|  13282|    143|  7|1|   111|   111|   0|S2||128/240|
2015-12-28 21:26:50 : 21:26| 1067|     4|   4668|  11773|     40| 10|1|   148|   148|   0|S2||198/240|
2015-12-28 21:38:37 : 21:38| 1077|    62|  41217|  56609|    439|  6|1|  1221|  1221|   0|S2||216/240|
2015-12-28 21:45:09 : 21:45| 1083|     2|  27017|  55513|    128|  9|1|   814|   814|   0|S2||225/240|
2015-12-28 21:47:16 : 21:47| 1092|     3|    520|  29132|     52| 11|1|   740|   740|   0|S2||227/240|
2015-12-28 21:50:38 : 21:50| 1103|     4|   4380|  59712|    313|  8|1|   111|   111|   0|S2||214/240|
2015-12-28 21:54:06 : 21:54| 1111|     9|  11559|   9405|    185|  5|1|   111|   111|   0|S2||232/240|
2015-12-28 21:56:10 : 21:56| 1116|     3|  41426|  80417|    333|  4|1|   111|   111|   0|S2||240/240|
2015-12-28 21:59:34 : 21:59| 1120|    13|  16788|  13804|     47| 10|1|   148|   148|   0|S2||240/240|
2015-12-28 22:06:36 : 22:06| 1130|    24|  45035|  31020|      0|-17|0|     0|     0|   0|--||240/240|
2015-12-28 22:12:15 : 22:12| 1113|    24|   3007|  29566|     37|  8|1|   111|   111|   0|S2||240/240|
2015-12-28 22:15:07 : 22:15| 1121|     7|   2516|  20631|     77|  7|1|   148|   148|   0|S2||240/240|
2015-12-28 22:24:51 : 22:24| 1150|     3|  20014|  31466|    198|  5|1|   444|   444|   0|S2||240/240|
2015-12-28 22:33:13 : 22:33| 1155|     4|  11749|  11360|      4| 11|1|   104|   104|   0|S3||198/240|
2015-12-28 22:35:35 : 22:35|  903|     2|   2281|  29255|    188| 10|1|    78|    78|   0|S3||240/240|
2015-12-28 22:39:36 : 22:39|  913|    16|     89|  14153|     27| 11|1|   156|   156|   0|S3||240/240|
2015-12-28 22:42:36 : 22:42|  924|    11|   5798|      0|      8| 12|1|   104|   104|   0|S3||240/240|
2015-12-28 22:45:00 : 22:45|  936|     6|   8812|   5175|     54| 11|1|   104|   104|   0|S3||240/240|
2015-12-28 22:47:42 : 22:47|  947|     8|   2750|  11804|     12| 11|1|   104|   104|   0|S3||240/240|
2015-12-28 22:51:59 : 22:51|  958|    20|   5146|  30000|     76|  9|0|   156|   156|   0|S3||240/240|
2015-12-28 23:04:28 : 23:04| 1038|     9|  21766|  28669|     62| 11|1|   296|   296|   0|S2||240/240|
2015-12-28 23:06:18 : 23:06| 1049|     2|  40954|  16425|     74| 10|1|   111|   111|   0|S2||240/240|
2015-12-28 23:10:52 : 23:10| 1059|    21|  54956|  13470|     24| 10|1|   111|   111|   0|S2||240/240|
2015-12-28 23:14:09 : 23:14| 1069|     7|  80524| 106922|      9| 12|1|  2479|  2479|   0|S2||240/240|
2015-12-28 23:17:39 : 23:17| 1081|     6|  21261|  13550|    205|  7|1|   148|   148|   0|S2||186/240|
2015-12-28 23:22:23 : 23:22| 1088|     9|      0|      0|      0|-18|0|     0|     0|   0|--||209/240|
2015-12-28 23:25:44 : 23:25| 1070|     3|      0|      0|      0|-18|0|     0|     0|   0|--||237/240|
2015-12-28 23:27:54 : 23:27| 1052|     2|  11925|   3417|     30| 10|1|   222|   222|   0|S2||240/240|
2015-12-29 18:02:41 : ============================= ATTACK LOG ==============================
2015-12-29 18:02:42 :                    --------  LOOT --------       ----- BONUS ------
2015-12-29 18:02:42 :  TIME|TROP.|SEARCH|   GOLD| ELIXIR|DARK EL|TR.|S|  GOLD|ELIXIR|  DE|L.
2015-12-29 18:17:12 : 18:17|    0|    13|    166|  11872|    100| 13|1|   234|   234|   0|S3||240/240|
2015-12-29 18:20:06 : 18:20|  911|     1|  45676|  33378|     72|  8|1|    78|    78|   0|S3||240/240|
2015-12-29 18:25:08 : 18:25|  919|    24|     42|     14|     20| 14|1|   104|   104|   0|S3||240/240|
2015-12-29 18:27:20 : 18:27|  933|     1| 294806| 268642|    677| 20|2|  2600|  2600|   0|S3||240/240|
2015-12-29 18:36:22 : ============================= ATTACK LOG ==============================
2015-12-29 18:36:22 :                    --------  LOOT --------       ----- BONUS ------
2015-12-29 18:36:22 :  TIME|TROP.|SEARCH|   GOLD| ELIXIR|DARK EL|TR.|S|  GOLD|ELIXIR|  DE|L.
2015-12-29 18:40:18 : ============================= ATTACK LOG ==============================
2015-12-29 18:40:18 :                    --------  LOOT --------       ----- BONUS ------
2015-12-29 18:40:18 :  TIME|TROP.|SEARCH|   GOLD| ELIXIR|DARK EL|TR.|S|  GOLD|ELIXIR|  DE|L.
2015-12-29 18:46:53 : ============================= ATTACK LOG ==============================
2015-12-29 18:46:53 :                    --------  LOOT --------       ----- BONUS ------
2015-12-29 18:46:53 :  TIME|TROP.|SEARCH|   GOLD| ELIXIR|DARK EL|TR.|S|  GOLD|ELIXIR|  DE|L.
2015-12-29 18:51:27 : 18:51|  988|     5|   4652|   4836|     60| 12|1|   156|   156|   0|S3||118/240|
2015-12-29 18:53:59 : 18:53| 1000|     3|  17907|  13967|     63| 11|1|   148|   148|   0|S2||140/240|
2015-12-29 18:57:33 : 18:57| 1011|     7|  90695|  78663|    254| 10|1|  1295|  1295|   0|--||156/240|
2015-12-29 19:00:25 : 19:00| 1021|     3|  12917|    720|     48| 10|1|   111|   111|   0|S2||149/240|
2015-12-29 19:03:16 : 19:03|    0|     6|   3332|  19667|     41|  5|1|   111|   111|   0|S2||168/240|
2015-12-29 19:06:27 : 19:06| 1036|     5|   6246|  38689|     72| 12|1|   111|   111|   0|S2||188/240|
2015-12-29 19:09:32 : 19:09| 1048|     5|  80000|  76147|    268| 13|1|   148|   148|   0|S2||210/240|
2015-12-29 19:13:10 : 19:13| 1061|    10|  18435|  15827|     64|  7|1|   111|   111|   0|S2||211/240|
2015-12-29 19:15:19 : 19:15| 1068|     1|   5406|   7742|     90| 11|1|   148|   148|   0|S2||238/240|
2015-12-29 19:17:08 : 19:17| 1079|     1| 248592| 244375|   1167| 14|2|  3182|  3182|   0|S2||240/240|
2015-12-29 19:40:55 : 19:40| 1145|     4|      0|   1084|     50| 16|1|    52|    52|   0|B1||96/240|
2015-12-29 19:43:17 : 19:43|  713|     1|  21203|  32699|     72| 14|1|    39|    39|   0|B1||181/240|
2015-12-29 19:45:41 : 19:45|  727|     1|  13804|  10209|     20| 14|1|    78|    78|   0|B1||199/240|
2015-12-29 19:48:02 : 19:48|  741|     3|   9221|  12473|     68| 15|1|    39|    39|   0|B1||213/240|
2015-12-29 19:50:44 : 19:50|  756|     3|  12398|   9372|     60| 14|1|    39|    39|   0|B1||223/240|
2015-12-29 19:53:15 : 19:53|  770|     7|  25440|  52828|    363| 16|1|    39|    39|   0|B1||237/240|
2015-12-29 19:55:01 : 19:55|  786|     1|  14534|   4106|     44| 14|1|    52|    52|   0|B1||240/240|
2015-12-29 20:04:00 : 20:04|  907|     2|  22698|  31848|    161| 13|1|    78|    78|   0|S3||240/240|
2015-12-29 20:06:38 : 20:06|  920|     8|  14264|   4120|     76| 14|1|    78|    78|   0|S3||240/240|
2015-12-29 20:08:21 : 20:08|  934|     1|  32969|   8958|     76| 11|1|   104|   104|   0|S3||240/240|
2015-12-29 20:11:36 : 20:11|  945|    12|   3528|    722|     88| 13|1|    78|    78|   0|S3||240/240|
2015-12-29 20:13:49 : 20:13|  958|     3|  10956|  10233|     40|  9|1|    78|    78|   0|S3||240/240|
2015-12-29 20:16:17 : 20:16|  967|     6|    461|   4242|     17| 10|1|    78|    78|   0|S3||240/240|
2015-12-29 20:18:46 : 20:18|  977|     2|    285|      0|      0|-12|0|     0|     0|   0|--||240/240|
2015-12-29 20:20:47 : 20:20|  965|     3|  15733|   1826|     79| 11|1|    78|    78|   0|S3||240/240|
2015-12-29 20:23:56 : 20:23|  976|    11|   1386|   8412|     92| 12|1|    78|    78|   0|S3||240/240|
2015-12-29 20:26:55 : 20:26|  988|     1| 529755| 574382|   2050| 15|2|  2600|  2600|   0|S3||240/240|
2015-12-29 20:31:08 : 20:31| 1003|     2|   4543|  22703|    104|  9|1|   111|   111|   0|S2||50/240|
2015-12-29 20:41:57 : 20:41| 1012|     4|   1935|   1916|    107| 10|1|   148|   148|   0|S2||110/240|
2015-12-29 20:44:11 : 20:44| 1022|     1|      0|   3463|      4| 12|1|   111|   111|   0|S2||128/240|
2015-12-29 20:46:48 : 20:46| 1034|     4|   5387|   4412|     54| 12|1|   111|   111|   0|S2||143/240|
2015-12-29 20:49:55 : 20:49| 1046|     7|  39088|  27328|      0| 12|1|   111|   111|   0|S2||154/240|
2015-12-29 20:53:15 : 20:53| 1058|     1|  44815|  47159|     64|  6|1|   629|   629|   0|--||176/240|
2015-12-29 21:01:16 : 21:01| 1064|     6|  73962|  55634|    783|  9|1|  1924|  1924|   0|S2||224/240|
2015-12-29 21:10:12 : 21:10| 1073|     4|      0|      0|      0|-23|0|     0|     0|   0|--||173/240|
2015-12-29 21:13:21 : 21:13| 1050|     3|      0|      0|      0|-16|0|     0|     0|   0|--||199/240|
2015-12-29 21:17:33 : 21:17| 1034|    12|   2339|  14011|     68| 11|1|   333|   333|   0|S2||221/240|
2015-12-29 21:19:54 : 21:19| 1045|     1|      0|      0|      0|-22|0|     0|     0|   0|--||240/240|
2015-12-29 21:22:11 : 21:22| 1023|     5|   2949|  19204|     57|  9|1|   111|   111|   0|S2||240/240|
2015-12-29 21:24:42 : 21:24| 1032|     7|  12687|   5313|     78|  7|1|   111|   111|   0|S2||240/240|
2015-12-29 21:26:29 : 21:26| 1039|     1|   7985|  43282|     57|  4|1|   333|   333|   0|S2||240/240|
2015-12-29 21:29:53 : 21:29| 1043|    12|  16813|   3938|     36|  8|1|   296|   296|   0|S2||237/240|
2015-12-29 21:31:36 : 21:31| 1051|     1|  42212|  35127|    132| 10|1|   148|   148|   0|S2||240/240|
2015-12-29 21:36:54 : 21:36| 1061|    22|  21536|  18503|     60|  9|1|   111|   111|   0|S2||240/240|
2015-12-29 21:40:55 : 21:40| 1070|    17|   3980|   3594|     31| 14|1|   148|   148|   0|S2||240/240|
2015-12-29 21:43:19 : 21:43| 1084|     1|      0|      0|      0|-17|0|     0|     0|   0|--||240/240|
2015-12-29 21:46:45 : 21:46| 1067|     8|   1928|      0|      0|-20|0|     0|     0|   0|--||240/240|
2015-12-29 21:49:16 : 21:49| 1047|     5|    660|  53035|      4| 10|1|   148|   148|   0|S2||240/240|
2015-12-29 21:51:28 : 21:51| 1057|     1|   5742|   4652|     50| 11|1|   111|   111|   0|S2||240/240|
2015-12-29 21:53:35 : 21:53| 1068|     3|  23488|  25440|     92|  6|1|   148|   148|   0|S2||240/240|
2015-12-29 21:57:59 : 21:57| 1074|    15|      0|      0|      0|-20|0|     0|     0|   0|--||240/240|
2015-12-29 22:00:32 : 22:00| 1054|     3|  11761|  28037|     53| 11|1|   518|   518|   0|--||240/240|
2015-12-29 22:02:22 : 22:02| 1065|     1|  30265|  17130|     58| 11|1|   333|   333|   0|S2||240/240|
2015-12-29 22:05:16 : 22:05| 1076|    10|  14024|   4640|     52| 11|1|   111|   111|   0|S2||240/240|
2015-12-29 22:07:56 : 22:07| 1087|     2|     69|    689|      0|-30|0|     0|     0|   0|--||240/240|
2015-12-29 22:10:27 : 22:10| 1057|     6|     12|    323|      3| 11|1|   111|   111|   0|S2||240/240|
2015-12-29 22:12:17 : 22:12| 1068|     1|  31712|  12249|    171|  8|1|   148|   148|   0|S2||240/240|
2015-12-29 22:16:11 : 22:16| 1076|    15|   7999|  47135|    266|  6|1|   148|   148|   0|S2||240/240|
2015-12-29 22:19:28 : 22:19| 1082|    12|   1359|     80|     44|  6|1|   111|   111|   0|S2||240/240|
2015-12-29 22:21:44 : 22:21| 1088|     3|  21067|  17457|    125|  6|1|   148|   148|   0|S2||236/240|
2015-12-29 22:25:02 : 22:25| 1094|     9|   7763|   3010|    274|  7|1|   148|   148|   0|S2||240/240|
2015-12-29 22:28:42 : 22:28| 1101|     6| 316198| 288259|    855| 23|2|  3700|  3700|   0|S2||240/240|
2015-12-29 22:35:58 : 22:35| 1124|     5|   4161|   3013|     78|  7|1|   148|   148|   0|S2||78/240|
2015-12-29 22:38:30 : 22:38| 1131|     2|    457|    424|     10|  6|1|   148|   148|   0|S2||100/240|
2015-12-29 22:49:39 : 22:49| 1137|     7|  56000|  53440|    152| 11|1|   148|   148|   0|S2||198/240|
2015-12-29 22:51:52 : 22:51| 1148|     1|    272|   7352|    140|  7|1|   111|   111|   0|S2||222/240|
2015-12-29 22:54:42 : 22:54| 1155|     4|      0|      0|      0|-16|0|     0|     0|   0|--||232/240|
2015-12-29 23:00:10 : 23:00| 1139|    24|  28871|  33506|     23|  8|1|   148|   148|   0|S2||240/240|
2015-12-29 23:03:40 : 23:03| 1147|    13|  31211|   2863|     82|  8|1|   148|   148|   0|S2||236/240|
2015-12-29 23:06:59 : 23:06| 1155|     8|  14577|  13253|    191|  8|1|   111|   111|   0|S2||240/240|
2015-12-29 23:10:23 : 23:10| 1163|    12|  11125|  12281|     87|  6|1|   111|   111|   0|S2||236/240|
2015-12-29 23:12:07 : 23:12| 1169|     1|  23639|  29001|    268|  6|1|   111|   111|   0|S2||240/240|
2015-12-29 23:13:58 : 23:13| 1175|     2|   7916|   5164|     37|  5|1|   148|   148|   0|S2||240/240|
2015-12-29 23:16:13 : 23:16| 1180|     5|   9724|  42999|    251|  7|1|   148|   148|   0|S2||240/240|
2015-12-29 23:18:13 : 23:18| 1187|     2|   7506|  30119|    226| 11|1|   148|   148|   0|S2||236/240|
2015-12-29 23:21:25 : 23:21| 1198|    10|   3812|   3140|     53| 10|1|   111|   111|   0|S2||240/240|
2015-12-29 23:24:39 : 23:24| 1208|     6|  19252|  24132|    213|  9|1|   576|   576|   0|S1||240/240|
2015-12-29 23:27:11 : 23:27| 1217|     4|  14515|  80095|    121| 10|1|   144|   144|   0|S1||230/240|
2015-12-30 17:54:02 : ============================= ATTACK LOG ==============================
2015-12-30 17:54:02 :                    --------  LOOT --------       ----- BONUS ------
2015-12-30 17:54:02 :  TIME|TROP.|SEARCH|   GOLD| ELIXIR|DARK EL|TR.|S|  GOLD|ELIXIR|  DE|L.
2015-12-30 18:09:09 : 18:09| 1020|     3|  11907|   6194|    320| 13|1|   629|   629|   0|--||183/240|
2015-12-30 18:11:57 : 18:11| 1033|     2|   9883|  22453|    154| 12|1|   111|   111|   0|S2||145/240|
2015-12-30 18:24:26 : 18:24| 1059|    10|  56000|  56000|    320|  8|1|   148|   148|   0|S2||176/240|
2015-12-30 18:26:55 : 18:26| 1067|     2|  15550|  11043|    344|  8|1|   148|   148|   0|S2||200/240|
2015-12-30 18:47:44 : 18:47| 1135|    19|      0|      0|      0|-21|0|     0|     0|   0|--||240/240|
2015-12-30 18:51:55 : 18:51| 1114|     2|  53110|  61941|   3065| 11|1|  1776|  1776|   0|S2||240/240|
2015-12-30 18:59:38 : 18:59| 1125|     8|  25871|  66067|    181| 11|1|  1480|  1480|   0|S2||82/240|
2015-12-30 19:04:20 : 19:04| 1136|    10|  10062|    397|    384|  6|1|   296|   296|   0|S2||103/240|
2015-12-30 19:35:00 : 19:35| 1165|     3|   2380|      2|      6| 14|1|    78|    78|   0|S3||134/240|
2015-12-30 19:38:39 : 19:38|  764|     9|   3068|  16302|     78| 17|1|    78|    78|   0|S3||229/240|
2015-12-30 19:41:14 : 19:41|  781|     4|  16087|  14022|    123| 15|1|    78|    78|   0|S3||240/240|
2015-12-30 19:43:30 : 19:43|  796|     5|  23519|   9611|     28| 16|1|   104|   104|   0|S3||240/240|
2015-12-30 19:59:40 : 19:59|  943|     3|  40128|  43353|    246| 13|1|   988|   988|   0|S3||236/240|
2015-12-30 20:07:19 : 20:07|  956|     3|  27962|  24935|    228| 11|1|   650|   650|   0|S3||218/240|
2015-12-30 20:10:27 : 20:10|  967|     9|  16880|  21412|     68| 12|1|    78|    78|   0|S3||238/240|
2015-12-30 20:12:43 : 20:12|  979|     4|   6422|  13358|    164|  8|1|    78|    78|   0|S3||240/240|
2015-12-30 20:14:29 : 20:14|  987|     1|    444|  19691|    147| 11|1|   104|   104|   0|S3||240/240|
2015-12-30 20:16:41 : 20:16|  998|     4|   1827|   1974|     92| 11|1|   104|   104|   0|S3||240/240|
2015-12-30 20:18:28 : 20:18| 1009|     1|  11089|  10459|    116| 10|1|   148|   148|   0|S2||240/240|
2015-12-30 20:21:48 : 20:21| 1019|    11|  24172|   9129|    113| 10|1|   111|   111|   0|S2||240/240|
2015-12-30 20:24:06 : 20:24| 1029|     4|  35424|  19277|     45| 10|1|   333|   333|   0|S2||240/240|
2015-12-30 20:27:13 : 20:27| 1039|     5|   6771|  12474|     95| 13|1|   148|   148|   0|S2||240/240|
2015-12-30 20:29:14 : 20:29| 1052|     1|  35529|  19709|    134|  9|1|   111|   111|   0|S2||240/240|
2015-12-30 20:34:40 : 20:34| 1061|    28|    159|   1047|      5|  8|1|   111|   111|   0|S2||240/240|
2015-12-30 20:37:43 : 20:37| 1069|     9|  15120|  17988|     64|  9|1|   111|   111|   0|S2||240/240|
2015-12-30 20:41:43 : 20:41| 1078|    17|    495|  14084|    162|  6|1|   111|   111|   0|S2||240/240|
2015-12-30 20:44:01 : 20:44| 1084|     1|      0|      0|      0|-20|0|     0|     0|   0|--||240/240|
2015-12-30 20:46:13 : 20:46| 1064|     4|  37469|  22116|    116|  9|1|   111|   111|   0|S2||240/240|
2015-12-30 20:54:22 : 20:54| 1073|    47|  16192|  10172|     76|  8|1|   148|   148|   0|S2||240/240|
2015-12-30 20:56:17 : 20:56| 1081|     2|   7909|  18465|     87|  5|1|   148|   148|   0|S2||240/240|
2015-12-30 20:58:09 : 20:58| 1086|     2|   7073|  11286|    309|  8|1|   148|   148|   0|S2||240/240|
2015-12-30 21:01:03 : 21:01| 1094|     5|      0|      0|      0|-33|0|     0|     0|   0|--||240/240|
2015-12-30 21:03:32 : 21:03| 1061|     2|      0|      0|      0|-27|0|     0|     0|   0|--||240/240|
2015-12-30 21:05:22 : 21:05| 1034|     2|   4297|  35445|    320|  9|1|   111|   111|   0|S2||240/240|
2015-12-30 21:07:09 : 21:07| 1043|     1|    415|  18713|     74|  8|1|   148|   148|   0|S2||240/240|
2015-12-30 21:09:01 : 21:09| 1051|     1|   2227|  17365|    214|  5|1|   111|   111|   0|S2||240/240|
2015-12-30 21:16:27 : 21:16| 1056|    39|  20339|  27810|     77|  7|1|   148|   148|   0|S2||240/240|
2015-12-30 21:19:22 : 21:19| 1063|     7|  18968|  54928|    139| 10|1|   333|   333|   0|S2||240/240|
2015-12-30 21:21:23 : 21:21| 1073|     2|  15210|  28792|    356|  8|1|   814|   814|   0|S2||216/240|
2015-12-30 21:24:54 : 21:24| 1081|     6|  35399|  11519|    132|  5|1|   111|   111|   0|S2||206/240|
2015-12-30 21:27:42 : 21:27| 1086|     5|   7287|   7546|     14|  8|1|   111|   111|   0|S2||228/240|
2015-12-30 21:33:36 : 21:33| 1094|    24|   9723|  41821|    185|  6|1|   999|   999|   0|--||240/240|
2015-12-30 21:37:19 : 21:37| 1100|     6| 128254| 108581|   1540| 20|2|  3589|  3589|   0|S2||240/240|
2015-12-30 21:42:45 : 21:42| 1120|     9|   4536|   4943|    195|  6|1|   148|   148|   0|S2||56/240|
2015-12-30 21:45:57 : 21:45| 1126|     4|      0|      0|      0|-16|0|     0|     0|   0|--||82/240|
2015-12-30 21:48:17 : 21:48| 1110|     1|  19115|  49067|     73|  4|1|   296|   296|   0|S2||100/240|
2015-12-30 21:54:27 : 21:54| 1114|     6|  64500|  59761|    101|  9|1|   111|   111|   0|S2||144/240|
2015-12-30 21:58:10 : 21:58| 1123|     8|      0|      0|      0|-19|0|     0|     0|   0|--||170/240|
2015-12-30 22:03:16 : 22:03| 1104|     1|  19747|   2696|    128|  6|1|   148|   148|   0|S2||228/240|
2015-12-30 22:06:27 : 22:06| 1110|    12|    152|    213|     45| 10|1|   148|   148|   0|S2||240/240|
2015-12-30 22:10:02 : 22:10| 1120|    10|      0|      0|      0|-16|0|     0|     0|   0|--||240/240|
2015-12-30 22:14:36 : 22:14| 1104|    18|  18579|  47118|    100|  4|1|   111|   111|   0|S2||240/240|
2015-12-30 22:18:42 : 22:18| 1108|    18|  19751|  14391|    186|  6|1|   111|   111|   0|S2||240/240|
2015-12-30 22:22:22 : 22:22| 1114|    14|  11406|  19049|    484| 14|1|   222|   222|   0|S2||240/240|
2015-12-30 22:28:15 : 22:28| 1128|    26|  63667|  73819|    112|  4|1|   111|   111|   0|S2||240/240|
2015-12-30 22:30:33 : 22:30| 1132|     5|   3396|  16858|     67|  5|1|   111|   111|   0|S2||240/240|
2015-12-30 22:35:56 : 22:35| 1137|    28|   1717|   7975|    119| 11|1|   148|   148|   0|S2||240/240|
2015-12-30 22:40:03 : 22:40| 1148|    17|  15539|  17716|     92| 11|1|   111|   111|   0|S2||240/240|
2015-12-30 22:41:55 : 22:41| 1159|     2|  11596|  11139|    182|  7|1|   111|   111|   0|S2||240/240|
2015-12-31 14:35:09 : ============================= ATTACK LOG ==============================
2015-12-31 14:35:09 :                    --------  LOOT --------       ----- BONUS ------
2015-12-31 14:35:09 :  TIME|TROP.|SEARCH|   GOLD| ELIXIR|DARK EL|TR.|S|  GOLD|ELIXIR|  DE|L.
2015-12-31 14:57:50 : 14:57| 1160|    50|   1026|  46306|    132| 18|1|   312|   312|   0|S3||240/240|
2015-12-31 14:59:55 : 14:59|  766|     3|  19151|  37485|     40| 13|1|    78|    78|   0|S3||236/240|
2015-12-31 15:01:53 : 15:01|  779|     1|   5772|  27386|     73| 14|1|    78|    78|   0|S3||240/240|
2015-12-31 15:12:26 : 15:12|  793|    26|  79471|  45209|    937| 15|1|   936|   936|   0|S3||240/240|
2015-12-31 15:21:09 : 15:21|  808|    46| 304478| 321426|   3125| 32|2|  2600|  2600|   0|S3||218/240|
2015-12-31 15:31:25 : 15:31|  840|     3|   1512|  26248|     34| 12|1|    78|    78|   0|S3||100/240|
2015-12-31 15:35:05 : 15:35|  852|     4|  85195|  52071|    118| 13|1|   780|   780|   0|S3||116/240|
2015-12-31 15:40:57 : 15:40|  865|     6|  28251|  21651|     88| 16|1|   104|   104|   0|S3||115/240|
2015-12-31 15:46:38 : 15:46|  881|     3|      0|      0|      0|-10|0|     0|     0|   0|--||154/240|
2015-12-31 15:58:56 : 15:58|  871|    28| 200607| 221967|   2381| 19|2|  2262|  2262|   0|S3||227/240|
2015-12-31 16:04:49 : 16:04|  890|     1|  14678|  35194|    567|  7|1|   494|   494|   0|S3||84/240|
2015-12-31 16:10:02 : 16:10|  897|     4|   6324|  18923|    201| 14|1|    78|    78|   0|S3||109/240|
2015-12-31 16:12:25 : 16:12|  911|     2|    227|  24876|     83| 11|1|    78|    78|   0|S3||127/240|
2015-12-31 16:17:17 : 16:17|  922|     9|    765|  75486|   1026| 15|1|   910|   910|   0|S3||142/240|
2015-12-31 16:20:36 : 16:20|    0|     8|  31491|  22849|     50|  8|1|    78|    78|   0|S3||160/240|
2015-12-31 16:25:59 : 16:25|  945|     8| 143609| 123643|    725| 11|1|  1872|  1872|   0|S3||175/240|
2015-12-31 16:28:09 : 16:28|  956|     1|  40000|  20000|    120|  7|1|   156|   156|   0|S3||46/240|
2015-12-31 16:36:14 : 16:36|  963|     2|   4798|   1017|    203| 12|1|    78|    78|   0|S3||102/240|
2015-12-31 16:39:34 : 16:39|  975|     1|      0|      0|      0|-16|0|     0|     0|   0|--||118/240|
2015-12-31 16:42:11 : 16:42|  959|     1|  25164|  33886|     82|  9|1|   104|   104|   0|S3||141/240|
2015-12-31 16:46:00 : 16:46|  968|     5|  66896| 102712|   2737|  8|1|  1040|  1040|   0|S3||155/240|
2015-12-31 16:49:47 : 16:49|  976|     1|  31872|  48870|    465| 13|1|   858|   858|   0|S3||78/240|
2015-12-31 16:56:12 : 16:56|  989|     3|   9636|  25504|    233| 12|1|   442|   442|   0|S3||43/240|
2015-12-31 17:00:55 : 17:00| 1001|    10|  24270|  23358|    828| 12|1|  1813|  1813|   0|S2||80/240|
2015-12-31 17:09:55 : 17:09| 1013|     5| 269809| 216943|    225|  5|1|  2294|  2294|   0|S2||83/240|
2015-12-31 17:16:49 : 17:16| 1018|     8|  78434|  83713|    402| 14|1|   629|   629|   0|--||50/240|
2015-12-31 17:22:54 : 17:22| 1032|     6|  26814|   9362|    222| 11|1|   888|   888|   0|S2||58/240|
2015-12-31 17:30:23 : 17:30| 1043|     1|   2710|  55942|    150| 11|1|   111|   111|   0|S2||124/240|
2015-12-31 17:33:28 : 17:33| 1054|     5|  19569|  57347|    170|  8|1|   444|   444|   0|S2||112/240|
2015-12-31 17:40:58 : 17:40| 1062|     3|  10084|  14719|    161| 10|1|   111|   111|   0|S2||166/240|
2015-12-31 17:43:11 : 17:43| 1072|     1|  31226|  21098|     80| 11|1|   148|   148|   0|S2||176/240|
2015-12-31 17:46:40 : 17:46| 1083|    10|  20039|    225|      0|  9|1|   148|   148|   0|S2||183/240|
2015-12-31 17:52:09 : 17:52| 1092|     3| 667199| 667775|   2023|  9|2|  3700|  3700|   0|S2||224/240|
2015-12-31 17:55:44 : 17:55| 1101|     3|   4343|  32096|    192| 12|1|   407|   407|   0|S2||31/240|
2015-12-31 18:16:01 : 18:16| 1113|     7|   1523|  45104|     80| 10|1|   111|   111|   0|S2||165/240|
2015-12-31 18:26:52 : 18:26| 1123|    19| 124410| 111092|    660| 10|1|  1480|  1480|   0|S2||230/240|
2015-12-31 18:32:41 : 18:32| 1133|     2|    235|     16|     24|  9|1|   111|   111|   0|S2||224/240|
2015-12-31 18:35:49 : 18:35| 1142|     4| 352667| 384260|   1036| 29|3|  3700|  3700|   0|S2||234/240|
2015-12-31 19:00:46 : 19:00| 1181|     2|  65357|  49882|    162| 13|1|   780|   780|   0|S3||120/240|
2015-12-31 19:04:24 : 19:04|  755|     7|  21780|  38615|    117| 17|1|    78|    78|   0|S3||159/240|
2015-12-31 19:11:47 : 19:11|  772|     2|   3103|  15672|     70| 14|1|   104|   104|   0|S3||234/240|
2015-12-31 19:13:37 : 19:13|  786|     1|  22011|  12556|     44| 12|1|   104|   104|   0|S3||240/240|
2015-12-31 19:16:22 : 19:16|  798|     5| 202466| 189476|   2395| 33|2|  2288|  2288|   0|S3||240/240|
2015-12-31 19:19:28 : 19:19|  831|     1|    744|    622|     93| 10|1|   104|   104|   0|S3||32/240|
2015-12-31 19:21:40 : 19:21|  841|     1|    871|    335|    149| 13|1|    78|    78|   0|S3||46/240|
2015-12-31 19:24:01 : 19:24|  854|     2|   8752|  32674|    200| 12|1|    78|    78|   0|S3||60/240|
2015-12-31 19:27:13 : 19:27|  866|     5|   2723|  12021|    139| 13|1|   208|   208|   0|S3||80/240|
2015-12-31 19:29:31 : 19:29|  879|     1|  15744|  12964|    138| 11|1|   104|   104|   0|S3||102/240|
2015-12-31 19:34:39 : 19:34|  890|     2|   6825|  30228|    246| 11|1|    78|    78|   0|S3||144/240|
2015-12-31 19:37:05 : 19:37|  901|     2|   5440|  17969|     33| 12|1|    78|    78|   0|S3||162/240|
2015-12-31 19:47:22 : 19:47|  913|    21|  12562|  12014|     70| 13|1|    78|    78|   0|S3||222/240|
2015-12-31 19:52:36 : 19:52|  926|    23|    182|  33141|     25| 11|1|   104|   104|   0|S3||240/240|
2015-12-31 19:56:50 : 19:56|  937|    13|  77029|  54198|    223| 12|1|   780|   780|   0|S3||240/240|
2015-12-31 20:00:34 : 20:00|  949|     6|  13644|  11096|    128| 13|1|    78|    78|   0|S3||208/240|
2015-12-31 20:03:38 : 20:03|  962|     8|   8967|  27333|    272|  7|1|    78|    78|   0|S3||228/240|
2015-12-31 20:05:31 : 20:05|  969|     1| 206586| 107201|     78| 22|2|  2600|  2600|   0|S3||240/240|
2015-12-31 20:10:14 : 20:10|  991|     3|  28100|   9782|    162|  8|1|   104|   104|   0|S3||36/240|
2015-12-31 20:15:26 : 20:15|  999|     2|  10663|  54328|    417|  8|1|   208|   208|   0|S3||80/240|
2015-12-31 20:17:40 : 20:17| 1007|     1|    400|   7403|      2| 11|1|   148|   148|   0|S2||100/240|
2015-12-31 20:20:57 : 20:20| 1018|     4|      0|      0|      0|-24|0|     0|     0|   0|--||114/240|
2015-12-31 20:24:45 : 20:24|  994|    10|  15647|  12123|     53| 11|1|   148|   148|   0|S2||138/240|
2015-12-31 20:27:57 : 20:27| 1005|     3|      0|      0|      0|-17|0|     0|     0|   0|--||162/240|
2015-12-31 20:30:40 : 20:30|  988|     5|  56000|  56000|    142| 12|1|   111|   111|   0|S2||186/240|
2015-12-31 20:36:07 : 20:36| 1000|     2|  70017|  33808|    425|  5|1|  1295|  1295|   0|--||232/240|
2015-12-31 20:39:33 : 20:39| 1005|     2| 113542| 110460|    356| 10|1|  1591|  1591|   0|S2||239/240|
2015-12-31 20:47:31 : 20:47| 1015|     9| 240217| 188573|   1523| 10|1|  2812|  2812|   0|S2||228/240|
2015-12-31 20:54:09 : 20:54| 1025|     1|  15764|  37820|    168|  9|1|   111|   111|   0|S2||71/240|
2015-12-31 20:56:21 : 20:56| 1034|     1|  36225|  23936|     86|  6|1|   148|   148|   0|S2||84/240|
2015-12-31 20:59:12 : 20:59| 1040|     4|  24398|  21667|     44| 12|1|   111|   111|   0|S2||98/240|
2015-12-31 21:04:40 : 21:04| 1052|     4|   1723|  19926|    291|  5|1|   111|   111|   0|S2||138/240|
2015-12-31 21:07:56 : 21:07| 1057|     5|   4243|  13661|    262|  8|1|   148|   148|   0|S2||158/240|
2015-12-31 21:11:21 : 21:11| 1065|     9|   9997|  31907|    152|  9|1|   148|   148|   0|S2||178/240|
2015-12-31 21:13:52 : 21:13| 1074|     3|   3379|  11161|    160| 10|1|   111|   111|   0|S2||200/240|
2015-12-31 21:16:24 : 21:16| 1084|     4|  24484|   5558|     48|  7|1|   111|   111|   0|S2||218/240|
2015-12-31 21:20:35 : 21:20| 1091|    14|  31742|  41439|     60| 11|1|   703|   703|   0|S2||231/240|
2015-12-31 21:23:18 : 21:23| 1102|     2|    960|  27537|    186| 11|1|   629|   629|   0|--||240/240|
2015-12-31 21:27:27 : 21:27| 1113|    17|  15543|  13041|     90|  6|1|   111|   111|   0|S2||240/240|
2015-12-31 21:34:31 : 21:34| 1119|    38|  14119|  26017|    438|  8|1|   703|   703|   0|S2||236/240|
2015-12-31 21:41:06 : 21:41| 1127|    30|  29823|  41356|    699| 11|1|  1332|  1332|   0|S2||240/240|
2015-12-31 21:52:24 : 21:52| 1138|    43|  35881|  17634|    189|  6|1|   148|   148|   0|S2||236/240|
2015-12-31 21:55:30 : 21:55| 1144|    11|  29033|  12788|    194| 11|1|   148|   148|   0|S2||240/240|
2015-12-31 21:57:58 : 21:57| 1155|     1|  26691|  24164|    109|  6|1|   296|   296|   0|S2||236/240|
2015-12-31 22:06:34 : 22:06| 1161|    46| 130692| 141664|    284| 18|2|  3700|  3700|   0|S2||240/240|
2015-12-31 22:14:12 : 22:14| 1179|     8| 100556|  83717|     26|  8|1|  2294|  2294|   0|S2||124/240|
2015-12-31 22:16:43 : 22:16| 1187|     1|  22866|   6301|    410|  7|1|   814|   814|   0|S2||85/240|
2015-12-31 22:41:40 : 22:41| 1099|     4|  10593|  21561|    326|  9|1|   148|   148|   0|S2||234/240|
2015-12-31 22:45:24 : 22:45| 1108|     8| 262207| 267035|   1319| 21|2|  3700|  3700|   0|S2||240/240|
